read data finish
{'X': 0, 'B': 1, 'D': 2, 'H': 3, 'G': 4, 'C': 5, 'W': 6, 'F': 7, 'I': 8, 'E': 9, 'Y': 10, 'A': 11}
{'migration': 'ring', 'objective': 'nsga-ii', 'data_division': 'NO', 'train-data': 'avila-tr.txt', 'test-data': 'avila-ts.txt', 'evaluation_num': 10000000000.0, 'core_num': 12, 'init': None, 'init_N_pop': 100, 'stop_generation': 150, 'N_pop': 100, 'weight-vector': (-1, 1), 'P_M': 0.1, 'P_m': 0.1, 'lnum': 10, 'P_dc': 0.8, 'N_rule': 10, 'delimiter': ',', 'mode': '5CV', 'migration_fre': 10, 'migration_num': 1, 'copy_migration': True}
0.07126164436340332
0.23951268196105957
migration  0.0005369186401367188
in main 42.020010232925415
0.2787902355194092
in main 45.9201078414917
0.25751399993896484
in main 42.2704963684082
0.2594411373138428
in main 37.11535882949829
0.2558441162109375
in main 45.18034887313843
0.26963186264038086
in main 51.10809850692749
0.2531304359436035
in main 59.109323501586914
0.2519958019256592
in main 58.11698317527771
0.3029336929321289
in main 52.740546464920044
0.2964792251586914
in main 68.85143327713013
0.3053429126739502
migration  0.14937138557434082
in main 70.1980230808258
0.24819207191467285
in main 61.57587814331055
0.23949551582336426
in main 70.4554660320282
0.3008997440338135
in main 67.59878349304199
0.3760838508605957
in main 73.17711997032166
0.2390298843383789
in main 62.83317041397095
0.24125123023986816
in main 68.86764764785767
0.2904953956604004
in main 58.729289054870605
0.24183082580566406
in main 56.67576456069946
0.24581170082092285
in main 58.6412091255188
0.24180912971496582
migration  0.20949578285217285
in main 62.73452806472778
0.24548029899597168
in main 56.532909870147705
0.3207552433013916
in main 57.476219177246094
0.24328827857971191
in main 54.196712255477905
0.27131152153015137
in main 51.78882956504822
0.3267695903778076
in main 58.68414306640625
0.2480616569519043
in main 52.42174220085144
0.24257183074951172
in main 58.323549032211304
0.2502152919769287
in main 53.82630920410156
0.24377822875976562
in main 54.363282680511475
0.2853395938873291
migration  0.23532843589782715
in main 53.37075877189636
0.24122023582458496
in main 51.43523907661438
0.240309476852417
in main 50.652913093566895
0.25318384170532227
in main 58.66074895858765
0.25495147705078125
in main 53.996326208114624
0.2439572811126709
in main 54.297059059143066
0.25971531867980957
in main 56.309160232543945
0.2379469871520996
in main 51.64430022239685
0.24531030654907227
in main 43.77398180961609
0.24657559394836426
in main 44.263822078704834
0.24052667617797852
migration  0.20328187942504883
in main 51.09665846824646
0.24258756637573242
in main 52.451815366744995
0.2486557960510254
in main 44.87600231170654
0.2444627285003662
in main 55.460227727890015
0.2423112392425537
in main 55.45644211769104
0.3078768253326416
in main 52.8112735748291
0.2610206604003906
in main 57.97141981124878
0.23960137367248535
in main 52.964632511138916
0.3451225757598877
in main 53.17370080947876
0.27718329429626465
in main 55.88037919998169
0.3237028121948242
migration  0.09674763679504395
in main 53.25100517272949
0.2485942840576172
in main 52.523212909698486
0.3248629570007324
in main 52.759652853012085
0.2406601905822754
in main 48.85486912727356
0.23917603492736816
in main 48.32604098320007
0.24455976486206055
in main 42.65383529663086
0.2843899726867676
in main 48.62400794029236
0.23889589309692383
in main 51.31109881401062
0.32576537132263184
in main 56.048919439315796
0.409376859664917
in main 53.2471342086792
0.2515830993652344
migration  0.3468027114868164
in main 55.70588994026184
0.2612640857696533
in main 56.43075895309448
0.23986458778381348
in main 55.72239804267883
0.23601174354553223
in main 52.338162422180176
0.2653536796569824
in main 54.351595640182495
0.2876427173614502
in main 45.484617471694946
0.29859089851379395
in main 54.3141987323761
0.25743985176086426
in main 47.54159355163574
0.23523616790771484
in main 52.852272272109985
0.286801815032959
in main 47.844316244125366
0.23866891860961914
migration  0.10109877586364746
in main 50.10086631774902
0.23670434951782227
in main 50.70969772338867
0.2756507396697998
in main 47.56892204284668
0.23897576332092285
in main 48.311601877212524
0.2845287322998047
in main 53.51376223564148
0.23732495307922363
in main 51.199419260025024
0.2543449401855469
in main 53.31831407546997
0.23725104331970215
in main 52.4595422744751
0.29973649978637695
in main 53.83268356323242
0.24848341941833496
in main 54.28222894668579
0.23636984825134277
migration  0.4314718246459961
in main 52.794633865356445
0.23606133460998535
in main 55.23523664474487
0.2792375087738037
in main 58.130390882492065
0.23867011070251465
in main 55.40032362937927
0.30620360374450684
in main 52.36387014389038
0.235060453414917
in main 55.26276445388794
0.24052119255065918
in main 50.993935108184814
0.24089550971984863
in main 50.283193826675415
0.23604989051818848
in main 51.86797499656677
0.23906540870666504
in main 54.01202964782715
0.24710631370544434
migration  0.2649683952331543
in main 54.94107460975647
0.2424635887145996
in main 60.22649669647217
0.23648691177368164
in main 54.86052656173706
0.2988119125366211
in main 55.48764729499817
0.2701091766357422
in main 51.98739290237427
0.24177002906799316
in main 53.813695192337036
0.30827808380126953
in main 52.31205153465271
0.2688002586364746
in main 52.87733840942383
0.2768280506134033
in main 52.09098410606384
0.23943209648132324
in main 51.48833394050598
0.23702764511108398
migration  0.07245039939880371
in main 57.72392392158508
0.24148082733154297
in main 52.71989130973816
0.3234589099884033
in main 49.984755516052246
0.2425539493560791
in main 47.779627084732056
0.23957419395446777
in main 52.756919622421265
0.24462580680847168
in main 52.84532880783081
0.249312162399292
in main 50.528815269470215
0.24570679664611816
in main 46.12644147872925
0.24404501914978027
in main 45.09605860710144
0.24110651016235352
in main 49.888423442840576
0.3484013080596924
migration  0.157728910446167
in main 54.73360538482666
0.23869013786315918
in main 55.35200047492981
0.24062252044677734
in main 50.46281957626343
0.23866677284240723
in main 49.948580265045166
0.24276185035705566
in main 50.004276752471924
0.24198055267333984
in main 48.308016777038574
0.2425403594970703
in main 49.91047549247742
0.24097561836242676
in main 54.35137414932251
0.2409827709197998
in main 52.470698833465576
0.24515891075134277
in main 46.02697539329529
0.24033498764038086
migration  0.4585139751434326
in main 48.77359890937805
0.24092650413513184
in main 50.95292901992798
0.2488863468170166
in main 47.760578870773315
0.2436659336090088
in main 47.74787092208862
0.2423098087310791
in main 49.93193483352661
0.24088549613952637
in main 51.53907370567322
0.24213480949401855
in main 49.16338300704956
0.2404017448425293
in main 49.26676154136658
0.2398393154144287
in main 50.507954835891724
0.2380828857421875
in main 49.12652134895325
0.24193811416625977
migration  0.10948038101196289
in main 51.467013359069824
0.278914213180542
in main 59.37080645561218
0.23420119285583496
in main 52.03162240982056
0.23689675331115723
in main 54.13670229911804
0.3289482593536377
in main 54.97656846046448
0.2990074157714844
in main 56.25123453140259
0.23879170417785645
in main 65.26489496231079
0.2400200366973877
in main 57.52726864814758
0.24195051193237305
in main 52.23986339569092
0.23558831214904785
in main 49.877365827560425
0.2402353286743164
migration  0.346341609954834
in main 50.09754538536072
0.24352097511291504
in main 60.19110441207886
0.3008425235748291
in main 60.32014274597168
0.318845272064209
in main 55.757439851760864
0.24514150619506836
in main 53.78985548019409
0.23966097831726074
in main 49.923439502716064
0.30115318298339844
in main 54.30705690383911
0.23833870887756348
in main 58.91138744354248
0.2402656078338623
in main 48.829150438308716
0.2348799705505371
in main 48.90792369842529
0.07514810562133789
0.34307241439819336
migration  0.0005655288696289062
in main 41.903677463531494
0.3249683380126953
in main 44.80153203010559
0.30336546897888184
in main 42.64155697822571
0.2553367614746094
in main 48.46925330162048
0.2555570602416992
in main 45.50334072113037
0.278942346572876
in main 42.55937337875366
0.2601337432861328
in main 47.86926245689392
0.25482678413391113
in main 47.30048704147339
0.2525656223297119
in main 58.13948059082031
0.2493152618408203
in main 55.09878945350647
0.24585771560668945
migration  0.15575456619262695
in main 54.60678219795227
0.24454379081726074
in main 59.749622106552124
0.2749948501586914
in main 67.92757391929626
0.24539780616760254
in main 73.29864025115967
0.24443292617797852
in main 63.1160147190094
0.24332761764526367
in main 69.86316061019897
0.25270700454711914
in main 65.46068978309631
0.2430710792541504
in main 66.32202243804932
0.30675172805786133
in main 67.19847917556763
0.26271891593933105
in main 58.54407024383545
0.28025293350219727
migration  0.1389765739440918
in main 56.771034717559814
0.23977351188659668
in main 59.746649503707886
0.2450861930847168
in main 56.177149057388306
0.24661612510681152
in main 57.70353579521179
0.2963571548461914
in main 51.22563147544861
0.24357032775878906
in main 57.68485426902771
0.304614782333374
in main 60.728320837020874
0.30327749252319336
in main 55.634116649627686
0.3270721435546875
in main 62.02066469192505
0.2432096004486084
in main 56.17682099342346
0.2919297218322754
migration  0.2358710765838623
in main 64.63831543922424
0.2630295753479004
in main 49.15616989135742
0.23820066452026367
in main 56.020479917526245
0.2528047561645508
in main 56.1478910446167
0.2500298023223877
in main 51.25038504600525
0.24150896072387695
in main 55.932021379470825
0.24869346618652344
in main 54.60922694206238
0.26273155212402344
in main 59.5893759727478
0.32457494735717773
in main 55.088656187057495
0.2450423240661621
in main 53.94774007797241
0.29144954681396484
migration  0.1352853775024414
in main 51.582202434539795
0.23769068717956543
in main 58.34871220588684
0.23620390892028809
in main 47.64781308174133
0.37378954887390137
in main 51.18081212043762
0.2446589469909668
in main 50.343024253845215
0.3182539939880371
in main 47.79282855987549
0.36080455780029297
in main 49.786927461624146
0.26749610900878906
in main 54.3795166015625
0.2590005397796631
in main 52.75414204597473
0.24100136756896973
in main 54.47404360771179
0.3025226593017578
migration  0.1176912784576416
in main 51.822250843048096
0.24111580848693848
in main 53.36401581764221
0.2920711040496826
in main 54.64011001586914
0.2399899959564209
in main 53.27387547492981
0.23792743682861328
in main 44.26853609085083
0.2381727695465088
in main 46.01356792449951
0.24544978141784668
in main 49.78621864318848
0.31963372230529785
in main 48.009960412979126
0.2385854721069336
in main 50.06041717529297
0.39908552169799805
in main 50.61199688911438
0.26233458518981934
migration  0.18150019645690918
in main 55.056992292404175
0.24820327758789062
in main 50.67560887336731
0.24835896492004395
in main 50.76074981689453
0.2560901641845703
in main 52.02493643760681
0.25679659843444824
in main 51.09695911407471
0.2584960460662842
in main 51.29410910606384
0.24180030822753906
in main 52.85554838180542
0.2389974594116211
in main 50.901487827301025
0.24995636940002441
in main 50.577373027801514
0.23618531227111816
in main 50.52845335006714
0.24036765098571777
migration  0.3121218681335449
in main 53.22598695755005
0.2893056869506836
in main 55.85163903236389
0.24572396278381348
in main 53.52649545669556
0.2823197841644287
in main 46.88630723953247
0.356395959854126
in main 53.26060652732849
0.23981356620788574
in main 52.42568492889404
0.3029510974884033
in main 50.88663721084595
0.2859456539154053
in main 51.35024905204773
0.2675948143005371
in main 55.02338719367981
0.2784764766693115
in main 48.966965675354004
0.2374110221862793
migration  0.21573972702026367
in main 53.847553968429565
0.24557900428771973
in main 49.08933615684509
0.3605928421020508
in main 51.565354347229004
0.32608604431152344
in main 54.39182639122009
0.4129481315612793
in main 50.37148690223694
0.26027774810791016
in main 51.254432678222656
0.23853302001953125
in main 45.56275820732117
0.2386481761932373
in main 51.91905617713928
0.27646350860595703
in main 53.15905547142029
0.23885107040405273
in main 49.5183470249176
0.23624801635742188
migration  0.24115514755249023
in main 52.27157425880432
0.23926806449890137
in main 43.326135873794556
0.319688081741333
in main 44.41976618766785
0.2908766269683838
in main 55.02525353431702
0.2395954132080078
in main 56.63302969932556
0.2593851089477539
in main 56.14340615272522
0.23775839805603027
in main 52.439754247665405
0.29794836044311523
in main 53.35927414894104
0.23939967155456543
in main 50.664668798446655
0.23358583450317383
in main 49.68221354484558
0.26010942459106445
migration  0.3258655071258545
in main 52.34519076347351
0.24651288986206055
in main 48.673903942108154
0.29913997650146484
in main 58.830071687698364
0.29815196990966797
in main 57.0125298500061
0.2480182647705078
in main 53.264143228530884
0.24188876152038574
in main 49.04567074775696
0.24082422256469727
in main 47.26559019088745
0.24959850311279297
in main 47.918874979019165
0.24226808547973633
in main 49.04874229431152
0.2407398223876953
in main 50.11453652381897
0.23959875106811523
migration  0.294727087020874
in main 53.78976917266846
0.241990327835083
in main 52.79548358917236
0.23955845832824707
in main 58.18749237060547
0.2374110221862793
in main 58.146342754364014
0.31950998306274414
in main 66.03376889228821
0.2965984344482422
in main 59.37018442153931
0.30855441093444824
in main 59.866090297698975
0.23834681510925293
in main 57.093982458114624
0.3001267910003662
in main 57.44139623641968
0.3083047866821289
in main 54.204797983169556
0.27521204948425293
migration  0.23048162460327148
in main 58.15887117385864
0.23570990562438965
in main 51.15147805213928
0.24022579193115234
in main 51.914193868637085
0.23467516899108887
in main 49.89807391166687
0.2388749122619629
in main 50.97349452972412
0.23690390586853027
in main 50.31552767753601
0.2392277717590332
in main 49.18518280982971
0.2385876178741455
in main 53.47355341911316
0.23899602890014648
in main 50.89164090156555
0.23470520973205566
in main 52.941046714782715
0.2375044822692871
migration  0.3228914737701416
in main 49.75137186050415
0.27856945991516113
in main 57.158475160598755
0.2688770294189453
in main 58.336997985839844
0.2378685474395752
in main 57.11585211753845
0.2633016109466553
in main 57.90711951255798
0.3082447052001953
in main 54.998799085617065
0.2819385528564453
in main 53.22941541671753
0.4084906578063965
in main 54.66498112678528
0.31188249588012695
in main 64.82920598983765
0.25048017501831055
in main 63.07639002799988
0.2396221160888672
migration  0.15531039237976074
in main 61.20218896865845
0.25584912300109863
in main 61.444435834884644
0.25638294219970703
in main 61.980318546295166
0.2568166255950928
in main 56.91639542579651
0.25565433502197266
in main 56.974944829940796
0.2981557846069336
in main 59.02459096908569
0.34682750701904297
in main 67.12071466445923
0.23526239395141602
in main 52.297794342041016
0.23698210716247559
in main 57.28326892852783
0.2387998104095459
in main 51.73313856124878
0.06967806816101074
0.2527453899383545
migration  0.0005707740783691406
in main 38.661821603775024
0.2765665054321289
in main 38.148961305618286
0.2627980709075928
in main 45.9230751991272
0.2541968822479248
in main 48.23279690742493
0.25203371047973633
in main 49.896141052246094
0.25043749809265137
in main 52.69677782058716
0.2522110939025879
in main 54.91558504104614
0.3297131061553955
in main 55.546019077301025
0.2506449222564697
in main 72.49139857292175
0.24279427528381348
in main 60.33280563354492
0.2418363094329834
migration  0.2497420310974121
in main 68.94419121742249
0.2439870834350586
in main 68.28119826316833
0.24199771881103516
in main 79.39129662513733
0.3618772029876709
in main 77.55206084251404
0.2733128070831299
in main 86.57695078849792
0.24666118621826172
in main 67.70765137672424
0.30562376976013184
in main 77.1634750366211
0.24164247512817383
in main 57.58304691314697
0.24630331993103027
in main 60.94768452644348
0.24709129333496094
in main 51.209964990615845
0.2431788444519043
migration  0.23901057243347168
in main 50.513588666915894
0.2661712169647217
in main 55.329057693481445
0.26085948944091797
in main 48.23213315010071
0.24959754943847656
in main 49.37548851966858
0.2478961944580078
in main 52.569087505340576
0.30558156967163086
in main 45.04085350036621
0.24075746536254883
in main 50.3658881187439
0.24764013290405273
in main 56.568934202194214
0.24498844146728516
in main 51.35401010513306
0.24549293518066406
in main 47.50478768348694
0.24146699905395508
migration  0.08481597900390625
in main 47.984020709991455
0.24444890022277832
in main 45.014549016952515
0.2908949851989746
in main 50.385809659957886
0.2538607120513916
in main 46.99731731414795
0.24417328834533691
in main 50.257633447647095
0.24095892906188965
in main 52.13151741027832
0.2805447578430176
in main 54.31041193008423
0.23879241943359375
in main 52.74540615081787
0.23842430114746094
in main 53.39006567001343
0.2376875877380371
in main 48.84681534767151
0.26091957092285156
migration  0.3369109630584717
in main 50.1438512802124
0.24746274948120117
in main 43.7862331867218
0.3052237033843994
in main 51.955416440963745
0.2722961902618408
in main 51.74559473991394
0.24755597114562988
in main 47.32185626029968
0.24283123016357422
in main 48.51300859451294
0.2420492172241211
in main 48.41153907775879
0.24509143829345703
in main 51.84014415740967
0.2757136821746826
in main 50.96183633804321
0.24482274055480957
in main 47.180464029312134
0.3061037063598633
migration  0.07742595672607422
in main 51.062811613082886
0.26482653617858887
in main 49.2804274559021
0.24376869201660156
in main 48.196651220321655
0.24342918395996094
in main 44.4496796131134
0.24094080924987793
in main 46.672297954559326
0.24271893501281738
in main 47.36323928833008
0.2586216926574707
in main 46.249836444854736
0.27643394470214844
in main 49.156866788864136
0.23555445671081543
in main 49.102627992630005
0.2424473762512207
in main 48.692606925964355
0.289670467376709
migration  0.28499364852905273
in main 50.25473642349243
0.3329784870147705
in main 51.193665981292725
0.27826786041259766
in main 49.065940618515015
0.241776704788208
in main 53.669156312942505
0.3152611255645752
in main 51.802120208740234
0.24134111404418945
in main 49.66790318489075
0.24954819679260254
in main 49.46006155014038
0.2417011260986328
in main 49.52642512321472
0.23729395866394043
in main 51.56794548034668
0.24195361137390137
in main 52.86893081665039
0.2369856834411621
migration  0.3810136318206787
in main 55.978660106658936
0.2572214603424072
in main 53.84003257751465
0.2553880214691162
in main 50.985610485076904
0.24991321563720703
in main 46.46788740158081
0.24638605117797852
in main 47.7086443901062
0.2424609661102295
in main 54.53063607215881
0.26284217834472656
in main 54.765878677368164
0.2394237518310547
in main 50.110594272613525
0.24184298515319824
in main 51.52451467514038
0.31052398681640625
in main 54.72647571563721
0.24257111549377441
migration  0.06745266914367676
in main 49.99272108078003
0.2441704273223877
in main 51.89068961143494
0.24029874801635742
in main 48.59062218666077
0.24218058586120605
in main 50.93198037147522
0.272505521774292
in main 51.95996713638306
0.2389371395111084
in main 51.06630730628967
0.24091410636901855
in main 62.00102782249451
0.24497699737548828
in main 49.09900712966919
0.2351999282836914
in main 55.50907564163208
0.30039310455322266
in main 54.81175112724304
0.24140501022338867
migration  0.1805706024169922
in main 61.5363130569458
0.32410454750061035
in main 58.17127537727356
0.2533087730407715
in main 55.481871128082275
0.2562551498413086
in main 54.462626457214355
0.23708534240722656
in main 57.48012828826904
0.24248218536376953
in main 57.4291353225708
0.24032878875732422
in main 52.78844952583313
0.23692083358764648
in main 55.81911659240723
0.27907729148864746
in main 59.022974729537964
0.2368297576904297
in main 53.985013484954834
0.23914051055908203
migration  0.044838666915893555
in main 60.24729824066162
0.23961734771728516
in main 58.07056403160095
0.23845815658569336
in main 57.20538020133972
0.23569893836975098
in main 47.6042959690094
0.23935604095458984
in main 50.73483228683472
0.2427666187286377
in main 51.69764852523804
0.2391800880432129
in main 53.58767914772034
0.23855304718017578
in main 50.36581492424011
0.24219179153442383
in main 52.60303854942322
0.24299907684326172
in main 51.483190298080444
0.23958349227905273
migration  0.32247185707092285
in main 50.0197639465332
0.24140048027038574
in main 46.653998613357544
0.23581290245056152
in main 63.501450061798096
0.23981356620788574
in main 59.63085865974426
0.2820115089416504
in main 56.56852602958679
0.30072808265686035
in main 63.975088119506836
0.2416214942932129
in main 56.00385141372681
0.23941540718078613
in main 62.40872383117676
0.2361609935760498
in main 56.690319299697876
0.23746848106384277
in main 53.19808912277222
0.23800396919250488
migration  0.42479705810546875
in main 50.69154977798462
0.2383284568786621
in main 44.85963535308838
0.23639154434204102
in main 48.61623525619507
0.23907923698425293
in main 51.276978731155396
0.24370074272155762
in main 49.15400195121765
0.23799967765808105
in main 50.90103721618652
0.23941302299499512
in main 53.38003349304199
0.23970437049865723
in main 54.47137093544006
0.4012441635131836
in main 57.442466497421265
0.24973249435424805
in main 64.845787525177
0.25035738945007324
migration  0.3576653003692627
in main 55.850759744644165
0.24468398094177246
in main 54.80039119720459
0.23760008811950684
in main 54.87177634239197
0.2435288429260254
in main 54.02079463005066
0.24068593978881836
in main 58.656668186187744
0.29888248443603516
in main 61.73013687133789
0.24077939987182617
in main 53.59824895858765
0.2412865161895752
in main 54.72057223320007
0.24129915237426758
in main 55.491904973983765
0.2374272346496582
in main 51.4633092880249
0.3038504123687744
migration  0.3893558979034424
in main 56.143009185791016
0.24322247505187988
in main 62.3878059387207
0.24031400680541992
in main 55.40849041938782
0.24412941932678223
in main 58.97584366798401
0.3654463291168213
in main 61.64029145240784
0.2468886375427246
in main 56.9994854927063
0.29495763778686523
in main 59.04698348045349
0.24924921989440918
in main 57.01770353317261
0.24950885772705078
in main 52.654072999954224
0.23915863037109375
in main 52.06464910507202
0.06962752342224121
0.23607158660888672
migration  0.0005743503570556641
in main 39.4516806602478
0.30422544479370117
in main 40.18476152420044
0.4301126003265381
in main 47.43704152107239
0.29187822341918945
in main 44.57646584510803
0.29143190383911133
in main 48.09059715270996
0.2520558834075928
in main 53.03732109069824
0.2499997615814209
in main 52.36774754524231
0.2526247501373291
in main 49.646559715270996
0.31630897521972656
in main 48.05715727806091
0.2493727207183838
in main 48.68605661392212
0.3170149326324463
migration  0.24877381324768066
in main 55.22980618476868
0.24744653701782227
in main 58.254419803619385
0.29691457748413086
in main 52.302316665649414
0.2863750457763672
in main 62.44233465194702
0.29971933364868164
in main 59.193299770355225
0.23999857902526855
in main 57.04193377494812
0.2826049327850342
in main 57.80598974227905
0.25954151153564453
in main 62.78075385093689
0.2395331859588623
in main 56.73730230331421
0.23845338821411133
in main 52.48418617248535
0.27045440673828125
migration  0.32315659523010254
in main 54.44776487350464
0.24328279495239258
in main 46.852091789245605
0.26734161376953125
in main 54.997241497039795
0.23988604545593262
in main 52.83727788925171
0.36460280418395996
in main 49.65147304534912
0.23787498474121094
in main 51.180668354034424
0.2423238754272461
in main 49.79195547103882
0.24208402633666992
in main 50.35489320755005
0.38093996047973633
in main 50.75826668739319
0.23716974258422852
in main 57.92517066001892
0.23620915412902832
migration  0.08069896697998047
in main 51.85512709617615
0.23723745346069336
in main 49.995091676712036
0.4766418933868408
in main 60.82494330406189
0.24042224884033203
in main 63.5983784198761
0.23712658882141113
in main 53.43155241012573
0.23825359344482422
in main 52.59627723693848
0.36362123489379883
in main 55.03001356124878
0.2471623420715332
in main 53.91728973388672
0.248368501663208
in main 50.2910590171814
0.23883771896362305
in main 49.465949296951294
0.23531484603881836
migration  0.3273639678955078
in main 51.309524059295654
0.2639651298522949
in main 55.34483528137207
0.2505805492401123
in main 47.31064009666443
0.235734224319458
in main 56.15922474861145
0.24068069458007812
in main 49.66336750984192
0.2354593276977539
in main 47.68008589744568
0.23804092407226562
in main 46.45606184005737
0.3410012722015381
in main 55.74430751800537
0.24036669731140137
in main 57.50770401954651
0.23952960968017578
in main 52.062278747558594
0.36866235733032227
migration  0.06354641914367676
in main 58.74230241775513
0.25573301315307617
in main 55.714876651763916
0.23854637145996094
in main 51.187057971954346
0.2372584342956543
in main 48.203269720077515
0.27994251251220703
in main 50.37157988548279
0.2571415901184082
in main 54.39411211013794
0.23609089851379395
in main 53.34638047218323
0.24057602882385254
in main 52.958064794540405
0.27716064453125
in main 55.43696618080139
0.2558610439300537
in main 51.98381733894348
0.29578256607055664
migration  0.1822810173034668
in main 49.896448612213135
0.24231958389282227
in main 48.84535455703735
0.27764034271240234
in main 49.12028384208679
0.2400217056274414
in main 53.307984828948975
0.26625657081604004
in main 47.89047455787659
0.23529458045959473
in main 46.035752058029175
0.27654552459716797
in main 49.57565665245056
0.2486875057220459
in main 48.049872398376465
0.23531007766723633
in main 56.29484224319458
0.24445796012878418
in main 54.547744035720825
0.2369067668914795
migration  0.298828125
in main 53.05968928337097
0.2615020275115967
in main 50.53748607635498
0.26349472999572754
in main 50.43301057815552
0.25560975074768066
in main 49.521305561065674
0.2360086441040039
in main 56.14996910095215
0.2515833377838135
in main 54.47084856033325
0.231964111328125
in main 48.79715442657471
0.2351369857788086
in main 48.48464894294739
0.2563462257385254
in main 50.883360147476196
0.2601151466369629
in main 55.815160512924194
0.23411202430725098
migration  0.18287396430969238
in main 50.556278467178345
0.27040743827819824
in main 49.77668046951294
0.23451590538024902
in main 55.376893281936646
0.28487443923950195
in main 56.919883251190186
0.2841453552246094
in main 55.27613663673401
0.2667210102081299
in main 55.243831157684326
0.27666687965393066
in main 55.34439754486084
0.23341012001037598
in main 49.02791452407837
0.2676732540130615
in main 56.773353099823
0.32513856887817383
in main 55.54529118537903
0.27567410469055176
migration  0.21575355529785156
in main 56.91441631317139
0.2401900291442871
in main 47.638790130615234
0.2405533790588379
in main 50.94781255722046
0.24015426635742188
in main 50.88060188293457
0.24009966850280762
in main 50.7264838218689
0.23540306091308594
in main 50.05832886695862
0.2762787342071533
in main 48.720438957214355
0.24041247367858887
in main 52.39319467544556
0.23631525039672852
in main 46.63103485107422
0.23731493949890137
in main 51.89782643318176
0.2602570056915283
migration  0.3920316696166992
in main 55.087207078933716
0.24964404106140137
in main 55.091594219207764
0.2544734477996826
in main 55.644089698791504
0.23535561561584473
in main 50.049731731414795
0.24045848846435547
in main 55.81215739250183
0.23537182807922363
in main 52.91067719459534
0.23774313926696777
in main 54.08290457725525
0.23967647552490234
in main 56.82323336601257
0.24102163314819336
in main 52.101377725601196
0.24172568321228027
in main 56.86419749259949
0.23645663261413574
migration  0.42661070823669434
in main 52.600340843200684
0.30594491958618164
in main 80.11088037490845
0.23665452003479004
in main 66.00623846054077
0.29905128479003906
in main 63.56547951698303
0.32807421684265137
in main 64.9602530002594
0.24603843688964844
in main 64.7738082408905
0.24401593208312988
in main 60.22645425796509
0.2372760772705078
in main 54.45987415313721
0.24014616012573242
in main 50.18259596824646
0.34745287895202637
in main 52.74291276931763
0.2387399673461914
migration  0.27491259574890137
in main 53.684924364089966
0.47652316093444824
in main 59.32343339920044
0.23607587814331055
in main 55.847267150878906
0.23682308197021484
in main 47.79031682014465
0.2332148551940918
in main 49.70773434638977
0.23405790328979492
in main 49.595385789871216
0.23366999626159668
in main 55.555888175964355
0.23581600189208984
in main 54.387261152267456
0.23372364044189453
in main 56.18076038360596
0.41901373863220215
in main 66.09605407714844
0.23634815216064453
migration  0.07261967658996582
in main 53.8668487071991
0.23644685745239258
in main 61.75264930725098
0.2840290069580078
in main 59.84263229370117
0.27506518363952637
in main 59.481292486190796
0.2700765132904053
in main 58.946635007858276
0.2390446662902832
in main 65.0381908416748
0.27536749839782715
in main 63.42867660522461
0.24106955528259277
in main 57.09362554550171
0.2368927001953125
in main 59.44145059585571
0.2568185329437256
in main 65.26391553878784
0.2375786304473877
migration  0.25138211250305176
in main 58.557743072509766
0.24016380310058594
in main 52.17289066314697
0.24053478240966797
in main 52.92062735557556
0.24082279205322266
in main 60.684157371520996
0.23861265182495117
in main 61.717280626297
0.24567890167236328
in main 60.19882535934448
0.23651671409606934
in main 56.862950801849365
0.2374286651611328
in main 56.39764165878296
0.2390892505645752
in main 57.130260705947876
0.23618435859680176
in main 55.634769439697266
0.06905555725097656
0.32483887672424316
migration  0.15833091735839844
in main 39.74316382408142
0.2526843547821045
in main 44.66447639465332
0.26529431343078613
in main 40.675376653671265
0.2453629970550537
in main 43.26575779914856
0.2426915168762207
in main 47.10716414451599
0.2445530891418457
in main 45.64986205101013
0.2570507526397705
in main 52.14338970184326
0.2790334224700928
in main 55.15329074859619
0.24116992950439453
in main 70.35071229934692
0.25040459632873535
in main 68.46451091766357
0.28025150299072266
migration  0.19005870819091797
in main 61.664419412612915
0.24970531463623047
in main 78.18760633468628
0.2399754524230957
in main 64.6898124217987
0.3188817501068115
in main 63.431233406066895
0.2871885299682617
in main 61.87837028503418
0.24431729316711426
in main 49.142855167388916
0.2560005187988281
in main 47.92850136756897
0.24283528327941895
in main 48.09986877441406
0.28623104095458984
in main 45.438297748565674
0.24460339546203613
in main 45.052868127822876
0.2449474334716797
migration  0.00011801719665527344
in main 47.1846137046814
0.24104666709899902
in main 55.01752305030823
0.27968668937683105
in main 54.58738827705383
0.24257516860961914
in main 54.31845283508301
0.2568850517272949
in main 56.644049644470215
0.24541163444519043
in main 54.03610038757324
0.31069421768188477
in main 53.81949830055237
0.2777876853942871
in main 49.52950978279114
0.28359293937683105
in main 49.722766160964966
0.27068209648132324
in main 45.15125346183777
0.2409963607788086
migration  0.14735198020935059
in main 47.740915298461914
0.2434084415435791
in main 47.56544351577759
0.24411964416503906
in main 48.101815938949585
0.49555110931396484
in main 52.927207708358765
0.23899221420288086
in main 55.19199204444885
0.26315879821777344
in main 49.22612810134888
0.2694406509399414
in main 52.3852379322052
0.2414379119873047
in main 52.15123796463013
0.2334270477294922
in main 49.377055168151855
0.2766294479370117
in main 49.77048969268799
0.25200414657592773
migration  0.07719540596008301
in main 52.440962076187134
0.2424626350402832
in main 49.425275802612305
0.24641919136047363
in main 49.432936906814575
0.2836272716522217
in main 53.957825899124146
0.28867173194885254
in main 52.15046572685242
0.3689615726470947
in main 55.228142976760864
0.2348475456237793
in main 58.515453815460205
0.23275542259216309
in main 50.83685803413391
0.2671201229095459
in main 53.449256896972656
0.4169600009918213
in main 55.07256364822388
0.2876617908477783
migration  0.25478577613830566
in main 58.25460600852966
0.25881195068359375
in main 59.0658974647522
0.2475292682647705
in main 55.040189027786255
0.23862481117248535
in main 54.47563433647156
0.24655413627624512
in main 50.6103458404541
0.23841071128845215
in main 46.69169592857361
0.2599608898162842
in main 52.378942251205444
0.2384953498840332
in main 62.83658766746521
0.24158453941345215
in main 54.68302130699158
0.29343605041503906
in main 55.192442178726196
0.331343412399292
migration  0.30782508850097656
in main 55.093271017074585
0.23528003692626953
in main 58.125099182128906
0.23688197135925293
in main 52.16107702255249
0.29421305656433105
in main 46.53879714012146
0.24251890182495117
in main 52.769779443740845
0.2384028434753418
in main 54.458086013793945
0.23772025108337402
in main 54.4751455783844
0.23731422424316406
in main 57.79195547103882
0.2344348430633545
in main 50.47092533111572
0.2745976448059082
in main 55.83933067321777
0.2969644069671631
migration  0.1021566390991211
in main 58.284889936447144
0.23745131492614746
in main 50.76923894882202
0.238661527633667
in main 54.05207443237305
0.26848745346069336
in main 53.8863422870636
0.26772212982177734
in main 62.4917356967926
0.23819828033447266
in main 57.08560919761658
0.2358410358428955
in main 58.186769247055054
0.2376110553741455
in main 55.629249572753906
0.23897147178649902
in main 53.47852277755737
0.25281405448913574
in main 57.027087688446045
0.23985767364501953
migration  0.3148500919342041
in main 53.90018939971924
0.24271392822265625
in main 55.162338733673096
0.2462010383605957
in main 57.28723859786987
0.2755722999572754
in main 57.89573669433594
0.2784416675567627
in main 51.060248613357544
0.2616724967956543
in main 55.16504096984863
0.2525918483734131
in main 52.224579095840454
0.23376107215881348
in main 56.48012828826904
0.23491454124450684
in main 52.182650327682495
0.30998659133911133
in main 52.513851165771484
0.254319429397583
migration  0.3078153133392334
in main 60.90578484535217
0.28985595703125
in main 58.43225693702698
0.24622225761413574
in main 51.918166399002075
0.24029922485351562
in main 50.72978472709656
0.30617856979370117
in main 57.88146662712097
0.23569202423095703
in main 53.289671897888184
0.23853611946105957
in main 52.690853118896484
0.2386951446533203
in main 47.732929706573486
0.23784804344177246
in main 53.57205581665039
0.24324607849121094
in main 53.59486508369446
0.24242210388183594
migration  0.5172684192657471
in main 58.68598198890686
0.24410057067871094
in main 52.15831232070923
0.24028325080871582
in main 55.24739742279053
0.4746277332305908
in main 86.72675156593323
0.2417459487915039
in main 95.77430009841919
0.23750686645507812
in main 48.54244780540466
0.24123597145080566
in main 55.95686078071594
0.23760056495666504
in main 55.3157217502594
0.23988795280456543
in main 50.80530333518982
0.24274420738220215
in main 47.8507022857666
0.23872756958007812
migration  0.2307143211364746
in main 55.225231885910034
0.23828625679016113
in main 56.80075526237488
0.27988171577453613
in main 60.62594485282898
0.24999475479125977
in main 63.83607077598572
0.2387707233428955
in main 59.05381798744202
0.23500847816467285
in main 52.428494691848755
0.24994826316833496
in main 60.767741203308105
0.24824047088623047
in main 59.06457209587097
0.23892879486083984
in main 52.84203577041626
0.2390902042388916
in main 51.3035089969635
0.24025821685791016
migration  0.45050907135009766
in main 50.298190116882324
0.39570069313049316
in main 50.304505825042725
0.23489594459533691
in main 51.336572885513306
0.2438981533050537
in main 50.74988651275635
0.25091028213500977
in main 46.933287382125854
0.2382824420928955
in main 50.18634033203125
0.24254536628723145
in main 50.685580253601074
0.2328205108642578
in main 53.80813145637512
0.2854135036468506
in main 55.66034150123596
0.2606377601623535
in main 55.09936475753784
0.239210844039917
migration  0.20112824440002441
in main 58.39435291290283
0.2374567985534668
in main 50.66594958305359
0.291980504989624
in main 60.17272353172302
0.23950529098510742
in main 56.849512577056885
0.27710628509521484
in main 51.30566358566284
0.2381904125213623
in main 55.445783376693726
0.24325203895568848
in main 53.294432640075684
0.25142788887023926
in main 51.102744817733765
0.2423419952392578
in main 61.33889842033386
0.2410423755645752
in main 47.08320617675781
0.2335505485534668
migration  0.35971570014953613
in main 52.91872262954712
0.24635601043701172
in main 49.80234169960022
0.27190399169921875
in main 56.47300934791565
0.28769493103027344
in main 55.78970527648926
0.26670241355895996
in main 59.488924503326416
0.30799365043640137
in main 63.01726007461548
0.2383882999420166
in main 54.196929931640625
0.23638033866882324
in main 50.48323655128479
0.2316138744354248
in main 50.60088610649109
0.23456501960754395
in main 51.725422620773315
0.07067632675170898
0.2658400535583496
migration  0.06548070907592773
in main 40.659348487854004
0.25951266288757324
in main 36.29381537437439
0.2550084590911865
in main 40.47738194465637
0.26020216941833496
in main 43.7792854309082
0.27380871772766113
in main 51.93673014640808
0.2505478858947754
in main 50.80140662193298
0.34268951416015625
in main 53.75395202636719
0.29293251037597656
in main 56.81004285812378
0.3626389503479004
in main 61.47517681121826
0.24389982223510742
in main 71.09138035774231
0.24097752571105957
migration  0.2571098804473877
in main 70.20555138587952
0.28167104721069336
in main 80.43685388565063
0.24580836296081543
in main 64.34171319007874
0.29164791107177734
in main 54.20164394378662
0.2528417110443115
in main 58.38911032676697
0.24266648292541504
in main 48.07480025291443
0.24448442459106445
in main 55.21897912025452
0.24685215950012207
in main 50.28851342201233
0.24381494522094727
in main 56.674850940704346
0.2398531436920166
in main 52.501487731933594
0.2822425365447998
migration  0.34195375442504883
in main 56.414976596832275
0.27467942237854004
in main 59.49148988723755
0.2748739719390869
in main 59.11952352523804
0.27632713317871094
in main 54.649675369262695
0.2830519676208496
in main 61.03667497634888
0.2429053783416748
in main 53.9120135307312
0.3132760524749756
in main 53.26982879638672
0.30928850173950195
in main 58.728588581085205
0.25197291374206543
in main 48.77287244796753
0.24059224128723145
in main 58.55372953414917
0.24591803550720215
migration  0.09765410423278809
in main 58.46435618400574
0.23745274543762207
in main 47.53273415565491
0.24304962158203125
in main 46.689833879470825
0.24201345443725586
in main 50.84301805496216
0.2533233165740967
in main 54.494099855422974
0.2589304447174072
in main 52.932769536972046
0.23862195014953613
in main 46.2773814201355
0.280517578125
in main 52.29915642738342
0.24504375457763672
in main 53.153350830078125
0.29923295974731445
in main 53.893051624298096
0.24941253662109375
migration  0.10334658622741699
in main 49.28342294692993
0.2483060359954834
in main 51.5730562210083
0.27945685386657715
in main 48.264169454574585
0.3231678009033203
in main 48.46192955970764
0.24466872215270996
in main 54.14048910140991
0.24388480186462402
in main 50.17470097541809
0.23988628387451172
in main 47.23013138771057
0.2387995719909668
in main 55.66889572143555
0.24124622344970703
in main 54.77463936805725
0.2391493320465088
in main 56.582663774490356
0.24042582511901855
migration  0.4073922634124756
in main 49.93158411979675
0.35307788848876953
in main 56.891820192337036
0.24165964126586914
in main 55.949280738830566
0.24027085304260254
in main 52.0533447265625
0.2524247169494629
in main 46.583051919937134
0.27212977409362793
in main 51.79895853996277
0.2524747848510742
in main 51.539265155792236
0.245497465133667
in main 52.75325846672058
0.27919530868530273
in main 52.789188385009766
0.27967000007629395
in main 50.199299573898315
0.24243855476379395
migration  0.16286182403564453
in main 55.760602712631226
0.30214405059814453
in main 52.72733473777771
0.23929929733276367
in main 50.92845177650452
0.23732900619506836
in main 48.52295136451721
0.32044291496276855
in main 55.95927977561951
0.31267476081848145
in main 54.44896340370178
0.2617661952972412
in main 57.91305422782898
0.27689361572265625
in main 49.66376185417175
0.270904541015625
in main 56.310858726501465
0.24025917053222656
in main 62.51207900047302
0.28820347785949707
migration  0.2366321086883545
in main 58.27352857589722
0.23752927780151367
in main 61.70896530151367
0.2392890453338623
in main 49.15949106216431
0.23871731758117676
in main 49.05301094055176
0.24791669845581055
in main 49.31772208213806
0.23850345611572266
in main 48.06635284423828
0.23989629745483398
in main 45.88277864456177
0.23939776420593262
in main 59.12732243537903
0.27809596061706543
in main 55.00424003601074
0.27777576446533203
in main 62.5804557800293
0.29834628105163574
migration  0.12198901176452637
in main 55.2825882434845
0.29985594749450684
in main 52.20300340652466
0.23998284339904785
in main 48.73654651641846
0.26007986068725586
in main 53.11079788208008
0.23801970481872559
in main 58.39246892929077
0.2863943576812744
in main 55.54878330230713
0.28006815910339355
in main 61.51529026031494
0.26874542236328125
in main 52.279953718185425
0.23588204383850098
in main 54.06041073799133
0.2595396041870117
in main 54.04911494255066
0.2418210506439209
migration  0.09996342658996582
in main 57.73201131820679
0.24041318893432617
in main 55.78723931312561
0.2796483039855957
in main 54.08570432662964
0.24168896675109863
in main 53.89368677139282
0.3081061840057373
in main 54.639334201812744
0.24129986763000488
in main 56.662264347076416
0.27585625648498535
in main 54.48085856437683
0.27979302406311035
in main 61.16983485221863
0.24024677276611328
in main 56.416258096694946
0.2415940761566162
in main 61.382732629776
0.23904967308044434
migration  0.2735438346862793
in main 55.02691578865051
0.23890900611877441
in main 58.6707181930542
0.24008893966674805
in main 55.286728858947754
0.24003362655639648
in main 56.2719030380249
0.25191545486450195
in main 56.52378010749817
0.23836946487426758
in main 51.95483922958374
0.24319982528686523
in main 54.122000217437744
0.2791476249694824
in main 54.91788625717163
0.24125099182128906
in main 55.11249256134033
0.25772595405578613
in main 52.01140236854553
0.23630690574645996
migration  0.29921412467956543
in main 56.5847327709198
0.2442150115966797
in main 50.622063398361206
0.28844285011291504
in main 51.246525049209595
0.23673510551452637
in main 49.63812851905823
0.2411189079284668
in main 47.648375272750854
0.2376689910888672
in main 49.51976704597473
0.30869102478027344
in main 52.904884576797485
0.24262428283691406
in main 57.73324227333069
0.23571014404296875
in main 51.80454969406128
0.23488521575927734
in main 53.365891218185425
0.23651742935180664
migration  0.08078360557556152
in main 53.33977484703064
0.2392101287841797
in main 47.98320508003235
0.23838186264038086
in main 52.81483745574951
0.24375295639038086
in main 54.31150484085083
0.23794984817504883
in main 58.4909245967865
0.23706555366516113
in main 52.64296841621399
0.23755145072937012
in main 48.210609674453735
0.2595677375793457
in main 61.7513632774353
0.29109883308410645
in main 65.21256160736084
0.30040431022644043
in main 64.99540948867798
0.2452411651611328
migration  0.00010442733764648438
in main 60.95526695251465
0.24755024909973145
in main 58.14770030975342
0.2908632755279541
in main 58.665565967559814
0.24883770942687988
in main 63.35193729400635
0.2402784824371338
in main 57.44299364089966
0.23862481117248535
in main 55.64347195625305
0.27301979064941406
in main 55.00576639175415
0.336104154586792
in main 57.627646684646606
0.3464818000793457
in main 63.150670289993286
0.290463924407959
in main 60.591368675231934
0.2410287857055664
migration  0.1786818504333496
in main 59.323172092437744
0.2900576591491699
in main 57.009655237197876
0.2376861572265625
in main 53.73727345466614
0.2390608787536621
in main 61.03859305381775
0.23733067512512207
in main 57.26710748672485
0.2378373146057129
in main 51.62823724746704
0.23443126678466797
in main 52.85838270187378
0.2370905876159668
in main 49.69019961357117
0.23417043685913086
in main 52.42619323730469
0.2360985279083252
in main 48.28201413154602
0.07053780555725098
0.23931431770324707
migration  0.0005326271057128906
in main 40.912025690078735
0.2618865966796875
in main 37.350770235061646
0.2740049362182617
in main 39.861512899398804
0.25826597213745117
in main 44.38601589202881
0.3003063201904297
in main 50.8165819644928
0.3097686767578125
in main 52.99170899391174
0.2595067024230957
in main 57.60684561729431
0.2972390651702881
in main 56.25116300582886
0.28274965286254883
in main 53.83010673522949
0.24843311309814453
in main 61.5971782207489
0.3159358501434326
migration  0.06069612503051758
in main 57.948593854904175
0.3466453552246094
in main 71.28844666481018
0.24433183670043945
in main 68.30796933174133
0.2967836856842041
in main 64.12548041343689
0.2652900218963623
in main 61.348605155944824
0.26335740089416504
in main 68.11344575881958
0.24486446380615234
in main 57.58916902542114
0.28502941131591797
in main 62.264670610427856
0.24194002151489258
in main 58.67207217216492
0.24270415306091309
in main 58.129594564437866
0.3193528652191162
migration  0.14789915084838867
in main 59.68404579162598
0.25133466720581055
in main 54.71961212158203
0.2443544864654541
in main 61.48195123672485
0.33673977851867676
in main 65.13760995864868
0.34831833839416504
in main 58.02785277366638
0.2435164451599121
in main 62.95012331008911
0.2490990161895752
in main 57.65416359901428
0.24257779121398926
in main 65.13101267814636
0.24677276611328125
in main 50.63518762588501
0.2811412811279297
in main 57.774524211883545
0.24311161041259766
migration  0.08448624610900879
in main 57.790963888168335
0.24850988388061523
in main 55.69198131561279
0.3456242084503174
in main 62.18847727775574
0.24582672119140625
in main 59.67904829978943
0.27463436126708984
in main 57.6890332698822
0.28211402893066406
in main 64.55022048950195
0.24657535552978516
in main 59.30000615119934
0.24986863136291504
in main 54.70571041107178
0.2933363914489746
in main 61.477819204330444
0.2488710880279541
in main 55.584500789642334
0.2952690124511719
migration  0.410214900970459
in main 52.66014313697815
0.2610206604003906
in main 59.345972537994385
0.2527592182159424
in main 56.5826301574707
0.24331259727478027
in main 53.390013456344604
0.2513425350189209
in main 53.99075961112976
0.24332261085510254
in main 50.06014704704285
0.24506878852844238
in main 50.089635372161865
0.24874472618103027
in main 45.5015971660614
0.24233245849609375
in main 49.720348834991455
0.2424912452697754
in main 48.27952575683594
0.35538673400878906
migration  0.260190486907959
in main 50.67684006690979
0.25782203674316406
in main 47.93421983718872
0.2592592239379883
in main 53.009485960006714
0.24789166450500488
in main 50.89691925048828
0.24265766143798828
in main 49.952929973602295
0.2688302993774414
in main 49.52304172515869
0.24036550521850586
in main 44.80806851387024
0.2415618896484375
in main 50.05449938774109
0.2428126335144043
in main 49.408835649490356
0.24122118949890137
in main 47.398772954940796
0.250683069229126
migration  0.3684678077697754
in main 48.5155291557312
0.24738645553588867
in main 46.03968000411987
0.24464201927185059
in main 47.364781618118286
0.2813231945037842
in main 49.684762477874756
0.24581503868103027
in main 49.9171667098999
0.24661970138549805
in main 49.42702603340149
0.3007779121398926
in main 55.86229395866394
0.30127763748168945
in main 52.52190375328064
0.24307608604431152
in main 52.13461899757385
0.2445523738861084
in main 55.04732656478882
0.28246641159057617
migration  0.09503889083862305
in main 59.64874720573425
0.2418992519378662
in main 47.330793380737305
0.2618873119354248
in main 52.839935302734375
0.298450231552124
in main 51.26232981681824
0.2933387756347656
in main 50.973018407821655
0.2630653381347656
in main 54.219412088394165
0.2734537124633789
in main 52.62155866622925
0.24374818801879883
in main 51.892592668533325
0.24190187454223633
in main 47.65703201293945
0.2397160530090332
in main 46.73369646072388
0.2392129898071289
migration  0.28227663040161133
in main 47.21443319320679
0.2526514530181885
in main 47.647170543670654
0.27540063858032227
in main 48.47045421600342
0.2605926990509033
in main 52.14342737197876
0.25928616523742676
in main 52.34802532196045
0.24489831924438477
in main 53.00383281707764
0.2621009349822998
in main 54.690680503845215
0.24274182319641113
in main 51.04590606689453
0.24155235290527344
in main 48.63667869567871
0.24832463264465332
in main 47.45613980293274
0.30704212188720703
migration  0.10811924934387207
in main 51.34747767448425
0.2707340717315674
in main 57.75420379638672
0.24197030067443848
in main 51.564087867736816
0.24050617218017578
in main 47.36309504508972
0.24080753326416016
in main 45.738048791885376
0.23929595947265625
in main 53.393311738967896
0.2786388397216797
in main 51.92653799057007
0.2400679588317871
in main 55.72617268562317
0.2999889850616455
in main 57.20313262939453
0.3079395294189453
in main 59.26131844520569
0.29248619079589844
migration  0.37645602226257324
in main 57.74544095993042
0.23933053016662598
in main 58.39371705055237
0.24463868141174316
in main 54.70936727523804
0.2458655834197998
in main 56.16536545753479
0.27641987800598145
in main 55.28861355781555
0.24465560913085938
in main 49.22725057601929
0.24786686897277832
in main 57.74909687042236
0.2460777759552002
in main 53.69337463378906
0.23892664909362793
in main 47.54857277870178
0.274202823638916
in main 53.76303505897522
0.3331637382507324
migration  0.4412093162536621
in main 61.56282091140747
0.30670785903930664
in main 56.3529257774353
0.2761955261230469
in main 61.99672770500183
0.24042606353759766
in main 51.53896689414978
0.24959778785705566
in main 58.43495488166809
0.24077677726745605
in main 55.67014002799988
0.24064350128173828
in main 63.79018020629883
0.30395960807800293
in main 60.814552545547485
0.2756686210632324
in main 56.01272678375244
0.2371978759765625
in main 57.44393992424011
0.23782563209533691
migration  0.18317818641662598
in main 53.69647455215454
0.24024581909179688
in main 85.0825297832489
0.24200105667114258
in main 55.80448365211487
0.2489607334136963
in main 56.219970703125
0.2387864589691162
in main 54.33442759513855
0.23848772048950195
in main 54.90896511077881
0.24766302108764648
in main 59.463775634765625
0.3137691020965576
in main 54.54331707954407
0.348935604095459
in main 59.05221652984619
0.24868297576904297
in main 58.332107067108154
0.2617990970611572
migration  0.1383986473083496
in main 56.93264389038086
0.26846933364868164
in main 64.84039759635925
0.249955415725708
in main 56.86058568954468
0.24194741249084473
in main 51.617958545684814
0.2490532398223877
in main 58.065704584121704
0.23935699462890625
in main 62.930781841278076
0.3097367286682129
in main 65.31261157989502
0.2985515594482422
in main 57.88441586494446
0.24812602996826172
in main 57.94007658958435
0.24817657470703125
in main 64.16944742202759
0.23764944076538086
migration  0.4042999744415283
in main 61.341888427734375
0.2797873020172119
in main 65.19481706619263
0.2624328136444092
in main 60.19303274154663
0.30248260498046875
in main 65.24375510215759
0.2527759075164795
in main 58.38698363304138
0.24158978462219238
in main 51.7341103553772
0.2413182258605957
in main 54.92942190170288
0.24211740493774414
in main 56.64255094528198
0.2343273162841797
in main 53.53105354309082
0.2409980297088623
in main 57.05660605430603
0.07007074356079102
0.2867414951324463
migration  0.0005345344543457031
in main 38.951611280441284
0.25873899459838867
in main 43.21035289764404
0.34287548065185547
in main 45.89861845970154
0.25211119651794434
in main 39.57591390609741
0.2552361488342285
in main 41.71146774291992
0.2555675506591797
in main 42.70983099937439
0.2459862232208252
in main 50.714200258255005
0.24529218673706055
in main 51.39660120010376
0.24674296379089355
in main 52.415653705596924
0.24316954612731934
in main 55.714993476867676
0.24419474601745605
migration  0.1853196620941162
in main 51.71510291099548
0.2628660202026367
in main 59.85726189613342
0.24374771118164062
in main 64.68621611595154
0.27160191535949707
in main 58.00170421600342
0.24160313606262207
in main 63.56211233139038
0.27331995964050293
in main 65.35246562957764
0.24051737785339355
in main 62.938663721084595
0.2411971092224121
in main 66.50787329673767
0.265331506729126
in main 71.66624236106873
0.31342577934265137
in main 58.500741720199585
0.2648429870605469
migration  0.4235060214996338
in main 51.861790895462036
0.2708101272583008
in main 53.74826645851135
0.2504234313964844
in main 52.41276574134827
0.25045084953308105
in main 46.80165433883667
0.25920796394348145
in main 50.02114391326904
0.2424638271331787
in main 49.76817226409912
0.2681407928466797
in main 40.919737815856934
0.24234437942504883
in main 48.77613854408264
0.2410590648651123
in main 46.82793092727661
0.2406010627746582
in main 47.95573949813843
0.2883412837982178
migration  0.07786130905151367
in main 50.948020696640015
0.2548995018005371
in main 50.267642974853516
0.24115347862243652
in main 52.585123777389526
0.23902487754821777
in main 47.78358268737793
0.24653291702270508
in main 48.94353771209717
0.24069905281066895
in main 47.88442039489746
0.2390272617340088
in main 45.743664264678955
0.27033162117004395
in main 53.75937509536743
0.4830350875854492
in main 55.57472777366638
0.24046874046325684
in main 54.11397194862366
0.25714826583862305
migration  0.22568869590759277
in main 60.776777029037476
0.24001455307006836
in main 60.88301205635071
0.24270200729370117
in main 53.541537046432495
0.23632502555847168
in main 48.5852575302124
0.30613136291503906
in main 47.41791868209839
0.24445462226867676
in main 52.98937201499939
0.24115753173828125
in main 52.46776103973389
0.34117889404296875
in main 49.619690895080566
0.2377760410308838
in main 56.81985378265381
0.2425551414489746
in main 53.56336236000061
0.2403278350830078
migration  0.06985688209533691
in main 50.216543436050415
0.23708343505859375
in main 51.43985867500305
0.2552940845489502
in main 52.93475556373596
0.24425315856933594
in main 54.963688135147095
0.24169278144836426
in main 50.17754936218262
0.29247498512268066
in main 60.545647621154785
0.30118870735168457
in main 52.159998178482056
0.2415602207183838
in main 56.54547142982483
0.23764419555664062
in main 54.777815103530884
0.24001264572143555
in main 54.74623203277588
0.26976585388183594
migration  0.24865245819091797
in main 54.58432102203369
0.24357342720031738
in main 59.683897733688354
0.23929309844970703
in main 49.71002960205078
0.2389979362487793
in main 52.44170594215393
0.29834628105163574
in main 52.19962120056152
0.23860502243041992
in main 52.77007842063904
0.23836898803710938
in main 52.34139370918274
0.26112937927246094
in main 59.20512247085571
0.2804539203643799
in main 53.7655565738678
0.24360108375549316
in main 56.70273947715759
0.2891223430633545
migration  0.18934369087219238
in main 51.70741057395935
0.24235749244689941
in main 52.77567172050476
0.27101802825927734
in main 53.93290734291077
0.2894001007080078
in main 50.4346489906311
0.2998027801513672
in main 55.1200213432312
0.282299280166626
in main 57.301673889160156
0.2693960666656494
in main 53.43574666976929
0.2703208923339844
in main 54.60239839553833
0.23938393592834473
in main 52.91745638847351
0.2763183116912842
in main 54.22676420211792
0.23824858665466309
migration  0.3270258903503418
in main 54.76567053794861
0.30655670166015625
in main 49.49840784072876
0.24153590202331543
in main 51.28894662857056
0.24747538566589355
in main 47.97352838516235
0.24852895736694336
in main 43.71969437599182
0.24209332466125488
in main 45.28453183174133
0.24256682395935059
in main 49.90306520462036
0.24675488471984863
in main 55.825700521469116
0.2417912483215332
in main 55.32279133796692
0.2897226810455322
in main 56.19381093978882
0.24528932571411133
migration  0.08232808113098145
in main 58.238518953323364
0.2616434097290039
in main 56.44117069244385
0.239302396774292
in main 54.25437355041504
0.23895692825317383
in main 65.66950917243958
0.34087467193603516
in main 60.47416281700134
0.24573969841003418
in main 56.532259702682495
0.27172112464904785
in main 58.45353960990906
0.2787661552429199
in main 56.9258816242218
0.27777695655822754
in main 58.54161548614502
0.23920583724975586
in main 52.78115177154541
0.26004481315612793
migration  0.35233283042907715
in main 56.824217319488525
0.2856299877166748
in main 57.47237944602966
0.2427217960357666
in main 56.10725235939026
0.23826241493225098
in main 51.181453704833984
0.25189661979675293
in main 51.51060509681702
0.24208641052246094
in main 54.8061089515686
0.24062585830688477
in main 57.26113772392273
0.23664379119873047
in main 55.601571559906006
0.24152135848999023
in main 57.71823477745056
0.32115602493286133
in main 58.03842043876648
0.24214792251586914
migration  0.28979015350341797
in main 54.51582312583923
0.23685455322265625
in main 56.80280804634094
0.2680072784423828
in main 65.61580801010132
0.23879623413085938
in main 60.06696367263794
0.24000239372253418
in main 63.267494916915894
0.2799355983734131
in main 62.503276109695435
0.23903346061706543
in main 64.93117690086365
0.24239850044250488
in main 55.89471244812012
0.23830866813659668
in main 50.760106325149536
0.48727893829345703
in main 64.73173475265503
0.23886966705322266
migration  0.38573408126831055
in main 63.56256985664368
0.24370574951171875
in main 55.386632680892944
0.24425768852233887
in main 51.5249879360199
0.243696928024292
in main 50.81965374946594
0.4928140640258789
in main 62.140421628952026
0.47910022735595703
in main 73.84036350250244
0.24472975730895996
in main 63.08621311187744
0.3030855655670166
in main 62.505754470825195
0.2406482696533203
in main 58.77646732330322
0.3055281639099121
in main 66.62511587142944
0.32831525802612305
migration  0.5547902584075928
in main 62.236992597579956
0.2501201629638672
in main 65.40192031860352
0.2529287338256836
in main 62.57223415374756
0.24399399757385254
in main 53.60616993904114
0.24903178215026855
in main 56.5570023059845
0.28061890602111816
in main 62.799830198287964
0.2376573085784912
in main 63.61303400993347
0.2441401481628418
in main 55.025500535964966
0.31285858154296875
in main 63.998162269592285
0.33234477043151855
in main 56.93940019607544
0.23700380325317383
migration  0.268629789352417
in main 56.954405069351196
0.3172762393951416
in main 60.436992168426514
0.24339509010314941
in main 59.021145820617676
0.2526237964630127
in main 58.045207500457764
0.24387478828430176
in main 50.96845269203186
0.23908138275146484
in main 53.5889105796814
0.24195408821105957
in main 51.947997093200684
0.2390127182006836
in main 56.33320331573486
0.2363884449005127
in main 58.125059366226196
0.2374405860900879
in main 56.722254037857056
0.0654611587524414
0.25756239891052246
migration  0.1004495620727539
in main 37.6332471370697
0.27842044830322266
in main 38.683138847351074
0.2662622928619385
in main 44.65086007118225
0.28808140754699707
in main 46.93858003616333
0.30904483795166016
in main 49.839569330215454
0.2544369697570801
in main 48.93893766403198
0.25792455673217773
in main 52.048970222473145
0.3129560947418213
in main 54.64023780822754
0.2973945140838623
in main 54.7872314453125
0.29637956619262695
in main 73.91082262992859
0.3868865966796875
migration  0.29380106925964355
in main 66.35248875617981
0.2542729377746582
in main 73.56518244743347
0.24116086959838867
in main 66.63259720802307
0.24062514305114746
in main 66.5064606666565
0.23888921737670898
in main 71.43376541137695
0.24127650260925293
in main 70.81253242492676
0.2422494888305664
in main 77.85255551338196
0.27069091796875
in main 70.59348130226135
0.24458074569702148
in main 58.53004717826843
0.2451801300048828
in main 60.93800473213196
0.24314498901367188
migration  0.1262514591217041
in main 55.62302756309509
0.29400181770324707
in main 54.83512783050537
0.2487626075744629
in main 63.9030179977417
0.23856067657470703
in main 52.50297236442566
0.24201726913452148
in main 60.39357662200928
0.2434689998626709
in main 51.504260540008545
0.3367574214935303
in main 49.53771781921387
0.24784302711486816
in main 47.75972628593445
0.26693224906921387
in main 54.81860637664795
0.2424936294555664
in main 50.183894872665405
0.24136662483215332
migration  0.17044782638549805
in main 50.04226589202881
0.25234508514404297
in main 48.247599601745605
0.24663686752319336
in main 44.935893535614014
0.24401617050170898
in main 52.73174810409546
0.24240684509277344
in main 50.37058639526367
0.27040982246398926
in main 52.02690839767456
0.23919916152954102
in main 50.1555609703064
0.3067750930786133
in main 51.14534258842468
0.23954296112060547
in main 55.070061683654785
0.246445894241333
in main 50.37104320526123
0.24721980094909668
migration  0.20926928520202637
in main 46.75030493736267
0.2866241931915283
in main 49.560304164886475
0.2400670051574707
in main 53.98991870880127
0.3290538787841797
in main 49.56373620033264
0.2957322597503662
in main 49.44394111633301
0.30063915252685547
in main 54.82030153274536
0.2604026794433594
in main 53.29557204246521
0.29144740104675293
in main 50.9513635635376
0.23994994163513184
in main 52.22247576713562
0.26052379608154297
in main 53.343780279159546
0.23906612396240234
migration  0.3561854362487793
in main 49.12320828437805
0.2444601058959961
in main 53.99763011932373
0.3147773742675781
in main 47.785810232162476
0.2409663200378418
in main 51.29799818992615
0.3477060794830322
in main 47.13344144821167
0.27690815925598145
in main 52.370861530303955
0.29383349418640137
in main 62.17706298828125
0.2368934154510498
in main 52.80063438415527
0.27550411224365234
in main 51.52161121368408
0.23751235008239746
in main 53.53776454925537
0.23618578910827637
migration  0.09001302719116211
in main 49.97647953033447
0.24171710014343262
in main 56.589853286743164
0.250093936920166
in main 54.73419976234436
0.23937010765075684
in main 56.29008102416992
0.254852294921875
in main 53.48221158981323
0.23721814155578613
in main 55.23328423500061
0.23758578300476074
in main 54.5071177482605
0.23550653457641602
in main 53.89387083053589
0.2841007709503174
in main 57.09085726737976
0.236297607421875
in main 53.68794393539429
0.23952031135559082
migration  0.42104244232177734
in main 59.08943271636963
0.23610568046569824
in main 53.77760553359985
0.23977231979370117
in main 53.17541027069092
0.23658466339111328
in main 52.581632137298584
0.2446589469909668
in main 50.86485743522644
0.2970411777496338
in main 48.6653733253479
0.2678792476654053
in main 58.49862456321716
0.23743534088134766
in main 52.583513498306274
0.27536559104919434
in main 55.97029495239258
0.23586177825927734
in main 56.479819774627686
0.2343592643737793
migration  0.17131495475769043
in main 57.60825800895691
0.3304276466369629
in main 54.937822341918945
0.3119053840637207
in main 57.06297183036804
0.26927947998046875
in main 52.489829540252686
0.312591552734375
in main 55.74242281913757
0.3321661949157715
in main 53.04171276092529
0.2373671531677246
in main 53.21585536003113
0.2406308650970459
in main 56.86092972755432
0.29706621170043945
in main 53.20527720451355
0.25905323028564453
in main 58.269102334976196
0.23352861404418945
migration  0.28397679328918457
in main 54.58072352409363
0.2396223545074463
in main 57.468170404434204
0.24279522895812988
in main 55.54537892341614
0.24050068855285645
in main 51.213480710983276
0.2373518943786621
in main 54.124531507492065
0.23542094230651855
in main 58.02390432357788
0.23617315292358398
in main 57.66369295120239
0.235015869140625
in main 54.81237983703613
0.23879027366638184
in main 52.05972719192505
0.23890328407287598
in main 53.45725679397583
0.24547386169433594
migration  0.2571287155151367
in main 55.94577765464783
0.23627328872680664
in main 58.24290156364441
0.24090981483459473
in main 49.7723228931427
0.2353677749633789
in main 52.04663014411926
0.23891520500183105
in main 51.91389441490173
0.24204802513122559
in main 52.53879237174988
0.4888436794281006
in main 89.8154935836792
0.24015116691589355
in main 55.671003103256226
0.24024009704589844
in main 65.10273742675781
0.23972177505493164
in main 56.16052842140198
0.2377774715423584
migration  0.31224989891052246
in main 52.09762382507324
0.3383219242095947
in main 55.40093803405762
0.23895931243896484
in main 56.05542755126953
0.2983872890472412
in main 53.41714572906494
0.28774118423461914
in main 61.103338956832886
0.24088406562805176
in main 64.80261945724487
0.23711514472961426
in main 61.33128094673157
0.23632597923278809
in main 53.781874895095825
0.23837971687316895
in main 61.24573612213135
0.2382514476776123
in main 54.5759003162384
0.23672819137573242
migration  0.27782535552978516
in main 52.616514682769775
0.48410511016845703
in main 100.74563479423523
0.2399916648864746
in main 87.02482390403748
0.23975372314453125
in main 50.88311791419983
0.2342817783355713
in main 53.05996513366699
0.23897576332092285
in main 53.65618371963501
0.2362198829650879
in main 58.70959424972534
0.3097405433654785
in main 62.13659071922302
0.247208833694458
in main 66.69726705551147
0.3298172950744629
in main 58.29136919975281
0.23595476150512695
migration  0.3633565902709961
in main 68.00561618804932
0.24627447128295898
in main 61.98863458633423
0.3298227787017822
in main 59.70792055130005
0.23848581314086914
in main 60.50326633453369
0.24643945693969727
in main 56.17671251296997
0.23395848274230957
in main 59.65705752372742
0.23511171340942383
in main 55.10424494743347
0.23269152641296387
in main 54.59002065658569
0.23668432235717773
in main 46.46441864967346
0.23491740226745605
in main 54.147321462631226
0.23592090606689453
migration  0.11613631248474121
in main 54.146121978759766
0.24092960357666016
in main 57.685933113098145
0.23638701438903809
in main 60.19816970825195
0.23967623710632324
in main 58.256322622299194
0.23412132263183594
in main 54.57223296165466
0.239227294921875
in main 51.33044362068176
0.2369081974029541
in main 51.20471405982971
0.23696494102478027
in main 54.204323530197144
0.23416733741760254
in main 53.6126606464386
0.2327861785888672
in main 54.53441143035889
0.0656576156616211
0.23455119132995605
migration  0.05808734893798828
in main 43.52313041687012
0.31342220306396484
in main 37.799649715423584
0.2554183006286621
in main 44.42689657211304
0.27521800994873047
in main 45.87237048149109
0.2502560615539551
in main 41.552797079086304
0.3759033679962158
in main 47.48673701286316
0.2503838539123535
in main 52.49774217605591
0.24079632759094238
in main 57.918638706207275
0.25137782096862793
in main 62.157153606414795
0.2510232925415039
in main 77.97822976112366
0.24193382263183594
migration  0.065277099609375
in main 62.12155485153198
0.250673770904541
in main 66.60740327835083
0.23944950103759766
in main 73.30694246292114
0.24108338356018066
in main 65.04770183563232
0.24035930633544922
in main 77.91463685035706
0.24155974388122559
in main 71.60106706619263
0.2927663326263428
in main 82.34373426437378
0.30324482917785645
in main 78.68308877944946
0.28125977516174316
in main 82.53256750106812
0.24522924423217773
in main 74.08241367340088
0.3183481693267822
migration  0.23928022384643555
in main 82.47542333602905
0.243255615234375
in main 66.15616488456726
0.24407672882080078
in main 64.17132568359375
0.24303770065307617
in main 64.840252161026
0.24413824081420898
in main 56.696049451828
0.30864906311035156
in main 54.01862835884094
0.24902820587158203
in main 47.61536908149719
0.24361538887023926
in main 54.14630198478699
0.24448919296264648
in main 44.31795382499695
0.29324793815612793
in main 51.55983018875122
0.2622673511505127
migration  0.34017205238342285
in main 48.535353899002075
0.24922919273376465
in main 51.386255502700806
0.2514920234680176
in main 50.554489850997925
0.4383735656738281
in main 54.618643045425415
0.24876618385314941
in main 50.84935402870178
0.24093031883239746
in main 53.101330280303955
0.24142074584960938
in main 54.89328908920288
0.2393627166748047
in main 44.30577731132507
0.27629852294921875
in main 46.68472862243652
0.2424764633178711
in main 52.741108894348145
0.34143710136413574
migration  0.27117395401000977
in main 46.87501645088196
0.31673741340637207
in main 49.48631429672241
0.2964518070220947
in main 54.572757720947266
0.25957369804382324
in main 58.03719711303711
0.24297165870666504
in main 59.649484634399414
0.23813629150390625
in main 53.77475452423096
0.24230551719665527
in main 51.42320680618286
0.29813337326049805
in main 53.59420680999756
0.2662026882171631
in main 54.453246116638184
0.26119565963745117
in main 51.84652876853943
0.2670774459838867
migration  0.2738230228424072
in main 53.139508962631226
0.26715946197509766
in main 49.81164193153381
0.2719745635986328
in main 54.08476185798645
0.3013312816619873
in main 48.51096773147583
0.27193212509155273
in main 49.93616604804993
0.23847603797912598
in main 41.989500761032104
0.26899147033691406
in main 51.516857624053955
0.2395918369293213
in main 55.132869482040405
0.24077057838439941
in main 58.257036209106445
0.28842926025390625
in main 62.76079869270325
0.2348935604095459
migration  0.5015716552734375
in main 52.31854772567749
0.3050539493560791
in main 49.87642574310303
0.3172318935394287
in main 60.1675820350647
0.25589776039123535
in main 57.3605751991272
0.2502713203430176
in main 54.29361343383789
0.3050246238708496
in main 54.734293937683105
0.2585885524749756
in main 50.66990280151367
0.24229860305786133
in main 52.62610411643982
0.2593557834625244
in main 62.67173671722412
0.24215483665466309
in main 56.48853325843811
0.27933502197265625
migration  0.07274341583251953
in main 53.82986903190613
0.2514069080352783
in main 51.48825740814209
0.24066448211669922
in main 47.48009943962097
0.2799379825592041
in main 53.00319838523865
0.23919391632080078
in main 44.531665563583374
0.2360975742340088
in main 54.69735407829285
0.23901128768920898
in main 49.262128829956055
0.278548002243042
in main 50.68583393096924
0.23697781562805176
in main 46.78503465652466
0.23580479621887207
in main 52.17123079299927
0.25329041481018066
migration  0.19140219688415527
in main 51.14908289909363
0.32204508781433105
in main 50.822235107421875
0.2353515625
in main 50.23945116996765
0.23814988136291504
in main 55.028724908828735
0.3374934196472168
in main 54.440640926361084
0.24088025093078613
in main 55.01087236404419
0.27440667152404785
in main 53.41100788116455
0.2726328372955322
in main 54.88961148262024
0.2332310676574707
in main 47.91486883163452
0.27559995651245117
in main 49.11832332611084
0.2690126895904541
migration  0.23742914199829102
in main 50.361907720565796
0.2843203544616699
in main 50.57280731201172
0.24525189399719238
in main 51.026042222976685
0.24539923667907715
in main 49.72466254234314
0.23485589027404785
in main 49.594833850860596
0.2380070686340332
in main 50.91459345817566
0.3283965587615967
in main 49.93126058578491
0.24162721633911133
in main 58.36827063560486
0.3568840026855469
in main 58.73461723327637
0.4777219295501709
in main 87.24957823753357
0.47905993461608887
migration  0.23467373847961426
in main 105.93028163909912
0.4818270206451416
in main 100.87423181533813
0.24193239212036133
in main 92.74683594703674
0.23499035835266113
in main 53.99497961997986
0.24082422256469727
in main 56.458558797836304
0.2413792610168457
in main 53.85635852813721
0.24341583251953125
in main 53.71758317947388
0.2360854148864746
in main 48.78535342216492
0.2358565330505371
in main 47.153324842453
0.23884224891662598
in main 54.8526451587677
0.24123549461364746
migration  0.09926390647888184
in main 56.434964418411255
0.24556183815002441
in main 57.314796924591064
0.27040719985961914
in main 55.08332347869873
0.23482561111450195
in main 62.79741382598877
0.2383120059967041
in main 58.30131411552429
0.49445581436157227
in main 65.18171739578247
0.23898959159851074
in main 64.1791045665741
0.2518656253814697
in main 54.50524306297302
0.23931670188903809
in main 55.477559328079224
0.24411368370056152
in main 56.115699768066406
0.2365117073059082
migration  0.2352902889251709
in main 57.857916593551636
0.23818540573120117
in main 58.73272204399109
0.26744604110717773
in main 59.938323736190796
0.2365741729736328
in main 54.0796582698822
0.2596609592437744
in main 56.2433660030365
0.26603245735168457
in main 51.886924028396606
0.24829721450805664
in main 58.933961391448975
0.24881577491760254
in main 53.51959538459778
0.23913145065307617
in main 60.00269031524658
0.24173235893249512
in main 60.540189027786255
0.25782155990600586
migration  0.2445821762084961
in main 57.22217893600464
0.23618078231811523
in main 60.23990249633789
0.2384181022644043
in main 55.771310329437256
0.2396080493927002
in main 57.974448442459106
0.23898601531982422
in main 62.79417300224304
0.2333831787109375
in main 54.98645615577698
0.23673009872436523
in main 48.30936312675476
0.23478150367736816
in main 52.34685802459717
0.26604509353637695
in main 63.276596546173096
0.23946595191955566
in main 53.41358971595764
0.23327088356018066
migration  0.08752822875976562
in main 56.24941802024841
0.24001717567443848
in main 53.30913543701172
0.23547840118408203
in main 59.94523763656616
0.23493504524230957
in main 46.966779708862305
0.23462796211242676
in main 56.87743353843689
0.24027037620544434
in main 56.23231625556946
0.2333061695098877
in main 52.99576807022095
0.22998285293579102
in main 52.85908603668213
0.23154091835021973
in main 53.6279571056366
0.22914791107177734
in main 51.73195171356201
0.07010674476623535
0.32810544967651367
migration  0.11054563522338867
in main 40.54302406311035
0.2474987506866455
in main 44.58373284339905
0.25724267959594727
in main 44.837080001831055
0.2906990051269531
in main 51.93593239784241
0.3327031135559082
in main 48.32870841026306
0.26445436477661133
in main 52.294798612594604
0.3150007724761963
in main 51.14318108558655
0.24034762382507324
in main 52.21640467643738
0.24459552764892578
in main 64.75041842460632
0.27671027183532715
in main 64.55145239830017
0.24313831329345703
migration  0.08937358856201172
in main 62.70024561882019
0.23964500427246094
in main 74.59181594848633
0.2510817050933838
in main 73.64379930496216
0.2706937789916992
in main 76.36390614509583
0.2428736686706543
in main 66.63652157783508
0.24370265007019043
in main 65.86236143112183
0.24315834045410156
in main 66.15431809425354
0.28037166595458984
in main 68.59706449508667
0.24136972427368164
in main 52.60977220535278
0.24174046516418457
in main 52.790284395217896
0.24689626693725586
migration  0.00010967254638671875
in main 57.48038911819458
0.23862004280090332
in main 58.73133587837219
0.23984003067016602
in main 59.557002544403076
0.24674701690673828
in main 56.691609382629395
0.3505690097808838
in main 52.160109519958496
0.3233969211578369
in main 52.35742473602295
0.2594773769378662
in main 59.204986333847046
0.23818254470825195
in main 47.44531202316284
0.49426937103271484
in main 55.529217004776
0.2434859275817871
in main 57.55201458930969
0.23954153060913086
migration  0.2713887691497803
in main 49.545130252838135
0.34456777572631836
in main 42.427215814590454
0.27045369148254395
in main 49.53802418708801
0.3206760883331299
in main 46.64410948753357
0.31098151206970215
in main 47.28947925567627
0.23944473266601562
in main 48.44305491447449
0.2449963092803955
in main 55.86040019989014
0.29176783561706543
in main 45.46342086791992
0.23775601387023926
in main 51.442349910736084
0.2710890769958496
in main 50.37695240974426
0.23902487754821777
migration  0.19242000579833984
in main 46.48229169845581
0.2496955394744873
in main 43.33018922805786
0.2593872547149658
in main 48.643264055252075
0.2557206153869629
in main 49.63678574562073
0.23932933807373047
in main 43.66412305831909
0.23879599571228027
in main 46.52702593803406
0.28257107734680176
in main 48.27560353279114
0.24189448356628418
in main 50.83221435546875
0.2391808032989502
in main 52.26821541786194
0.23770880699157715
in main 49.51276350021362
0.24302005767822266
migration  0.30552053451538086
in main 49.41782093048096
0.43567824363708496
in main 55.11179757118225
0.24472379684448242
in main 54.48035454750061
0.24718689918518066
in main 48.93857789039612
0.24234557151794434
in main 44.52059841156006
0.3704977035522461
in main 44.84326791763306
0.24695730209350586
in main 53.155147314071655
0.34880828857421875
in main 51.62642478942871
0.3215372562408447
in main 51.928303480148315
0.27630090713500977
in main 47.23746156692505
0.24727439880371094
migration  0.18796157836914062
in main 52.17724919319153
0.247802734375
in main 48.16055512428284
0.24645042419433594
in main 47.39521646499634
0.23973584175109863
in main 47.30397129058838
0.2574915885925293
in main 51.71487092971802
0.24089694023132324
in main 54.202351808547974
0.24413371086120605
in main 51.32674837112427
0.24239277839660645
in main 47.0314781665802
0.2693805694580078
in main 48.4484281539917
0.27222704887390137
in main 50.39190912246704
0.3031904697418213
migration  0.08222675323486328
in main 50.59851956367493
0.2594587802886963
in main 56.56117653846741
0.24222326278686523
in main 52.40149140357971
0.2899463176727295
in main 51.4285523891449
0.23942041397094727
in main 57.61665153503418
0.26232147216796875
in main 47.01080536842346
0.28621459007263184
in main 56.094517946243286
0.2836446762084961
in main 50.76436138153076
0.24761199951171875
in main 54.803932905197144
0.23775672912597656
in main 56.665934324264526
0.23565292358398438
migration  0.2431037425994873
in main 51.199827432632446
0.2385084629058838
in main 52.10787630081177
0.2395620346069336
in main 58.408366203308105
0.30030131340026855
in main 58.89927816390991
0.3108370304107666
in main 60.66037034988403
0.28330445289611816
in main 59.35848116874695
0.25087571144104004
in main 58.28791880607605
0.27315306663513184
in main 52.927117586135864
0.2451310157775879
in main 57.31016707420349
0.24114441871643066
in main 54.01676893234253
0.2689023017883301
migration  0.12287616729736328
in main 65.77441334724426
0.28774476051330566
in main 57.193193435668945
0.23762917518615723
in main 54.40047788619995
0.23714852333068848
in main 57.27868962287903
0.2399883270263672
in main 51.62571668624878
0.2409369945526123
in main 54.175557136535645
0.23767900466918945
in main 55.507466554641724
0.2379162311553955
in main 49.938403367996216
0.23857712745666504
in main 54.17189621925354
0.29703760147094727
in main 59.84643626213074
0.23649954795837402
migration  0.7154021263122559
in main 55.6426465511322
0.24394011497497559
in main 59.558669090270996
0.24202656745910645
in main 52.61536502838135
0.2432267665863037
in main 56.370094299316406
0.24925541877746582
in main 50.00582146644592
0.23854899406433105
in main 53.56153988838196
0.33896565437316895
in main 52.97135639190674
0.3346695899963379
in main 62.186347007751465
0.24529504776000977
in main 54.54821014404297
0.2369236946105957
in main 53.467390060424805
0.24167466163635254
migration  0.22696375846862793
in main 54.17696571350098
0.3181724548339844
in main 56.79936361312866
0.29576683044433594
in main 59.2000629901886
0.235856294631958
in main 61.37726712226868
0.285510778427124
in main 61.97560977935791
0.437619686126709
in main 63.84406232833862
0.24364686012268066
in main 73.25304079055786
0.24667024612426758
in main 60.08047389984131
0.24836993217468262
in main 55.25520348548889
0.24657464027404785
in main 59.85909032821655
0.2370140552520752
migration  0.2569925785064697
in main 54.13276815414429
0.23618340492248535
in main 57.73606729507446
0.2429513931274414
in main 80.75868725776672
0.2418384552001953
in main 64.04147100448608
0.27692461013793945
in main 60.48317313194275
0.24550843238830566
in main 64.56431889533997
0.27057337760925293
in main 60.42161726951599
0.24686241149902344
in main 72.13849401473999
0.2505464553833008
in main 58.240567445755005
0.24435734748840332
in main 59.3215057849884
0.3207218647003174
migration  0.19097232818603516
in main 65.62459802627563
0.35953307151794434
in main 70.32734680175781
0.2747325897216797
in main 68.10788917541504
0.24648261070251465
in main 56.11849284172058
0.23708558082580566
in main 60.78038954734802
0.23671460151672363
in main 78.94429612159729
0.24860095977783203
in main 71.67295265197754
0.2440636157989502
in main 60.36832642555237
0.237687349319458
in main 73.43050861358643
0.24937748908996582
in main 56.92508029937744
0.24469923973083496
migration  0.4800684452056885
in main 57.91074776649475
0.23802423477172852
in main 57.531492471694946
0.24107789993286133
in main 60.46387434005737
0.24131107330322266
in main 62.87952637672424
0.24885869026184082
in main 58.86954736709595
0.24821829795837402
in main 60.09817099571228
0.24281883239746094
in main 62.356202602386475
0.24161076545715332
in main 62.09062695503235
0.23734545707702637
in main 57.51908802986145
0.2345421314239502
in main 62.794588804244995
0.06987833976745605
0.2400968074798584
migration  0.08536815643310547
in main 42.63731074333191
0.2504301071166992
in main 44.073363065719604
0.33120107650756836
in main 48.58442687988281
0.27245140075683594
in main 48.72528338432312
0.2541050910949707
in main 61.82166004180908
0.24485564231872559
in main 53.61861991882324
0.24909400939941406
in main 70.98102307319641
0.2451162338256836
in main 79.98005294799805
0.2609364986419678
in main 80.65336775779724
0.25714612007141113
in main 71.69745588302612
0.24986624717712402
migration  0.34971141815185547
in main 70.40181398391724
0.2457411289215088
in main 73.60984086990356
0.24436640739440918
in main 68.2595112323761
0.24510788917541504
in main 76.35000705718994
0.268873929977417
in main 57.63243865966797
0.2936992645263672
in main 52.937790870666504
0.24168610572814941
in main 57.264474868774414
0.26857495307922363
in main 54.77418375015259
0.29670286178588867
in main 48.12701940536499
0.2476792335510254
in main 46.51692080497742
0.2483806610107422
migration  0.17490148544311523
in main 46.55342245101929
0.2664830684661865
in main 46.76447153091431
0.24857497215270996
in main 50.653159618377686
0.2528846263885498
in main 46.411274433135986
0.2825353145599365
in main 50.37023377418518
0.25989198684692383
in main 51.9244225025177
0.24436450004577637
in main 49.48044991493225
0.24524283409118652
in main 48.882402420043945
0.24481439590454102
in main 54.482882261276245
0.24980735778808594
in main 50.05443477630615
0.24224495887756348
migration  0.16378426551818848
in main 46.30161643028259
0.24933719635009766
in main 51.77931451797485
0.25049328804016113
in main 53.995102882385254
0.25331974029541016
in main 51.05146670341492
0.2484745979309082
in main 48.1150336265564
0.24089884757995605
in main 48.0745804309845
0.2463545799255371
in main 45.516876459121704
0.2422330379486084
in main 48.67882204055786
0.24091410636901855
in main 50.96990633010864
0.29261064529418945
in main 51.62505388259888
0.2833893299102783
migration  0.25812292098999023
in main 54.31828331947327
0.2471325397491455
in main 45.60565423965454
0.23940443992614746
in main 49.25231575965881
0.27034974098205566
in main 49.77038598060608
0.3182811737060547
in main 55.02760672569275
0.26142048835754395
in main 59.429877042770386
0.24431633949279785
in main 49.94941854476929
0.23972654342651367
in main 53.466930866241455
0.2408597469329834
in main 51.68041396141052
0.23900198936462402
in main 48.73381280899048
0.24348044395446777
migration  0.06809735298156738
in main 49.951510190963745
0.24516081809997559
in main 58.690258502960205
0.30302906036376953
in main 55.353111743927
0.23855280876159668
in main 54.783971548080444
0.2415468692779541
in main 55.45022201538086
0.24443840980529785
in main 58.246726751327515
0.3631749153137207
in main 56.27742147445679
0.2696559429168701
in main 57.839680671691895
0.24068593978881836
in main 60.76973819732666
0.2704000473022461
in main 55.72539734840393
0.311664342880249
migration  0.35632896423339844
in main 56.9834840297699
0.3515329360961914
in main 53.91573357582092
0.28318166732788086
in main 57.36001634597778
0.23864078521728516
in main 59.05748391151428
0.25049710273742676
in main 56.75967264175415
0.25112414360046387
in main 57.05551028251648
0.3105587959289551
in main 63.802053689956665
0.256633996963501
in main 53.807040214538574
0.3111085891723633
in main 55.1463565826416
0.26911091804504395
in main 58.9041473865509
0.29914140701293945
migration  0.20877432823181152
in main 59.142521142959595
0.2432725429534912
in main 56.76500153541565
0.28037476539611816
in main 65.309335231781
0.28778862953186035
in main 58.710856437683105
0.2502002716064453
in main 57.72783327102661
0.29569220542907715
in main 54.20809459686279
0.23805665969848633
in main 55.12446045875549
0.27948427200317383
in main 54.89016842842102
0.29080796241760254
in main 59.19477581977844
0.2439894676208496
in main 50.63570022583008
0.301297664642334
migration  0.3414433002471924
in main 51.04531216621399
0.26959681510925293
in main 52.0693621635437
0.2443399429321289
in main 56.93781805038452
0.24226021766662598
in main 56.086745500564575
0.25885438919067383
in main 56.3481502532959
0.25031423568725586
in main 59.01684761047363
0.23881983757019043
in main 54.01536321640015
0.23955941200256348
in main 53.16688847541809
0.27033376693725586
in main 56.97208380699158
0.24846553802490234
in main 55.903823375701904
0.23573637008666992
migration  0.13880419731140137
in main 55.30542182922363
0.23862600326538086
in main 56.85824370384216
0.23862099647521973
in main 54.70746183395386
0.23872828483581543
in main 53.63294315338135
0.244246244430542
in main 57.761826276779175
0.26736879348754883
in main 64.1971287727356
0.23847293853759766
in main 55.040106773376465
0.30451226234436035
in main 48.95300650596619
0.2384815216064453
in main 52.82445788383484
0.23702740669250488
in main 52.40839958190918
0.23690223693847656
migration  0.40158987045288086
in main 55.5513060092926
0.23722267150878906
in main 56.845308780670166
0.2385389804840088
in main 49.17853593826294
0.2387380599975586
in main 54.57567119598389
0.2499234676361084
in main 62.50651168823242
0.28076672554016113
in main 61.77223467826843
0.23682093620300293
in main 65.54722952842712
0.2381761074066162
in main 61.17170977592468
0.3527498245239258
in main 54.9687864780426
0.3377397060394287
in main 66.79496788978577
0.24893712997436523
migration  0.37860560417175293
in main 69.98437142372131
0.24024486541748047
in main 58.11816072463989
0.23528814315795898
in main 61.38207268714905
0.23636770248413086
in main 58.28943943977356
0.251800537109375
in main 62.05986499786377
0.23729395866394043
in main 59.09388566017151
0.24251317977905273
in main 56.04773283004761
0.2745194435119629
in main 62.07204723358154
0.23885750770568848
in main 54.19583868980408
0.23952031135559082
in main 56.31849026679993
0.4807400703430176
migration  0.15645074844360352
in main 51.793619871139526
0.24096107482910156
in main 63.538923263549805
0.23977398872375488
in main 55.86798071861267
0.24100518226623535
in main 54.963125467300415
0.24255895614624023
in main 58.73229908943176
0.24167704582214355
in main 59.66924214363098
0.26667118072509766
in main 60.017457723617554
0.28101181983947754
in main 58.985675573349
0.28681397438049316
in main 56.67959713935852
0.3003816604614258
in main 60.77017164230347
0.24546527862548828
migration  0.1992053985595703
in main 67.95829272270203
0.2482287883758545
in main 61.57733964920044
0.24485182762145996
in main 66.6401538848877
0.24737191200256348
in main 70.19817781448364
0.2566854953765869
in main 62.15936493873596
0.2987222671508789
in main 57.54214954376221
0.23654794692993164
in main 58.99465250968933
0.24698686599731445
in main 66.7761926651001
0.24376344680786133
in main 70.05269384384155
0.23678994178771973
in main 53.557865858078
0.23094797134399414
migration  0.41535186767578125
in main 55.45600509643555
0.2398989200592041
in main 51.13010811805725
0.23785996437072754
in main 58.442121744155884
0.23718047142028809
in main 57.999844551086426
0.23774385452270508
in main 52.738720178604126
0.23752355575561523
in main 55.79665923118591
0.24468302726745605
in main 58.025092363357544
0.23308300971984863
in main 56.03730487823486
0.26404356956481934
in main 61.638622522354126
0.22179365158081055
in main 53.63877296447754
1.085035800933838
1 , 0.5630872483221476 , 0.5632844687170643
2 , 0.4973154362416108 , 0.49861071189038997
3 , 0.49050814956855227 , 0.49209542972118425
8 , 0.48465963566634707 , 0.4874005940404331
7 , 0.485522531160115 , 0.4868257162019738
5 , 0.4862895493767977 , 0.4881670978250455
4 , 0.48744007670182166 , 0.48960429242119385
1 , 0.563183125599233 , 0.5632844687170643
2 , 0.49750719079578143 , 0.4990897767557727
3 , 0.4906999041227229 , 0.4924786816134905
9 , 0.4852348993288591 , 0.48711315512120346
8 , 0.4860019175455417 , 0.48893360160965793
6 , 0.48648130393096833 , 0.4884545367442752
4 , 0.4880153403643337 , 0.48883778863658134
5 , 0.48753595397890703 , 0.489125227555811
1 , 0.5632790028763184 , 0.5633802816901409
2 , 0.49769894534995207 , 0.4990897767557727
3 , 0.4907957813998083 , 0.4933409983711795
8 , 0.4862895493767977 , 0.4884545367442752
7 , 0.486673058485139 , 0.48970010539427034
6 , 0.48705656759348037 , 0.48874197566350486
4 , 0.48811121764141896 , 0.49027498323272967
5 , 0.4876318312559923 , 0.4892210405288876
1 , 0.5633748801534036 , 0.5632844687170643
2 , 0.49808245445829336 , 0.4999520935134617
3 , 0.49089165867689355 , 0.4924786816134905
7 , 0.48686481303930973 , 0.48883778863658134
6 , 0.48715244487056564 , 0.48970010539427034
4 , 0.48820709491850434 , 0.48960429242119385
5 , 0.48782358581016294 , 0.4893168535019642
1 , 0.5634707574304889 , 0.5633802816901409
2 , 0.498274209012464 , 0.4993772156750024
3 , 0.4909875359539789 , 0.4935326243173326
8 , 0.486960690316395 , 0.4898917313404235
6 , 0.4873441994247364 , 0.489125227555811
7 , 0.487248322147651 , 0.48941266647504067
4 , 0.488398849472675 , 0.4901791702596532
5 , 0.4879194630872483 , 0.48950847944811726
1 , 0.564046021093001 , 0.563571907636294
2 , 0.4983700862895494 , 0.49976046756730863
3 , 0.49117929050814957 , 0.4932451853981029
6 , 0.48753595397890703 , 0.48864616269042827
10 , 0.487248322147651 , 0.4890294145827345
4 , 0.48849472674976036 , 0.49037079620580626
5 , 0.4880153403643337 , 0.49056242215195933
1 , 0.5641418983700863 , 0.5636677206093705
2 , 0.49846596356663475 , 0.500526971351921
3 , 0.49127516778523495 , 0.49286193350579666
7 , 0.48753595397890703 , 0.49027498323272967
6 , 0.4879194630872483 , 0.49027498323272967
4 , 0.4885906040268456 , 0.49027498323272967
5 , 0.48820709491850434 , 0.49027498323272967
1 , 0.5642377756471717 , 0.563571907636294
2 , 0.49856184084372 , 0.5004311583788446
3 , 0.4913710450623202 , 0.49468237999425124
7 , 0.4877277085330777 , 0.48950847944811726
6 , 0.4880153403643337 , 0.4900833572865766
4 , 0.488686481303931 , 0.4906582351250359
5 , 0.4883029721955896 , 0.49037079620580626
1 , 0.564621284755513 , 0.5647216633132126
2 , 0.4986577181208054 , 0.5011018491903804
3 , 0.4914669223394056 , 0.4940116891827153
9 , 0.4877277085330777 , 0.4893168535019642
7 , 0.48782358581016294 , 0.4899875443135
6 , 0.48811121764141896 , 0.4900833572865766
4 , 0.48878235858101626 , 0.48941266647504067
5 , 0.488398849472675 , 0.48730478106735653
1 , 0.5647171620325983 , 0.5647216633132126
2 , 0.49875359539789066 , 0.5008144102711507
3 , 0.49156279961649085 , 0.49295774647887325
11 , 0.4877277085330777 , 0.48874197566350486
10 , 0.48782358581016294 , 0.4893168535019642
7 , 0.4879194630872483 , 0.49037079620580626
6 , 0.48820709491850434 , 0.4900833572865766
4 , 0.48887823585810164 , 0.4893168535019642
5 , 0.48849472674976036 , 0.4898917313404235
1 , 0.5648130393096836 , 0.5647216633132126
2 , 0.49884947267497604 , 0.4992814027019259
3 , 0.4917545541706616 , 0.4933409983711795
7 , 0.48811121764141896 , 0.49037079620580626
8 , 0.4880153403643337 , 0.49027498323272967
6 , 0.4883029721955896 , 0.49037079620580626
4 , 0.4889741131351869 , 0.4923828686404139
5 , 0.488686481303931 , 0.490849861071189
1 , 0.5649089165867689 , 0.5647216633132126
2 , 0.4989453499520614 , 0.501197662163457
3 , 0.49185043144774687 , 0.4940116891827153
7 , 0.48820709491850434 , 0.490849861071189
8 , 0.48811121764141896 , 0.48941266647504067
10 , 0.4880153403643337 , 0.48893360160965793
6 , 0.488398849472675 , 0.490849861071189
4 , 0.4890699904122723 , 0.49219124269426084
5 , 0.48878235858101626 , 0.4910414870173422
1 , 0.5654841802492809 , 0.5650091022324423
11 , 0.4880153403643337 , 0.49219124269426084
3 , 0.49194630872483225 , 0.493436811344256
4 , 0.48916586768935766 , 0.49037079620580626
5 , 0.48887823585810164 , 0.4899875443135
6 , 0.48849472674976036 , 0.48883778863658134
7 , 0.4883029721955896 , 0.48893360160965793
finish training at: 9096.462386131287
