read data finish
{'S': 0, 'P': 1, 'D': 2, 'R': 3, 'H': 4}
{'migration': 'ring', 'objective': 'nsga-ii', 'data_division': 'NO', 'train-data': 'gesture.csv', 'test-data': None, 'evaluation_num': 10000000000.0, 'core_num': 12, 'init': None, 'init_N_pop': 100, 'stop_generation': 150, 'N_pop': 100, 'weight-vector': (-1, 1), 'P_M': 0.1, 'P_m': 0.1, 'lnum': 5, 'P_dc': 0.8, 'N_rule': 10, 'delimiter': ',', 'mode': '5CV', 'migration_fre': 10, 'migration_num': 3, 'copy_migration': True}
0.10100221633911133
0.2209172248840332
migration  0.021175146102905273
in main 15.523523807525635
0.3114962577819824
in main 14.027978897094727
0.2843003273010254
in main 13.991455078125
0.23318719863891602
in main 12.727002382278442
0.2326045036315918
in main 11.721232891082764
0.23343253135681152
in main 11.318268299102783
0.23550701141357422
in main 11.514995574951172
0.2460172176361084
in main 11.271739482879639
0.23297643661499023
in main 11.578074216842651
0.2327115535736084
in main 10.464417695999146
0.23279213905334473
migration  0.053719282150268555
in main 11.712848424911499
0.23447895050048828
in main 13.395257949829102
0.23631954193115234
in main 11.487160444259644
0.23397254943847656
in main 11.89219880104065
0.2370450496673584
in main 11.514171123504639
0.23568415641784668
in main 11.340437412261963
0.23619532585144043
in main 11.452548742294312
0.23627424240112305
in main 11.285796403884888
0.24026846885681152
in main 11.171472549438477
0.2346639633178711
in main 11.638089179992676
0.23604249954223633
migration  0.013847112655639648
in main 10.77352499961853
0.2325289249420166
in main 10.72069239616394
0.23655056953430176
in main 10.686176061630249
0.23503923416137695
in main 11.082749128341675
0.2375500202178955
in main 10.721734762191772
0.23450970649719238
in main 10.957911252975464
0.23252105712890625
in main 11.528642892837524
0.23354125022888184
in main 10.747514963150024
0.23331737518310547
in main 10.938570261001587
0.2343885898590088
in main 10.352831840515137
0.23363757133483887
migration  0.05181074142456055
in main 11.128013372421265
0.2331688404083252
in main 10.648011207580566
0.23363018035888672
in main 9.783535242080688
0.23209595680236816
in main 10.510025024414062
0.23269987106323242
in main 10.827248573303223
0.23078083992004395
in main 11.343127012252808
0.23567605018615723
in main 10.701237440109253
0.23475360870361328
in main 10.860877990722656
0.2355661392211914
in main 10.795337200164795
0.23494267463684082
in main 11.729602813720703
0.23285245895385742
migration  0.02195143699645996
in main 10.094465970993042
0.2338402271270752
in main 10.881985664367676
0.2326951026916504
in main 10.596088409423828
0.23490238189697266
in main 11.15542459487915
0.23438525199890137
in main 10.67111325263977
0.23187541961669922
in main 10.693840265274048
0.24267244338989258
in main 11.677408695220947
0.2347712516784668
in main 10.061199426651001
0.234466552734375
in main 10.675514221191406
0.23125243186950684
in main 10.8890700340271
0.23480486869812012
migration  0.013405084609985352
in main 9.92531442642212
0.2510085105895996
in main 11.640648126602173
0.2327442169189453
in main 10.649593830108643
0.23465394973754883
in main 9.934836149215698
0.23563146591186523
in main 11.162909746170044
0.23360347747802734
in main 10.096421480178833
0.23492884635925293
in main 11.008288145065308
0.23477458953857422
in main 9.983449697494507
0.23515820503234863
in main 10.566572666168213
0.23384308815002441
in main 9.986425161361694
0.2360668182373047
migration  0.04363870620727539
in main 10.525357007980347
0.23657441139221191
in main 10.40447187423706
0.3147397041320801
in main 10.845293998718262
0.2763679027557373
in main 12.09517788887024
0.3161635398864746
in main 12.56136703491211
0.30034327507019043
in main 12.051861763000488
0.23594379425048828
in main 11.4380784034729
0.32654619216918945
in main 11.885583639144897
0.3192577362060547
in main 10.635585069656372
0.2315230369567871
in main 11.266165018081665
0.23248672485351562
migration  0.01648688316345215
in main 10.159974098205566
0.2339010238647461
in main 11.354315996170044
0.23192811012268066
in main 12.220449924468994
0.23388171195983887
in main 12.986018419265747
0.321056604385376
in main 12.015328884124756
0.23520827293395996
in main 11.801345348358154
0.23576903343200684
in main 11.232239484786987
0.23537540435791016
in main 13.023405313491821
0.30273914337158203
in main 13.249682903289795
0.23856306076049805
in main 11.328892946243286
0.23434066772460938
migration  0.034975528717041016
in main 10.460251331329346
0.23596858978271484
in main 12.577077865600586
0.23485445976257324
in main 13.202080488204956
0.26395106315612793
in main 10.785986423492432
0.2725870609283447
in main 14.87185525894165
0.23264408111572266
in main 12.10850715637207
0.23633050918579102
in main 11.052968502044678
0.23798274993896484
in main 11.282496690750122
0.23625469207763672
in main 11.532252788543701
0.2343580722808838
in main 10.34092378616333
0.2333354949951172
migration  0.012819766998291016
in main 11.903348207473755
0.2361154556274414
in main 11.349128007888794
0.2660040855407715
in main 10.588246583938599
0.3117654323577881
in main 13.262111186981201
0.23114299774169922
in main 12.302900075912476
0.3051900863647461
in main 13.071285486221313
0.30161190032958984
in main 12.066410541534424
0.2358992099761963
in main 11.235307931900024
0.2725541591644287
in main 13.025054931640625
0.2338104248046875
in main 13.436389923095703
0.26545023918151855
migration  0.04545855522155762
in main 12.527153968811035
0.31801509857177734
in main 12.191500663757324
0.34506869316101074
in main 13.461644172668457
0.31618380546569824
in main 13.36622953414917
0.37197184562683105
in main 12.627675533294678
0.3138997554779053
in main 12.923583507537842
0.33529233932495117
in main 14.531003713607788
0.2367856502532959
in main 10.722903490066528
0.2731931209564209
in main 12.179705142974854
0.23432540893554688
in main 11.520546197891235
0.23671555519104004
migration  0.016556978225708008
in main 9.981764793395996
0.3555028438568115
in main 10.755688667297363
0.23693251609802246
in main 12.13043999671936
0.285414457321167
in main 11.406834125518799
0.2340867519378662
in main 11.723724603652954
0.2371678352355957
in main 10.389394760131836
0.2369849681854248
in main 9.948609113693237
0.23527312278747559
in main 10.515491962432861
0.2378404140472412
in main 10.819566249847412
0.2336275577545166
in main 10.692401647567749
0.23365092277526855
migration  0.014853239059448242
in main 10.391347885131836
0.23381853103637695
in main 12.25269079208374
0.23487114906311035
in main 10.949975967407227
0.23604083061218262
in main 10.402429580688477
0.2368931770324707
in main 12.178863525390625
0.2355358600616455
in main 10.756796598434448
0.23713994026184082
in main 11.425739765167236
0.23581147193908691
in main 10.717982769012451
0.2317214012145996
in main 11.308899879455566
0.2344357967376709
in main 11.45795226097107
0.23439788818359375
migration  0.017518281936645508
in main 11.322950601577759
0.23484206199645996
in main 12.197139978408813
0.2326648235321045
in main 12.10653018951416
0.23728108406066895
in main 12.061730861663818
0.23627257347106934
in main 11.901530027389526
0.23389124870300293
in main 11.617204189300537
0.23264360427856445
in main 10.493016719818115
0.23625445365905762
in main 11.276027917861938
0.2333238124847412
in main 10.81721544265747
0.23404407501220703
in main 11.336109399795532
0.2749366760253906
migration  0.04121828079223633
in main 12.83322286605835
0.23544883728027344
in main 11.520706415176392
0.23559832572937012
in main 10.708042860031128
0.23294639587402344
in main 9.854633808135986
0.2641170024871826
in main 13.006861209869385
0.23471713066101074
in main 11.001675844192505
0.23711800575256348
in main 10.505837440490723
0.23491978645324707
in main 11.925489664077759
0.23284506797790527
in main 11.618629932403564
0.23333024978637695
in main 11.408504009246826
0.057637929916381836
0.2516145706176758
migration  0.02003312110900879
in main 12.719636678695679
0.23629999160766602
in main 13.649922370910645
0.23469185829162598
in main 13.019606113433838
0.30628347396850586
in main 12.81599235534668
0.2768220901489258
in main 13.785240888595581
0.23711562156677246
in main 13.230448246002197
0.2321321964263916
in main 12.822091341018677
0.22879433631896973
in main 11.13953447341919
0.23183608055114746
in main 10.650341749191284
0.23284435272216797
in main 10.45419716835022
0.2318582534790039
migration  0.01833319664001465
in main 11.47504997253418
0.24206972122192383
in main 12.272966623306274
0.2325267791748047
in main 11.376892328262329
0.2321453094482422
in main 10.730412006378174
0.2328629493713379
in main 10.956382274627686
0.2327725887298584
in main 10.113121271133423
0.23090696334838867
in main 11.40772557258606
0.23598980903625488
in main 11.229509830474854
0.23164844512939453
in main 10.843275785446167
0.23238158226013184
in main 12.031892776489258
0.23011326789855957
migration  0.020900249481201172
in main 13.110575675964355
0.24559497833251953
in main 12.4148850440979
0.3454458713531494
in main 13.482930183410645
0.23389434814453125
in main 13.45310115814209
0.32924962043762207
in main 13.48003363609314
0.2920200824737549
in main 13.672781467437744
0.31294822692871094
in main 12.863774061203003
0.3283371925354004
in main 12.879969835281372
0.23036479949951172
in main 11.779324293136597
0.2317197322845459
in main 11.011197090148926
0.23294496536254883
migration  0.025359153747558594
in main 11.21393370628357
0.23371577262878418
in main 11.702980041503906
0.3009347915649414
in main 11.326668977737427
0.2314903736114502
in main 12.267778158187866
0.23096799850463867
in main 12.967324256896973
0.34103894233703613
in main 13.987565755844116
0.2531003952026367
in main 12.909728765487671
0.30056047439575195
in main 14.207819700241089
0.32617902755737305
in main 12.046463251113892
0.23348617553710938
in main 12.750627994537354
0.3030667304992676
migration  0.01725602149963379
in main 11.855591535568237
0.23251843452453613
in main 11.680084943771362
0.29409074783325195
in main 12.292491436004639
0.24242067337036133
in main 12.175349712371826
0.23418378829956055
in main 12.609472274780273
0.28659558296203613
in main 12.358973503112793
0.3472151756286621
in main 13.9275062084198
0.26160192489624023
in main 11.793320655822754
0.23399710655212402
in main 12.431472301483154
0.46087121963500977
in main 13.301981210708618
0.2554047107696533
migration  0.030820131301879883
in main 15.131642818450928
0.2332158088684082
in main 12.394307374954224
0.23072361946105957
in main 11.637091636657715
0.3464162349700928
in main 12.11619758605957
0.3010890483856201
in main 11.603854179382324
0.3141143321990967
in main 11.689648866653442
0.33426403999328613
in main 12.62378454208374
0.2446916103363037
in main 11.780815601348877
0.23383808135986328
in main 12.47032880783081
0.2866072654724121
in main 12.809251070022583
0.2843506336212158
migration  0.00985097885131836
in main 13.100292444229126
0.23178672790527344
in main 11.72670841217041
0.2381749153137207
in main 10.716148138046265
0.23389911651611328
in main 11.325737714767456
0.23198795318603516
in main 11.27405595779419
0.23495864868164062
in main 11.347388744354248
0.2326979637145996
in main 10.039256811141968
0.233842134475708
in main 11.02638554573059
0.23523736000061035
in main 10.631425380706787
0.23362374305725098
in main 11.701610803604126
0.2977323532104492
migration  0.030174732208251953
in main 10.729166030883789
0.23470187187194824
in main 11.547557830810547
0.30118274688720703
in main 11.123440742492676
0.23386168479919434
in main 10.960233211517334
0.23630475997924805
in main 10.960340738296509
0.2842111587524414
in main 11.971583127975464
0.23456597328186035
in main 10.32360053062439
0.23477864265441895
in main 9.850953340530396
0.23379206657409668
in main 9.861326217651367
0.2338848114013672
in main 10.291399478912354
0.2980172634124756
migration  0.019769668579101562
in main 10.66305923461914
0.23497962951660156
in main 12.136156558990479
0.3323476314544678
in main 11.046052694320679
0.25428271293640137
in main 11.297160148620605
0.29220080375671387
in main 11.236230611801147
0.23180174827575684
in main 11.821186065673828
0.23330163955688477
in main 10.568836212158203
0.2337322235107422
in main 11.3669273853302
0.23497486114501953
in main 11.79334831237793
0.2331104278564453
in main 10.846429586410522
0.23562955856323242
migration  0.019669055938720703
in main 10.87295150756836
0.23367524147033691
in main 10.755786418914795
0.23098087310791016
in main 10.303667783737183
0.23058509826660156
in main 9.995037317276001
0.23552799224853516
in main 10.552043199539185
0.23451828956604004
in main 10.379049062728882
0.23202753067016602
in main 10.406179428100586
0.23521685600280762
in main 11.115888833999634
0.2331550121307373
in main 10.91278076171875
0.23488974571228027
in main 12.131788730621338
0.3169987201690674
migration  0.05816483497619629
in main 12.910215377807617
0.23303842544555664
in main 10.910633087158203
0.2399122714996338
in main 12.018424987792969
0.23375821113586426
in main 11.916504383087158
0.2324671745300293
in main 10.936427354812622
0.37042236328125
in main 11.004652738571167
0.23391056060791016
in main 10.322125911712646
0.23419952392578125
in main 11.691638946533203
0.23215055465698242
in main 10.616336107254028
0.23490667343139648
in main 13.123968601226807
0.2304518222808838
migration  0.027764081954956055
in main 10.39953875541687
0.24604177474975586
in main 12.57858681678772
0.3027830123901367
in main 11.762138843536377
0.23378849029541016
in main 12.898207902908325
0.23021245002746582
in main 10.817209005355835
0.23209667205810547
in main 10.68659496307373
0.2646641731262207
in main 11.321348428726196
0.24358844757080078
in main 11.938780546188354
0.31383705139160156
in main 12.683506965637207
0.30275678634643555
in main 12.32052493095398
0.23674225807189941
migration  0.016281604766845703
in main 11.141981363296509
0.25066161155700684
in main 12.043077230453491
0.3251166343688965
in main 12.87474775314331
0.3329644203186035
in main 14.240839958190918
0.346235990524292
in main 12.578952312469482
0.2843329906463623
in main 13.302232027053833
0.2559354305267334
in main 12.523303985595703
0.2853853702545166
in main 12.100003957748413
0.3242793083190918
in main 12.769973993301392
0.2316913604736328
in main 12.346209049224854
0.2387704849243164
migration  0.04328608512878418
in main 11.840846538543701
0.23319411277770996
in main 10.589867353439331
0.23398900032043457
in main 9.82637882232666
0.23470401763916016
in main 9.919661283493042
0.2329578399658203
in main 10.80324101448059
0.23331665992736816
in main 10.097687482833862
0.23348236083984375
in main 10.694885492324829
0.23348736763000488
in main 9.9821937084198
0.23330259323120117
in main 11.494316101074219
0.23456597328186035
in main 10.876577854156494
0.23523354530334473
migration  0.0233762264251709
in main 10.688753366470337
0.23357272148132324
in main 9.948641538619995
0.23370718955993652
in main 10.259031057357788
0.23839187622070312
in main 11.588772058486938
0.23637700080871582
in main 10.322795391082764
0.23665165901184082
in main 10.62268352508545
0.23467350006103516
in main 11.307648658752441
0.2358391284942627
in main 10.8022301197052
0.23735427856445312
in main 10.95479702949524
0.23296260833740234
in main 10.636359214782715
0.055993080139160156
0.21925711631774902
migration  0.0005309581756591797
in main 11.71047329902649
0.2664337158203125
in main 11.2335364818573
0.2375943660736084
in main 11.802969932556152
0.23516297340393066
in main 12.546483039855957
0.23560476303100586
in main 10.467309951782227
0.23488616943359375
in main 9.475098133087158
0.23614192008972168
in main 10.663406610488892
0.23348355293273926
in main 12.48894190788269
0.233856201171875
in main 10.10705852508545
0.23772859573364258
in main 11.638374328613281
0.2346651554107666
migration  0.030936241149902344
in main 9.798071146011353
0.23279523849487305
in main 11.767359972000122
0.23450922966003418
in main 10.472307682037354
0.23218274116516113
in main 12.691300868988037
0.3413083553314209
in main 11.214355945587158
0.23088431358337402
in main 12.281054258346558
0.2342543601989746
in main 11.031147480010986
0.23361730575561523
in main 11.390461206436157
0.36522364616394043
in main 12.671145677566528
0.32244324684143066
in main 12.23912239074707
0.2337048053741455
migration  0.02574777603149414
in main 11.891360759735107
0.31577372550964355
in main 12.700119018554688
0.23346924781799316
in main 11.781231880187988
0.23766231536865234
in main 11.558833122253418
0.23493695259094238
in main 10.364630222320557
0.2390432357788086
in main 10.580074548721313
0.23916339874267578
in main 10.559502840042114
0.2404341697692871
in main 10.258979558944702
0.24001526832580566
in main 11.86848497390747
0.239152193069458
in main 12.130473613739014
0.2724418640136719
migration  0.021717071533203125
in main 11.400564193725586
0.23729419708251953
in main 13.12461543083191
0.23298072814941406
in main 10.715871810913086
0.24837160110473633
in main 10.861229419708252
0.2312147617340088
in main 10.632355451583862
0.3260009288787842
in main 13.19384217262268
0.3180882930755615
in main 13.198515176773071
0.2320084571838379
in main 14.11200499534607
0.39037656784057617
in main 11.339364767074585
0.2873423099517822
in main 13.015995979309082
0.3608889579772949
migration  0.016142845153808594
in main 11.970359802246094
0.3149592876434326
in main 11.593900680541992
0.24722552299499512
in main 12.911817789077759
0.23441076278686523
in main 12.1845064163208
0.24603915214538574
in main 12.312979459762573
0.2314915657043457
in main 12.4690523147583
0.24309921264648438
in main 12.145993709564209
0.32341980934143066
in main 13.451743602752686
0.36551880836486816
in main 12.10760235786438
0.23039960861206055
in main 11.248305559158325
0.23500633239746094
migration  0.015169143676757812
in main 11.225350856781006
0.2999706268310547
in main 11.950757503509521
0.23397421836853027
in main 10.36074948310852
0.23548173904418945
in main 10.487610578536987
0.3421344757080078
in main 11.294599533081055
0.23522305488586426
in main 12.991064548492432
0.23549509048461914
in main 13.365118026733398
0.35408759117126465
in main 13.61787748336792
0.23343586921691895
in main 12.982117891311646
0.2516062259674072
in main 12.379354476928711
0.29995203018188477
migration  0.05997753143310547
in main 11.579498767852783
0.24244976043701172
in main 12.282859325408936
0.23499464988708496
in main 9.81296157836914
0.23232698440551758
in main 10.878681182861328
0.2425856590270996
in main 12.529282093048096
0.23072481155395508
in main 11.6757652759552
0.32125306129455566
in main 12.752928256988525
0.28731751441955566
in main 13.392790079116821
0.314594030380249
in main 13.350016117095947
0.2820136547088623
in main 11.240160465240479
0.23663926124572754
migration  0.014809370040893555
in main 12.799027681350708
0.3021087646484375
in main 11.840067148208618
0.23480963706970215
in main 11.081359624862671
0.23657965660095215
in main 10.242494583129883
0.23535418510437012
in main 10.825736999511719
0.23521924018859863
in main 10.529540300369263
0.23541522026062012
in main 11.007764339447021
0.30318284034729004
in main 10.859442234039307
0.25746679306030273
in main 12.730327367782593
0.23421645164489746
in main 12.542685270309448
0.296398401260376
migration  0.04883861541748047
in main 12.611324310302734
0.23282480239868164
in main 12.492864847183228
0.22737598419189453
in main 13.089348793029785
0.32070302963256836
in main 11.58502459526062
0.29842352867126465
in main 11.34181809425354
0.3024327754974365
in main 11.02999234199524
0.30042290687561035
in main 11.697709560394287
0.3030683994293213
in main 10.884753704071045
0.30321502685546875
in main 12.84891390800476
0.23236393928527832
in main 12.060167789459229
0.23427724838256836
migration  0.020012378692626953
in main 11.099541902542114
0.234633207321167
in main 11.734041452407837
0.23409056663513184
in main 10.863409757614136
0.2338883876800537
in main 11.380806684494019
0.25431013107299805
in main 10.830562591552734
0.23340058326721191
in main 11.449286222457886
0.2294604778289795
in main 11.268336296081543
0.23007869720458984
in main 10.45546269416809
0.23216819763183594
in main 10.575464725494385
0.23053407669067383
in main 10.12804102897644
0.23397421836853027
migration  0.01659083366394043
in main 10.895045042037964
0.2361006736755371
in main 11.979349374771118
0.2352309226989746
in main 11.329972982406616
0.23411798477172852
in main 10.726516962051392
0.23296213150024414
in main 11.612510919570923
0.35457324981689453
in main 12.740581512451172
0.2847156524658203
in main 14.606615781784058
0.25571203231811523
in main 13.023805618286133
0.23434233665466309
in main 12.494617223739624
0.2353343963623047
in main 12.063435792922974
0.24714016914367676
migration  0.013875722885131836
in main 12.205386877059937
0.2752542495727539
in main 13.280459880828857
0.2946434020996094
in main 13.59243392944336
0.3042609691619873
in main 12.911047458648682
0.29668760299682617
in main 12.768179178237915
0.30060768127441406
in main 11.520554780960083
0.3005497455596924
in main 13.423537492752075
0.2969381809234619
in main 12.607684135437012
0.29708409309387207
in main 10.957236528396606
0.2944676876068115
in main 11.373523235321045
0.2985830307006836
migration  0.01831650733947754
in main 10.94070053100586
0.23084425926208496
in main 10.954288244247437
0.23392152786254883
in main 11.258448600769043
0.23197221755981445
in main 11.028215169906616
0.23131346702575684
in main 11.36264443397522
0.23267436027526855
in main 10.634360551834106
0.23276758193969727
in main 10.940933465957642
0.233140230178833
in main 11.031532049179077
0.2320544719696045
in main 10.891710996627808
0.23280811309814453
in main 11.041982889175415
0.23087739944458008
migration  0.04127931594848633
in main 10.881225347518921
0.29770517349243164
in main 12.984745025634766
0.34205079078674316
in main 13.81536602973938
0.2348623275756836
in main 14.191129446029663
0.23140645027160645
in main 14.277680158615112
0.22972941398620605
in main 11.720537424087524
0.23496651649475098
in main 10.885327577590942
0.2314620018005371
in main 11.26287841796875
0.23552989959716797
in main 10.953856468200684
0.23558783531188965
in main 11.575733423233032
0.23459124565124512
migration  0.018013715744018555
in main 11.044594049453735
0.2329404354095459
in main 10.358116865158081
0.23713469505310059
in main 10.710811138153076
0.23894071578979492
in main 11.274041891098022
0.2365097999572754
in main 11.756357669830322
0.31473875045776367
in main 12.938223123550415
0.23376035690307617
in main 12.611235618591309
0.235198974609375
in main 10.35567045211792
0.23311066627502441
in main 11.427372932434082
0.2340397834777832
in main 10.896386623382568
0.05698227882385254
0.22040843963623047
migration  0.0055239200592041016
in main 12.509088039398193
0.23234009742736816
in main 10.957532405853271
0.2359921932220459
in main 12.080947160720825
0.23434734344482422
in main 11.554943323135376
0.23529386520385742
in main 11.232738733291626
0.23488950729370117
in main 10.39609980583191
0.2353043556213379
in main 10.728870868682861
0.2355508804321289
in main 10.513988971710205
0.23349499702453613
in main 10.414199829101562
0.23664522171020508
in main 10.886727333068848
0.2372448444366455
migration  0.03494739532470703
in main 10.377896070480347
0.23055577278137207
in main 10.946997165679932
0.23250246047973633
in main 10.705944538116455
0.2293703556060791
in main 10.411133527755737
0.2317805290222168
in main 11.233733415603638
0.26984262466430664
in main 12.646199703216553
0.2544586658477783
in main 13.550629138946533
0.3011515140533447
in main 10.83473539352417
0.23648905754089355
in main 12.23824667930603
0.3083195686340332
in main 10.894195556640625
0.2300434112548828
migration  0.025358915328979492
in main 10.787867307662964
0.40766334533691406
in main 10.946072816848755
0.23432326316833496
in main 12.002116203308105
0.2345445156097412
in main 12.916366815567017
0.23432540893554688
in main 13.345223665237427
0.2343909740447998
in main 11.127345323562622
0.2340099811553955
in main 11.950852394104004
0.26134371757507324
in main 11.587310314178467
0.3229944705963135
in main 12.075294971466064
0.23534703254699707
in main 10.548692464828491
0.2326030731201172
migration  0.01970696449279785
in main 10.411418676376343
0.33995652198791504
in main 13.779371976852417
0.23630237579345703
in main 12.565797805786133
0.37154555320739746
in main 12.617128372192383
0.23280048370361328
in main 12.328457593917847
0.3137843608856201
in main 11.286788940429688
0.23236703872680664
in main 11.910517930984497
0.2324812412261963
in main 12.337924003601074
0.239243745803833
in main 10.915127277374268
0.2342360019683838
in main 11.380042314529419
0.23356938362121582
migration  0.030285120010375977
in main 13.68897533416748
0.2927260398864746
in main 13.309950113296509
0.23218321800231934
in main 11.029410362243652
0.32320547103881836
in main 12.470837831497192
0.3241596221923828
in main 13.778509378433228
0.28157830238342285
in main 12.435397386550903
0.3503258228302002
in main 11.29707932472229
0.23800253868103027
in main 11.606454372406006
0.2767519950866699
in main 12.971147775650024
0.304506778717041
in main 13.30685806274414
0.23445725440979004
migration  0.012367963790893555
in main 11.776166915893555
0.2749180793762207
in main 13.580451250076294
0.2867734432220459
in main 12.165430545806885
0.2329268455505371
in main 12.534833192825317
0.2345261573791504
in main 13.004560470581055
0.23623371124267578
in main 10.621405601501465
0.2351691722869873
in main 11.942773818969727
0.23590493202209473
in main 10.128021717071533
0.2347569465637207
in main 12.534546852111816
0.23199081420898438
in main 11.687663078308105
0.34531736373901367
migration  0.020209789276123047
in main 13.000185489654541
0.2807304859161377
in main 13.001306533813477
0.238844633102417
in main 10.491936206817627
0.29593539237976074
in main 11.733325242996216
0.23522448539733887
in main 12.207423686981201
0.3154757022857666
in main 12.079877853393555
0.24585318565368652
in main 11.121927738189697
0.304872989654541
in main 12.245795965194702
0.2377004623413086
in main 12.98701810836792
0.2356719970703125
in main 12.474600553512573
0.26491475105285645
migration  0.01647496223449707
in main 10.469239234924316
0.2335646152496338
in main 12.921902179718018
0.23393559455871582
in main 11.95546269416809
0.25371742248535156
in main 13.032050848007202
0.23248529434204102
in main 11.861506938934326
0.35204124450683594
in main 12.147883892059326
0.2354574203491211
in main 11.744025707244873
0.2346024513244629
in main 13.363734722137451
0.29593849182128906
in main 13.859172821044922
0.23565316200256348
in main 12.82517957687378
0.3014192581176758
migration  0.01761317253112793
in main 10.551614046096802
0.23572540283203125
in main 12.565044641494751
0.2439260482788086
in main 10.746065378189087
0.23360705375671387
in main 12.586953163146973
0.23747801780700684
in main 13.641002655029297
0.2381734848022461
in main 13.004633665084839
0.30031847953796387
in main 13.961437225341797
0.3371882438659668
in main 11.572914361953735
0.23737573623657227
in main 12.914681196212769
0.3215365409851074
in main 12.84595513343811
0.32709383964538574
migration  0.0293276309967041
in main 12.66312861442566
0.23546171188354492
in main 11.457297801971436
0.3444352149963379
in main 11.848432779312134
0.23377561569213867
in main 12.062567472457886
0.29970645904541016
in main 12.477020740509033
0.23179364204406738
in main 10.695193529129028
0.23143839836120605
in main 11.203924417495728
0.26246118545532227
in main 11.701287984848022
0.229475736618042
in main 11.234772443771362
0.28389668464660645
in main 12.20677924156189
0.23225712776184082
migration  0.030426025390625
in main 12.421957731246948
0.23119640350341797
in main 10.948784589767456
0.2338552474975586
in main 11.794954299926758
0.25456833839416504
in main 10.720135927200317
0.2325894832611084
in main 10.78787350654602
0.23337912559509277
in main 10.40468144416809
0.36202502250671387
in main 12.019694566726685
0.3115568161010742
in main 11.808380842208862
0.2304227352142334
in main 11.439333200454712
0.23531627655029297
in main 12.045649528503418
0.2929646968841553
migration  0.02002429962158203
in main 13.186885118484497
0.2336559295654297
in main 10.882264375686646
0.2338123321533203
in main 10.973922491073608
0.2327120304107666
in main 11.764801263809204
0.2919600009918213
in main 13.071125030517578
0.2334587574005127
in main 13.112268924713135
0.3230314254760742
in main 12.34790563583374
0.25456905364990234
in main 13.204602003097534
0.23357319831848145
in main 11.446309804916382
0.23314952850341797
in main 12.530052900314331
0.23403263092041016
migration  0.027136802673339844
in main 10.498397827148438
0.30440235137939453
in main 12.787253856658936
0.23390960693359375
in main 10.351046323776245
0.23444747924804688
in main 10.283222913742065
0.23539447784423828
in main 10.136728525161743
0.23467731475830078
in main 9.650480270385742
0.23498868942260742
in main 10.2826988697052
0.2963857650756836
in main 11.05648422241211
0.23652887344360352
in main 11.071131944656372
0.23549580574035645
in main 9.797884702682495
0.23501348495483398
migration  0.01555180549621582
in main 10.444128036499023
0.326763391494751
in main 13.242209911346436
0.3023381233215332
in main 13.410123109817505
0.2343764305114746
in main 11.554169178009033
0.23566436767578125
in main 10.629078388214111
0.23554778099060059
in main 10.016733407974243
0.23294377326965332
in main 10.42295503616333
0.2361593246459961
in main 10.840216398239136
0.23493099212646484
in main 9.781311750411987
0.2314913272857666
in main 10.628010988235474
0.23541998863220215
migration  0.012590408325195312
in main 11.041535139083862
0.3026435375213623
in main 12.471926927566528
0.2717247009277344
in main 12.443772077560425
0.2824554443359375
in main 12.868886709213257
0.23579192161560059
in main 11.995967864990234
0.28502488136291504
in main 12.69931697845459
0.23177838325500488
in main 10.890663862228394
0.23620247840881348
in main 10.796969652175903
0.23462510108947754
in main 10.007739782333374
0.23500919342041016
in main 10.844461441040039
0.07299017906188965
0.2843625545501709
migration  0.0005476474761962891
in main 11.67920732498169
0.3003420829772949
in main 12.07930302619934
0.30311036109924316
in main 12.031634092330933
0.3004286289215088
in main 11.062483787536621
0.2979722023010254
in main 11.353979587554932
0.30107593536376953
in main 11.844613790512085
0.30135440826416016
in main 11.297277212142944
0.2987947463989258
in main 12.494311809539795
0.30353665351867676
in main 11.88420057296753
0.2996494770050049
in main 12.142049074172974
0.29474902153015137
migration  0.017765522003173828
in main 13.26710295677185
0.23227906227111816
in main 13.928133487701416
0.23415088653564453
in main 11.776043176651001
0.23333096504211426
in main 12.191242694854736
0.2382364273071289
in main 10.64852786064148
0.23934674263000488
in main 12.231101274490356
0.23908114433288574
in main 11.070466041564941
0.2369537353515625
in main 10.718661546707153
0.23638200759887695
in main 12.284357070922852
0.23569679260253906
in main 11.428263664245605
0.23699188232421875
migration  0.009845972061157227
in main 11.105529546737671
0.23433232307434082
in main 12.347196102142334
0.2630038261413574
in main 12.300445318222046
0.34234166145324707
in main 15.28101134300232
0.23397374153137207
in main 13.339369773864746
0.2349390983581543
in main 13.72447156906128
0.2336714267730713
in main 12.098938703536987
0.23422479629516602
in main 11.693422555923462
0.2336721420288086
in main 11.493736743927002
0.2301030158996582
in main 11.02271580696106
0.2303452491760254
migration  0.0446169376373291
in main 12.1045982837677
0.23500657081604004
in main 12.867902040481567
0.23340702056884766
in main 13.713624477386475
0.23261594772338867
in main 11.183687686920166
0.23075318336486816
in main 11.586686372756958
0.23161649703979492
in main 12.56234359741211
0.25211167335510254
in main 13.1909761428833
0.23650312423706055
in main 12.144669771194458
0.23529267311096191
in main 12.172398805618286
0.23380661010742188
in main 11.542092323303223
0.23511552810668945
migration  0.04071044921875
in main 11.598251342773438
0.271953821182251
in main 13.74098539352417
0.30384349822998047
in main 13.333407402038574
0.2707955837249756
in main 11.871575355529785
0.2296435832977295
in main 12.409628868103027
0.2969489097595215
in main 11.574156761169434
0.2997159957885742
in main 11.301933526992798
0.29975175857543945
in main 11.165502071380615
0.23110032081604004
in main 12.18771505355835
0.2355959415435791
in main 10.662375450134277
0.23408842086791992
migration  0.015543222427368164
in main 11.093918800354004
0.23328590393066406
in main 11.629897832870483
0.2298591136932373
in main 10.471649885177612
0.23430585861206055
in main 10.774131298065186
0.23235869407653809
in main 9.705528259277344
0.2336733341217041
in main 10.747678279876709
0.2322065830230713
in main 10.366181135177612
0.23191261291503906
in main 11.098674535751343
0.23346590995788574
in main 11.256528377532959
0.229414701461792
in main 12.09131908416748
0.23722314834594727
migration  0.026540279388427734
in main 11.545179605484009
0.3023254871368408
in main 12.97544527053833
0.23433971405029297
in main 12.236806392669678
0.23677396774291992
in main 11.906177997589111
0.30320310592651367
in main 12.120848417282104
0.23982000350952148
in main 13.280879259109497
0.2341475486755371
in main 11.815078496932983
0.23725104331970215
in main 10.849699258804321
0.2371079921722412
in main 10.878409385681152
0.2362973690032959
in main 10.87930154800415
0.25469160079956055
migration  0.06604695320129395
in main 13.145912170410156
0.3682706356048584
in main 13.022241592407227
0.2355036735534668
in main 11.106608390808105
0.2871134281158447
in main 12.179314613342285
0.2338714599609375
in main 13.957344770431519
0.3204512596130371
in main 11.774019956588745
0.23394346237182617
in main 12.521858215332031
0.23473596572875977
in main 12.150439739227295
0.23276901245117188
in main 10.728434562683105
0.23302364349365234
in main 11.597166776657104
0.23472332954406738
migration  0.012412548065185547
in main 11.359335899353027
0.23572897911071777
in main 11.712506771087646
0.3037288188934326
in main 11.903581380844116
0.23224639892578125
in main 12.320271968841553
0.23167943954467773
in main 11.65987753868103
0.23174214363098145
in main 11.485190391540527
0.2346198558807373
in main 13.051600933074951
0.23163127899169922
in main 12.931787490844727
0.2349240779876709
in main 11.093458652496338
0.23321962356567383
in main 12.023194551467896
0.23252344131469727
migration  0.009278059005737305
in main 11.317713022232056
0.23642325401306152
in main 13.274325370788574
0.2342534065246582
in main 12.945056915283203
0.23546290397644043
in main 11.963235139846802
0.23362421989440918
in main 12.992496013641357
0.26486754417419434
in main 12.632993221282959
0.3355677127838135
in main 13.349194526672363
0.23788762092590332
in main 10.951932907104492
0.3257415294647217
in main 12.639900207519531
0.29246973991394043
in main 11.728519678115845
0.3033602237701416
migration  0.0237884521484375
in main 12.40887188911438
0.29489755630493164
in main 11.812826871871948
0.2607088088989258
in main 10.910637617111206
0.23248004913330078
in main 11.706711769104004
0.22975635528564453
in main 11.346414804458618
0.262209415435791
in main 11.171602010726929
0.2520484924316406
in main 11.68816089630127
0.2326655387878418
in main 12.82202959060669
0.23126745223999023
in main 10.178783416748047
0.23325204849243164
in main 9.972496747970581
0.23442912101745605
migration  0.020326614379882812
in main 10.777565956115723
0.3273279666900635
in main 13.07591700553894
0.2807738780975342
in main 11.90952730178833
0.2345283031463623
in main 12.936827659606934
0.23374414443969727
in main 10.05276894569397
0.27047061920166016
in main 12.438540935516357
0.23263907432556152
in main 10.584178686141968
0.2335681915283203
in main 10.487743139266968
0.2327897548675537
in main 10.773473501205444
0.23348569869995117
in main 10.932309865951538
0.2943990230560303
migration  0.020737409591674805
in main 12.3847975730896
0.33359837532043457
in main 13.795280933380127
0.23414301872253418
in main 12.691771030426025
0.3004648685455322
in main 11.897483825683594
0.3005213737487793
in main 11.408289432525635
0.29922008514404297
in main 10.419258832931519
0.30495381355285645
in main 10.80392336845398
0.30046701431274414
in main 11.398377895355225
0.30167436599731445
in main 11.784667730331421
0.30323123931884766
in main 10.969407320022583
0.3019263744354248
migration  0.012509346008300781
in main 10.926049709320068
0.3026766777038574
in main 10.313731908798218
0.3013925552368164
in main 12.086684465408325
0.30134105682373047
in main 11.64659309387207
0.30118346214294434
in main 11.346032619476318
0.32468390464782715
in main 10.55419135093689
0.30036187171936035
in main 10.191740989685059
0.2987649440765381
in main 11.431605339050293
0.2972691059112549
in main 11.840378284454346
0.29859089851379395
in main 10.325560569763184
0.29981184005737305
migration  0.013400793075561523
in main 10.892323017120361
0.29752564430236816
in main 12.610486268997192
0.2966928482055664
in main 10.592114925384521
0.29890990257263184
in main 11.97444200515747
0.3000621795654297
in main 10.72438383102417
0.3019092082977295
in main 11.65986704826355
0.29987406730651855
in main 11.845340013504028
0.29914307594299316
in main 11.021141767501831
0.29862403869628906
in main 11.05436086654663
0.2978227138519287
in main 12.029236793518066
0.05619335174560547
0.22140073776245117
migration  0.000530242919921875
in main 10.850960731506348
0.34319233894348145
in main 12.590360403060913
0.23338603973388672
in main 11.887139558792114
0.23092293739318848
in main 12.336754560470581
0.31078124046325684
in main 14.818097114562988
0.27280163764953613
in main 16.5891854763031
0.2837831974029541
in main 13.582639932632446
0.3116888999938965
in main 13.779305458068848
0.29016995429992676
in main 13.51190710067749
0.2313838005065918
in main 11.382912397384644
0.23407721519470215
migration  0.01777958869934082
in main 11.885486841201782
0.23232150077819824
in main 11.490483045578003
0.2342538833618164
in main 11.263261318206787
0.23269271850585938
in main 11.160432815551758
0.23464560508728027
in main 10.530728578567505
0.23495936393737793
in main 11.998910903930664
0.23200345039367676
in main 11.353594541549683
0.23487091064453125
in main 11.71631121635437
0.23460936546325684
in main 11.16434645652771
0.23663544654846191
in main 10.927672147750854
0.23675918579101562
migration  0.010071516036987305
in main 12.120473384857178
0.23169827461242676
in main 11.153539896011353
0.23302578926086426
in main 11.258493423461914
0.23294329643249512
in main 12.100635766983032
0.23347949981689453
in main 11.282026529312134
0.23557734489440918
in main 12.545036554336548
0.23447299003601074
in main 11.060877799987793
0.2354145050048828
in main 11.37528395652771
0.23650336265563965
in main 11.142460346221924
0.2353224754333496
in main 11.555867195129395
0.24695777893066406
migration  0.013375997543334961
in main 11.979976654052734
0.23363947868347168
in main 12.362375736236572
0.28484153747558594
in main 13.616330623626709
0.23626232147216797
in main 14.405002355575562
0.3014659881591797
in main 11.808454275131226
0.2951328754425049
in main 14.260250091552734
0.2446444034576416
in main 12.521776914596558
0.23579144477844238
in main 11.641398191452026
0.2536635398864746
in main 11.371767044067383
0.3254423141479492
in main 13.798747301101685
0.31609463691711426
migration  0.03490138053894043
in main 11.004013538360596
0.23747038841247559
in main 12.28304648399353
0.23531579971313477
in main 11.192572355270386
0.23273015022277832
in main 11.520113468170166
0.2321162223815918
in main 11.663709163665771
0.2336711883544922
in main 11.41694712638855
0.2325289249420166
in main 11.643383264541626
0.2328510284423828
in main 12.02352237701416
0.30208587646484375
in main 12.997403621673584
0.30274128913879395
in main 11.584466695785522
0.23497629165649414
migration  0.0224149227142334
in main 12.509321212768555
0.23100757598876953
in main 11.645197629928589
0.23300671577453613
in main 12.558274269104004
0.23520112037658691
in main 10.718361377716064
0.23403549194335938
in main 13.091892957687378
0.23368549346923828
in main 10.832809686660767
0.30387091636657715
in main 12.990179300308228
0.23368406295776367
in main 13.370304346084595
0.23605775833129883
in main 12.331106185913086
0.23568296432495117
in main 11.21699047088623
0.2830374240875244
migration  0.01606607437133789
in main 12.18492317199707
0.25334882736206055
in main 11.798567771911621
0.23534107208251953
in main 10.70961618423462
0.23539972305297852
in main 11.27358627319336
0.23657560348510742
in main 10.15810251235962
0.2353048324584961
in main 10.604715824127197
0.23607587814331055
in main 10.466885566711426
0.23795223236083984
in main 10.49814486503601
0.23380351066589355
in main 10.632229328155518
0.23413729667663574
in main 10.7639741897583
0.3429710865020752
migration  0.07804203033447266
in main 11.41470217704773
0.2335357666015625
in main 10.74645447731018
0.2348499298095703
in main 10.237870693206787
0.23400259017944336
in main 12.0712411403656
0.4253368377685547
in main 13.908689737319946
0.2341773509979248
in main 9.12929892539978
0.23377203941345215
in main 11.599753856658936
0.23665761947631836
in main 11.690108299255371
0.23326539993286133
in main 13.074138164520264
0.30045628547668457
in main 13.043392419815063
0.2334284782409668
migration  0.034110069274902344
in main 11.776633739471436
0.23403096199035645
in main 12.65503740310669
0.23179006576538086
in main 10.916664838790894
0.23387694358825684
in main 11.28858232498169
0.23627257347106934
in main 10.088764905929565
0.23462295532226562
in main 10.643782377243042
0.23415541648864746
in main 10.879271030426025
0.23203086853027344
in main 11.128092765808105
0.23430299758911133
in main 11.26482629776001
0.23264217376708984
in main 11.50400972366333
0.23656797409057617
migration  0.019548892974853516
in main 12.845337629318237
0.23372578620910645
in main 11.913631916046143
0.2327582836151123
in main 11.591902256011963
0.23702049255371094
in main 11.139264106750488
0.2352604866027832
in main 12.639170169830322
0.23649096488952637
in main 12.69423794746399
0.2337632179260254
in main 11.957197427749634
0.22920799255371094
in main 11.07096529006958
0.23627018928527832
in main 10.613640546798706
0.2384655475616455
in main 11.463241815567017
0.23505330085754395
migration  0.024222850799560547
in main 11.55716323852539
0.23399901390075684
in main 12.635441780090332
0.38326120376586914
in main 13.331812143325806
0.23336362838745117
in main 12.525976419448853
0.3458871841430664
in main 12.427998781204224
0.23717427253723145
in main 13.752077579498291
0.33599162101745605
in main 14.505668640136719
0.23769497871398926
in main 11.057148218154907
0.23668360710144043
in main 11.359942197799683
0.23576617240905762
in main 10.583479166030884
0.23609089851379395
migration  0.02055835723876953
in main 11.897217273712158
0.3237457275390625
in main 13.238954305648804
0.2957136631011963
in main 13.227909564971924
0.2844510078430176
in main 13.013355731964111
0.31486964225769043
in main 14.378536224365234
0.23257207870483398
in main 11.01999568939209
0.2348771095275879
in main 10.78890085220337
0.23404288291931152
in main 10.456621408462524
0.23606300354003906
in main 10.429107666015625
0.23546242713928223
in main 11.524382829666138
0.23345088958740234
migration  0.01999950408935547
in main 11.08613896369934
0.3152740001678467
in main 13.937474012374878
0.2624518871307373
in main 13.436989307403564
0.2320241928100586
in main 11.422635078430176
0.2344512939453125
in main 11.22419023513794
0.23241925239562988
in main 10.91953420639038
0.23610949516296387
in main 10.849303483963013
0.23320221900939941
in main 10.512699604034424
0.23501038551330566
in main 11.33530306816101
0.23531365394592285
in main 11.922353029251099
0.23244309425354004
migration  0.012765645980834961
in main 11.21825385093689
0.2334284782409668
in main 10.772737264633179
0.2355945110321045
in main 11.328602313995361
0.23478031158447266
in main 9.926353693008423
0.23780131340026855
in main 11.416089057922363
0.23367786407470703
in main 10.9259774684906
0.2611100673675537
in main 11.674062728881836
0.3230741024017334
in main 13.671250581741333
0.2341766357421875
in main 12.563986778259277
0.23304057121276855
in main 11.361298084259033
0.23358654975891113
migration  0.012028932571411133
in main 10.697975397109985
0.2334592342376709
in main 11.448672533035278
0.2332000732421875
in main 12.14052414894104
0.23641180992126465
in main 12.268805503845215
0.2345428466796875
in main 9.935807466506958
0.23630785942077637
in main 11.573869705200195
0.23543429374694824
in main 11.592581510543823
0.23578834533691406
in main 10.473546743392944
0.2354872226715088
in main 11.890820503234863
0.23448705673217773
in main 10.32191276550293
0.060056209564208984
0.21801352500915527
migration  0.0005199909210205078
in main 12.179850101470947
0.23613810539245605
in main 11.264488220214844
0.2352313995361328
in main 11.465101480484009
0.23474574089050293
in main 12.465156078338623
0.23694252967834473
in main 11.492077827453613
0.23535990715026855
in main 11.31070613861084
0.23103094100952148
in main 10.44591236114502
0.23521018028259277
in main 11.516083002090454
0.23258423805236816
in main 10.636064052581787
0.2328505516052246
in main 12.114007472991943
0.32758164405822754
migration  0.017750024795532227
in main 10.685454845428467
0.4233970642089844
in main 14.8655264377594
0.3067173957824707
in main 14.338387250900269
0.23340392112731934
in main 13.323964595794678
0.29591870307922363
in main 13.612185955047607
0.23254728317260742
in main 13.605890035629272
0.23300552368164062
in main 12.105201244354248
0.2354738712310791
in main 11.033484697341919
0.2338874340057373
in main 11.318535804748535
0.2346363067626953
in main 11.292633533477783
0.23385357856750488
migration  0.01702570915222168
in main 10.755841255187988
0.23468708992004395
in main 10.36293649673462
0.23369717597961426
in main 11.113351345062256
0.2635188102722168
in main 10.049921989440918
0.3736844062805176
in main 11.782137393951416
0.4308638572692871
in main 13.361627101898193
0.3013651371002197
in main 12.532356262207031
0.28400111198425293
in main 14.150818824768066
0.2745072841644287
in main 13.091731786727905
0.273695707321167
in main 12.65037226676941
0.2383861541748047
migration  0.009981155395507812
in main 10.683132886886597
0.2359020709991455
in main 12.034856796264648
0.23678255081176758
in main 10.382149696350098
0.2654383182525635
in main 11.981990337371826
0.2359468936920166
in main 11.317234516143799
0.28705620765686035
in main 13.427223920822144
0.37563133239746094
in main 12.09813117980957
0.3039665222167969
in main 12.027782917022705
0.23381376266479492
in main 11.655033588409424
0.23400521278381348
in main 11.756633281707764
0.23290562629699707
migration  0.014816761016845703
in main 11.029142379760742
0.3078176975250244
in main 10.163093566894531
0.2931094169616699
in main 12.185524225234985
0.22786879539489746
in main 11.984004735946655
0.2354271411895752
in main 11.202037572860718
0.23266243934631348
in main 11.183018922805786
0.23067164421081543
in main 10.821912050247192
0.24340081214904785
in main 12.483643770217896
0.23095011711120605
in main 13.180824995040894
0.232208251953125
in main 11.677478790283203
0.2349538803100586
migration  0.024819374084472656
in main 10.982722282409668
0.2342090606689453
in main 10.714060544967651
0.3315262794494629
in main 11.860453844070435
0.3027069568634033
in main 11.780386209487915
0.2961540222167969
in main 11.717909574508667
0.29883694648742676
in main 13.093957662582397
0.23366737365722656
in main 14.226951837539673
0.2318570613861084
in main 11.366821527481079
0.23526716232299805
in main 11.967063665390015
0.23658490180969238
in main 12.646631956100464
0.2324678897857666
migration  0.016196727752685547
in main 12.275169610977173
0.2982926368713379
in main 11.651486158370972
0.2850205898284912
in main 14.216845035552979
0.26289963722229004
in main 12.904457807540894
0.23313236236572266
in main 11.76118540763855
0.28493356704711914
in main 12.464936971664429
0.27284789085388184
in main 13.13472056388855
0.2318422794342041
in main 12.933189153671265
0.23285341262817383
in main 11.375473260879517
0.23373818397521973
in main 10.70833158493042
0.2357637882232666
migration  0.035284996032714844
in main 10.97342586517334
0.2840299606323242
in main 11.859593391418457
0.32995009422302246
in main 10.774828910827637
0.3151514530181885
in main 12.116401433944702
0.23227310180664062
in main 11.034602403640747
0.2349398136138916
in main 11.07020902633667
0.23199081420898438
in main 10.70252275466919
0.236708402633667
in main 10.993749856948853
0.2343120574951172
in main 10.880035638809204
0.23576688766479492
in main 10.647863388061523
0.23647212982177734
migration  0.04369306564331055
in main 11.637232542037964
0.2285606861114502
in main 10.509330749511719
0.2331068515777588
in main 10.349056720733643
0.23204350471496582
in main 10.709677934646606
0.23513579368591309
in main 10.44332480430603
0.23550629615783691
in main 11.439613342285156
0.23259305953979492
in main 13.008212566375732
0.232710599899292
in main 9.96019434928894
0.23476195335388184
in main 10.663709163665771
0.23494577407836914
in main 11.337782144546509
0.27570557594299316
migration  0.017505884170532227
in main 11.781212568283081
0.23636531829833984
in main 10.801438808441162
0.27388811111450195
in main 12.34006929397583
0.2347579002380371
in main 10.790932416915894
0.2331554889678955
in main 10.3258376121521
0.23513555526733398
in main 10.897175312042236
0.23459243774414062
in main 10.533105611801147
0.2339334487915039
in main 11.736157894134521
0.2517666816711426
in main 13.342670202255249
0.2331986427307129
in main 12.390269041061401
0.2426929473876953
migration  0.016417741775512695
in main 13.790598630905151
0.2637321949005127
in main 13.621927738189697
0.28055858612060547
in main 11.589505434036255
0.23292970657348633
in main 11.411565780639648
0.2690596580505371
in main 13.6891450881958
0.2334294319152832
in main 11.413878917694092
0.23327875137329102
in main 11.91257619857788
0.23683786392211914
in main 10.82208251953125
0.2640206813812256
in main 11.863968133926392
0.3368675708770752
in main 11.955421924591064
0.2839019298553467
migration  0.04474997520446777
in main 12.757171869277954
0.22981858253479004
in main 11.301837921142578
0.23279070854187012
in main 9.882812738418579
0.23485326766967773
in main 10.152672529220581
0.23549461364746094
in main 10.927900075912476
0.23322463035583496
in main 10.352481126785278
0.23151350021362305
in main 11.877403974533081
0.2491748332977295
in main 11.148612022399902
0.232377290725708
in main 11.791743755340576
0.2336442470550537
in main 10.675465106964111
0.2344057559967041
migration  0.008860111236572266
in main 11.074640989303589
0.23563528060913086
in main 12.016009092330933
0.2350478172302246
in main 9.635854005813599
0.2314598560333252
in main 9.859615802764893
0.23318886756896973
in main 11.018031120300293
0.23496174812316895
in main 11.135921955108643
0.3243980407714844
in main 12.958165168762207
0.3465285301208496
in main 13.636752843856812
0.323514461517334
in main 12.140272617340088
0.32489538192749023
in main 13.896340608596802
0.32294249534606934
migration  0.02044677734375
in main 15.487544059753418
0.34393954277038574
in main 13.536897659301758
0.23415136337280273
in main 13.074146270751953
0.26192784309387207
in main 12.612416744232178
0.27231812477111816
in main 11.903105020523071
0.23277640342712402
in main 12.436330795288086
0.3156719207763672
in main 12.078834772109985
0.31520819664001465
in main 14.492398738861084
0.30760931968688965
in main 12.877952337265015
0.23299503326416016
in main 13.655718088150024
0.255751371383667
migration  0.012519121170043945
in main 11.817487716674805
0.283780574798584
in main 13.685370445251465
0.25539159774780273
in main 13.347253799438477
0.23268365859985352
in main 13.889861583709717
0.3251802921295166
in main 11.060593605041504
0.2350306510925293
in main 10.669517517089844
0.23055338859558105
in main 9.927641868591309
0.2374105453491211
in main 10.813379526138306
0.2341630458831787
in main 10.926273107528687
0.23234033584594727
in main 10.180716753005981
0.06044268608093262
0.2202754020690918
migration  0.0005085468292236328
in main 11.694584131240845
0.23503923416137695
in main 13.123703002929688
0.32689642906188965
in main 13.702314138412476
0.23400592803955078
in main 10.596561193466187
0.23638343811035156
in main 11.948340892791748
0.24811005592346191
in main 11.141806602478027
0.2341616153717041
in main 11.42407774925232
0.23450684547424316
in main 11.322102308273315
0.23653864860534668
in main 10.716962099075317
0.2363576889038086
in main 11.744239807128906
0.3037409782409668
migration  0.02610468864440918
in main 12.581515550613403
0.2652289867401123
in main 13.220593214035034
0.2651505470275879
in main 12.460609436035156
0.23420357704162598
in main 10.943138360977173
0.2294919490814209
in main 12.188741683959961
0.23614168167114258
in main 10.870480298995972
0.24379730224609375
in main 11.693235158920288
0.23279523849487305
in main 14.258062362670898
0.2900059223175049
in main 13.37522029876709
0.2529771327972412
in main 14.40545129776001
0.23547816276550293
migration  0.020650386810302734
in main 12.984718561172485
0.30493998527526855
in main 14.914846181869507
0.25623321533203125
in main 13.915364265441895
0.2468852996826172
in main 10.8645658493042
0.33956241607666016
in main 11.401841878890991
0.3592338562011719
in main 13.791518926620483
0.30112719535827637
in main 13.676376342773438
0.31403231620788574
in main 12.570052862167358
0.23712635040283203
in main 13.25406002998352
0.23485875129699707
in main 12.640241622924805
0.23684072494506836
migration  0.05366635322570801
in main 12.130436658859253
0.32190799713134766
in main 10.996867656707764
0.23255610466003418
in main 13.694400072097778
0.23851704597473145
in main 12.25264024734497
0.2359912395477295
in main 11.221344709396362
0.23633670806884766
in main 10.70182466506958
0.23542547225952148
in main 10.777795553207397
0.23492836952209473
in main 10.489171743392944
0.23730778694152832
in main 12.048158407211304
0.23845171928405762
in main 11.05205249786377
0.2652280330657959
migration  0.04610323905944824
in main 14.021058320999146
0.25138330459594727
in main 11.527358293533325
0.2378840446472168
in main 10.998797416687012
0.3343024253845215
in main 11.967060565948486
0.2358384132385254
in main 12.274260997772217
0.23554611206054688
in main 11.077742338180542
0.23609328269958496
in main 10.905775547027588
0.23494911193847656
in main 11.10399341583252
0.23568058013916016
in main 11.496630191802979
0.23696684837341309
in main 11.59814190864563
0.23499250411987305
migration  0.035059213638305664
in main 10.97081446647644
0.2367403507232666
in main 12.371073961257935
0.23572683334350586
in main 10.983479022979736
0.2348792552947998
in main 12.275362491607666
0.23545455932617188
in main 11.277592658996582
0.23891448974609375
in main 11.134446859359741
0.23823213577270508
in main 11.206161499023438
0.2343895435333252
in main 10.12739086151123
0.2342817783355713
in main 11.215036630630493
0.2334578037261963
in main 9.808429956436157
0.2359614372253418
migration  0.021112918853759766
in main 11.099565505981445
0.25197815895080566
in main 12.117743968963623
0.25655508041381836
in main 11.594363927841187
0.23189592361450195
in main 11.729042053222656
0.29683589935302734
in main 12.35367202758789
0.2351517677307129
in main 11.069631099700928
0.23689031600952148
in main 11.229284048080444
0.2311389446258545
in main 12.4693603515625
0.233290433883667
in main 11.311900615692139
0.23256993293762207
in main 11.751234292984009
0.23355698585510254
migration  0.016226530075073242
in main 12.062803030014038
0.2321949005126953
in main 12.569985151290894
0.23220133781433105
in main 12.395689249038696
0.23322486877441406
in main 13.125275373458862
0.23600482940673828
in main 10.455587387084961
0.2364180088043213
in main 11.183838605880737
0.23488521575927734
in main 10.867939233779907
0.23457598686218262
in main 10.943562030792236
0.2339625358581543
in main 10.990021705627441
0.23378586769104004
in main 11.76308798789978
0.23651599884033203
migration  0.011526107788085938
in main 10.846873998641968
0.303300142288208
in main 12.752501249313354
0.2739064693450928
in main 12.826875686645508
0.25348901748657227
in main 13.639923095703125
0.23777508735656738
in main 14.376409530639648
0.2849552631378174
in main 12.0782151222229
0.23553204536437988
in main 10.659166812896729
0.36304712295532227
in main 11.74943494796753
0.3179774284362793
in main 12.392950773239136
0.23490357398986816
in main 11.355103015899658
0.23189854621887207
migration  0.021705150604248047
in main 10.554215669631958
0.33814573287963867
in main 13.059636116027832
0.33388304710388184
in main 13.303215503692627
0.30724191665649414
in main 13.473377704620361
0.2328014373779297
in main 12.904934883117676
0.23377370834350586
in main 12.094826698303223
0.23105216026306152
in main 11.507002353668213
0.23458647727966309
in main 11.754506826400757
0.2292468547821045
in main 12.206525564193726
0.23595285415649414
in main 11.338631868362427
0.23652863502502441
migration  0.014553546905517578
in main 11.157202959060669
0.27389979362487793
in main 13.42646598815918
0.2964808940887451
in main 12.665675163269043
0.2975785732269287
in main 11.737167119979858
0.2994954586029053
in main 12.18287992477417
0.2998037338256836
in main 11.037582397460938
0.2319648265838623
in main 12.090113401412964
0.23346614837646484
in main 11.280855894088745
0.23392009735107422
in main 12.180691242218018
0.23487496376037598
in main 13.099021196365356
0.3341975212097168
migration  0.03831148147583008
in main 11.285330533981323
0.3213307857513428
in main 12.88814640045166
0.23665952682495117
in main 12.796599626541138
0.31488943099975586
in main 13.759380578994751
0.35610032081604004
in main 14.142640113830566
0.2338860034942627
in main 12.877368211746216
0.2324507236480713
in main 13.880453109741211
0.2314763069152832
in main 12.222620248794556
0.23747801780700684
in main 13.28002119064331
0.23503398895263672
in main 12.36195993423462
0.2351062297821045
migration  0.03478837013244629
in main 11.939642429351807
0.23514223098754883
in main 11.373425006866455
0.23340439796447754
in main 10.426714897155762
0.2329862117767334
in main 10.164165496826172
0.23872661590576172
in main 11.393752336502075
0.23337841033935547
in main 10.366610527038574
0.37299489974975586
in main 14.688738822937012
0.3401968479156494
in main 13.780558347702026
0.2938265800476074
in main 15.188871145248413
0.23453783988952637
in main 14.31037187576294
0.23183846473693848
migration  0.029276609420776367
in main 11.653141736984253
0.23394012451171875
in main 14.231011867523193
0.23337864875793457
in main 11.613237380981445
0.23451995849609375
in main 12.560150861740112
0.23646974563598633
in main 11.303727149963379
0.23647570610046387
in main 12.261069297790527
0.2377030849456787
in main 11.439494371414185
0.23297834396362305
in main 11.565516233444214
0.2944304943084717
in main 13.233750343322754
0.23637175559997559
in main 14.734459400177002
0.24519705772399902
migration  0.04940962791442871
in main 10.801453828811646
0.27867960929870605
in main 12.561716794967651
0.23577404022216797
in main 12.072505474090576
0.23553109169006348
in main 12.571622371673584
0.23111534118652344
in main 12.598046779632568
0.23576951026916504
in main 10.838913440704346
0.2392711639404297
in main 11.096183776855469
0.2393958568572998
in main 12.445850610733032
0.23418569564819336
in main 11.708892107009888
0.23462677001953125
in main 11.442153692245483
0.060347795486450195
0.2414858341217041
migration  0.016377925872802734
in main 15.395382165908813
0.23218750953674316
in main 13.256437540054321
0.23404240608215332
in main 13.585175275802612
0.3282637596130371
in main 13.034740447998047
0.3984401226043701
in main 16.44454050064087
0.3635740280151367
in main 14.40007495880127
0.29650068283081055
in main 14.307900428771973
0.286160945892334
in main 14.895524740219116
0.29896974563598633
in main 14.624873399734497
0.3033013343811035
in main 11.214619636535645
0.23272061347961426
migration  0.05469250679016113
in main 12.707834243774414
0.23738765716552734
in main 12.47358512878418
0.40633416175842285
in main 12.800274133682251
0.3215138912200928
in main 13.042843103408813
0.23735642433166504
in main 11.421600341796875
0.23688268661499023
in main 11.417621374130249
0.2349860668182373
in main 12.648755073547363
0.3037998676300049
in main 13.619979619979858
0.2323598861694336
in main 13.659282207489014
0.23816585540771484
in main 12.196895360946655
0.23432064056396484
migration  0.03078007698059082
in main 12.213002681732178
0.23842287063598633
in main 12.334709405899048
0.2363719940185547
in main 11.725626707077026
0.23688840866088867
in main 11.162617444992065
0.23983073234558105
in main 11.238715410232544
0.23778748512268066
in main 13.072888612747192
0.3069751262664795
in main 12.789577007293701
0.3109440803527832
in main 15.48841905593872
0.3528263568878174
in main 14.01410698890686
0.241685152053833
in main 14.653066158294678
0.23776531219482422
migration  0.026537179946899414
in main 13.228810787200928
0.2928450107574463
in main 13.002528429031372
0.2659001350402832
in main 14.227895975112915
0.23567414283752441
in main 13.70365834236145
0.23551416397094727
in main 12.80719542503357
0.2384955883026123
in main 12.751904010772705
0.23805928230285645
in main 11.706688642501831
0.23828458786010742
in main 12.192278623580933
0.23895001411437988
in main 11.184099435806274
0.3493819236755371
in main 12.272811651229858
0.26780247688293457
migration  0.014211654663085938
in main 12.629517316818237
0.3249342441558838
in main 14.03292965888977
0.2857630252838135
in main 13.167325973510742
0.237318754196167
in main 13.188713550567627
0.25780439376831055
in main 12.691909313201904
0.25711631774902344
in main 13.545092821121216
0.24024176597595215
in main 12.01411509513855
0.2793872356414795
in main 13.36862564086914
0.2376868724822998
in main 12.782739400863647
0.2798950672149658
in main 13.910353422164917
0.23899102210998535
migration  0.0234220027923584
in main 12.119038343429565
0.23602867126464844
in main 10.192259788513184
0.23827385902404785
in main 10.44489049911499
0.23810958862304688
in main 10.705367088317871
0.2336430549621582
in main 12.547914028167725
0.305955171585083
in main 11.854732751846313
0.2360837459564209
in main 11.951526880264282
0.23615789413452148
in main 12.206962585449219
0.23848724365234375
in main 10.050615549087524
0.2557098865509033
in main 10.031008243560791
0.29701948165893555
migration  0.017536640167236328
in main 10.595289945602417
0.3038206100463867
in main 10.982275247573853
0.28815484046936035
in main 12.32960319519043
0.30710601806640625
in main 11.69521450996399
0.23694467544555664
in main 11.344245433807373
0.37935590744018555
in main 13.367414236068726
0.3371546268463135
in main 11.142605543136597
0.27808237075805664
in main 12.24245309829712
0.2371668815612793
in main 11.351375102996826
0.2382969856262207
in main 11.072795629501343
0.24819302558898926
migration  0.015919208526611328
in main 10.716091632843018
0.3071444034576416
in main 12.94094967842102
0.23741936683654785
in main 13.148331880569458
0.2572898864746094
in main 12.954559326171875
0.27749037742614746
in main 13.08139181137085
0.33118581771850586
in main 10.99156641960144
0.2390758991241455
in main 10.442318201065063
0.3183903694152832
in main 10.116029262542725
0.23708558082580566
in main 11.05956768989563
0.3804433345794678
in main 10.376698970794678
0.23814678192138672
migration  0.017037630081176758
in main 10.21304965019226
0.24941515922546387
in main 11.84814453125
0.23626112937927246
in main 12.390044927597046
0.23581409454345703
in main 13.75575304031372
0.30440616607666016
in main 12.43990159034729
0.3150510787963867
in main 12.243311405181885
0.23845267295837402
in main 11.352514266967773
0.23501348495483398
in main 10.235285758972168
0.2376554012298584
in main 10.24524211883545
0.27041196823120117
in main 11.970151424407959
0.24915027618408203
migration  0.029044151306152344
in main 11.291742324829102
0.23637080192565918
in main 11.684914588928223
0.24743008613586426
in main 12.03433609008789
0.31690216064453125
in main 11.575517892837524
0.23430228233337402
in main 12.178321361541748
0.23575115203857422
in main 12.57077693939209
0.2360842227935791
in main 11.621354818344116
0.23875093460083008
in main 10.547426462173462
0.2379453182220459
in main 10.66846251487732
0.25933337211608887
in main 11.495236873626709
0.2398529052734375
migration  0.015454292297363281
in main 11.29350733757019
0.23466777801513672
in main 14.150697708129883
0.2670705318450928
in main 12.39755630493164
0.23584342002868652
in main 11.74873685836792
0.32527661323547363
in main 13.605865716934204
0.23583316802978516
in main 12.428941249847412
0.23397135734558105
in main 10.094629526138306
0.2350471019744873
in main 10.21748948097229
0.23872995376586914
in main 10.594091653823853
0.23329710960388184
in main 10.925471305847168
0.23824357986450195
migration  0.02040886878967285
in main 11.134566068649292
0.24107003211975098
in main 12.06278395652771
0.23804235458374023
in main 11.12994384765625
0.2374281883239746
in main 11.827163696289062
0.23899173736572266
in main 11.072402715682983
0.2383718490600586
in main 10.307952404022217
0.23682904243469238
in main 11.091128826141357
0.23592257499694824
in main 10.510611772537231
0.23621559143066406
in main 11.489844560623169
0.23789668083190918
in main 10.521440744400024
0.23742198944091797
migration  0.016227006912231445
in main 9.833369493484497
0.23969793319702148
in main 10.582149505615234
0.23792576789855957
in main 10.824392557144165
0.23797893524169922
in main 10.697250127792358
0.2359302043914795
in main 11.636221885681152
0.2380542755126953
in main 10.576993465423584
0.23967838287353516
in main 12.51893663406372
0.2385406494140625
in main 10.516124486923218
0.23806166648864746
in main 10.968505859375
0.329089879989624
in main 13.425168514251709
0.29805970191955566
migration  0.020538806915283203
in main 13.481757164001465
0.26817822456359863
in main 14.32511043548584
0.2352581024169922
in main 13.169039249420166
0.23569679260253906
in main 10.162919521331787
0.29819178581237793
in main 10.486769199371338
0.2575719356536865
in main 14.218783378601074
0.23961210250854492
in main 13.253139972686768
0.30869030952453613
in main 11.758551836013794
0.2516663074493408
in main 13.157062292098999
0.338392972946167
in main 12.01977014541626
0.3250699043273926
migration  0.02338409423828125
in main 13.187074422836304
0.2379469871520996
in main 12.474169969558716
0.23693156242370605
in main 11.42245864868164
0.2387845516204834
in main 10.140525817871094
0.24117136001586914
in main 10.508185386657715
0.23540949821472168
in main 10.030015468597412
0.2345409393310547
in main 10.318254709243774
0.23917317390441895
in main 11.579455375671387
0.23916339874267578
in main 11.01125192642212
0.2387406826019287
in main 10.37386417388916
0.07670974731445312
0.21964406967163086
migration  0.0016965866088867188
in main 12.627938508987427
0.24636387825012207
in main 12.911722421646118
0.23417115211486816
in main 10.695867538452148
0.2338716983795166
in main 11.458543300628662
0.23387956619262695
in main 11.627800226211548
0.23537659645080566
in main 11.594033002853394
0.24017333984375
in main 11.971296310424805
0.2373497486114502
in main 11.546293258666992
0.23820877075195312
in main 11.104057550430298
0.23739051818847656
in main 11.09647536277771
0.23806142807006836
migration  0.0866696834564209
in main 12.086409568786621
0.23269081115722656
in main 11.345498323440552
0.2306363582611084
in main 9.971639394760132
0.23052072525024414
in main 11.111427068710327
0.23399925231933594
in main 11.208295822143555
0.26064395904541016
in main 12.789123058319092
0.234940767288208
in main 12.97829008102417
0.232025146484375
in main 13.910884857177734
0.2338709831237793
in main 12.973616123199463
0.3656280040740967
in main 12.565157175064087
0.34099769592285156
migration  0.016970396041870117
in main 13.2148597240448
0.2302095890045166
in main 11.606502771377563
0.2339479923248291
in main 12.452049255371094
0.23348140716552734
in main 12.832648992538452
0.23358511924743652
in main 12.706040620803833
0.23186874389648438
in main 12.808631420135498
0.23260164260864258
in main 10.785613775253296
0.23253655433654785
in main 9.631969690322876
0.23298072814941406
in main 10.965457916259766
0.30240750312805176
in main 11.829119443893433
0.2346663475036621
migration  0.012604713439941406
in main 12.299897193908691
0.22925114631652832
in main 13.008440732955933
0.22982454299926758
in main 10.683014154434204
0.231428861618042
in main 11.405096054077148
0.24995899200439453
in main 13.204169034957886
0.2994711399078369
in main 11.959265232086182
0.23189759254455566
in main 10.537508010864258
0.2375345230102539
in main 12.736217975616455
0.3137085437774658
in main 12.098029375076294
0.2342522144317627
in main 12.775336742401123
0.33614301681518555
migration  0.01361393928527832
in main 13.440064907073975
0.24412178993225098
in main 12.704102993011475
0.23313593864440918
in main 12.927321195602417
0.31688880920410156
in main 13.627933502197266
0.2365422248840332
in main 10.818304061889648
0.35604405403137207
in main 11.565650939941406
0.23906159400939941
in main 12.183195352554321
0.23459148406982422
in main 10.00813913345337
0.2362227439880371
in main 10.34518814086914
0.23526906967163086
in main 11.30842900276184
0.23523306846618652
migration  0.03171396255493164
in main 10.489875555038452
0.23515605926513672
in main 11.702143430709839
0.2348623275756836
in main 11.842944622039795
0.23550033569335938
in main 11.986104249954224
0.23541259765625
in main 14.100171566009521
0.2735254764556885
in main 14.688863515853882
0.25423717498779297
in main 13.10383677482605
0.23253917694091797
in main 12.418496131896973
0.35611629486083984
in main 12.565048694610596
0.26525092124938965
in main 13.46858263015747
0.23146486282348633
migration  0.03210568428039551
in main 11.236472368240356
0.3232600688934326
in main 13.667167901992798
0.2997779846191406
in main 11.85827898979187
0.27179861068725586
in main 12.136111736297607
0.2403249740600586
in main 11.111109495162964
0.31097984313964844
in main 12.823302745819092
0.23223280906677246
in main 12.189354181289673
0.23400259017944336
in main 12.871369123458862
0.23462152481079102
in main 11.038493156433105
0.23279142379760742
in main 11.081055164337158
0.4139077663421631
migration  0.012839555740356445
in main 13.04707384109497
0.23243427276611328
in main 13.313542127609253
0.25342535972595215
in main 10.710238218307495
0.23339581489562988
in main 14.038425922393799
0.30267810821533203
in main 12.18087887763977
0.30529260635375977
in main 11.795552492141724
0.30149054527282715
in main 11.310617208480835
0.2416841983795166
in main 11.231336116790771
0.30489540100097656
in main 12.106408596038818
0.23252248764038086
in main 12.732719421386719
0.23118233680725098
migration  0.0201416015625
in main 11.612757682800293
0.23175716400146484
in main 11.890730381011963
0.23045778274536133
in main 11.388774394989014
0.23200654983520508
in main 11.651166915893555
0.34142613410949707
in main 11.765806198120117
0.23294830322265625
in main 12.224003076553345
0.33252477645874023
in main 13.37775444984436
0.2985234260559082
in main 11.997591018676758
0.3051333427429199
in main 11.666869401931763
0.31588172912597656
in main 12.315021753311157
0.2988011837005615
migration  0.06296396255493164
in main 14.960819005966187
0.23059701919555664
in main 11.645110607147217
0.29964351654052734
in main 11.478702545166016
0.3549168109893799
in main 12.839460849761963
0.23522257804870605
in main 14.042495012283325
0.2732391357421875
in main 12.938517570495605
0.234022855758667
in main 12.457611560821533
0.23420453071594238
in main 11.845743894577026
0.23711204528808594
in main 11.368983745574951
0.2330632209777832
in main 10.920132160186768
0.23601698875427246
migration  0.016679763793945312
in main 11.499548435211182
0.23482155799865723
in main 11.673121690750122
0.32021284103393555
in main 12.221115112304688
0.23527312278747559
in main 11.888485193252563
0.23421883583068848
in main 12.150998592376709
0.2988548278808594
in main 12.194019317626953
0.29912447929382324
in main 10.287465572357178
0.3031806945800781
in main 11.461567401885986
0.3028836250305176
in main 11.945727109909058
0.30408430099487305
in main 12.602158784866333
0.30016040802001953
migration  0.014156341552734375
in main 12.732218265533447
0.23503446578979492
in main 12.788647890090942
0.23637652397155762
in main 13.420883893966675
0.23574542999267578
in main 11.440783977508545
0.29469776153564453
in main 12.30776071548462
0.23474740982055664
in main 11.726279973983765
0.23120522499084473
in main 14.301175355911255
0.3277602195739746
in main 13.02146601676941
0.30167579650878906
in main 11.5807204246521
0.29892849922180176
in main 12.410020589828491
0.2995455265045166
migration  0.06245684623718262
in main 12.43542194366455
0.3232076168060303
in main 13.509678840637207
0.2850663661956787
in main 14.74429988861084
0.23561739921569824
in main 12.261924266815186
0.23610997200012207
in main 11.085157632827759
0.2364802360534668
in main 11.626929759979248
0.2342386245727539
in main 10.77249002456665
0.23498773574829102
in main 10.569849252700806
0.2337658405303955
in main 10.461800575256348
0.23395586013793945
in main 12.261412143707275
0.23603177070617676
migration  0.021063804626464844
in main 11.71851372718811
0.2669718265533447
in main 14.73641324043274
0.2957637310028076
in main 13.661620378494263
0.2943575382232666
in main 12.792897939682007
0.26522088050842285
in main 13.20513367652893
0.2868680953979492
in main 13.759702205657959
0.23620915412902832
in main 12.773511409759521
0.23449206352233887
in main 11.074919939041138
0.23639607429504395
in main 11.339484453201294
0.2350163459777832
in main 11.304653406143188
0.23521137237548828
migration  0.04528188705444336
in main 11.3858060836792
0.23513150215148926
in main 12.433104991912842
0.23561358451843262
in main 11.064476728439331
0.23600339889526367
in main 11.17575716972351
0.23467278480529785
in main 11.952285289764404
0.23762941360473633
in main 11.665112733840942
0.24011778831481934
in main 11.439673900604248
0.23571109771728516
in main 10.673242568969727
0.23322510719299316
in main 11.288622379302979
0.2289135456085205
in main 10.914566040039062
0.08124423027038574
0.2222917079925537
migration  0.023906469345092773
in main 13.615450620651245
0.23343181610107422
in main 12.183931112289429
0.23542213439941406
in main 12.299151420593262
0.2421739101409912
in main 15.71531629562378
0.23683714866638184
in main 15.551537990570068
0.24393224716186523
in main 16.376423358917236
0.30475926399230957
in main 14.907519817352295
0.28342390060424805
in main 14.925776481628418
0.23365998268127441
in main 12.948680639266968
0.23590469360351562
in main 12.111469268798828
0.2809438705444336
migration  0.03402447700500488
in main 13.747932195663452
0.23384952545166016
in main 14.475923776626587
0.25326967239379883
in main 12.899136781692505
0.23307228088378906
in main 13.745653867721558
0.2302401065826416
in main 14.616209983825684
0.3021423816680908
in main 14.507059574127197
0.22888922691345215
in main 13.413802862167358
0.22914409637451172
in main 12.813249111175537
0.2337949275970459
in main 12.847726583480835
0.2317676544189453
in main 11.778841733932495
0.2306690216064453
migration  0.014790773391723633
in main 12.299286842346191
0.23647403717041016
in main 13.885879278182983
0.23344969749450684
in main 13.970761060714722
0.23380184173583984
in main 13.167149066925049
0.37499427795410156
in main 13.133190393447876
0.325869083404541
in main 13.293154001235962
0.29884839057922363
in main 13.30660605430603
0.3200571537017822
in main 14.172953605651855
0.2521810531616211
in main 13.719869136810303
0.23289060592651367
in main 13.45920443534851
0.30295681953430176
migration  0.03693556785583496
in main 13.198570728302002
0.2338113784790039
in main 13.075484275817871
0.31258368492126465
in main 12.800413846969604
0.23334217071533203
in main 12.68823504447937
0.31085801124572754
in main 13.467986822128296
0.2524569034576416
in main 11.90188455581665
0.3015871047973633
in main 13.0276620388031
0.33203125
in main 11.088771104812622
0.23304510116577148
in main 11.464003086090088
0.2744872570037842
in main 11.248394966125488
0.23205280303955078
migration  0.05039858818054199
in main 11.802114963531494
0.23413538932800293
in main 11.554261207580566
0.23395800590515137
in main 10.498180627822876
0.23436188697814941
in main 11.029076099395752
0.23346471786499023
in main 10.842970371246338
0.26195454597473145
in main 12.80680537223816
0.2320725917816162
in main 11.189610958099365
0.22947049140930176
in main 12.220849990844727
0.23081707954406738
in main 10.718558073043823
0.3441784381866455
in main 11.417908191680908
0.23412418365478516
migration  0.015291452407836914
in main 12.017560720443726
0.23354649543762207
in main 10.996363878250122
0.2347855567932129
in main 13.8088960647583
0.233306884765625
in main 11.239272594451904
0.23967695236206055
in main 11.306381940841675
0.23993515968322754
in main 10.754433393478394
0.2561070919036865
in main 10.823566436767578
0.2353193759918213
in main 12.803792476654053
0.24074769020080566
in main 11.5691077709198
0.23703384399414062
in main 11.422402381896973
0.2400832176208496
migration  0.015050172805786133
in main 11.415939331054688
0.23541784286499023
in main 12.447914361953735
0.2316746711730957
in main 11.883718490600586
0.23449230194091797
in main 12.132307767868042
0.2831916809082031
in main 13.026339292526245
0.23360371589660645
in main 12.266230821609497
0.2943136692047119
in main 12.427709341049194
0.23324823379516602
in main 13.183307409286499
0.3028724193572998
in main 12.09876298904419
0.23476028442382812
in main 14.095214128494263
0.3079214096069336
migration  0.022095680236816406
in main 13.015434503555298
0.29694652557373047
in main 14.2173490524292
0.23845648765563965
in main 14.279065370559692
0.35914111137390137
in main 13.472047090530396
0.32498788833618164
in main 13.600753545761108
0.4206812381744385
in main 14.47767448425293
0.2683722972869873
in main 13.289819240570068
0.26373291015625
in main 14.419456243515015
0.23230814933776855
in main 12.999536752700806
0.23468232154846191
in main 11.216738939285278
0.23597097396850586
migration  0.024819612503051758
in main 11.00046682357788
0.23462748527526855
in main 12.743040323257446
0.23304438591003418
in main 12.098296403884888
0.2348649501800537
in main 13.988812685012817
0.35677528381347656
in main 13.191840648651123
0.23105931282043457
in main 15.158543825149536
0.23475193977355957
in main 13.256240606307983
0.2333359718322754
in main 13.016762495040894
0.3007490634918213
in main 12.953965663909912
0.30043625831604004
in main 12.052266836166382
0.3020157814025879
migration  0.05183267593383789
in main 12.31327199935913
0.3015108108520508
in main 12.052706241607666
0.3002128601074219
in main 11.34990119934082
0.30130743980407715
in main 11.763916730880737
0.23294639587402344
in main 12.342337846755981
0.23348569869995117
in main 11.139183521270752
0.2367258071899414
in main 10.94473648071289
0.233628511428833
in main 11.470060348510742
0.23334646224975586
in main 11.75149393081665
0.23749613761901855
in main 12.303105115890503
0.2643089294433594
migration  0.0368037223815918
in main 14.479363203048706
0.23378729820251465
in main 12.362653970718384
0.23551440238952637
in main 11.272284507751465
0.23384976387023926
in main 11.241312265396118
0.2321944236755371
in main 10.079319715499878
0.23599743843078613
in main 12.001781702041626
0.325636625289917
in main 13.059179782867432
0.23359346389770508
in main 12.452608346939087
0.2381751537322998
in main 11.918425559997559
0.23424434661865234
in main 11.394914627075195
0.23546481132507324
migration  0.009004831314086914
in main 11.400869607925415
0.23441672325134277
in main 12.857640743255615
0.23545265197753906
in main 12.69669771194458
0.23131704330444336
in main 11.755283117294312
0.23491883277893066
in main 10.148524045944214
0.23793935775756836
in main 11.309061050415039
0.23487091064453125
in main 10.483066320419312
0.23560571670532227
in main 10.860508680343628
0.23618316650390625
in main 12.13984727859497
0.23672246932983398
in main 11.155165195465088
0.2342529296875
migration  0.024616003036499023
in main 10.739731311798096
0.2353818416595459
in main 10.238953590393066
0.23340058326721191
in main 9.629235029220581
0.23395705223083496
in main 10.111791849136353
0.23311114311218262
in main 11.281326293945312
0.23412108421325684
in main 10.945472002029419
0.23622632026672363
in main 10.278974056243896
0.23304200172424316
in main 10.108466386795044
0.23507046699523926
in main 10.19223427772522
0.23291945457458496
in main 11.235599279403687
0.29491543769836426
migration  0.012158393859863281
in main 10.965673446655273
0.35498046875
in main 13.498250722885132
0.2345423698425293
in main 12.661000967025757
0.23585844039916992
in main 11.747611999511719
0.23430085182189941
in main 11.223912715911865
0.23477578163146973
in main 9.781771898269653
0.2369072437286377
in main 10.573988199234009
0.23318910598754883
in main 10.539125919342041
0.2737138271331787
in main 12.181633472442627
0.23841047286987305
in main 10.917500019073486
0.2348933219909668
migration  0.00931859016418457
in main 11.239442348480225
0.23505139350891113
in main 10.915468692779541
0.23242473602294922
in main 10.03605580329895
0.23490643501281738
in main 11.150251388549805
0.2359158992767334
in main 10.438890933990479
0.23494172096252441
in main 11.11229920387268
0.23589825630187988
in main 10.92812466621399
0.23125791549682617
in main 10.462705135345459
0.21912074089050293
in main 9.117658853530884
0.21889281272888184
in main 10.014770984649658
0.05630993843078613
0.21944499015808105
migration  0.024471044540405273
in main 13.275181293487549
0.3140294551849365
in main 13.940064668655396
0.23727130889892578
in main 13.795421361923218
0.3239414691925049
in main 14.056751012802124
0.23284578323364258
in main 13.009829998016357
0.2311100959777832
in main 14.377200841903687
0.3027987480163574
in main 13.938276767730713
0.3623344898223877
in main 15.430298328399658
0.23328685760498047
in main 13.461287260055542
0.29195261001586914
in main 11.767737627029419
0.23400044441223145
migration  0.0438075065612793
in main 12.96947693824768
0.23008060455322266
in main 13.661710023880005
0.3629336357116699
in main 14.071691513061523
0.28117871284484863
in main 13.609208822250366
0.24351763725280762
in main 13.794057369232178
0.28862833976745605
in main 14.517618417739868
0.23439311981201172
in main 13.105971097946167
0.3529338836669922
in main 12.303359270095825
0.29695892333984375
in main 13.183048963546753
0.2984292507171631
in main 12.63620376586914
0.29706382751464844
migration  0.017514705657958984
in main 12.001161098480225
0.23380255699157715
in main 12.033330917358398
0.23557400703430176
in main 9.88301420211792
0.23450279235839844
in main 11.085601806640625
0.31664085388183594
in main 11.897674798965454
0.3176400661468506
in main 12.804333209991455
0.2323315143585205
in main 12.569728136062622
0.2364635467529297
in main 9.85165524482727
0.23435115814208984
in main 10.225834846496582
0.23469185829162598
in main 10.94261384010315
0.2350175380706787
migration  0.016589641571044922
in main 10.791115999221802
0.29627513885498047
in main 13.043539047241211
0.2636392116546631
in main 11.566977262496948
0.23250293731689453
in main 11.825806617736816
0.25403761863708496
in main 12.305298089981079
0.3058652877807617
in main 11.440778970718384
0.23042845726013184
in main 12.900722026824951
0.37302279472351074
in main 13.165696620941162
0.284867525100708
in main 12.402935028076172
0.2633168697357178
in main 12.394829988479614
0.2516930103302002
migration  0.0265653133392334
in main 12.706997632980347
0.24446821212768555
in main 14.018226385116577
0.3490719795227051
in main 12.88685941696167
0.2635045051574707
in main 13.01288628578186
0.26244258880615234
in main 13.339712381362915
0.23497271537780762
in main 13.231498956680298
0.24424266815185547
in main 12.742615699768066
0.23110222816467285
in main 13.295600175857544
0.23263931274414062
in main 10.20597529411316
0.23488426208496094
in main 9.908354997634888
0.3244774341583252
migration  0.012564897537231445
in main 10.533074378967285
0.32724738121032715
in main 12.451051235198975
0.2342851161956787
in main 11.4650719165802
0.34429025650024414
in main 12.69129753112793
0.23499250411987305
in main 10.815847158432007
0.2351059913635254
in main 12.345279693603516
0.23189067840576172
in main 11.633527755737305
0.2331070899963379
in main 13.761773109436035
0.3487405776977539
in main 11.738335609436035
0.3200669288635254
in main 12.257044076919556
0.236771821975708
migration  0.009643793106079102
in main 12.522407054901123
0.2348177433013916
in main 13.761704444885254
0.2364802360534668
in main 12.80805778503418
0.23636436462402344
in main 11.422901630401611
0.3014678955078125
in main 12.336592197418213
0.29899120330810547
in main 11.003934383392334
0.2750210762023926
in main 11.988744974136353
0.2860565185546875
in main 12.225985288619995
0.33489227294921875
in main 13.20692753791809
0.29346728324890137
in main 14.508108377456665
0.2339773178100586
migration  0.08625626564025879
in main 14.156264543533325
0.3735485076904297
in main 13.037077903747559
0.24335813522338867
in main 12.73731517791748
0.2321910858154297
in main 14.294250249862671
0.26172518730163574
in main 13.031979322433472
0.23642969131469727
in main 12.596143245697021
0.23439478874206543
in main 11.670157432556152
0.27451419830322266
in main 12.920856237411499
0.23546433448791504
in main 14.26968240737915
0.3748204708099365
in main 13.715736865997314
0.23245024681091309
migration  0.018701553344726562
in main 13.703215599060059
0.23607230186462402
in main 13.286863565444946
0.23462295532226562
in main 12.182053565979004
0.23827338218688965
in main 13.750133275985718
0.23473858833312988
in main 12.610765933990479
0.23283076286315918
in main 12.406792402267456
0.23181796073913574
in main 11.643919467926025
0.23414182662963867
in main 11.225153923034668
0.23421311378479004
in main 11.603412866592407
0.23325467109680176
in main 10.963517427444458
0.23443388938903809
migration  0.06175041198730469
in main 11.11268949508667
0.25433349609375
in main 14.081552505493164
0.3055226802825928
in main 13.0641930103302
0.23469090461730957
in main 12.21677827835083
0.35224103927612305
in main 12.062360763549805
0.23330235481262207
in main 14.452217102050781
0.23548674583435059
in main 12.068491697311401
0.23458647727966309
in main 12.735238790512085
0.23679471015930176
in main 10.613601922988892
0.23345160484313965
in main 11.10775375366211
0.23167181015014648
migration  0.030295610427856445
in main 11.11821436882019
0.23277902603149414
in main 11.720515012741089
0.23397183418273926
in main 11.48669719696045
0.234954833984375
in main 10.775224208831787
0.23678255081176758
in main 11.265675783157349
0.23673534393310547
in main 10.214972734451294
0.23273253440856934
in main 10.58101511001587
0.25528883934020996
in main 11.666815280914307
0.23401570320129395
in main 12.288687944412231
0.26412463188171387
in main 11.713487148284912
0.32344889640808105
migration  0.03627586364746094
in main 13.040710210800171
0.23042583465576172
in main 13.837453365325928
0.23224401473999023
in main 12.446279764175415
0.2860229015350342
in main 14.473183155059814
0.3356902599334717
in main 12.765588283538818
0.27815747261047363
in main 13.344788789749146
0.29428839683532715
in main 14.485543727874756
0.28513336181640625
in main 12.528043270111084
0.23534321784973145
in main 14.615654468536377
0.23656845092773438
in main 13.169103384017944
0.2350597381591797
migration  0.0203549861907959
in main 11.693143844604492
0.318392276763916
in main 13.963949918746948
0.27715539932250977
in main 13.99925184249878
0.23618268966674805
in main 10.996456623077393
0.2356414794921875
in main 10.789110898971558
0.2387702465057373
in main 11.450659036636353
0.2340254783630371
in main 11.07701826095581
0.4645695686340332
in main 12.420763731002808
0.25945496559143066
in main 14.127294540405273
0.23575568199157715
in main 12.189695119857788
0.23455286026000977
migration  0.021990537643432617
in main 11.51237416267395
0.2335817813873291
in main 11.05835771560669
0.2614617347717285
in main 11.395772218704224
0.2972829341888428
in main 11.398372650146484
0.3026306629180908
in main 14.109848499298096
0.25679492950439453
in main 13.781390190124512
0.23583364486694336
in main 11.53841519355774
0.23551583290100098
in main 11.232087135314941
0.23578763008117676
in main 11.076266050338745
0.23511648178100586
in main 10.486294269561768
0.2348639965057373
migration  0.025281906127929688
in main 10.278107404708862
0.23473024368286133
in main 10.740035772323608
0.23543953895568848
in main 10.597859144210815
0.23615574836730957
in main 10.70440673828125
0.2338261604309082
in main 10.461456775665283
0.2340402603149414
in main 11.14318323135376
0.22304248809814453
in main 9.716314315795898
0.22001004219055176
in main 10.37184453010559
0.2116866111755371
in main 10.793023109436035
0.21332263946533203
in main 9.94911241531372
0.5904736518859863
2 , 0.3593974175035868 , 0.21489971346704873
1 , 0.6018651362984218 , 0.7134670487106017
2 , 0.36298421807747494 , 0.22063037249283668
1 , 0.6025824964131994 , 0.7163323782234957
2 , 0.36370157819225246 , 0.2578796561604585
3 , 0.36298421807747494 , 0.2320916905444126
1 , 0.603299856527977 , 0.7134670487106017
2 , 0.37446197991391683 , 0.1919770773638968
3 , 0.36800573888091825 , 0.21489971346704873
1 , 0.6040172166427547 , 0.7134670487106017
2 , 0.375896700143472 , 0.23495702005730656
4 , 0.3687230989956959 , 0.2435530085959885
3 , 0.37087517934002867 , 0.2435530085959885
1 , 0.6047345767575323 , 0.7134670487106017
2 , 0.3766140602582496 , 0.18338108882521487
3 , 0.3737446197991392 , 0.2550143266475645
4 , 0.37087517934002867 , 0.21203438395415475
1 , 0.6054519368723099 , 0.7163323782234957
2 , 0.37733142037302725 , 0.24068767908309452
3 , 0.37446197991391683 , 0.21203438395415475
5 , 0.37087517934002867 , 0.21489971346704873
1 , 0.6061692969870875 , 0.7191977077363897
2 , 0.3780487804878049 , 0.2550143266475645
3 , 0.375896700143472 , 0.19770773638968486
5 , 0.37302725968436157 , 0.24068767908309452
1 , 0.6068866571018652 , 0.7191977077363897
2 , 0.37948350071736014 , 0.2320916905444126
3 , 0.3766140602582496 , 0.1919770773638968
5 , 0.37446197991391683 , 0.22349570200573066
1 , 0.6076040172166428 , 0.7163323782234957
2 , 0.3802008608321378 , 0.22636103151862463
4 , 0.3766140602582496 , 0.21489971346704873
3 , 0.37733142037302725 , 0.29799426934097417
1 , 0.6083213773314204 , 0.7191977077363897
2 , 0.3809182209469153 , 0.18624641833810884
3 , 0.3787661406025825 , 0.17191977077363896
4 , 0.37733142037302725 , 0.22636103151862463
1 , 0.609038737446198 , 0.7163323782234957
2 , 0.38163558106169293 , 0.21203438395415475
3 , 0.37948350071736014 , 0.2578796561604585
5 , 0.3787661406025825 , 0.20343839541547282
1 , 0.6097560975609756 , 0.7134670487106017
2 , 0.38235294117647056 , 0.22349570200573066
3 , 0.3802008608321378 , 0.22636103151862463
4 , 0.37948350071736014 , 0.20916905444126077
1 , 0.6104734576757532 , 0.7191977077363897
2 , 0.3830703012912482 , 0.2320916905444126
3 , 0.3809182209469153 , 0.1805157593123209
5 , 0.37948350071736014 , 0.27507163323782235
4 , 0.3802008608321378 , 0.17191977077363896
1 , 0.6111908177905309 , 0.7220630372492837
2 , 0.3837876614060258 , 0.20343839541547282
3 , 0.38163558106169293 , 0.2578796561604585
4 , 0.3809182209469153 , 0.2320916905444126
1 , 0.6119081779053085 , 0.7220630372492837
2 , 0.38450502152080346 , 0.18911174785100282
3 , 0.38235294117647056 , 0.23495702005730656
5 , 0.3809182209469153 , 0.20343839541547282
1 , 0.612625538020086 , 0.7249283667621776
2 , 0.3852223816355811 , 0.18624641833810884
3 , 0.3830703012912482 , 0.2320916905444126
4 , 0.38235294117647056 , 0.1776504297994269
1 , 0.6133428981348636 , 0.7191977077363897
2 , 0.3859397417503587 , 0.2063037249283668
3 , 0.3837876614060258 , 0.24068767908309452
4 , 0.3830703012912482 , 0.21489971346704873
5 , 0.38235294117647056 , 0.2292263610315186
1 , 0.6140602582496413 , 0.7306590257879656
2 , 0.38665710186513624 , 0.1776504297994269
3 , 0.38450502152080346 , 0.18624641833810884
4 , 0.3837876614060258 , 0.19484240687679089
1 , 0.6147776183644189 , 0.7335243553008596
2 , 0.3873744619799139 , 0.18624641833810884
3 , 0.3852223816355811 , 0.24641833810888247
5 , 0.3837876614060258 , 0.23782234957020054
4 , 0.38450502152080346 , 0.21489971346704873
1 , 0.6154949784791965 , 0.7191977077363897
2 , 0.3880918220946915 , 0.2578796561604585
3 , 0.3859397417503587 , 0.16045845272206305
4 , 0.3852223816355811 , 0.24641833810888247
1 , 0.6162123385939742 , 0.7277936962750716
2 , 0.38880918220946914 , 0.19484240687679089
3 , 0.38665710186513624 , 0.20343839541547282
5 , 0.3852223816355811 , 0.20057306590257884
4 , 0.3859397417503587 , 0.2435530085959885
1 , 0.6169296987087518 , 0.7220630372492837
2 , 0.38952654232424677 , 0.3094555873925502
3 , 0.3873744619799139 , 0.2693409742120344
4 , 0.38665710186513624 , 0.2292263610315186
5 , 0.3859397417503587 , 0.2435530085959885
1 , 0.6176470588235294 , 0.7306590257879656
2 , 0.3902439024390244 , 0.19770773638968486
3 , 0.3880918220946915 , 0.2177650429799427
4 , 0.3873744619799139 , 0.3037249283667621
6 , 0.38665710186513624 , 0.27793696275071633
1 , 0.6183644189383071 , 0.7335243553008596
1 , 0.6190817790530847 , 0.7363896848137537
6 , 0.3873744619799139 , 0.22349570200573066
3 , 0.38880918220946914 , 0.22636103151862463
5 , 0.3880918220946915 , 0.23495702005730656
finish training at: 1882.9559237957
