read data finish
{'4': 0, '2': 1, '1': 2, '7': 3, '3': 4, '5': 5}
{'migration': 'ring', 'objective': 'nsga-ii', 'data_division': 'NO', 'train-data': 'sat.trn', 'test-data': 'sat.tst', 'evaluation_num': 10000000000.0, 'core_num': 12, 'init': None, 'init_N_pop': 100, 'stop_generation': 150, 'N_pop': 100, 'weight-vector': (-1, 1), 'P_M': 0.1, 'P_m': 0.1, 'lnum': 6, 'P_dc': 0.8, 'N_rule': 10, 'delimiter': ' ', 'mode': '5CV', 'migration_fre': 5, 'migration_num': 3, 'copy_migration': True}
0.06239748001098633
0.2168872356414795
migration  0.15824460983276367
in main 75.41460084915161
0.23201799392700195
in main 52.434956073760986
0.2270190715789795
in main 51.050045013427734
0.22791457176208496
in main 53.23048138618469
0.24183273315429688
in main 49.621079444885254
0.2348623275756836
migration  0.18532061576843262
in main 49.200647592544556
0.23206496238708496
in main 52.91810345649719
0.23073863983154297
in main 49.84330368041992
0.2456066608428955
in main 55.426902532577515
0.2458951473236084
in main 54.8949761390686
0.23531246185302734
migration  0.16427040100097656
in main 62.86749482154846
0.2362527847290039
in main 56.25127601623535
0.23506450653076172
in main 51.120179176330566
0.23352956771850586
in main 51.08259844779968
0.23595738410949707
in main 56.82837963104248
0.2369840145111084
migration  0.07838606834411621
in main 52.78696918487549
0.23472285270690918
in main 51.09119272232056
0.2307736873626709
in main 56.21046471595764
0.22876453399658203
in main 49.57819867134094
0.30558347702026367
in main 60.49623203277588
0.3015482425689697
migration  0.16593003273010254
in main 50.955342531204224
0.23094868659973145
in main 55.54999351501465
0.22987771034240723
in main 50.21226763725281
0.2295515537261963
in main 55.53678250312805
0.2877986431121826
in main 56.03552556037903
0.30877232551574707
migration  0.05002999305725098
in main 57.06334638595581
0.23489022254943848
in main 51.503737926483154
0.23531126976013184
in main 50.97187876701355
0.2276780605316162
in main 60.71478819847107
0.23933148384094238
in main 48.47086548805237
0.23916077613830566
migration  0.23077702522277832
in main 51.92544364929199
0.23237156867980957
in main 52.65496587753296
0.23155784606933594
in main 51.20626926422119
0.2680075168609619
in main 52.89625144004822
0.22868800163269043
in main 52.48607850074768
0.3013949394226074
migration  0.2744109630584717
in main 50.471421003341675
0.26850128173828125
in main 58.24407958984375
0.23573017120361328
in main 51.75385522842407
0.269756555557251
in main 57.01384687423706
0.24300837516784668
in main 54.0773651599884
0.25891995429992676
migration  0.2835257053375244
in main 53.99512696266174
0.24051713943481445
in main 53.615928649902344
0.23458623886108398
in main 52.47530150413513
0.23260283470153809
in main 51.93939256668091
0.23626112937927246
in main 50.3307991027832
0.23398590087890625
migration  0.18823552131652832
in main 49.152989864349365
0.24534320831298828
in main 56.1706657409668
0.22791481018066406
in main 51.84725213050842
0.23063015937805176
in main 50.52309560775757
0.2349989414215088
in main 54.59015703201294
0.23318052291870117
migration  0.025998830795288086
in main 50.60416889190674
0.23613595962524414
in main 55.423561334609985
0.25986671447753906
in main 48.19965600967407
0.25106024742126465
in main 56.71841788291931
0.22745728492736816
in main 55.10845899581909
0.23775649070739746
migration  0.17562294006347656
in main 52.72489380836487
0.23056674003601074
in main 44.64899563789368
0.32611513137817383
in main 53.971662282943726
0.23570728302001953
in main 46.714327812194824
0.23154449462890625
in main 54.759605169296265
0.2317812442779541
migration  0.16697001457214355
in main 55.04098391532898
0.23427772521972656
in main 55.07364797592163
0.22915983200073242
in main 56.437334299087524
0.23390984535217285
in main 55.6933708190918
0.23802971839904785
in main 52.069262981414795
0.23413300514221191
migration  0.04114055633544922
in main 55.238871335983276
0.2309739589691162
in main 50.33944773674011
0.23129868507385254
in main 55.045480489730835
0.23044633865356445
in main 58.090872049331665
0.23180603981018066
in main 47.96426868438721
0.28203797340393066
migration  0.27352237701416016
in main 53.31762504577637
0.22884535789489746
in main 57.91457748413086
0.23513579368591309
in main 52.640037536621094
0.23003029823303223
in main 48.36838912963867
0.23508429527282715
in main 50.17976212501526
0.23167896270751953
migration  0.16765093803405762
in main 52.87457537651062
0.2321491241455078
in main 51.92874264717102
0.23046159744262695
in main 50.95424199104309
0.23134922981262207
in main 53.52640914916992
0.23585176467895508
in main 49.34478569030762
0.23354101181030273
migration  0.0413966178894043
in main 48.52473974227905
0.2302076816558838
in main 55.767027378082275
0.23168563842773438
in main 49.3567750453949
0.23372602462768555
in main 46.484626054763794
0.22668743133544922
in main 50.4051992893219
0.23446273803710938
migration  0.09810757637023926
in main 52.25227379798889
0.22888612747192383
in main 58.113600730895996
0.456803560256958
in main 58.76567792892456
0.2333204746246338
in main 60.1686692237854
0.23735809326171875
in main 50.68544316291809
0.4764070510864258
migration  0.11869525909423828
in main 55.94876265525818
0.2352921962738037
in main 53.19697690010071
0.2312476634979248
in main 50.61588644981384
0.2310047149658203
in main 49.57748103141785
0.23746085166931152
in main 47.86692261695862
0.22960424423217773
migration  0.11116862297058105
in main 52.061830282211304
0.22828221321105957
in main 59.238752126693726
0.23073196411132812
in main 49.776050090789795
0.23109745979309082
in main 59.22352075576782
0.2356112003326416
in main 47.74348258972168
0.23709583282470703
migration  0.20322537422180176
in main 59.12303376197815
0.4536135196685791
in main 59.63369178771973
0.23030853271484375
in main 82.66600799560547
0.3129887580871582
in main 55.3559672832489
0.2305927276611328
in main 48.47713565826416
0.24250340461730957
migration  0.06172037124633789
in main 52.413607597351074
0.26909565925598145
in main 54.01163291931152
0.23086881637573242
in main 58.71926808357239
0.23232102394104004
in main 53.61261439323425
0.23313689231872559
in main 55.03465747833252
0.23411822319030762
migration  0.41512346267700195
in main 53.786142110824585
0.23275017738342285
in main 58.651572942733765
0.23521876335144043
in main 45.10401797294617
0.23105216026306152
in main 58.91760730743408
0.23271703720092773
in main 51.17783236503601
0.22904276847839355
migration  0.10130667686462402
in main 59.87903666496277
0.23260998725891113
in main 51.42581605911255
0.2370450496673584
in main 50.218533754348755
0.23440933227539062
in main 53.07804822921753
0.23305153846740723
in main 52.041733741760254
0.2876403331756592
migration  0.061177730560302734
in main 54.48513174057007
0.2294480800628662
in main 51.4613151550293
0.3347001075744629
in main 48.79157376289368
0.2298135757446289
in main 59.57655382156372
0.23359131813049316
in main 56.60899996757507
0.23044085502624512
migration  0.05649685859680176
in main 48.91496443748474
0.2325737476348877
in main 49.45439267158508
0.2282850742340088
in main 52.31149673461914
0.23676252365112305
in main 53.501275300979614
0.2831389904022217
in main 58.34148120880127
0.27015137672424316
migration  0.06567668914794922
in main 54.38688278198242
0.231736421585083
in main 56.991851568222046
0.2533841133117676
in main 51.79912495613098
0.3501310348510742
in main 53.70985960960388
0.23462772369384766
in main 54.83043313026428
0.22824525833129883
migration  0.17935562133789062
in main 53.9691481590271
0.2668907642364502
in main 53.61319899559021
0.24943161010742188
in main 52.53507924079895
0.29353785514831543
in main 56.471099853515625
0.2454078197479248
in main 54.726120948791504
0.23981142044067383
migration  0.19904303550720215
in main 52.160595655441284
0.29239583015441895
in main 56.049428939819336
0.23842525482177734
in main 53.753292083740234
0.22710204124450684
in main 53.26453876495361
0.31349849700927734
in main 59.16591739654541
0.23398184776306152
migration  0.12948203086853027
in main 51.14730405807495
0.2595329284667969
in main 56.916950941085815
0.46092820167541504
in main 65.48061490058899
0.22992205619812012
in main 75.84915924072266
0.22700095176696777
in main 47.55497360229492
0.060151100158691406
0.2173917293548584
migration  0.0005350112915039062
in main 72.08741521835327
0.2373199462890625
in main 65.06000399589539
0.23055744171142578
in main 56.23208713531494
0.22827625274658203
in main 54.473698139190674
0.22928452491760254
in main 51.120548248291016
0.25597524642944336
migration  0.09856557846069336
in main 51.984588623046875
0.22819137573242188
in main 54.68568181991577
0.249619722366333
in main 60.486693143844604
0.24998092651367188
in main 56.854044675827026
0.23938941955566406
in main 61.45573091506958
0.23047304153442383
migration  0.08092617988586426
in main 62.27583456039429
0.23578453063964844
in main 53.41100525856018
0.23075032234191895
in main 49.04542827606201
0.3264756202697754
in main 56.72341799736023
0.2280135154724121
in main 67.19586086273193
0.23160219192504883
migration  0.2465193271636963
in main 55.609188079833984
0.23088645935058594
in main 53.46692180633545
0.24962472915649414
in main 55.666542768478394
0.2489171028137207
in main 53.088441371917725
0.23601365089416504
in main 58.0292751789093
0.31311774253845215
migration  0.03871726989746094
in main 55.2454628944397
0.22758269309997559
in main 53.602988719940186
0.30851197242736816
in main 54.608181953430176
0.28298521041870117
in main 52.78594899177551
0.22820067405700684
in main 59.011433362960815
0.3310058116912842
migration  0.0851292610168457
in main 58.91617488861084
0.23029661178588867
in main 53.4102258682251
0.23015427589416504
in main 49.47486472129822
0.23741388320922852
in main 47.332361698150635
0.23064780235290527
in main 49.33022356033325
0.2373790740966797
migration  0.18648624420166016
in main 50.22643446922302
0.22817397117614746
in main 48.402507305145264
0.22942233085632324
in main 52.286319732666016
0.23047590255737305
in main 54.65483856201172
0.24208402633666992
in main 52.704771995544434
0.22636055946350098
migration  0.27914977073669434
in main 59.97114109992981
0.23008418083190918
in main 51.775214195251465
0.23051214218139648
in main 51.29763126373291
0.2282700538635254
in main 53.0429048538208
0.2313549518585205
in main 51.164987325668335
0.23100900650024414
migration  0.11573505401611328
in main 54.89125990867615
0.28142690658569336
in main 58.33616924285889
0.23111462593078613
in main 58.83009171485901
0.23276591300964355
in main 54.95019316673279
0.22638201713562012
in main 56.61593437194824
0.23014163970947266
migration  0.18831181526184082
in main 63.19559288024902
0.22758269309997559
in main 57.76420569419861
0.23001909255981445
in main 52.64736580848694
0.29990053176879883
in main 56.78338146209717
0.23017239570617676
in main 55.55012631416321
0.2306346893310547
migration  0.022586345672607422
in main 48.97866225242615
0.2333848476409912
in main 50.4308295249939
0.25120091438293457
in main 53.35895299911499
0.2275071144104004
in main 58.63738417625427
0.31707262992858887
in main 58.876978158950806
0.22990942001342773
migration  0.14858484268188477
in main 49.85467290878296
0.23398709297180176
in main 48.143945932388306
0.23184585571289062
in main 53.427626848220825
0.23407626152038574
in main 47.46645259857178
0.2716948986053467
in main 51.52427411079407
0.23395085334777832
migration  0.1144418716430664
in main 53.73712134361267
0.23047471046447754
in main 57.857237815856934
0.23152637481689453
in main 53.88281035423279
0.23230385780334473
in main 52.17544627189636
0.23049497604370117
in main 59.4862425327301
0.23265910148620605
migration  0.13503193855285645
in main 58.10286068916321
0.27530980110168457
in main 61.84243035316467
0.23519015312194824
in main 50.4179208278656
0.2344675064086914
in main 52.764039039611816
0.2644360065460205
in main 49.55622839927673
0.22994089126586914
migration  0.16277456283569336
in main 56.98984885215759
0.24094581604003906
in main 55.35910892486572
0.23425054550170898
in main 48.036632776260376
0.23061513900756836
in main 55.787174701690674
0.23125433921813965
in main 61.26504850387573
0.23158049583435059
migration  0.12641692161560059
in main 70.53670573234558
0.23241591453552246
in main 58.58014464378357
0.23410630226135254
in main 57.75686573982239
0.2297346591949463
in main 52.83241629600525
0.22942781448364258
in main 50.958433389663696
0.23049092292785645
migration  0.09889698028564453
in main 50.18496060371399
0.23416876792907715
in main 51.25651431083679
0.23145222663879395
in main 50.64271426200867
0.22938203811645508
in main 45.002299308776855
0.22878146171569824
in main 50.24562668800354
0.48377084732055664
migration  0.4532349109649658
in main 59.58464217185974
0.23293018341064453
in main 74.86852192878723
0.4668405055999756
in main 56.761117935180664
0.4690060615539551
in main 71.05001425743103
0.2468414306640625
in main 65.67032599449158
0.22905564308166504
migration  0.21790027618408203
in main 48.91481399536133
0.2284238338470459
in main 60.164510011672974
0.2308337688446045
in main 55.53999710083008
0.23125648498535156
in main 47.87213444709778
0.23711466789245605
in main 50.040623903274536
0.22601032257080078
migration  0.1595141887664795
in main 51.01980423927307
0.2311840057373047
in main 54.688448905944824
0.2266676425933838
in main 48.637234687805176
0.23235535621643066
in main 55.147796630859375
0.23466157913208008
in main 50.56174945831299
0.28139662742614746
migration  0.19512295722961426
in main 46.708937644958496
0.23255181312561035
in main 54.27720546722412
0.23561930656433105
in main 50.60262322425842
0.2298731803894043
in main 53.06834959983826
0.23161721229553223
in main 48.84978985786438
0.23274540901184082
migration  0.05568981170654297
in main 49.670981645584106
0.23224854469299316
in main 55.45333814620972
0.22939538955688477
in main 53.47103714942932
0.228715181350708
in main 50.78360867500305
0.23297643661499023
in main 53.28292155265808
0.2323448657989502
migration  0.2827270030975342
in main 51.330520153045654
0.22949934005737305
in main 52.569477558135986
0.24820709228515625
in main 52.8009307384491
0.22963643074035645
in main 52.299811601638794
0.3900594711303711
in main 49.487200021743774
0.23111414909362793
migration  0.10648441314697266
in main 50.48534846305847
0.2298903465270996
in main 60.5078706741333
0.2542119026184082
in main 52.88062644004822
0.2284245491027832
in main 48.46576476097107
0.23231291770935059
in main 51.3301317691803
0.22971343994140625
migration  0.11391592025756836
in main 49.3192720413208
0.2905914783477783
in main 54.07475805282593
0.22762084007263184
in main 51.31434512138367
0.4768068790435791
in main 55.1716570854187
0.2298753261566162
in main 59.079317569732666
0.22641611099243164
migration  0.15835833549499512
in main 51.37020993232727
0.2530078887939453
in main 55.57870841026306
0.24071502685546875
in main 59.606285572052
0.32146263122558594
in main 58.29073524475098
0.23342251777648926
in main 54.86391305923462
0.23067736625671387
migration  0.0864410400390625
in main 56.35195803642273
0.3204314708709717
in main 51.5670051574707
0.31131482124328613
in main 55.09418964385986
0.2306063175201416
in main 52.53248906135559
0.23429608345031738
in main 53.697437047958374
0.27916646003723145
migration  0.38889050483703613
in main 51.84589672088623
0.29479265213012695
in main 52.324137926101685
0.2695431709289551
in main 58.65801692008972
0.27338528633117676
in main 56.126009464263916
0.23684239387512207
in main 53.11536145210266
0.23183012008666992
migration  0.11388659477233887
in main 48.27425813674927
0.22864580154418945
in main 51.03925943374634
0.23149871826171875
in main 46.6551730632782
0.22683954238891602
in main 51.364811420440674
0.22902441024780273
in main 55.69336175918579
0.2630941867828369
migration  0.16288113594055176
in main 50.66168141365051
0.23041820526123047
in main 50.41625785827637
0.23189902305603027
in main 43.19233250617981
0.228363037109375
in main 54.66783595085144
0.2355356216430664
in main 44.379225969314575
0.0602879524230957
0.2219829559326172
migration  0.000530242919921875
in main 70.45881390571594
0.23186302185058594
in main 58.75150012969971
0.2318120002746582
in main 55.065385580062866
0.23031091690063477
in main 51.3337197303772
0.23224353790283203
in main 48.94912052154541
0.23128437995910645
migration  0.030980348587036133
in main 54.9068238735199
0.3081202507019043
in main 67.0875895023346
0.23070120811462402
in main 56.659326791763306
0.2291557788848877
in main 57.80935883522034
0.2368934154510498
in main 60.092679262161255
0.2350454330444336
migration  0.3671233654022217
in main 54.5029137134552
0.2543177604675293
in main 55.149771213531494
0.2361905574798584
in main 62.560768842697144
0.2374582290649414
in main 52.77769088745117
0.23362469673156738
in main 54.67123532295227
0.22798657417297363
migration  0.09693241119384766
in main 57.73153614997864
0.2394883632659912
in main 55.166261196136475
0.23531270027160645
in main 60.28915190696716
0.23233938217163086
in main 57.21385169029236
0.2380387783050537
in main 53.88508319854736
0.2312006950378418
migration  0.04616951942443848
in main 60.37210011482239
0.2275850772857666
in main 59.96262001991272
0.25534701347351074
in main 55.5179979801178
0.2908895015716553
in main 57.412877559661865
0.23909211158752441
in main 66.30577421188354
0.23254108428955078
migration  0.20387625694274902
in main 60.90825366973877
0.2312333583831787
in main 60.98428964614868
0.22661614418029785
in main 50.023311614990234
0.23388171195983887
in main 53.06984257698059
0.23592543601989746
in main 51.75333023071289
0.22887372970581055
migration  0.2718234062194824
in main 55.10461950302124
0.2271437644958496
in main 54.124566316604614
0.2333829402923584
in main 49.61971187591553
0.2348616123199463
in main 50.405125856399536
0.24435925483703613
in main 56.18952798843384
0.23314905166625977
migration  0.1190805435180664
in main 51.375258445739746
0.22664332389831543
in main 56.91820526123047
0.29836320877075195
in main 47.31131386756897
0.2271115779876709
in main 54.93439531326294
0.23178648948669434
in main 51.353304624557495
0.23105835914611816
migration  0.04364204406738281
in main 52.80009078979492
0.287168025970459
in main 61.75550866127014
0.232269287109375
in main 61.96730041503906
0.282625675201416
in main 58.512919664382935
0.24038219451904297
in main 59.95562934875488
0.23043537139892578
migration  0.14305973052978516
in main 50.82899522781372
0.2283174991607666
in main 55.89383006095886
0.32072949409484863
in main 54.08934307098389
0.2312455177307129
in main 65.5424017906189
0.2281489372253418
in main 53.17249059677124
0.27170681953430176
migration  0.17354178428649902
in main 56.049196004867554
0.23414158821105957
in main 55.748340129852295
0.3230478763580322
in main 55.24878668785095
0.2915685176849365
in main 57.12247276306152
0.24843645095825195
in main 54.30347466468811
0.23024225234985352
migration  0.13403749465942383
in main 48.623170375823975
0.2734098434448242
in main 59.917418479919434
0.23277926445007324
in main 59.15687012672424
0.23362946510314941
in main 46.876282930374146
0.232865571975708
in main 57.36504817008972
0.2658390998840332
migration  0.1704273223876953
in main 56.67262387275696
0.22852206230163574
in main 51.52470111846924
0.2515993118286133
in main 52.17736077308655
0.3030233383178711
in main 56.46854376792908
0.2286677360534668
in main 61.67969870567322
0.30150699615478516
migration  0.07022857666015625
in main 55.8542275428772
0.23239445686340332
in main 59.07026672363281
0.22928380966186523
in main 52.78805899620056
0.25232744216918945
in main 50.462217807769775
0.23430180549621582
in main 56.61162328720093
0.24795126914978027
migration  0.04282951354980469
in main 57.921823024749756
0.22804784774780273
in main 61.93068528175354
0.2311997413635254
in main 52.00432538986206
0.2347712516784668
in main 50.790953636169434
0.22736406326293945
in main 43.809141397476196
0.2312004566192627
migration  0.05486440658569336
in main 53.34125900268555
0.23189258575439453
in main 52.861159801483154
0.23066163063049316
in main 50.93840026855469
0.23388671875
in main 51.74663758277893
0.22698664665222168
in main 52.933212995529175
0.23178791999816895
migration  0.12060809135437012
in main 84.30781412124634
0.23078656196594238
in main 58.69025754928589
0.2384777069091797
in main 49.50129222869873
0.2304389476776123
in main 49.08032727241516
0.23112797737121582
in main 49.469677209854126
0.23204898834228516
migration  0.051789045333862305
in main 49.12923336029053
0.22872090339660645
in main 48.67460083961487
0.23346734046936035
in main 49.5949969291687
0.46456432342529297
in main 72.10660672187805
0.24073290824890137
in main 52.41475176811218
0.23081707954406738
migration  0.24617433547973633
in main 53.55765199661255
0.23828864097595215
in main 62.25144076347351
0.2360062599182129
in main 50.951852798461914
0.23311972618103027
in main 55.94870328903198
0.23057317733764648
in main 51.35737109184265
0.23138952255249023
migration  0.11323308944702148
in main 50.404040575027466
0.23756814002990723
in main 54.06199407577515
0.23766279220581055
in main 50.08428716659546
0.23296427726745605
in main 51.14617133140564
0.23088669776916504
in main 47.02072358131409
0.2832961082458496
migration  0.1573936939239502
in main 52.2144615650177
0.23643159866333008
in main 50.49066424369812
0.3331129550933838
in main 53.40386390686035
0.23086786270141602
in main 52.35452389717102
0.2295832633972168
in main 54.83009719848633
0.22930026054382324
migration  0.11707448959350586
in main 55.41488838195801
0.2734034061431885
in main 60.00357794761658
0.23504233360290527
in main 58.73657965660095
0.2963449954986572
in main 58.345221519470215
0.2650275230407715
in main 54.80506777763367
0.3242619037628174
migration  0.11523008346557617
in main 57.53077673912048
0.23290395736694336
in main 50.21425819396973
0.22981572151184082
in main 49.377695083618164
0.2368941307067871
in main 53.2128369808197
0.30418872833251953
in main 46.20358180999756
0.23119020462036133
migration  0.47768688201904297
in main 54.09956216812134
0.23912835121154785
in main 58.369632720947266
0.23232626914978027
in main 57.499149799346924
0.23484206199645996
in main 51.505242347717285
0.28583788871765137
in main 58.035420179367065
0.23744773864746094
migration  0.13094186782836914
in main 61.51281380653381
0.23593878746032715
in main 50.64672636985779
0.23479986190795898
in main 50.43417477607727
0.2302079200744629
in main 49.00293731689453
0.22840356826782227
in main 52.463706970214844
0.24529623985290527
migration  0.10440635681152344
in main 53.209317684173584
0.23731040954589844
in main 54.59308934211731
0.27590417861938477
in main 57.00017762184143
0.3160378932952881
in main 54.49487566947937
0.23070311546325684
in main 56.40214562416077
0.29534459114074707
migration  0.06253361701965332
in main 61.23162841796875
0.35549378395080566
in main 57.1321485042572
0.26158881187438965
in main 57.62757635116577
0.2399427890777588
in main 57.60496997833252
0.2334301471710205
in main 50.59779953956604
0.22977638244628906
migration  0.08855128288269043
in main 55.81591272354126
0.23388004302978516
in main 60.56258773803711
0.23128175735473633
in main 53.488136768341064
0.23038101196289062
in main 51.25988030433655
0.25942158699035645
in main 51.09258532524109
0.23176240921020508
migration  0.1557328701019287
in main 52.289753437042236
0.23070836067199707
in main 56.743229150772095
0.23619985580444336
in main 57.31550168991089
0.22798776626586914
in main 53.87699747085571
0.4794301986694336
in main 72.02405548095703
0.23128366470336914
migration  0.037624359130859375
in main 66.78062152862549
0.231367826461792
in main 48.616443157196045
0.23336505889892578
in main 55.46795964241028
0.23157930374145508
in main 50.28030443191528
0.23137974739074707
in main 47.297489166259766
0.061484336853027344
0.2195279598236084
migration  0.0005373954772949219
in main 72.37472772598267
0.24024033546447754
in main 63.55891680717468
0.23528552055358887
in main 55.18858361244202
0.2380521297454834
in main 52.43243193626404
0.2299480438232422
in main 54.65708255767822
0.23509621620178223
migration  0.2686333656311035
in main 52.38605332374573
0.26297473907470703
in main 56.49775671958923
0.2617459297180176
in main 54.238237380981445
0.23746299743652344
in main 56.938204526901245
0.23680782318115234
in main 60.988492012023926
0.24420547485351562
migration  0.2494964599609375
in main 53.67244815826416
0.23215627670288086
in main 55.24748611450195
0.2370142936706543
in main 50.91693568229675
0.23327016830444336
in main 54.86523652076721
0.23661088943481445
in main 50.38369798660278
0.23473310470581055
migration  0.12636685371398926
in main 50.17517566680908
0.23462343215942383
in main 56.289753437042236
0.22936725616455078
in main 50.96702861785889
0.23170161247253418
in main 65.41131448745728
0.23798537254333496
in main 63.57763409614563
0.3669123649597168
migration  0.3691520690917969
in main 57.368287086486816
0.23172807693481445
in main 59.36385941505432
0.2437126636505127
in main 59.072073459625244
0.2283461093902588
in main 56.85107946395874
0.23383259773254395
in main 49.223305225372314
0.26563191413879395
migration  0.19927048683166504
in main 55.37511873245239
0.23456335067749023
in main 55.68699765205383
0.23112940788269043
in main 54.56408357620239
0.23031258583068848
in main 54.35218071937561
0.23136281967163086
in main 48.005027770996094
0.46920228004455566
migration  0.04830217361450195
in main 56.61321234703064
0.23152685165405273
in main 52.42420411109924
0.2956058979034424
in main 62.88398599624634
0.23204874992370605
in main 53.386441469192505
0.2737150192260742
in main 58.86027765274048
0.24060487747192383
migration  0.0299680233001709
in main 56.87597417831421
0.23066329956054688
in main 54.42922019958496
0.2427046298980713
in main 59.808557987213135
0.29639458656311035
in main 56.798779010772705
0.23772096633911133
in main 52.396493434906006
0.3242206573486328
migration  0.4629180431365967
in main 53.719640016555786
0.36081957817077637
in main 53.93160653114319
0.2445683479309082
in main 55.39486789703369
0.23291993141174316
in main 57.54592752456665
0.2762932777404785
in main 56.20895218849182
0.3050718307495117
migration  0.03880167007446289
in main 51.23480486869812
0.23698043823242188
in main 57.2537899017334
0.2561514377593994
in main 53.83120274543762
0.2341632843017578
in main 50.59056234359741
0.24013376235961914
in main 53.53700256347656
0.2733471393585205
migration  0.4576234817504883
in main 60.49738693237305
0.2318110466003418
in main 54.56712102890015
0.23558759689331055
in main 53.47068405151367
0.23914361000061035
in main 53.939199924468994
0.2371823787689209
in main 50.77761483192444
0.23040103912353516
migration  0.08274006843566895
in main 51.32083559036255
0.23209071159362793
in main 54.125004529953
0.23485255241394043
in main 55.05300569534302
0.23268723487854004
in main 44.06493806838989
0.2310328483581543
in main 56.46497392654419
0.23118090629577637
migration  0.1236581802368164
in main 54.02942490577698
0.23517131805419922
in main 56.18944525718689
0.2349073886871338
in main 53.37759971618652
0.23452162742614746
in main 52.4253785610199
0.24121809005737305
in main 61.67335319519043
0.264359712600708
migration  0.07755494117736816
in main 54.930017948150635
0.2463088035583496
in main 56.68410396575928
0.284771203994751
in main 53.86960959434509
0.23009157180786133
in main 52.589720726013184
0.2633206844329834
in main 52.62685704231262
0.29395341873168945
migration  0.09342575073242188
in main 60.56543183326721
0.32462549209594727
in main 59.84615778923035
0.23511338233947754
in main 54.43832230567932
0.23327064514160156
in main 45.62576198577881
0.23302245140075684
in main 68.81593322753906
0.23350858688354492
migration  0.04379105567932129
in main 54.65127468109131
0.23296213150024414
in main 54.41956567764282
0.237229585647583
in main 47.95828151702881
0.23224663734436035
in main 52.77301359176636
0.23617935180664062
in main 50.11293077468872
0.2325749397277832
migration  0.26603198051452637
in main 52.375792503356934
0.2319483757019043
in main 54.662450313568115
0.23742055892944336
in main 56.52111768722534
0.23249197006225586
in main 55.85289645195007
0.2392275333404541
in main 48.370190143585205
0.23472118377685547
migration  0.028550148010253906
in main 46.0413339138031
0.23727130889892578
in main 47.44494342803955
0.23410749435424805
in main 56.24201560020447
0.23275303840637207
in main 61.25716757774353
0.23323535919189453
in main 48.694873571395874
0.23115301132202148
migration  0.15177273750305176
in main 50.17947292327881
0.23439669609069824
in main 60.574639081954956
0.23284459114074707
in main 51.33619046211243
0.2333686351776123
in main 54.08682298660278
0.23458242416381836
in main 52.21043848991394
0.23965167999267578
migration  0.17873334884643555
in main 49.863123416900635
0.23204255104064941
in main 70.32154631614685
0.23405098915100098
in main 51.532907485961914
0.23366308212280273
in main 47.754462003707886
0.2339937686920166
in main 50.27899169921875
0.29680299758911133
migration  0.11023521423339844
in main 52.45232677459717
0.22993087768554688
in main 56.0713095664978
0.2638833522796631
in main 62.08875346183777
0.23388290405273438
in main 56.61037230491638
0.23441147804260254
in main 54.79982280731201
0.23364043235778809
migration  0.038720130920410156
in main 52.100698709487915
0.23595619201660156
in main 63.06629300117493
0.23287558555603027
in main 53.91898775100708
0.23909544944763184
in main 50.86622333526611
0.2325441837310791
in main 48.74277377128601
0.2324080467224121
migration  0.06135129928588867
in main 55.32026553153992
0.28398585319519043
in main 60.95981740951538
0.23516511917114258
in main 55.58211374282837
0.2318716049194336
in main 58.434369802474976
0.23685288429260254
in main 52.705456495285034
0.23249173164367676
migration  0.11322259902954102
in main 59.176518201828
0.30137014389038086
in main 60.729377031326294
0.23387837409973145
in main 56.226672887802124
0.2672138214111328
in main 56.97987961769104
0.2522590160369873
in main 64.57526659965515
0.2751791477203369
migration  0.13171672821044922
in main 58.236409425735474
0.4651522636413574
in main 92.57072019577026
0.23429298400878906
in main 56.3411750793457
0.33643579483032227
in main 57.85870695114136
0.2807316780090332
in main 57.91304850578308
0.26440906524658203
migration  0.18958258628845215
in main 57.10188674926758
0.32318758964538574
in main 58.69933319091797
0.33509278297424316
in main 62.76397371292114
0.27454137802124023
in main 59.14283013343811
0.236222505569458
in main 59.2559552192688
0.23585891723632812
migration  0.2483227252960205
in main 55.51670956611633
0.2352156639099121
in main 55.16024994850159
0.235337495803833
in main 58.44265127182007
0.27950382232666016
in main 59.5217809677124
0.2346203327178955
in main 56.73247218132019
0.23180770874023438
migration  0.05210065841674805
in main 53.83194160461426
0.22904706001281738
in main 54.003381967544556
0.23874568939208984
in main 49.51585245132446
0.24576926231384277
in main 52.606374979019165
0.23325133323669434
in main 60.45536708831787
0.23066973686218262
migration  0.06882023811340332
in main 59.025951862335205
0.23875761032104492
in main 50.54491901397705
0.23391127586364746
in main 49.95722150802612
0.23563456535339355
in main 50.979588985443115
0.23711085319519043
in main 49.1132538318634
0.24013185501098633
migration  0.17716550827026367
in main 54.16764426231384
0.23995113372802734
in main 50.44521737098694
0.23148059844970703
in main 50.91440439224243
0.23792028427124023
in main 50.53109383583069
0.23661303520202637
in main 50.344435691833496
0.06070709228515625
0.2191176414489746
migration  0.1377701759338379
in main 75.0637993812561
0.24013900756835938
in main 63.70656704902649
0.23697662353515625
in main 53.47220730781555
0.2319779396057129
in main 55.98299288749695
0.23410892486572266
in main 54.25116753578186
0.23078155517578125
migration  0.1849069595336914
in main 54.26614761352539
0.2320699691772461
in main 53.17162084579468
0.2325294017791748
in main 50.63602590560913
0.23247671127319336
in main 52.554805517196655
0.23406696319580078
in main 48.55370044708252
0.23311591148376465
migration  0.1430220603942871
in main 55.3094916343689
0.2320106029510498
in main 55.96679496765137
0.283703088760376
in main 58.11299967765808
0.23282957077026367
in main 53.288296699523926
0.23916363716125488
in main 48.683207511901855
0.23356842994689941
migration  0.1598358154296875
in main 49.8569495677948
0.22824645042419434
in main 62.62249255180359
0.2295060157775879
in main 53.933923959732056
0.22999858856201172
in main 54.00131630897522
0.24624872207641602
in main 52.93545699119568
0.22725844383239746
migration  0.49257636070251465
in main 61.72020149230957
0.23116326332092285
in main 57.45256066322327
0.23482990264892578
in main 57.42698287963867
0.2380077838897705
in main 55.95059943199158
0.23601818084716797
in main 50.860907316207886
0.2353360652923584
migration  0.15216302871704102
in main 56.677191734313965
0.24558615684509277
in main 60.482470750808716
0.2382059097290039
in main 51.59979581832886
0.229935884475708
in main 55.84050107002258
0.2362079620361328
in main 52.04051208496094
0.23483967781066895
migration  0.07374358177185059
in main 78.62474584579468
0.3444509506225586
in main 50.960829973220825
0.2313528060913086
in main 52.82753229141235
0.23401975631713867
in main 58.08330464363098
0.23935246467590332
in main 59.54141283035278
0.23144221305847168
migration  0.486370325088501
in main 49.86189389228821
0.23064827919006348
in main 56.19913363456726
0.3158440589904785
in main 54.060006856918335
0.2330918312072754
in main 54.886250257492065
0.2850499153137207
in main 50.928730487823486
0.2940521240234375
migration  0.12830185890197754
in main 54.46492266654968
0.27294015884399414
in main 55.08082175254822
0.23031353950500488
in main 57.54840803146362
0.24030566215515137
in main 56.852248191833496
0.22754502296447754
in main 49.9180543422699
0.2297513484954834
migration  0.21358680725097656
in main 58.66706299781799
0.2353353500366211
in main 58.11632823944092
0.24673151969909668
in main 55.47402286529541
0.27620577812194824
in main 61.461341857910156
0.23503899574279785
in main 55.83525228500366
0.2379598617553711
migration  0.11851382255554199
in main 52.49818539619446
0.23252201080322266
in main 50.73892951011658
0.23229718208312988
in main 52.50343680381775
0.230055570602417
in main 60.29767084121704
0.2528653144836426
in main 62.849692821502686
0.2293543815612793
migration  0.22058987617492676
in main 53.981167793273926
0.26224684715270996
in main 61.35532808303833
0.23313307762145996
in main 54.402543783187866
0.23312020301818848
in main 62.56414461135864
0.2663860321044922
in main 59.96167230606079
0.3148794174194336
migration  0.215956449508667
in main 61.09914946556091
0.2682631015777588
in main 64.95453071594238
0.27063798904418945
in main 56.618403673172
0.25206947326660156
in main 58.987411975860596
0.23049497604370117
in main 53.53667497634888
0.24336576461791992
migration  0.09355545043945312
in main 59.28265118598938
0.26090288162231445
in main 55.36402654647827
0.3128182888031006
in main 56.70631217956543
0.2287604808807373
in main 50.850117683410645
0.23218989372253418
in main 51.0848753452301
0.22893834114074707
migration  0.07367873191833496
in main 54.067408323287964
0.35530567169189453
in main 61.74564003944397
0.22887563705444336
in main 56.07761096954346
0.2294628620147705
in main 48.94851756095886
0.2377762794494629
in main 49.42231488227844
0.22983932495117188
migration  0.3125579357147217
in main 48.56028890609741
0.2335827350616455
in main 49.97502827644348
0.2308027744293213
in main 48.427096366882324
0.22698473930358887
in main 48.70115661621094
0.23844146728515625
in main 47.83651089668274
0.2283167839050293
migration  0.11894059181213379
in main 52.17619323730469
0.2330918312072754
in main 47.66509675979614
0.23427915573120117
in main 47.041404485702515
0.22991132736206055
in main 49.705482959747314
0.22855162620544434
in main 45.21142840385437
0.2291860580444336
migration  0.11415672302246094
in main 55.502514123916626
0.23205971717834473
in main 54.61192846298218
0.23057198524475098
in main 58.17525291442871
0.23047614097595215
in main 52.05382537841797
0.23119425773620605
in main 53.697476863861084
0.2319934368133545
migration  0.0455167293548584
in main 49.74396014213562
0.22806715965270996
in main 78.26365327835083
0.22610712051391602
in main 53.683223485946655
0.22984623908996582
in main 60.92744064331055
0.23662066459655762
in main 51.79387617111206
0.23063945770263672
migration  0.14266109466552734
in main 48.38790416717529
0.2305595874786377
in main 56.991559743881226
0.23199868202209473
in main 49.059375047683716
0.2352447509765625
in main 52.20699334144592
0.23119473457336426
in main 47.88797187805176
0.22962021827697754
migration  0.04491710662841797
in main 51.81324815750122
0.22814106941223145
in main 53.975051403045654
0.23208165168762207
in main 51.22036290168762
0.2279980182647705
in main 53.696863651275635
0.23323631286621094
in main 57.73756504058838
0.23229765892028809
migration  0.03527569770812988
in main 52.76153254508972
0.23125410079956055
in main 65.0042359828949
0.23734164237976074
in main 57.883362770080566
0.3003048896789551
in main 58.60218524932861
0.2528204917907715
in main 64.51647639274597
0.23395276069641113
migration  0.3125877380371094
in main 61.146798610687256
0.2712132930755615
in main 57.86929535865784
0.3597564697265625
in main 62.67036271095276
0.23543667793273926
in main 71.02523016929626
0.23217415809631348
in main 60.457743406295776
0.23253345489501953
migration  0.18085289001464844
in main 56.65035033226013
0.2424910068511963
in main 58.64804196357727
0.28066325187683105
in main 55.862836599349976
0.2321758270263672
in main 57.238624811172485
0.23425698280334473
in main 56.526161909103394
0.2347550392150879
migration  0.13424134254455566
in main 56.51694464683533
0.23605108261108398
in main 52.81536030769348
0.2361617088317871
in main 49.12507963180542
0.2982511520385742
in main 59.068580627441406
0.22838282585144043
in main 54.129334926605225
0.22953248023986816
migration  0.053009748458862305
in main 60.72808337211609
0.2826972007751465
in main 59.499560594558716
0.2283918857574463
in main 48.18539834022522
0.22859406471252441
in main 53.40385365486145
0.22974443435668945
in main 57.077574253082275
0.23551440238952637
migration  0.08943367004394531
in main 48.32280969619751
0.268202543258667
in main 57.645936727523804
0.22746682167053223
in main 57.50324821472168
0.22937226295471191
in main 57.08217477798462
0.25263500213623047
in main 51.68899917602539
0.24132776260375977
migration  0.07843375205993652
in main 55.80327391624451
0.2298736572265625
in main 59.55996584892273
0.26248788833618164
in main 58.65589094161987
0.22809076309204102
in main 55.30216121673584
0.2386624813079834
in main 55.240490198135376
0.23412847518920898
migration  0.11652731895446777
in main 56.156752824783325
0.2403087615966797
in main 59.74203419685364
0.4628605842590332
in main 68.51967859268188
0.23307538032531738
in main 56.12180805206299
0.23775124549865723
in main 51.99232006072998
0.23564839363098145
migration  0.1270582675933838
in main 49.62332081794739
0.2326493263244629
in main 52.640610694885254
0.22609829902648926
in main 50.64136028289795
0.23214364051818848
in main 49.6900589466095
0.23041057586669922
in main 54.238786697387695
0.05718564987182617
0.21896862983703613
migration  0.13549208641052246
in main 71.06274056434631
0.4754941463470459
in main 109.10092663764954
0.4726393222808838
in main 106.76951909065247
0.3115062713623047
in main 66.36604356765747
0.24594688415527344
in main 55.55925393104553
0.27513933181762695
migration  0.048954010009765625
in main 57.454286098480225
0.2702653408050537
in main 55.99532461166382
0.24210381507873535
in main 49.3383047580719
0.22943735122680664
in main 53.727490186691284
0.24392485618591309
in main 51.35912275314331
0.25040698051452637
migration  0.25533580780029297
in main 55.15235924720764
0.2324371337890625
in main 57.84786629676819
0.34274888038635254
in main 55.19033861160278
0.23202753067016602
in main 53.92771124839783
0.24447917938232422
in main 53.21731758117676
0.22786235809326172
migration  0.032562255859375
in main 57.41060948371887
0.23388338088989258
in main 53.67733097076416
0.35289597511291504
in main 56.72038650512695
0.28296589851379395
in main 53.60942482948303
0.23721933364868164
in main 55.23668646812439
0.28501200675964355
migration  0.18871831893920898
in main 53.18374848365784
0.23778057098388672
in main 59.28847813606262
0.23058414459228516
in main 54.873451471328735
0.22722768783569336
in main 53.54857873916626
0.23993396759033203
in main 53.940773248672485
0.46637439727783203
migration  0.16476750373840332
in main 89.8963041305542
0.2296760082244873
in main 54.048707008361816
0.2294769287109375
in main 53.99909949302673
0.22942280769348145
in main 78.56242799758911
0.23233652114868164
in main 52.703081369400024
0.29450297355651855
migration  0.35086941719055176
in main 59.33019280433655
0.23375177383422852
in main 58.12618827819824
0.24295735359191895
in main 51.5849027633667
0.22861766815185547
in main 58.496368646621704
0.261624813079834
in main 61.316452503204346
0.2626161575317383
migration  0.20847797393798828
in main 57.77831792831421
0.2322254180908203
in main 55.89172959327698
0.23415517807006836
in main 63.4823112487793
0.2310326099395752
in main 55.39372968673706
0.23636126518249512
in main 54.149375915527344
0.22657513618469238
migration  0.032921552658081055
in main 53.82779550552368
0.22806644439697266
in main 57.263216495513916
0.22856402397155762
in main 53.0310742855072
0.23347139358520508
in main 55.304417848587036
0.22678542137145996
in main 50.72514629364014
0.22806549072265625
migration  0.04662013053894043
in main 43.833730697631836
0.34380483627319336
in main 59.8345901966095
0.2589411735534668
in main 59.893802642822266
0.2511420249938965
in main 54.32184910774231
0.2548105716705322
in main 58.50433015823364
0.22893023490905762
migration  0.19511151313781738
in main 55.45178008079529
0.2307744026184082
in main 53.75121307373047
0.2929861545562744
in main 51.2598991394043
0.29890871047973633
in main 55.54588484764099
0.22855472564697266
in main 56.71718406677246
0.23174023628234863
migration  0.088287353515625
in main 61.680190324783325
0.23333263397216797
in main 47.3527193069458
0.23427844047546387
in main 51.49849009513855
0.22790741920471191
in main 52.714587450027466
0.23060321807861328
in main 53.061649322509766
0.28790760040283203
migration  0.11874103546142578
in main 55.03427505493164
0.23411083221435547
in main 55.45858097076416
0.2915151119232178
in main 51.30465483665466
0.23026752471923828
in main 56.56977152824402
0.3662452697753906
in main 56.12715196609497
0.26403093338012695
migration  0.036566734313964844
in main 59.86550807952881
0.23057961463928223
in main 49.179349184036255
0.23128843307495117
in main 50.925917625427246
0.23431730270385742
in main 44.943862199783325
0.23338866233825684
in main 51.74226093292236
0.23076224327087402
migration  0.0923452377319336
in main 58.692111015319824
0.23600268363952637
in main 57.02161502838135
0.4786193370819092
in main 58.59053421020508
0.23355627059936523
in main 77.88035607337952
0.23559117317199707
in main 51.98072957992554
0.45833826065063477
migration  0.045943260192871094
in main 67.00603294372559
0.22735857963562012
in main 51.88141202926636
0.22789764404296875
in main 49.575363874435425
0.23176050186157227
in main 54.60690951347351
0.22855806350708008
in main 49.65969252586365
0.23371386528015137
migration  0.10159087181091309
in main 49.22971272468567
0.23355913162231445
in main 59.78608989715576
0.2303159236907959
in main 49.202972650527954
0.23308157920837402
in main 58.84033131599426
0.23595595359802246
in main 71.30130982398987
0.2319481372833252
migration  0.2289893627166748
in main 55.5720591545105
0.2285294532775879
in main 72.14426159858704
0.23420000076293945
in main 60.237597942352295
0.23106646537780762
in main 70.60023140907288
0.23492932319641113
in main 52.508750200271606
0.2361893653869629
migration  0.040558815002441406
in main 47.60042929649353
0.23443078994750977
in main 50.24683976173401
0.22691106796264648
in main 48.91346740722656
0.23029851913452148
in main 47.639957904815674
0.23885226249694824
in main 48.44523215293884
0.22779464721679688
migration  0.1131143569946289
in main 62.31503462791443
0.23320984840393066
in main 59.989030838012695
0.23086214065551758
in main 52.980879068374634
0.35179567337036133
in main 54.98640036582947
0.22913765907287598
in main 53.04166054725647
0.23360204696655273
migration  0.07356905937194824
in main 51.20633101463318
0.2338714599609375
in main 57.907737493515015
0.23065590858459473
in main 53.86757779121399
0.3251841068267822
in main 55.44863748550415
0.2350757122039795
in main 49.855170011520386
0.2308797836303711
migration  0.048096656799316406
in main 48.46796369552612
0.22991609573364258
in main 50.87114715576172
0.28471994400024414
in main 55.03081393241882
0.26735901832580566
in main 55.44384241104126
0.23701119422912598
in main 55.067551374435425
0.2328341007232666
migration  0.10818123817443848
in main 50.202781200408936
0.23200154304504395
in main 54.420610427856445
0.23532557487487793
in main 47.882715940475464
0.27707481384277344
in main 47.803996324539185
0.24259138107299805
in main 56.19091463088989
0.3608067035675049
migration  0.07804298400878906
in main 59.18730974197388
0.2303786277770996
in main 52.83373308181763
0.2318556308746338
in main 49.79493021965027
0.23061132431030273
in main 49.834192991256714
0.2403879165649414
in main 47.64120578765869
0.2305920124053955
migration  0.05750417709350586
in main 46.69095206260681
0.29703354835510254
in main 48.470738887786865
0.23384690284729004
in main 54.610811710357666
0.23008179664611816
in main 43.78276324272156
0.2293233871459961
in main 48.85229825973511
0.2310800552368164
migration  0.08011269569396973
in main 45.91222357749939
0.2884647846221924
in main 57.37817454338074
0.2303922176361084
in main 50.43316841125488
0.22958064079284668
in main 47.277177810668945
0.23660683631896973
in main 46.158198595047
0.23357844352722168
migration  0.1592850685119629
in main 49.560439586639404
0.2333545684814453
in main 55.439645290374756
0.27121806144714355
in main 51.265443086624146
0.24484753608703613
in main 54.21112060546875
0.23165678977966309
in main 54.18745994567871
0.26531410217285156
migration  0.1019141674041748
in main 50.111313581466675
0.2821955680847168
in main 53.93775200843811
0.3123009204864502
in main 57.139538526535034
0.2338569164276123
in main 53.53658652305603
0.23479390144348145
in main 57.033674001693726
0.23986601829528809
migration  0.1211862564086914
in main 54.58085489273071
0.2324352264404297
in main 56.71537113189697
0.22797274589538574
in main 41.856815814971924
0.22903013229370117
in main 61.12260413169861
0.23630523681640625
in main 48.879592180252075
0.2373051643371582
migration  0.29209113121032715
in main 46.02256727218628
0.23323321342468262
in main 46.26072335243225
0.22989964485168457
in main 50.38398027420044
0.23253083229064941
in main 50.763014793395996
0.2389819622039795
in main 46.46268653869629
0.06577920913696289
0.2207331657409668
migration  0.10607671737670898
in main 79.40698289871216
0.2374582290649414
in main 78.3186981678009
0.23295950889587402
in main 56.71031141281128
0.2339484691619873
in main 54.756996631622314
0.2292633056640625
in main 51.870688915252686
0.2344808578491211
migration  0.15181612968444824
in main 59.65088438987732
0.250474214553833
in main 60.11115050315857
0.25191783905029297
in main 61.57947325706482
0.2581493854522705
in main 54.615535259246826
0.27721524238586426
in main 64.52426028251648
0.2324683666229248
migration  0.08090496063232422
in main 61.34369611740112
0.22885942459106445
in main 58.86555814743042
0.23530125617980957
in main 57.03261375427246
0.23004627227783203
in main 47.92480969429016
0.23446869850158691
in main 53.59593677520752
0.23478484153747559
migration  0.06448483467102051
in main 62.57299757003784
0.23240971565246582
in main 77.81681513786316
0.2377629280090332
in main 53.15455102920532
0.2382216453552246
in main 50.12094497680664
0.23346853256225586
in main 54.82679986953735
0.3137187957763672
migration  0.17103314399719238
in main 54.05936408042908
0.23531031608581543
in main 59.38173842430115
0.3170337677001953
in main 58.7973210811615
0.3739473819732666
in main 58.216628074645996
0.2386941909790039
in main 54.897552251815796
0.2353987693786621
migration  0.06602358818054199
in main 52.02018594741821
0.2312023639678955
in main 54.73357892036438
0.23679041862487793
in main 50.590399503707886
0.2335052490234375
in main 52.616456270217896
0.22933602333068848
in main 49.83488082885742
0.2303454875946045
migration  0.22577190399169922
in main 56.727025270462036
0.23383593559265137
in main 59.21025991439819
0.22711944580078125
in main 64.76139307022095
0.23375725746154785
in main 57.479647636413574
0.25505805015563965
in main 60.30096650123596
0.23170042037963867
migration  0.328624963760376
in main 61.32566595077515
0.23031854629516602
in main 60.54490518569946
0.23323345184326172
in main 59.30888628959656
0.23971867561340332
in main 55.68463063240051
0.23535656929016113
in main 53.04534840583801
0.23239374160766602
migration  0.12640619277954102
in main 54.780736207962036
0.26218605041503906
in main 54.016642332077026
0.25444769859313965
in main 54.96882152557373
0.23467040061950684
in main 56.88950204849243
0.2341768741607666
in main 55.14444422721863
0.2992265224456787
migration  0.06947851181030273
in main 58.89363431930542
0.23115134239196777
in main 57.72169542312622
0.23492765426635742
in main 56.582858085632324
0.23760533332824707
in main 60.19405460357666
0.34441709518432617
in main 57.91576099395752
0.2439281940460205
migration  0.033345699310302734
in main 58.47959542274475
0.23064088821411133
in main 58.87777328491211
0.23471307754516602
in main 51.149882793426514
0.2324521541595459
in main 55.98404598236084
0.23774456977844238
in main 45.947898149490356
0.23118805885314941
migration  0.16015911102294922
in main 59.168588399887085
0.23073387145996094
in main 59.385164737701416
0.29039955139160156
in main 55.45799970626831
0.23361730575561523
in main 49.89628291130066
0.23052453994750977
in main 52.668269634246826
0.23267006874084473
migration  0.20574188232421875
in main 54.842735290527344
0.2301952838897705
in main 54.66350984573364
0.2295854091644287
in main 51.98045110702515
0.23008465766906738
in main 51.98936676979065
0.2364652156829834
in main 56.60486912727356
0.2830817699432373
migration  0.14670014381408691
in main 50.2904999256134
0.24657583236694336
in main 52.83425784111023
0.24022197723388672
in main 58.64164996147156
0.23714303970336914
in main 61.972851276397705
0.23195838928222656
in main 52.29447364807129
0.23569369316101074
migration  0.14457082748413086
in main 53.92381763458252
0.2341465950012207
in main 56.153631925582886
0.23224925994873047
in main 54.12625575065613
0.229994535446167
in main 49.94578528404236
0.23095321655273438
in main 56.87708830833435
0.235121488571167
migration  0.0635066032409668
in main 57.66741323471069
0.2313833236694336
in main 52.06257963180542
0.23506402969360352
in main 52.06798791885376
0.22935032844543457
in main 51.70891785621643
0.2348170280456543
in main 48.60670804977417
0.23766016960144043
migration  0.1021127700805664
in main 51.70736384391785
0.227280855178833
in main 57.10918641090393
0.22773170471191406
in main 48.61475896835327
0.2286229133605957
in main 49.56453800201416
0.22771239280700684
in main 50.59350848197937
0.22513484954833984
migration  0.07386589050292969
in main 52.57440233230591
0.2295081615447998
in main 56.21977210044861
0.22898197174072266
in main 56.92381978034973
0.23213863372802734
in main 55.38031315803528
0.2329263687133789
in main 47.551737546920776
0.2314591407775879
migration  0.1176748275756836
in main 48.183053970336914
0.23118305206298828
in main 56.58295464515686
0.23386168479919434
in main 67.84584307670593
0.23088765144348145
in main 55.536866188049316
0.2344188690185547
in main 52.981306314468384
0.23021721839904785
migration  0.15120816230773926
in main 49.34313082695007
0.22907495498657227
in main 56.821040630340576
0.22978901863098145
in main 50.46045517921448
0.23180913925170898
in main 49.02215218544006
0.2396256923675537
in main 53.95029258728027
0.24431657791137695
migration  0.14470291137695312
in main 58.604361057281494
0.2725496292114258
in main 56.090519189834595
0.28029823303222656
in main 51.96405100822449
0.28118062019348145
in main 64.48385643959045
0.23552656173706055
in main 56.40228629112244
0.23572397232055664
migration  0.14274168014526367
in main 56.26155471801758
0.31078553199768066
in main 59.17643189430237
0.23067617416381836
in main 62.2675678730011
0.30565595626831055
in main 51.04517698287964
0.2302846908569336
in main 50.96824264526367
0.22916722297668457
migration  0.15244007110595703
in main 54.60209035873413
0.23059606552124023
in main 53.731093883514404
0.23624420166015625
in main 57.69548511505127
0.2539525032043457
in main 62.73396682739258
0.23040509223937988
in main 58.62533974647522
0.23396658897399902
migration  0.13015103340148926
in main 50.20282864570618
0.26395606994628906
in main 52.99706673622131
0.23438596725463867
in main 55.925886392593384
0.2374417781829834
in main 59.55902051925659
0.23563647270202637
in main 52.51553726196289
0.2358846664428711
migration  0.19338679313659668
in main 53.1260290145874
0.23154449462890625
in main 52.169291496276855
0.2329702377319336
in main 69.32799339294434
0.23535513877868652
in main 58.191076040267944
0.23524212837219238
in main 56.311941385269165
0.23426151275634766
migration  0.10501885414123535
in main 52.4987678527832
0.3281433582305908
in main 61.211485147476196
0.25611305236816406
in main 55.37297797203064
0.24048590660095215
in main 57.104984521865845
0.26894068717956543
in main 56.86276888847351
0.23239421844482422
migration  0.04923105239868164
in main 59.506190061569214
0.2495288848876953
in main 57.61916947364807
0.2431337833404541
in main 69.02193260192871
0.30480456352233887
in main 61.334954261779785
0.23311614990234375
in main 58.2950975894928
0.23203492164611816
migration  0.03956413269042969
in main 57.010958194732666
0.24143195152282715
in main 63.85883617401123
0.23146605491638184
in main 49.25791263580322
0.23788118362426758
in main 57.83145260810852
0.23253774642944336
in main 57.53688859939575
0.23050832748413086
migration  0.05265927314758301
in main 56.302263498306274
0.23001384735107422
in main 51.23773527145386
0.23282504081726074
in main 53.44039583206177
0.2328183650970459
in main 50.75960874557495
0.23513579368591309
in main 53.0673725605011
0.23637747764587402
migration  0.06540703773498535
in main 51.78001022338867
0.2323441505432129
in main 53.31153106689453
0.2315511703491211
in main 55.270952224731445
0.23355865478515625
in main 52.45947575569153
0.23394989967346191
in main 52.59864068031311
0.061159610748291016
0.21685123443603516
migration  0.0005509853363037109
in main 75.2129545211792
0.23730063438415527
in main 60.100053548812866
0.23718762397766113
in main 57.69317889213562
0.23227620124816895
in main 50.84565806388855
0.22710275650024414
in main 52.88320517539978
0.23042821884155273
migration  0.035745859146118164
in main 53.726030349731445
0.23352527618408203
in main 55.14477515220642
0.31096887588500977
in main 56.457581758499146
0.2801024913787842
in main 62.71091055870056
0.2946500778198242
in main 56.797213554382324
0.30048179626464844
migration  0.1454453468322754
in main 58.25764274597168
0.23412013053894043
in main 63.14112854003906
0.23406982421875
in main 53.49817633628845
0.23508310317993164
in main 61.60729694366455
0.2733006477355957
in main 55.35051488876343
0.23868536949157715
migration  0.12727689743041992
in main 60.5698938369751
0.23583602905273438
in main 68.97395396232605
0.2347869873046875
in main 52.95724868774414
0.2617197036743164
in main 57.367061614990234
0.23061370849609375
in main 57.645243883132935
0.22888803482055664
migration  0.3137836456298828
in main 50.532456159591675
0.22911405563354492
in main 56.80412769317627
0.35274791717529297
in main 53.57811093330383
0.31092166900634766
in main 61.79227018356323
0.31357264518737793
in main 59.446210861206055
0.23519396781921387
migration  0.1993856430053711
in main 60.823525190353394
0.22844409942626953
in main 55.829397201538086
0.23168540000915527
in main 48.78037190437317
0.23107337951660156
in main 47.678295373916626
0.23261165618896484
in main 55.126360177993774
0.2339763641357422
migration  0.14090847969055176
in main 56.54597306251526
0.2359766960144043
in main 58.27128982543945
0.27762317657470703
in main 60.49626898765564
0.2614128589630127
in main 57.30664873123169
0.28766870498657227
in main 56.71020579338074
0.2316122055053711
migration  0.07042598724365234
in main 58.93799567222595
0.23251581192016602
in main 52.545047998428345
0.23340582847595215
in main 54.36651873588562
0.3548586368560791
in main 59.81661558151245
0.29816603660583496
in main 55.960366010665894
0.23009896278381348
migration  0.08923602104187012
in main 57.78836441040039
0.274791955947876
in main 64.29711413383484
0.265291690826416
in main 54.65508961677551
0.2353670597076416
in main 59.26138091087341
0.22939395904541016
in main 55.02826523780823
0.26342153549194336
migration  0.27957749366760254
in main 59.88808751106262
0.23461413383483887
in main 50.34043860435486
0.23048901557922363
in main 48.34148669242859
0.23170709609985352
in main 53.37268543243408
0.2390124797821045
in main 51.02511954307556
0.23194456100463867
migration  0.13910913467407227
in main 49.039108753204346
0.2365889549255371
in main 63.568280935287476
0.3037431240081787
in main 54.51323699951172
0.3261544704437256
in main 56.76604437828064
0.23409271240234375
in main 61.71979570388794
0.28549742698669434
migration  0.19737505912780762
in main 64.63527941703796
0.2428421974182129
in main 57.45490789413452
0.23028254508972168
in main 62.614036083221436
0.23192930221557617
in main 53.47275185585022
0.24615979194641113
in main 54.19252109527588
0.2357020378112793
migration  0.13050484657287598
in main 54.148295402526855
0.2512941360473633
in main 54.47008228302002
0.28223538398742676
in main 63.090527296066284
0.22948312759399414
in main 63.80544996261597
0.23728632926940918
in main 61.879645347595215
0.2627246379852295
migration  0.17145919799804688
in main 59.23353409767151
0.2517073154449463
in main 58.18205428123474
0.22875475883483887
in main 60.47472357749939
0.3519935607910156
in main 62.186530351638794
0.24518275260925293
in main 58.28688025474548
0.22794747352600098
migration  0.07158827781677246
in main 54.823301792144775
0.23738336563110352
in main 70.9162085056305
0.23182010650634766
in main 52.175615072250366
0.23428630828857422
in main 52.23501682281494
0.2349851131439209
in main 49.63016629219055
0.2307131290435791
migration  0.07976293563842773
in main 53.50756359100342
0.2299973964691162
in main 61.620744466781616
0.22583317756652832
in main 70.14363360404968
0.22750282287597656
in main 52.517069578170776
0.227783203125
in main 58.5298490524292
0.23172879219055176
migration  0.44511985778808594
in main 68.71972107887268
0.46091151237487793
in main 60.32653331756592
0.2296304702758789
in main 56.41674780845642
0.2298128604888916
in main 62.65900540351868
0.23270082473754883
in main 49.0710129737854
0.23027968406677246
migration  0.1801443099975586
in main 48.54625344276428
0.22869586944580078
in main 58.985838174819946
0.2263188362121582
in main 56.55629086494446
0.22701215744018555
in main 55.88162803649902
0.23228025436401367
in main 54.58125448226929
0.22937989234924316
migration  0.17428803443908691
in main 60.604912519454956
0.23373842239379883
in main 56.872647285461426
0.22983431816101074
in main 49.008999824523926
0.22804594039916992
in main 66.81549620628357
0.23154258728027344
in main 53.1435546875
0.23154187202453613
migration  0.09844231605529785
in main 55.24129390716553
0.2292642593383789
in main 66.77522468566895
0.23075079917907715
in main 59.78126668930054
0.251356840133667
in main 54.66120791435242
0.2904355525970459
in main 56.8741672039032
0.3101491928100586
migration  0.17529296875
in main 54.87048625946045
0.23726224899291992
in main 57.8497793674469
0.232771635055542
in main 55.11103415489197
0.25208353996276855
in main 59.09610557556152
0.2321031093597412
in main 54.66766881942749
0.23311161994934082
migration  0.14589953422546387
in main 54.53178787231445
0.22959685325622559
in main 60.464515924453735
0.2429640293121338
in main 55.81852388381958
0.2863118648529053
in main 58.579246520996094
0.38959741592407227
in main 57.59744429588318
0.23191237449645996
migration  0.2628934383392334
in main 60.55085468292236
0.3034849166870117
in main 59.32815766334534
0.22945356369018555
in main 58.11268734931946
0.2274336814880371
in main 57.86972236633301
0.22707915306091309
in main 57.798590421676636
0.235426664352417
migration  0.09368157386779785
in main 53.168450355529785
0.22865939140319824
in main 55.50243949890137
0.2292346954345703
in main 54.56272482872009
0.2331397533416748
in main 56.865784645080566
0.23727846145629883
in main 53.446616888046265
0.22699689865112305
migration  0.12262153625488281
in main 54.94360709190369
0.2358381748199463
in main 52.69940900802612
0.22961997985839844
in main 51.67805004119873
0.27251338958740234
in main 52.82843089103699
0.2387681007385254
in main 59.91797614097595
0.2357792854309082
migration  0.07943272590637207
in main 56.928913593292236
0.30333662033081055
in main 61.64594626426697
0.23830294609069824
in main 53.988998889923096
0.23204708099365234
in main 54.20880651473999
0.22787737846374512
in main 49.68636155128479
0.28827881813049316
migration  0.14499258995056152
in main 57.42604684829712
0.2690598964691162
in main 51.677584171295166
0.2272958755493164
in main 61.31633424758911
0.237593412399292
in main 55.70134210586548
0.24369597434997559
in main 53.04928135871887
0.23246550559997559
migration  0.0866389274597168
in main 56.11041855812073
0.2329707145690918
in main 63.96584415435791
0.25170230865478516
in main 58.293970584869385
0.23152828216552734
in main 59.11474251747131
0.23112940788269043
in main 53.974902868270874
0.2292313575744629
migration  0.09678483009338379
in main 52.73631954193115
0.2321169376373291
in main 66.31649398803711
0.2315993309020996
in main 51.204432010650635
0.23000144958496094
in main 55.69527745246887
0.23041343688964844
in main 56.196528911590576
0.23348450660705566
migration  0.12798500061035156
in main 52.30833125114441
0.2367861270904541
in main 49.10398244857788
0.22808527946472168
in main 50.485416412353516
0.2272028923034668
in main 51.912569999694824
0.23187589645385742
in main 50.541993141174316
0.060817718505859375
0.21924448013305664
migration  0.2828867435455322
in main 75.01582193374634
0.2368628978729248
in main 75.83789491653442
0.23034000396728516
in main 54.47696614265442
0.22962331771850586
in main 54.34259796142578
0.23601245880126953
in main 52.79392123222351
0.29195237159729004
migration  0.2009119987487793
in main 57.92162775993347
0.25257420539855957
in main 58.505563735961914
0.22816967964172363
in main 60.713064193725586
0.24669408798217773
in main 54.59418749809265
0.30894947052001953
in main 59.974247217178345
0.267728328704834
migration  0.17446613311767578
in main 61.869372844696045
0.2423698902130127
in main 60.750338315963745
0.3312852382659912
in main 56.620447397232056
0.256425142288208
in main 64.7871687412262
0.23418307304382324
in main 52.72080421447754
0.23172783851623535
migration  0.05892539024353027
in main 51.29329252243042
0.28435754776000977
in main 59.30851769447327
0.34525156021118164
in main 54.80023527145386
0.24844646453857422
in main 54.49225854873657
0.23449397087097168
in main 62.698299169540405
0.23035097122192383
migration  0.10421967506408691
in main 56.062485218048096
0.2484595775604248
in main 60.30197310447693
0.23012900352478027
in main 55.08978581428528
0.23414349555969238
in main 46.877270460128784
0.2323896884918213
in main 56.25321435928345
0.2290663719177246
migration  0.23184418678283691
in main 55.51006770133972
0.2317957878112793
in main 55.03706407546997
0.2317366600036621
in main 56.41099762916565
0.2342381477355957
in main 51.76031136512756
0.23459529876708984
in main 49.13478207588196
0.23147344589233398
migration  0.03789472579956055
in main 48.86053395271301
0.23813652992248535
in main 55.32494521141052
0.24568676948547363
in main 60.921393632888794
0.23456978797912598
in main 55.5009560585022
0.23431062698364258
in main 57.36022448539734
0.23694157600402832
migration  0.13812041282653809
in main 56.75001263618469
0.23257780075073242
in main 51.12620544433594
0.2359766960144043
in main 52.03895092010498
0.23203825950622559
in main 51.71250033378601
0.38530516624450684
in main 52.383543252944946
0.23736238479614258
migration  0.1986844539642334
in main 59.30216598510742
0.23151826858520508
in main 57.06096696853638
0.28479576110839844
in main 53.40121817588806
0.23057031631469727
in main 56.784446239471436
0.2295687198638916
in main 57.69173049926758
0.23143696784973145
migration  0.24161148071289062
in main 49.893234968185425
0.28182268142700195
in main 64.02826046943665
0.22835922241210938
in main 52.668195486068726
0.23269319534301758
in main 54.566664934158325
0.23420500755310059
in main 57.8077609539032
0.23065519332885742
migration  0.055405378341674805
in main 61.99590015411377
0.23010683059692383
in main 61.607102155685425
0.22904491424560547
in main 56.38361406326294
0.23038673400878906
in main 48.570579290390015
0.23069477081298828
in main 55.660101890563965
0.3515496253967285
migration  0.3773508071899414
in main 49.19023036956787
0.23649930953979492
in main 59.15653133392334
0.22706151008605957
in main 64.67742013931274
0.23119473457336426
in main 49.35633325576782
0.23649334907531738
in main 57.81588625907898
0.2560100555419922
migration  0.26691341400146484
in main 60.37933301925659
0.4108467102050781
in main 55.68459177017212
0.2296276092529297
in main 57.90847897529602
0.24223709106445312
in main 51.601500272750854
0.23049235343933105
in main 59.199429512023926
0.3216109275817871
migration  0.3524320125579834
in main 61.109527349472046
0.24143743515014648
in main 64.49792909622192
0.23736906051635742
in main 65.14937829971313
0.2312774658203125
in main 64.38136839866638
0.2585904598236084
in main 61.051971435546875
0.23433470726013184
migration  0.06706833839416504
in main 60.123668909072876
0.23099970817565918
in main 53.989718198776245
0.2300405502319336
in main 48.50863289833069
0.2366774082183838
in main 44.7113139629364
0.4643080234527588
in main 54.247522830963135
0.46390628814697266
migration  0.2770226001739502
in main 68.54154419898987
0.22881674766540527
in main 70.24444818496704
0.2325727939605713
in main 60.97615909576416
0.2330026626586914
in main 53.66541600227356
0.22780108451843262
in main 59.31010866165161
0.47264885902404785
migration  0.10259580612182617
in main 73.08978486061096
0.23752212524414062
in main 68.06252217292786
0.39133191108703613
in main 52.938536167144775
0.23612189292907715
in main 61.697322607040405
0.23403191566467285
in main 54.62058734893799
0.24091053009033203
migration  0.1111593246459961
in main 61.730621576309204
0.23588323593139648
in main 58.91524004936218
0.23016858100891113
in main 50.20049023628235
0.22998380661010742
in main 59.11601638793945
0.23080039024353027
in main 51.48991942405701
0.23100519180297852
migration  0.14478540420532227
in main 48.09862279891968
0.23412227630615234
in main 76.54927849769592
0.23036479949951172
in main 72.26646208763123
0.23607373237609863
in main 55.27764630317688
0.23301458358764648
in main 56.3116192817688
0.22789454460144043
migration  0.08342289924621582
in main 51.732776403427124
0.3282032012939453
in main 68.6703519821167
0.3726179599761963
in main 65.68840336799622
0.26079797744750977
in main 62.37724566459656
0.23184537887573242
in main 53.82118344306946
0.23505902290344238
migration  0.15195012092590332
in main 53.00314712524414
0.3045642375946045
in main 67.03059101104736
0.23166251182556152
in main 64.69508409500122
0.23063230514526367
in main 53.29010891914368
0.23296880722045898
in main 52.977120876312256
0.22704482078552246
migration  0.11737942695617676
in main 55.30359148979187
0.23262572288513184
in main 57.830931186676025
0.23821640014648438
in main 55.3769793510437
0.23166251182556152
in main 51.325655937194824
0.23200178146362305
in main 54.317503690719604
0.23540115356445312
migration  0.1525888442993164
in main 53.79786229133606
0.2967102527618408
in main 55.59808135032654
0.2814655303955078
in main 58.94724106788635
0.27707695960998535
in main 61.17434358596802
0.2391524314880371
in main 58.189164876937866
0.23514580726623535
migration  0.16426467895507812
in main 60.74571394920349
0.22857260704040527
in main 49.92259931564331
0.22973132133483887
in main 52.98526573181152
0.2331843376159668
in main 57.094069480895996
0.2378697395324707
in main 51.317545652389526
0.23773479461669922
migration  0.11594581604003906
in main 55.980286836624146
0.23490262031555176
in main 57.39457869529724
0.2500143051147461
in main 57.011338233947754
0.2486250400543213
in main 61.90298318862915
0.24590563774108887
in main 58.368523597717285
0.23322033882141113
migration  0.08492612838745117
in main 58.16535711288452
0.2772941589355469
in main 61.52322721481323
0.26630735397338867
in main 59.0701105594635
0.23755192756652832
in main 54.834250688552856
0.30150461196899414
in main 61.13092541694641
0.2341299057006836
migration  0.16550588607788086
in main 56.61477613449097
0.2329702377319336
in main 60.98934769630432
0.2652890682220459
in main 61.472646951675415
0.23295092582702637
in main 51.16090273857117
0.2325892448425293
in main 53.80022644996643
0.23275518417358398
migration  0.32296133041381836
in main 59.04372978210449
0.23458313941955566
in main 50.61123013496399
0.2303459644317627
in main 50.25163817405701
0.23473358154296875
in main 48.499820947647095
0.23895668983459473
in main 53.0372633934021
0.2339177131652832
migration  0.1380627155303955
in main 55.701457500457764
0.23378634452819824
in main 51.96995973587036
0.2319173812866211
in main 47.7285361289978
0.23782920837402344
in main 58.38578915596008
0.2331709861755371
in main 52.56357431411743
0.23285651206970215
migration  0.23781871795654297
in main 54.57138752937317
0.23388314247131348
in main 50.04845643043518
0.2319202423095703
in main 53.103588581085205
0.23234176635742188
in main 47.457902908325195
0.23601078987121582
in main 51.43764019012451
0.1184689998626709
0.21836614608764648
migration  0.08354711532592773
in main 76.10236740112305
0.22795844078063965
in main 58.28716516494751
0.2374122142791748
in main 53.168089628219604
0.23174214363098145
in main 52.130398988723755
0.23527073860168457
in main 56.81620693206787
0.2377617359161377
migration  0.3709604740142822
in main 49.29968810081482
0.2716801166534424
in main 53.515925884246826
0.30536985397338867
in main 58.52778434753418
0.2315068244934082
in main 58.145029067993164
0.2539103031158447
in main 54.99246621131897
0.26239848136901855
migration  0.05548453330993652
in main 61.37404537200928
0.23370766639709473
in main 59.830543756484985
0.28591132164001465
in main 63.41453433036804
0.23185133934020996
in main 69.74020791053772
0.23467397689819336
in main 54.07925486564636
0.2333831787109375
migration  0.23280858993530273
in main 52.36861872673035
0.2294776439666748
in main 58.7836537361145
0.23096919059753418
in main 51.32617259025574
0.23250341415405273
in main 53.70394563674927
0.23172926902770996
in main 53.691543102264404
0.23320436477661133
migration  0.08673787117004395
in main 59.046374559402466
0.22925925254821777
in main 56.685595750808716
0.23257207870483398
in main 50.47040891647339
0.22931933403015137
in main 52.70221948623657
0.244842529296875
in main 52.31162929534912
0.2308058738708496
migration  0.18054533004760742
in main 53.23406744003296
0.22967267036437988
in main 54.75392961502075
0.23079514503479004
in main 55.488937854766846
0.22956037521362305
in main 51.73925232887268
0.23264575004577637
in main 50.029449462890625
0.23021626472473145
migration  0.036337852478027344
in main 51.75749945640564
0.22949671745300293
in main 54.2402663230896
0.23208308219909668
in main 50.760701179504395
0.23151111602783203
in main 51.980652809143066
0.23247194290161133
in main 53.591389179229736
0.22939062118530273
migration  0.0914461612701416
in main 55.39558410644531
0.2911663055419922
in main 51.978914737701416
0.22853922843933105
in main 50.83764052391052
0.3033480644226074
in main 55.4491605758667
0.23191475868225098
in main 54.147077560424805
0.23113322257995605
migration  0.518939733505249
in main 50.74215579032898
0.26029396057128906
in main 55.142473459243774
0.22996997833251953
in main 56.89889430999756
0.2337474822998047
in main 51.35223317146301
0.23657679557800293
in main 52.493653297424316
0.23031902313232422
migration  0.10346865653991699
in main 55.73855900764465
0.22855401039123535
in main 58.450448751449585
0.35631489753723145
in main 64.79718279838562
0.22955989837646484
in main 60.98603367805481
0.23529934883117676
in main 55.55445671081543
0.23177266120910645
migration  0.14656352996826172
in main 57.64200973510742
0.23524999618530273
in main 54.56434440612793
0.2363576889038086
in main 56.95500135421753
0.23537802696228027
in main 48.792089223861694
0.23995327949523926
in main 69.39165949821472
0.23470735549926758
migration  0.1534566879272461
in main 57.49130463600159
0.23398756980895996
in main 53.07284188270569
0.23587298393249512
in main 57.57660412788391
0.23096251487731934
in main 67.39776587486267
0.23289227485656738
in main 60.22414755821228
0.23016858100891113
migration  0.044207096099853516
in main 55.63934111595154
0.2276921272277832
in main 53.053648471832275
0.23306059837341309
in main 53.11979794502258
0.23540735244750977
in main 58.070536613464355
0.2347116470336914
in main 53.92680764198303
0.23675131797790527
migration  0.2648160457611084
in main 59.23754000663757
0.23824572563171387
in main 58.73292779922485
0.23375630378723145
in main 58.791907787323
0.23033738136291504
in main 59.69599747657776
0.31851744651794434
in main 55.30692386627197
0.2738687992095947
migration  0.13571929931640625
in main 60.333770751953125
0.23302888870239258
in main 54.521639823913574
0.22635316848754883
in main 69.84103751182556
0.2313098907470703
in main 46.35749840736389
0.22798752784729004
in main 55.96628999710083
0.2306199073791504
migration  0.1773228645324707
in main 51.29007649421692
0.23463773727416992
in main 56.44341731071472
0.23740148544311523
in main 54.63990664482117
0.23497486114501953
in main 55.39589190483093
0.23282909393310547
in main 51.38883399963379
0.23406147956848145
migration  0.04134559631347656
in main 52.55025362968445
0.22701478004455566
in main 50.53919291496277
0.2286539077758789
in main 49.73077368736267
0.23006415367126465
in main 52.315932273864746
0.23420000076293945
in main 52.51844835281372
0.23253083229064941
migration  0.2889668941497803
in main 58.00039029121399
0.2276151180267334
in main 67.24877405166626
0.2277994155883789
in main 53.34101486206055
0.23314166069030762
in main 49.948872089385986
0.23152399063110352
in main 46.96429634094238
0.24699163436889648
migration  0.0750434398651123
in main 59.628777265548706
0.23452377319335938
in main 64.34064388275146
0.2398219108581543
in main 65.51650595664978
0.2314150333404541
in main 52.01787614822388
0.22968721389770508
in main 51.60332798957825
0.2364809513092041
migration  0.23796820640563965
in main 51.1272132396698
0.2314760684967041
in main 85.57951593399048
0.2331852912902832
in main 50.263073682785034
0.23885273933410645
in main 57.49541211128235
0.24671673774719238
in main 57.15756392478943
0.24239587783813477
migration  0.12027335166931152
in main 54.75542235374451
0.23027610778808594
in main 48.964537143707275
0.23148345947265625
in main 54.00268840789795
0.25966310501098633
in main 58.90316677093506
0.37004804611206055
in main 60.27077889442444
0.22951364517211914
migration  0.38809752464294434
in main 57.232661962509155
0.235551118850708
in main 69.89498615264893
0.25293827056884766
in main 61.34058666229248
0.29265832901000977
in main 60.8160605430603
0.30316996574401855
in main 57.60463571548462
0.23276710510253906
migration  0.13303565979003906
in main 67.01482462882996
0.23525714874267578
in main 65.6437873840332
0.2987027168273926
in main 59.777124881744385
0.23267841339111328
in main 59.2689266204834
0.2334589958190918
in main 56.69428825378418
0.22977042198181152
migration  0.1641530990600586
in main 63.57820248603821
0.22695159912109375
in main 56.47022795677185
0.2320420742034912
in main 55.75830030441284
0.23891234397888184
in main 56.024115324020386
0.23060035705566406
in main 55.56978368759155
0.2323896884918213
migration  0.17070269584655762
in main 64.69551157951355
0.22736716270446777
in main 57.81775259971619
0.2425227165222168
in main 57.38926887512207
0.3324167728424072
in main 65.26814603805542
0.23097443580627441
in main 53.806544065475464
0.23577046394348145
migration  0.09839534759521484
in main 54.098302364349365
0.23108673095703125
in main 62.118974685668945
0.234483003616333
in main 65.43795728683472
0.26375794410705566
in main 59.00140428543091
0.23058724403381348
in main 60.10088586807251
0.2292640209197998
migration  0.03948378562927246
in main 54.71228241920471
0.2306516170501709
in main 57.45721125602722
0.29038572311401367
in main 60.47751522064209
0.27250003814697266
in main 64.11917901039124
0.23341894149780273
in main 58.60481238365173
0.23809289932250977
migration  0.06947875022888184
in main 56.32239818572998
0.2301933765411377
in main 58.255573987960815
0.2743067741394043
in main 63.65497827529907
0.22909045219421387
in main 53.97445845603943
0.23743057250976562
in main 57.00560998916626
0.22773098945617676
migration  0.09063863754272461
in main 53.443899631500244
0.23521661758422852
in main 60.06818079948425
0.23002314567565918
in main 51.7419810295105
0.23373699188232422
in main 52.76333022117615
0.23102402687072754
in main 54.7671422958374
0.22847938537597656
migration  0.11948585510253906
in main 54.332672357559204
0.2329413890838623
in main 54.86118793487549
0.23831629753112793
in main 56.67328333854675
0.2307286262512207
in main 53.64552402496338
0.22871685028076172
in main 55.661742210388184
0.06165194511413574
0.22034263610839844
migration  0.16441702842712402
in main 108.95664811134338
0.23068523406982422
in main 56.82115817070007
0.23620820045471191
in main 55.332581520080566
0.22829937934875488
in main 52.761435985565186
0.23517632484436035
in main 52.53599548339844
0.27037549018859863
migration  0.2126607894897461
in main 49.259214878082275
0.3644421100616455
in main 58.779945611953735
0.23499846458435059
in main 60.02555060386658
0.22957706451416016
in main 54.724061489105225
0.2797694206237793
in main 54.757731437683105
0.23417377471923828
migration  0.20085811614990234
in main 56.52017116546631
0.30400824546813965
in main 56.49923896789551
0.2724416255950928
in main 57.546812534332275
0.28657078742980957
in main 65.98609900474548
0.2338883876800537
in main 52.59004878997803
0.3868527412414551
migration  0.20260262489318848
in main 55.458943605422974
0.23090624809265137
in main 50.11122131347656
0.29239869117736816
in main 61.37810730934143
0.2948267459869385
in main 63.82556891441345
0.23096370697021484
in main 58.21656942367554
0.23184990882873535
migration  0.31845760345458984
in main 55.66082406044006
0.23060226440429688
in main 59.59471678733826
0.2296891212463379
in main 58.962830781936646
0.23380637168884277
in main 52.77960777282715
0.23280882835388184
in main 57.22159671783447
0.22937417030334473
migration  0.24431848526000977
in main 56.54653596878052
0.4627420902252197
in main 110.13534593582153
0.23142004013061523
in main 78.32817196846008
0.2326648235321045
in main 53.05101990699768
0.23456525802612305
in main 59.06558346748352
0.23886585235595703
migration  0.3314955234527588
in main 54.55261969566345
0.22718095779418945
in main 54.89284062385559
0.30533552169799805
in main 55.07615828514099
0.27503132820129395
in main 59.59234404563904
0.23152875900268555
in main 53.18879675865173
0.23020696640014648
migration  0.04268288612365723
in main 56.84759521484375
0.285811185836792
in main 56.17878484725952
0.299762487411499
in main 65.3400821685791
0.29221558570861816
in main 55.153696060180664
0.23023772239685059
in main 55.02957248687744
0.23625969886779785
migration  0.11623692512512207
in main 61.605233907699585
0.23315882682800293
in main 55.19036793708801
0.2313530445098877
in main 61.89768409729004
0.23774957656860352
in main 60.534857749938965
0.2818031311035156
in main 55.148842334747314
0.23293256759643555
migration  0.058356285095214844
in main 53.947428941726685
0.23741602897644043
in main 56.27116274833679
0.23229074478149414
in main 59.22483587265015
0.23226451873779297
in main 51.086684465408325
0.23856377601623535
in main 57.64706110954285
0.23766541481018066
migration  0.1949787139892578
in main 59.382508754730225
0.23070645332336426
in main 60.09344530105591
0.23585104942321777
in main 56.251259565353394
0.2542722225189209
in main 60.283008337020874
0.23967361450195312
in main 50.671626806259155
0.2758207321166992
migration  0.0434718132019043
in main 62.44870471954346
0.22988224029541016
in main 52.96502470970154
0.3133094310760498
in main 59.22989583015442
0.25959277153015137
in main 65.26254057884216
0.22975444793701172
in main 63.51293349266052
0.2835369110107422
migration  0.04011797904968262
in main 57.93354272842407
0.23257112503051758
in main 56.17428421974182
0.2374591827392578
in main 51.16214632987976
0.2750530242919922
in main 53.04325747489929
0.23137140274047852
in main 59.387847661972046
0.25344347953796387
migration  0.07784700393676758
in main 50.64596724510193
0.23828840255737305
in main 63.61100244522095
0.23113131523132324
in main 53.73108744621277
0.23956704139709473
in main 57.58591294288635
0.24030351638793945
in main 51.41034913063049
0.23110008239746094
migration  0.05879402160644531
in main 55.051437854766846
0.2283017635345459
in main 79.65958452224731
0.47598767280578613
in main 64.79366064071655
0.23419427871704102
in main 61.487367153167725
0.23137164115905762
in main 51.69148564338684
0.22889375686645508
migration  0.17660140991210938
in main 87.51285099983215
0.23353219032287598
in main 71.84560680389404
0.234039306640625
in main 58.955827474594116
0.23865580558776855
in main 60.94697976112366
0.23127079010009766
in main 49.489678144454956
0.2387549877166748
migration  0.08334541320800781
in main 53.60228753089905
0.23145794868469238
in main 55.85235595703125
0.23491430282592773
in main 49.81002688407898
0.23452210426330566
in main 50.79715085029602
0.2312641143798828
in main 53.176374435424805
0.23313188552856445
migration  0.6568248271942139
in main 47.97131395339966
0.23533248901367188
in main 57.05811595916748
0.23138737678527832
in main 55.30935215950012
0.23211669921875
in main 49.21516132354736
0.2405862808227539
in main 50.01252794265747
0.23403048515319824
migration  0.07500052452087402
in main 51.439817905426025
0.23905301094055176
in main 71.3889148235321
0.23705291748046875
in main 54.7368643283844
0.23288750648498535
in main 56.39861059188843
0.23351478576660156
in main 49.682594776153564
0.23201513290405273
migration  0.10657930374145508
in main 52.0312659740448
0.24141979217529297
in main 56.638087034225464
0.27370524406433105
in main 64.83926224708557
0.23625493049621582
in main 58.121541023254395
0.23581409454345703
in main 52.697816610336304
0.2370760440826416
migration  0.10602474212646484
in main 49.739814043045044
0.22931885719299316
in main 52.27297234535217
0.2310481071472168
in main 53.015604734420776
0.2819654941558838
in main 56.36952233314514
0.24309730529785156
in main 60.54202628135681
0.23735475540161133
migration  0.05103254318237305
in main 60.47377634048462
0.28005337715148926
in main 53.79606103897095
0.23909759521484375
in main 64.94549798965454
0.23868989944458008
in main 55.40300107002258
0.2810828685760498
in main 60.71262884140015
0.23726153373718262
migration  0.05131363868713379
in main 56.769038915634155
0.3036799430847168
in main 61.63051891326904
0.22995853424072266
in main 56.916424036026
0.2750530242919922
in main 51.90459632873535
0.23360419273376465
in main 57.74527835845947
0.2358543872833252
migration  0.17922091484069824
in main 52.108285427093506
0.46962904930114746
in main 59.390000343322754
0.2319035530090332
in main 67.05557584762573
0.2341907024383545
in main 60.397197246551514
0.23397421836853027
in main 59.54763436317444
0.23371481895446777
migration  0.10776829719543457
in main 61.02654767036438
0.2549595832824707
in main 59.30904483795166
0.23135042190551758
in main 58.740994930267334
0.2333991527557373
in main 63.494919776916504
0.26180410385131836
in main 59.97442865371704
0.2347729206085205
migration  0.03315019607543945
in main 57.82103443145752
0.28209614753723145
in main 59.35866022109985
0.23645353317260742
in main 57.49644899368286
0.2334141731262207
in main 56.68247604370117
0.2460784912109375
in main 57.470414876937866
0.23371315002441406
migration  0.08479499816894531
in main 59.07636594772339
0.2283031940460205
in main 54.87595200538635
0.2340221405029297
in main 64.31587791442871
0.23691940307617188
in main 65.5640959739685
0.23456382751464844
in main 54.7863335609436
0.2674539089202881
migration  0.06516742706298828
in main 58.423604011535645
0.23528695106506348
in main 54.90866017341614
0.2319185733795166
in main 50.03813815116882
0.23487401008605957
in main 72.3581473827362
0.23575615882873535
in main 51.05838584899902
0.23570561408996582
migration  0.03457808494567871
in main 52.92513656616211
0.23453068733215332
in main 55.06701850891113
0.23314857482910156
in main 54.22058153152466
0.2385268211364746
in main 54.13407349586487
0.23244953155517578
in main 52.37102675437927
0.22873783111572266
migration  0.4551405906677246
in main 57.833176136016846
0.2334291934967041
in main 54.36644721031189
0.22813200950622559
in main 46.63126063346863
0.22301816940307617
in main 51.709216833114624
0.22323107719421387
in main 50.03234815597534
0.06102323532104492
0.2196516990661621
migration  0.08551454544067383
in main 77.29690885543823
0.2359905242919922
in main 56.750789165496826
0.23031091690063477
in main 54.149704694747925
0.2295703887939453
in main 56.1540367603302
0.22857356071472168
in main 53.18813490867615
0.23398280143737793
migration  0.04352068901062012
in main 53.018805503845215
0.23220443725585938
in main 51.62815856933594
0.2336747646331787
in main 57.288625955581665
0.23215699195861816
in main 59.14904546737671
0.316298246383667
in main 59.5954225063324
0.2503790855407715
migration  0.05820488929748535
in main 52.45762062072754
0.23256993293762207
in main 58.537808418273926
0.2295668125152588
in main 70.31306600570679
0.22845864295959473
in main 56.06881928443909
0.23254990577697754
in main 51.49864482879639
0.23492002487182617
migration  0.04318737983703613
in main 57.56129288673401
0.23614883422851562
in main 55.736687660217285
0.23395323753356934
in main 63.742995262145996
0.22965145111083984
in main 54.864808320999146
0.2798314094543457
in main 66.89130187034607
0.22866225242614746
migration  0.1477646827697754
in main 51.32430338859558
0.23420095443725586
in main 55.33057951927185
0.23109865188598633
in main 56.71260190010071
0.2322092056274414
in main 63.22582745552063
0.2367093563079834
in main 63.65852165222168
0.2351670265197754
migration  0.04439878463745117
in main 60.19381070137024
0.23209023475646973
in main 57.99444794654846
0.2366786003112793
in main 54.362433195114136
0.23830223083496094
in main 54.34054732322693
0.2346053123474121
in main 51.81767225265503
0.34881067276000977
migration  0.2816150188446045
in main 74.18371629714966
0.23696660995483398
in main 62.05692410469055
0.23590874671936035
in main 65.21475553512573
0.23474788665771484
in main 66.58401441574097
0.2574160099029541
in main 63.235501289367676
0.23091530799865723
migration  0.1676793098449707
in main 60.30796766281128
0.2366809844970703
in main 60.38272213935852
0.25658369064331055
in main 62.10253167152405
0.23418021202087402
in main 65.74904704093933
0.25221776962280273
in main 59.39634871482849
0.2479565143585205
migration  0.30626678466796875
in main 62.76370930671692
0.23351478576660156
in main 62.21275758743286
0.24256277084350586
in main 59.11752247810364
0.2636849880218506
in main 59.122848987579346
0.23990416526794434
in main 62.2151095867157
0.23512935638427734
migration  0.12877559661865234
in main 57.05423593521118
0.3535189628601074
in main 64.23453831672668
0.28321290016174316
in main 65.82053971290588
0.33235597610473633
in main 60.70286417007446
0.22948360443115234
in main 58.485655546188354
0.33686017990112305
migration  0.04112720489501953
in main 64.5302746295929
0.24486064910888672
in main 64.97074580192566
0.2271101474761963
in main 59.08372712135315
0.2337484359741211
in main 61.04191875457764
0.23539352416992188
in main 52.239142656326294
0.23503637313842773
migration  0.09159541130065918
in main 60.73529410362244
0.2607755661010742
in main 64.39755845069885
0.23537755012512207
in main 65.48735356330872
0.2727370262145996
in main 62.06094264984131
0.24626994132995605
in main 53.770373582839966
0.23271942138671875
migration  0.3352694511413574
in main 65.5377025604248
0.24330401420593262
in main 60.67009902000427
0.24627017974853516
in main 62.535574197769165
0.23018860816955566
in main 55.086731910705566
0.28395509719848633
in main 64.17098927497864
0.2336113452911377
migration  0.08147120475769043
in main 59.32513785362244
0.23484301567077637
in main 57.14185285568237
0.22996068000793457
in main 53.23155760765076
0.23249220848083496
in main 55.037550926208496
0.23337149620056152
in main 57.53302550315857
0.464785099029541
migration  0.21915721893310547
in main 59.77743458747864
0.23328804969787598
in main 58.80685114860535
0.23255109786987305
in main 54.68773889541626
0.23334813117980957
in main 57.461841344833374
0.23158717155456543
in main 56.94638705253601
0.23410844802856445
migration  0.062108516693115234
in main 56.87468242645264
0.2299818992614746
in main 63.76810145378113
0.2316606044769287
in main 55.661317348480225
0.4760150909423828
in main 66.18414998054504
0.23473310470581055
in main 59.828617572784424
0.2309563159942627
migration  0.23582053184509277
in main 63.88719654083252
0.2315526008605957
in main 60.097508907318115
0.372600793838501
in main 62.21503496170044
0.23123550415039062
in main 63.447248697280884
0.23167896270751953
in main 55.56934642791748
0.23108124732971191
migration  0.10099339485168457
in main 54.52971148490906
0.23375630378723145
in main 61.07855176925659
0.23066067695617676
in main 60.80632400512695
0.23285341262817383
in main 52.40283465385437
0.23304033279418945
in main 56.94203782081604
0.23102235794067383
migration  0.2371654510498047
in main 64.48664426803589
0.23716521263122559
in main 54.78759145736694
0.24111199378967285
in main 49.69451856613159
0.24692583084106445
in main 58.51457142829895
0.23283958435058594
in main 53.708422899246216
0.27558255195617676
migration  0.40507984161376953
in main 48.58761668205261
0.2714388370513916
in main 57.685643672943115
0.2938520908355713
in main 61.603962659835815
0.23152971267700195
in main 60.62273359298706
0.2373650074005127
in main 53.63768911361694
0.2846500873565674
migration  0.2745347023010254
in main 63.86050891876221
0.23343777656555176
in main 51.66367197036743
0.2298424243927002
in main 67.66297674179077
0.23539996147155762
in main 54.38417100906372
0.31812024116516113
in main 58.688456535339355
0.3155810832977295
migration  0.15613079071044922
in main 58.16130495071411
0.23456621170043945
in main 55.190797090530396
0.2279515266418457
in main 54.89356970787048
0.2629280090332031
in main 54.87543487548828
0.23488211631774902
in main 59.783437728881836
0.37016963958740234
migration  0.08877348899841309
in main 66.93478512763977
0.29378199577331543
in main 58.02670741081238
0.23374676704406738
in main 58.37862849235535
0.2314598560333252
in main 56.38614273071289
0.2319943904876709
in main 56.25452947616577
0.23400068283081055
migration  0.08247733116149902
in main 56.78917479515076
0.2363755702972412
in main 61.525386095047
0.24284029006958008
in main 59.36860203742981
0.3231961727142334
in main 53.44640326499939
0.2436840534210205
in main 57.95785880088806
0.23135876655578613
migration  0.06328797340393066
in main 62.07837963104248
0.2694203853607178
in main 64.66613578796387
0.23511838912963867
in main 64.73506045341492
0.261171817779541
in main 61.355029344558716
0.23348760604858398
in main 62.997830867767334
0.23749494552612305
migration  0.10959863662719727
in main 59.83759880065918
0.2426164150238037
in main 62.63206148147583
0.2622873783111572
in main 59.616318464279175
0.30242347717285156
in main 60.00396227836609
0.23062634468078613
in main 59.737329721450806
0.36184048652648926
migration  0.09785890579223633
in main 62.159668922424316
0.30023956298828125
in main 57.277994871139526
0.23314929008483887
in main 59.56978249549866
0.23264217376708984
in main 50.9063560962677
0.22915101051330566
in main 57.755314111709595
0.24024724960327148
migration  0.08195328712463379
in main 56.433075189590454
0.23827028274536133
in main 59.077298402786255
0.23298382759094238
in main 56.727577686309814
0.22972488403320312
in main 55.370018005371094
0.23457813262939453
in main 56.20708179473877
0.23174142837524414
migration  0.05889463424682617
in main 58.152530670166016
0.23718738555908203
in main 54.727089166641235
0.23267245292663574
in main 52.549962282180786
0.23516201972961426
in main 51.682127952575684
0.23488259315490723
in main 49.45976972579956
0.22141647338867188
migration  0.13795995712280273
in main 49.48560357093811
0.22591233253479004
in main 50.64140582084656
0.21801996231079102
in main 51.3762366771698
0.20771098136901855
in main 49.077903509140015
0.20728015899658203
in main 51.7044939994812
4.6421802043914795
1 , 0.7582863585118377 , 0.7695
2 , 0.5422773393461104 , 0.5575
3 , 0.3702367531003382 , 0.40800000000000003
9 , 0.265163472378805 , 0.2945
6 , 0.28951521984216455 , 0.3045
7 , 0.28207440811724915 , 0.2845
5 , 0.3544532130777903 , 0.365
4 , 0.36009019165727174 , 0.403
1 , 0.7589627959413754 , 0.7705
2 , 0.5429537767756483 , 0.5515
3 , 0.3754227733934611 , 0.404
6 , 0.3089064261555806 , 0.3315
7 , 0.2897406989853438 , 0.30600000000000005
5 , 0.3555806087936866 , 0.38249999999999995
4 , 0.36166854565952644 , 0.388
1 , 0.7591882750845547 , 0.771
2 , 0.5461104847801579 , 0.5529999999999999
3 , 0.3851183765501691 , 0.41700000000000004
6 , 0.3355129650507328 , 0.345
9 , 0.29447576099210826 , 0.3175
8 , 0.2992108229988726 , 0.31299999999999994
7 , 0.3023675310033822 , 0.32099999999999995
5 , 0.3594137542277339 , 0.36750000000000005
4 , 0.3634723788049605 , 0.381
1 , 0.7594137542277339 , 0.7715
2 , 0.5501691093573844 , 0.562
3 , 0.3862457722660654 , 0.40900000000000003
6 , 0.33686583990980834 , 0.361
10 , 0.30101465614430667 , 0.30600000000000005
7 , 0.30372040586245774 , 0.31999999999999995
5 , 0.361217587373168 , 0.38149999999999995
4 , 0.3670800450958286 , 0.383
1 , 0.7596392333709132 , 0.77
2 , 0.5517474633596393 , 0.562
3 , 0.38804960541149947 , 0.4195
6 , 0.3379932356257046 , 0.36850000000000005
7 , 0.30529875986471255 , 0.32799999999999996
9 , 0.30462232243517473 , 0.31200000000000006
5 , 0.3627959413754228 , 0.381
4 , 0.3688838782412627 , 0.39349999999999996
1 , 0.7598647125140925 , 0.771
2 , 0.5526493799323562 , 0.563
3 , 0.3916572717023675 , 0.41800000000000004
6 , 0.3406989853438557 , 0.369
8 , 0.30935738444193916 , 0.3265
7 , 0.3098083427282976 , 0.3205
5 , 0.3634723788049605 , 0.37649999999999995
4 , 0.3720405862457723 , 0.398
1 , 0.7603156708004509 , 0.773
2 , 0.5546786922209695 , 0.575
3 , 0.3918827508455468 , 0.4265
6 , 0.344532130777903 , 0.367
7 , 0.3140924464487035 , 0.32599999999999996
8 , 0.3107102593010147 , 0.32799999999999996
5 , 0.36730552423900786 , 0.39249999999999996
4 , 0.37249154453213074 , 0.384
1 , 0.7605411499436302 , 0.771
2 , 0.5562570462232244 , 0.562
3 , 0.39391206313416005 , 0.42400000000000004
6 , 0.34520856820744084 , 0.356
7 , 0.3215332581736189 , 0.3165
8 , 0.31116121758737314 , 0.34099999999999997
4 , 0.3729425028184893 , 0.394
1 , 0.7609921082299888 , 0.7725
2 , 0.5567080045095829 , 0.571
3 , 0.3952649379932356 , 0.41600000000000004
6 , 0.34746335963923336 , 0.362
7 , 0.32694475760992103 , 0.352
8 , 0.3125140924464487 , 0.3275
9 , 0.3113866967305524 , 0.33999999999999997
5 , 0.3751972942502818 , 0.38349999999999995
4 , 0.3794813979706877 , 0.40149999999999997
1 , 0.7612175873731679 , 0.7715
2 , 0.5580608793686583 , 0.5695
3 , 0.3961668545659527 , 0.4135
6 , 0.35016910935738443 , 0.36050000000000004
7 , 0.3273957158962796 , 0.346
8 , 0.31431792559188276 , 0.3245
9 , 0.3125140924464487 , 0.33899999999999997
5 , 0.37745208568207445 , 0.391
4 , 0.38218714768883877 , 0.41400000000000003
1 , 0.7614430665163472 , 0.7725
2 , 0.5582863585118376 , 0.571
3 , 0.3984216459977452 , 0.41900000000000004
6 , 0.3510710259301014 , 0.37050000000000005
7 , 0.33416009019165727 , 0.35850000000000004
8 , 0.3179255918827508 , 0.3395
5 , 0.37835400225479143 , 0.405
4 , 0.38489289740698984 , 0.41500000000000004
1 , 0.7616685456595265 , 0.7725
2 , 0.5587373167981962 , 0.5715
3 , 0.39887260428410376 , 0.42400000000000004
6 , 0.35174746335963925 , 0.37
7 , 0.33506200676437425 , 0.35850000000000004
8 , 0.3181510710259301 , 0.32199999999999995
5 , 0.3785794813979707 , 0.398
4 , 0.38895152198421645 , 0.42600000000000005
1 , 0.7618940248027057 , 0.7745
8 , 0.31860202931228865 , 0.346
3 , 0.3990980834272829 , 0.43200000000000005
finish training at: 8961.175282478333
