read data finish
{'E': 0, 'X': 1, 'A': 2, 'D': 3, 'B': 4, 'Y': 5, 'W': 6, 'F': 7, 'G': 8, 'I': 9, 'H': 10, 'C': 11}
{'migration': 'ring', 'objective': 'nsga-ii', 'data_division': 'NO', 'train-data': 'avila-tr.txt', 'test-data': 'avila-ts.txt', 'evaluation_num': 10000000000.0, 'core_num': 12, 'init': None, 'init_N_pop': 100, 'stop_generation': 150, 'N_pop': 100, 'weight-vector': (-1, 1), 'P_M': 0.1, 'P_m': 0.1, 'lnum': 10, 'P_dc': 0.8, 'N_rule': 10, 'delimiter': ',', 'mode': '5CV', 'migration_fre': 10, 'migration_num': 3, 'copy_migration': True}
0.06795406341552734
0.2243959903717041
migration  0.0005927085876464844
in main 45.7897789478302
0.23343443870544434
in main 53.085076570510864
0.2351820468902588
in main 57.29426574707031
0.23049592971801758
in main 52.33953261375427
0.3121159076690674
in main 48.85756492614746
0.2902405261993408
in main 57.75549507141113
0.3231477737426758
in main 52.44668936729431
0.2480628490447998
in main 52.1325044631958
0.27968907356262207
in main 59.99996781349182
0.2686429023742676
in main 53.378896713256836
0.2279510498046875
migration  0.059328556060791016
in main 47.04044055938721
0.23540544509887695
in main 46.22038769721985
0.2300126552581787
in main 40.66244387626648
0.3013157844543457
in main 45.91030764579773
0.3337562084197998
in main 50.38585615158081
0.229142427444458
in main 50.75713920593262
0.29851365089416504
in main 50.6575882434845
0.22821378707885742
in main 49.789231300354004
0.22394061088562012
in main 53.407525062561035
0.22048187255859375
in main 56.059765577316284
0.3264601230621338
migration  0.21653270721435547
in main 54.73207068443298
0.22728300094604492
in main 54.207133769989014
0.3170433044433594
in main 51.191869020462036
0.2292618751525879
in main 55.364381313323975
0.23470664024353027
in main 47.086641788482666
0.22593092918395996
in main 50.22959876060486
0.2278280258178711
in main 52.03741478919983
0.22664189338684082
in main 48.81710195541382
0.2384791374206543
in main 50.154006004333496
0.23214960098266602
in main 56.31876611709595
0.2690732479095459
migration  0.2071976661682129
in main 58.89829206466675
0.2948601245880127
in main 47.058316707611084
0.2665424346923828
in main 50.7225923538208
0.24480175971984863
in main 54.991244077682495
0.23410916328430176
in main 50.39668822288513
0.32099485397338867
in main 50.80955791473389
0.22821545600891113
in main 47.16129231452942
0.233626127243042
in main 53.92619180679321
0.22675108909606934
in main 48.61304974555969
0.23706459999084473
in main 46.111032247543335
0.23529386520385742
migration  0.262347936630249
in main 43.35046315193176
0.2340841293334961
in main 53.71629047393799
0.2270350456237793
in main 50.038591623306274
0.22711181640625
in main 47.718841314315796
0.2250077724456787
in main 46.70241355895996
0.2253427505493164
in main 47.421741008758545
0.2258758544921875
in main 53.41630578041077
0.22335195541381836
in main 47.798601150512695
0.22530174255371094
in main 53.47145700454712
0.22809338569641113
in main 46.801329612731934
0.22804594039916992
migration  0.12849831581115723
in main 47.74347138404846
0.22867155075073242
in main 45.843284368515015
0.24128103256225586
in main 53.486966371536255
0.23020076751708984
in main 54.88762283325195
0.2830343246459961
in main 51.260077714920044
0.24646615982055664
in main 51.07879972457886
0.24987125396728516
in main 56.3939995765686
0.22460508346557617
in main 49.77283763885498
0.22353720664978027
in main 51.68676781654358
0.32702136039733887
in main 49.790568828582764
0.2260434627532959
migration  0.13085722923278809
in main 48.716782569885254
0.2477741241455078
in main 53.36802291870117
0.2822699546813965
in main 49.99566173553467
0.2349553108215332
in main 50.96853065490723
0.26441097259521484
in main 53.549060344696045
0.23351263999938965
in main 48.274033069610596
0.2289431095123291
in main 47.17210054397583
0.23689603805541992
in main 49.46017146110535
0.22649049758911133
in main 51.066338300704956
0.22974896430969238
in main 45.242058753967285
0.28423142433166504
migration  0.3518648147583008
in main 47.74967074394226
0.2316114902496338
in main 50.758883476257324
0.22475862503051758
in main 44.289063930511475
0.22750377655029297
in main 48.28242468833923
0.22435879707336426
in main 51.266016483306885
0.22516989707946777
in main 45.87495970726013
0.24285387992858887
in main 53.40043568611145
0.2539632320404053
in main 50.40594673156738
0.2528848648071289
in main 57.75697302818298
0.22502350807189941
in main 54.322784423828125
0.2262728214263916
migration  0.14666533470153809
in main 65.28567600250244
0.24436187744140625
in main 48.37877559661865
0.2253556251525879
in main 49.554887771606445
0.2770066261291504
in main 53.84974193572998
0.32941150665283203
in main 53.896684646606445
0.22542476654052734
in main 58.726871490478516
0.22870469093322754
in main 44.6431610584259
0.22871828079223633
in main 53.80023431777954
0.27663612365722656
in main 55.47127342224121
0.2757554054260254
in main 55.458396196365356
0.22788453102111816
migration  0.46710658073425293
in main 48.17915391921997
0.22518324851989746
in main 57.8623788356781
0.23228907585144043
in main 50.55504107475281
0.2533118724822998
in main 53.50342607498169
0.2698366641998291
in main 56.580320835113525
0.23707842826843262
in main 53.685482025146484
0.22332024574279785
in main 49.526604652404785
0.2260737419128418
in main 49.21839189529419
0.2748851776123047
in main 55.667685985565186
0.28487086296081543
in main 51.68314170837402
0.267894983291626
migration  0.3874650001525879
in main 57.854392528533936
0.226715087890625
in main 61.07763910293579
0.22399163246154785
in main 55.79067850112915
0.2254173755645752
in main 52.32942795753479
0.22502541542053223
in main 56.53390407562256
0.22701764106750488
in main 50.13119912147522
0.22889399528503418
in main 50.86829710006714
0.29395008087158203
in main 48.46075797080994
0.28371262550354004
in main 60.826446533203125
0.22823596000671387
in main 53.143712282180786
0.22870516777038574
migration  0.13631916046142578
in main 54.875001430511475
0.2846968173980713
in main 57.79011845588684
0.2259535789489746
in main 59.96883749961853
0.2360231876373291
in main 49.618415117263794
0.23744678497314453
in main 54.00941514968872
0.24421024322509766
in main 52.58146953582764
0.35369348526000977
in main 57.902090311050415
0.2252655029296875
in main 48.47120428085327
0.22371363639831543
in main 46.918158531188965
0.2252945899963379
in main 44.93763256072998
0.22621631622314453
migration  0.1291036605834961
in main 52.09179139137268
0.22524619102478027
in main 54.990530252456665
0.2245345115661621
in main 52.74515104293823
0.22304105758666992
in main 58.8511745929718
0.22633576393127441
in main 60.77635359764099
0.2269601821899414
in main 71.42583084106445
0.223740816116333
in main 52.772979974746704
0.22949528694152832
in main 53.77106714248657
0.2243480682373047
in main 47.11639642715454
0.2239084243774414
in main 49.96383309364319
0.22763872146606445
migration  0.15794634819030762
in main 51.39605689048767
0.22545957565307617
in main 54.76952004432678
0.2262284755706787
in main 55.14086985588074
0.22507071495056152
in main 49.35983347892761
0.22494864463806152
in main 52.011274576187134
0.23348093032836914
in main 57.85652709007263
0.22657179832458496
in main 64.59579944610596
0.22607922554016113
in main 59.53329873085022
0.26441478729248047
in main 64.98850417137146
0.2824676036834717
in main 60.05870795249939
0.22547221183776855
migration  0.2592184543609619
in main 62.713117837905884
0.2273240089416504
in main 62.4483757019043
0.22253704071044922
in main 66.89375829696655
0.24594998359680176
in main 66.87763571739197
0.26496434211730957
in main 65.15559887886047
0.2247629165649414
in main 59.791231870651245
0.22445440292358398
in main 54.664809465408325
0.2632730007171631
in main 53.603710651397705
0.28394389152526855
in main 63.08771800994873
0.22752094268798828
in main 59.340914249420166
0.06726264953613281
0.2210521697998047
migration  0.00058746337890625
in main 48.899386405944824
0.25344347953796387
in main 47.931926250457764
0.3033766746520996
in main 57.99723243713379
0.27724623680114746
in main 48.61532545089722
0.23181629180908203
in main 54.07764911651611
0.3174288272857666
in main 46.82778286933899
0.27617669105529785
in main 59.16244983673096
0.24123001098632812
in main 53.354464530944824
0.2790806293487549
in main 64.534503698349
0.2642097473144531
in main 53.70298480987549
0.24162912368774414
migration  0.3580961227416992
in main 51.893187046051025
0.28281378746032715
in main 52.803569316864014
0.3751072883605957
in main 52.50966477394104
0.2859373092651367
in main 54.24928402900696
0.23317360877990723
in main 54.893959045410156
0.22860145568847656
in main 47.26716661453247
0.28551149368286133
in main 54.13806104660034
0.2256455421447754
in main 49.81887698173523
0.22530722618103027
in main 45.5234956741333
0.22476768493652344
in main 52.76594281196594
0.2243340015411377
migration  0.6561965942382812
in main 47.64811038970947
0.27990055084228516
in main 52.98311471939087
0.24327588081359863
in main 54.73062181472778
0.22356152534484863
in main 53.19870328903198
0.22646236419677734
in main 46.34653162956238
0.2288496494293213
in main 52.921804666519165
0.31260228157043457
in main 48.25647521018982
0.22453594207763672
in main 50.240233421325684
0.2243971824645996
in main 48.86136507987976
0.27567052841186523
in main 59.59568524360657
0.22822189331054688
migration  0.06792378425598145
in main 49.508673429489136
0.22566485404968262
in main 60.420846700668335
0.2255845069885254
in main 48.95376229286194
0.30980420112609863
in main 45.36541700363159
0.2872657775878906
in main 64.47809600830078
0.22784185409545898
in main 56.42466759681702
0.2294759750366211
in main 55.32628798484802
0.26932859420776367
in main 46.993215799331665
0.23002266883850098
in main 49.58723759651184
0.2502100467681885
in main 47.83642935752869
0.22909998893737793
migration  0.15048480033874512
in main 50.53377294540405
0.23190760612487793
in main 50.67704772949219
0.23514223098754883
in main 52.580143213272095
0.31354832649230957
in main 51.90261769294739
0.23223209381103516
in main 49.00755429267883
0.2293248176574707
in main 53.85032296180725
0.2805154323577881
in main 51.00873589515686
0.2575376033782959
in main 50.81691360473633
0.36435794830322266
in main 48.63378167152405
0.2637450695037842
in main 65.35524535179138
0.22393012046813965
migration  0.2635335922241211
in main 49.20158362388611
0.2331540584564209
in main 50.00903367996216
0.23494458198547363
in main 55.5240318775177
0.23209905624389648
in main 47.28236985206604
0.2529866695404053
in main 44.097458362579346
0.22708654403686523
in main 43.439297914505005
0.22775816917419434
in main 48.74047660827637
0.22497320175170898
in main 50.36117672920227
0.2273881435394287
in main 47.58137321472168
0.2258152961730957
in main 49.91729688644409
0.22766566276550293
migration  0.19882988929748535
in main 49.66016507148743
0.3026576042175293
in main 53.260013818740845
0.2449493408203125
in main 48.86868977546692
0.23134303092956543
in main 48.52849054336548
0.3529360294342041
in main 53.40564846992493
0.317760705947876
in main 54.12799143791199
0.22547531127929688
in main 53.785277128219604
0.22875332832336426
in main 48.944586515426636
0.2672080993652344
in main 49.81149244308472
0.2266979217529297
in main 49.61816382408142
0.3355255126953125
migration  0.476682186126709
in main 49.060609340667725
0.23248052597045898
in main 47.91117739677429
0.23308038711547852
in main 44.167226791381836
0.23732304573059082
in main 47.07058382034302
0.23357582092285156
in main 51.530381202697754
0.24851751327514648
in main 48.74153470993042
0.2260425090789795
in main 48.59989643096924
0.2283031940460205
in main 45.48354983329773
0.23418092727661133
in main 47.060786485672
0.30457544326782227
in main 49.35894966125488
0.22524356842041016
migration  0.21228241920471191
in main 47.74513816833496
0.22642993927001953
in main 50.43911266326904
0.22493577003479004
in main 49.77013659477234
0.22481346130371094
in main 50.13498401641846
0.2247774600982666
in main 52.349162101745605
0.22429656982421875
in main 55.87485885620117
0.22389554977416992
in main 49.97703433036804
0.24478363990783691
in main 55.177207708358765
0.22442269325256348
in main 53.8919472694397
0.2242591381072998
in main 51.38609862327576
0.225264310836792
migration  0.07738256454467773
in main 52.027156591415405
0.2254800796508789
in main 53.02268981933594
0.22571539878845215
in main 57.51798486709595
0.256272554397583
in main 62.265076875686646
0.22351384162902832
in main 58.69238257408142
0.22418761253356934
in main 51.70938849449158
0.23510003089904785
in main 53.174705505371094
0.3141016960144043
in main 56.36322355270386
0.23470330238342285
in main 52.81800627708435
0.22262787818908691
in main 55.69538712501526
0.2241663932800293
migration  0.3796577453613281
in main 54.30137324333191
0.2249441146850586
in main 62.61682343482971
0.22668004035949707
in main 58.317769289016724
0.22440385818481445
in main 61.90617299079895
0.23506784439086914
in main 58.92567205429077
0.2252051830291748
in main 57.52436375617981
0.22508025169372559
in main 56.07333493232727
0.22741413116455078
in main 54.90116214752197
0.29352712631225586
in main 55.31062173843384
0.22576355934143066
in main 61.70620059967041
0.22622036933898926
migration  0.32706379890441895
in main 63.083746671676636
0.22812390327453613
in main 54.93614745140076
0.22971892356872559
in main 53.78033924102783
0.22820210456848145
in main 52.4849591255188
0.22634291648864746
in main 57.7043719291687
0.2293097972869873
in main 47.02235794067383
0.2267754077911377
in main 54.86026382446289
0.22637462615966797
in main 52.95061993598938
0.22588133811950684
in main 48.00353384017944
0.22495532035827637
in main 50.52164697647095
0.22800064086914062
migration  0.3809943199157715
in main 52.55486512184143
0.22748756408691406
in main 47.93220496177673
0.2288963794708252
in main 48.467066287994385
0.22775053977966309
in main 56.81963658332825
0.22554683685302734
in main 54.147719860076904
0.22735357284545898
in main 53.686322927474976
0.2248079776763916
in main 50.50998091697693
0.2268047332763672
in main 51.95598840713501
0.22557735443115234
in main 57.26186561584473
0.22571849822998047
in main 53.3036789894104
0.2265033721923828
migration  0.26987218856811523
in main 49.972633838653564
0.22557544708251953
in main 58.79137182235718
0.24541497230529785
in main 57.306912660598755
0.28072452545166016
in main 52.11050820350647
0.2247755527496338
in main 63.98814606666565
0.22560572624206543
in main 63.31891059875488
0.22908854484558105
in main 55.50087356567383
0.22588109970092773
in main 51.07871127128601
0.2850685119628906
in main 54.68195152282715
0.22680926322937012
in main 55.561142683029175
0.22779273986816406
migration  0.3380916118621826
in main 59.51428556442261
0.23964262008666992
in main 59.377694845199585
0.2268829345703125
in main 56.399184465408325
0.22453570365905762
in main 54.119651317596436
0.22760510444641113
in main 54.92581224441528
0.23018693923950195
in main 53.409213066101074
0.22881531715393066
in main 58.28687524795532
0.22642135620117188
in main 54.53947901725769
0.2356245517730713
in main 58.722429037094116
0.22675824165344238
in main 58.72404170036316
0.1005699634552002
0.22864031791687012
migration  0.0005824565887451172
in main 44.754366874694824
0.23938345909118652
in main 44.59829378128052
0.28559374809265137
in main 48.44851303100586
0.23675107955932617
in main 45.24344301223755
0.2386329174041748
in main 50.76177644729614
0.23689746856689453
in main 57.03008222579956
0.24325013160705566
in main 42.27822518348694
0.24230718612670898
in main 44.101173877716064
0.24264097213745117
in main 45.38889741897583
0.2607429027557373
in main 39.22425365447998
0.24361395835876465
migration  0.115234375
in main 45.508116483688354
0.23627352714538574
in main 51.12067890167236
0.22809481620788574
in main 44.51507568359375
0.2339317798614502
in main 49.28189945220947
0.2367861270904541
in main 49.645143270492554
0.22646117210388184
in main 53.18530035018921
0.22825169563293457
in main 58.604816913604736
0.34951043128967285
in main 53.94290828704834
0.2320091724395752
in main 59.330535888671875
0.29238080978393555
in main 45.39622235298157
0.29081296920776367
migration  0.20036673545837402
in main 49.553045988082886
0.2363274097442627
in main 51.367202043533325
0.22994613647460938
in main 42.679272174835205
0.3199946880340576
in main 50.595351457595825
0.34254956245422363
in main 51.85835671424866
0.22832751274108887
in main 49.347330808639526
0.28873348236083984
in main 47.000325441360474
0.3692617416381836
in main 49.51305890083313
0.22728228569030762
in main 54.57215166091919
0.2304248809814453
in main 49.30818057060242
0.23255562782287598
migration  0.4355435371398926
in main 41.94124484062195
0.2470686435699463
in main 44.5374493598938
0.2349414825439453
in main 47.76214838027954
0.24347829818725586
in main 48.33918023109436
0.2309269905090332
in main 48.35431456565857
0.2244861125946045
in main 53.017109632492065
0.2985413074493408
in main 55.20597290992737
0.226759672164917
in main 51.75633668899536
0.24708342552185059
in main 48.80590343475342
0.24797368049621582
in main 48.28083372116089
0.22548389434814453
migration  0.4226253032684326
in main 52.122172355651855
0.22802972793579102
in main 47.143030881881714
0.23168444633483887
in main 48.31518888473511
0.23126792907714844
in main 48.15827202796936
0.23358726501464844
in main 46.50358605384827
0.26450562477111816
in main 46.40531873703003
0.22588658332824707
in main 54.84793496131897
0.22521662712097168
in main 55.498713970184326
0.22399377822875977
in main 52.51161575317383
0.29447507858276367
in main 56.11854648590088
0.22613930702209473
migration  0.7740635871887207
in main 52.789323568344116
0.23535561561584473
in main 51.04207515716553
0.27603960037231445
in main 50.81253433227539
0.22852778434753418
in main 56.610255002975464
0.2372114658355713
in main 50.552006006240845
0.23038864135742188
in main 50.583781003952026
0.2359776496887207
in main 54.661344051361084
0.28890538215637207
in main 62.42178773880005
0.35146188735961914
in main 50.83470344543457
0.2251119613647461
in main 54.29101920127869
0.31641125679016113
migration  0.335068941116333
in main 55.811585426330566
0.22534632682800293
in main 56.031578063964844
0.22506356239318848
in main 54.89102530479431
0.227186918258667
in main 64.71575355529785
0.23438763618469238
in main 54.33644366264343
0.22560977935791016
in main 50.52695918083191
0.22836947441101074
in main 49.512025594711304
0.3384549617767334
in main 52.06315875053406
0.24510669708251953
in main 55.67408514022827
0.22405099868774414
in main 57.746699810028076
0.22402453422546387
migration  0.8258302211761475
in main 53.67395377159119
0.22285866737365723
in main 52.926555156707764
0.2252943515777588
in main 63.558486461639404
0.22379803657531738
in main 53.720237731933594
0.23572373390197754
in main 54.83564066886902
0.31685376167297363
in main 55.429346323013306
0.22420620918273926
in main 56.89004707336426
0.22439241409301758
in main 50.22131633758545
0.23399829864501953
in main 48.79937195777893
0.22827553749084473
in main 49.86128330230713
0.2247936725616455
migration  0.19640493392944336
in main 50.396188735961914
0.22753000259399414
in main 52.02153754234314
0.23894333839416504
in main 49.207839012145996
0.22623968124389648
in main 52.07224249839783
0.28694963455200195
in main 52.066126108169556
0.24584579467773438
in main 51.56805348396301
0.22426390647888184
in main 55.07680678367615
0.22573423385620117
in main 52.58477711677551
0.2540557384490967
in main 53.41438126564026
0.33502912521362305
in main 59.160714864730835
0.2744131088256836
migration  0.29721927642822266
in main 56.13048005104065
0.22482562065124512
in main 57.936779260635376
0.2252330780029297
in main 56.11925721168518
0.22363781929016113
in main 54.80020475387573
0.2872791290283203
in main 59.2138307094574
0.22718167304992676
in main 58.51562714576721
0.2265772819519043
in main 53.17738175392151
0.22532176971435547
in main 51.93671274185181
0.227647066116333
in main 52.716886043548584
0.2559051513671875
in main 57.24855613708496
0.23720741271972656
migration  0.10437417030334473
in main 55.610920429229736
0.22518563270568848
in main 52.64760613441467
0.22130727767944336
in main 62.01221299171448
0.2850773334503174
in main 62.049057483673096
0.2235422134399414
in main 65.1594169139862
0.324390172958374
in main 57.16324758529663
0.2433767318725586
in main 57.66023778915405
0.2828972339630127
in main 58.22273826599121
0.2759876251220703
in main 59.93396854400635
0.23560214042663574
in main 56.48845386505127
0.2936117649078369
migration  0.38990092277526855
in main 60.940502643585205
0.27497291564941406
in main 62.30145502090454
0.23488378524780273
in main 61.86653470993042
0.22740650177001953
in main 48.553263664245605
0.22138285636901855
in main 53.84842538833618
0.22360730171203613
in main 53.69800806045532
0.22518491744995117
in main 55.12964391708374
0.22734570503234863
in main 60.540608406066895
0.22437787055969238
in main 50.33139395713806
0.45940160751342773
in main 70.43526577949524
0.22473430633544922
migration  0.50128173828125
in main 66.40289759635925
0.22394943237304688
in main 63.94572401046753
0.23082590103149414
in main 53.87267279624939
0.2293858528137207
in main 54.73558282852173
0.23482728004455566
in main 52.03846526145935
0.227278470993042
in main 53.09278202056885
0.23286890983581543
in main 51.94827747344971
0.22513723373413086
in main 49.31600069999695
0.22555923461914062
in main 51.410218238830566
0.2259078025817871
in main 52.09173774719238
0.22861218452453613
migration  0.26715731620788574
in main 56.51875424385071
0.22560477256774902
in main 55.057475090026855
0.22455120086669922
in main 54.57740640640259
0.23921585083007812
in main 55.53327298164368
0.22882628440856934
in main 59.605812311172485
0.22225022315979004
in main 56.061925172805786
0.29494428634643555
in main 56.17387890815735
0.22441506385803223
in main 64.70709729194641
0.22745299339294434
in main 58.302170515060425
0.22383928298950195
in main 60.725340604782104
0.2303142547607422
migration  1.019176959991455
in main 50.72784757614136
0.22487854957580566
in main 57.552923917770386
0.2939283847808838
in main 62.694164752960205
0.22294402122497559
in main 56.353673696517944
0.23132681846618652
in main 61.48344087600708
0.22351479530334473
in main 60.346641063690186
0.294048547744751
in main 60.00671887397766
0.22581028938293457
in main 56.18343544006348
0.22221660614013672
in main 55.29503536224365
0.22355985641479492
in main 54.49078369140625
0.06787776947021484
0.22188115119934082
migration  0.0005619525909423828
in main 43.59250617027283
0.2337503433227539
in main 48.18980813026428
0.23078346252441406
in main 47.681206464767456
0.2307271957397461
in main 41.98976755142212
0.22954583168029785
in main 52.838855504989624
0.35117077827453613
in main 49.05873465538025
0.28307104110717773
in main 52.21870946884155
0.23947858810424805
in main 49.055548667907715
0.2674856185913086
in main 49.77589726448059
0.2888305187225342
in main 50.838048458099365
0.2677757740020752
migration  0.15609288215637207
in main 53.42118167877197
0.23979640007019043
in main 45.95345211029053
0.26676154136657715
in main 48.895246267318726
0.29148077964782715
in main 46.854148626327515
0.2335348129272461
in main 45.133978843688965
0.23113036155700684
in main 40.08844614028931
0.23768997192382812
in main 44.61231231689453
0.2381727695465088
in main 43.465089082717896
0.22708439826965332
in main 47.57581329345703
0.22852516174316406
in main 53.34040427207947
0.357637882232666
migration  0.24211740493774414
in main 44.75077700614929
0.231201171875
in main 54.894280433654785
0.28529930114746094
in main 53.295823097229004
0.23067808151245117
in main 56.88431429862976
0.2573394775390625
in main 53.36537575721741
0.2275087833404541
in main 54.85663986206055
0.225144624710083
in main 47.069164514541626
0.2243971824645996
in main 51.19646596908569
0.2287137508392334
in main 53.7894766330719
0.22487831115722656
in main 51.597235679626465
0.2271745204925537
migration  0.3855717182159424
in main 56.85523509979248
0.2817718982696533
in main 54.96320986747742
0.2820143699645996
in main 49.330578565597534
0.2236175537109375
in main 56.39975547790527
0.22363877296447754
in main 59.80538821220398
0.22471189498901367
in main 52.649643898010254
0.22512602806091309
in main 50.751686096191406
0.2244408130645752
in main 51.358248233795166
0.2258596420288086
in main 52.48406457901001
0.22620487213134766
in main 56.57871055603027
0.2286815643310547
migration  0.22538352012634277
in main 58.76646947860718
0.2266831398010254
in main 58.736793756484985
0.25737833976745605
in main 56.08463430404663
0.22565484046936035
in main 57.73570275306702
0.2522280216217041
in main 51.162728786468506
0.2560749053955078
in main 59.167763471603394
0.2244889736175537
in main 55.5571825504303
0.22823023796081543
in main 52.582579135894775
0.22525620460510254
in main 48.198861598968506
0.22655773162841797
in main 51.20725083351135
0.22510552406311035
migration  0.07063817977905273
in main 54.28650951385498
0.22861671447753906
in main 64.20003390312195
0.2265164852142334
in main 61.12586760520935
0.22617602348327637
in main 53.29502534866333
0.23655200004577637
in main 48.84863257408142
0.22682952880859375
in main 57.38840341567993
0.22590994834899902
in main 60.229976415634155
0.23631787300109863
in main 54.27088522911072
0.2443530559539795
in main 56.41523599624634
0.22481489181518555
in main 56.255019664764404
0.22662138938903809
migration  0.9568464756011963
in main 55.344632148742676
0.2257680892944336
in main 55.49722123146057
0.22774004936218262
in main 58.51670694351196
0.2278609275817871
in main 52.232916831970215
0.2328662872314453
in main 53.36722755432129
0.40642762184143066
in main 57.488404273986816
0.3266744613647461
in main 53.42512512207031
0.2633242607116699
in main 59.02691888809204
0.3007020950317383
in main 56.74211263656616
0.2269277572631836
in main 62.08274745941162
0.22535467147827148
migration  0.2019503116607666
in main 59.667041540145874
0.2294456958770752
in main 49.34036874771118
0.286806583404541
in main 50.421061515808105
0.23605084419250488
in main 52.66889214515686
0.23034167289733887
in main 61.41454195976257
0.231370210647583
in main 60.266966342926025
0.23042035102844238
in main 56.32033157348633
0.23256826400756836
in main 60.66315984725952
0.3044147491455078
in main 62.40509867668152
0.29943394660949707
in main 55.89290761947632
0.25716090202331543
migration  0.3460538387298584
in main 54.729583740234375
0.27530384063720703
in main 47.24133372306824
0.22681593894958496
in main 55.52953243255615
0.22565460205078125
in main 54.52610635757446
0.22863173484802246
in main 56.380855560302734
0.22696590423583984
in main 60.09541320800781
0.2771017551422119
in main 55.783899784088135
0.22806715965270996
in main 52.946701526641846
0.2356884479522705
in main 49.4851770401001
0.22867679595947266
in main 57.41270565986633
0.24742960929870605
migration  0.7834014892578125
in main 50.76676535606384
0.2623443603515625
in main 55.872509479522705
0.25650739669799805
in main 51.70764422416687
0.2289285659790039
in main 55.323736906051636
0.2542531490325928
in main 58.400408029556274
0.22574520111083984
in main 53.953848123550415
0.22477412223815918
in main 46.380260944366455
0.22608542442321777
in main 50.85818815231323
0.22875571250915527
in main 57.932344913482666
0.2258925437927246
in main 58.450114011764526
0.22440075874328613
migration  0.15995407104492188
in main 47.655649185180664
0.22603130340576172
in main 58.92683720588684
0.2659893035888672
in main 54.23370432853699
0.22520041465759277
in main 54.126774072647095
0.22298431396484375
in main 50.090107440948486
0.2701902389526367
in main 55.84954380989075
0.2232210636138916
in main 52.549914598464966
0.22186875343322754
in main 48.48408794403076
0.22513461112976074
in main 50.062708377838135
0.22366929054260254
in main 57.05704212188721
0.2628953456878662
migration  0.07957768440246582
in main 61.171083211898804
0.22165298461914062
in main 52.02787685394287
0.22124600410461426
in main 53.9408757686615
0.2227036952972412
in main 49.12639927864075
0.22344160079956055
in main 50.57142353057861
0.22513818740844727
in main 54.930017709732056
0.22424030303955078
in main 54.22830772399902
0.22379684448242188
in main 59.76367211341858
0.22388124465942383
in main 59.40887522697449
0.22450780868530273
in main 52.148255825042725
0.2256608009338379
migration  0.28554391860961914
in main 55.98095965385437
0.22478652000427246
in main 58.87649846076965
0.2216320037841797
in main 58.69795036315918
0.22419166564941406
in main 80.46777749061584
0.2331991195678711
in main 58.128480434417725
0.22563409805297852
in main 54.484596252441406
0.22588825225830078
in main 57.59743905067444
0.22357416152954102
in main 63.57286310195923
0.2655599117279053
in main 50.499829053878784
0.2521626949310303
in main 59.791568994522095
0.22680306434631348
migration  0.1793231964111328
in main 56.37510848045349
0.3374781608581543
in main 63.779949426651
0.22380733489990234
in main 62.03742003440857
0.22536444664001465
in main 57.46658372879028
0.2236347198486328
in main 63.808539628982544
0.2256324291229248
in main 69.0719256401062
0.2986922264099121
in main 57.310359716415405
0.22623968124389648
in main 54.42320990562439
0.22840094566345215
in main 56.91895937919617
0.2253718376159668
in main 55.485092639923096
0.2984001636505127
migration  0.2685863971710205
in main 64.57487750053406
0.26680827140808105
in main 64.31749844551086
0.22529029846191406
in main 62.35902690887451
0.23456215858459473
in main 52.41090798377991
0.2327423095703125
in main 58.446908473968506
0.2271263599395752
in main 57.444533824920654
0.22754263877868652
in main 51.80251979827881
0.22620487213134766
in main 53.349085569381714
0.22894906997680664
in main 58.636216163635254
0.22684192657470703
in main 52.206329107284546
0.06645798683166504
0.3349783420562744
migration  0.0005788803100585938
in main 49.12391233444214
0.2958035469055176
in main 46.22080731391907
0.23771357536315918
in main 43.74869990348816
0.24560260772705078
in main 50.51042890548706
0.23226046562194824
in main 53.89753317832947
0.2367420196533203
in main 52.596293210983276
0.30251002311706543
in main 49.85196590423584
0.23935890197753906
in main 54.92741942405701
0.2310047149658203
in main 47.684000968933105
0.26805663108825684
in main 48.05630135536194
0.2294173240661621
migration  0.23120641708374023
in main 48.08825635910034
0.2996640205383301
in main 49.47162365913391
0.22989368438720703
in main 44.073647260665894
0.28992772102355957
in main 48.3112428188324
0.36432576179504395
in main 43.26235628128052
0.25159120559692383
in main 44.82410931587219
0.25046849250793457
in main 49.39133405685425
0.23689579963684082
in main 50.61758780479431
0.22837400436401367
in main 51.94688129425049
0.2302999496459961
in main 44.85591959953308
0.23365068435668945
migration  0.19048714637756348
in main 49.04564380645752
0.22769594192504883
in main 42.72642278671265
0.28617167472839355
in main 56.233773946762085
0.23627400398254395
in main 46.05742597579956
0.2392737865447998
in main 45.9487669467926
0.22945904731750488
in main 43.475611209869385
0.23118948936462402
in main 53.92087197303772
0.24114203453063965
in main 47.25556969642639
0.22680115699768066
in main 47.95184946060181
0.2259352207183838
in main 47.354501724243164
0.22385549545288086
migration  0.5202622413635254
in main 55.093926429748535
0.24696660041809082
in main 48.461609840393066
0.2694544792175293
in main 52.26978778839111
0.23221683502197266
in main 50.446940422058105
0.23093891143798828
in main 53.18276381492615
0.22583293914794922
in main 51.3928701877594
0.24745583534240723
in main 56.15865778923035
0.2671170234680176
in main 51.470444679260254
0.22632098197937012
in main 53.46905255317688
0.2335524559020996
in main 53.28473091125488
0.22763752937316895
migration  0.1450808048248291
in main 54.352622747421265
0.2872765064239502
in main 51.051527976989746
0.22759270668029785
in main 53.60024428367615
0.23369479179382324
in main 49.103699684143066
0.2951843738555908
in main 63.39629054069519
0.22735285758972168
in main 53.0202431678772
0.22703933715820312
in main 56.286253690719604
0.24596285820007324
in main 51.019394874572754
0.26549315452575684
in main 57.30250144004822
0.2255551815032959
in main 54.616445541381836
0.22594118118286133
migration  0.11988377571105957
in main 49.32615804672241
0.2788989543914795
in main 60.33543038368225
0.24741506576538086
in main 59.09499263763428
0.2318871021270752
in main 49.648788928985596
0.28604888916015625
in main 55.74555253982544
0.30631136894226074
in main 55.92936062812805
0.30462098121643066
in main 52.739463567733765
0.24507784843444824
in main 50.78664541244507
0.24650144577026367
in main 52.04598569869995
0.22482967376708984
in main 51.348358392715454
0.22303295135498047
migration  0.15730953216552734
in main 50.64542269706726
0.23707199096679688
in main 48.859498262405396
0.23410511016845703
in main 46.0488440990448
0.22332525253295898
in main 52.365113496780396
0.2300395965576172
in main 47.445112228393555
0.23489952087402344
in main 47.88105487823486
0.22587966918945312
in main 52.45329141616821
0.22610092163085938
in main 53.285314321517944
0.26689600944519043
in main 55.87000274658203
0.2630424499511719
in main 51.661287784576416
0.22807836532592773
migration  0.14423370361328125
in main 49.32128357887268
0.22343659400939941
in main 69.90229058265686
0.2299952507019043
in main 85.85492181777954
0.26028943061828613
in main 51.37081003189087
0.26741814613342285
in main 50.251742124557495
0.22843027114868164
in main 54.41375112533569
0.22071290016174316
in main 60.33845543861389
0.2278282642364502
in main 52.24998116493225
0.26627588272094727
in main 52.2159948348999
0.2770426273345947
in main 57.02766418457031
0.2270641326904297
migration  0.2518801689147949
in main 58.6562077999115
0.26343512535095215
in main 57.767804861068726
0.22748637199401855
in main 60.48174023628235
0.2550647258758545
in main 54.23296284675598
0.2701416015625
in main 63.023826122283936
0.2576453685760498
in main 54.55426096916199
0.22996759414672852
in main 58.79803705215454
0.22721171379089355
in main 51.45071363449097
0.2321178913116455
in main 50.02367663383484
0.29056453704833984
in main 55.19441485404968
0.26877808570861816
migration  0.8301675319671631
in main 56.943575859069824
0.22484612464904785
in main 53.05704140663147
0.27153968811035156
in main 50.27089977264404
0.25058841705322266
in main 52.23965549468994
0.22979521751403809
in main 50.56297945976257
0.22383618354797363
in main 51.22441864013672
0.34177374839782715
in main 50.42953133583069
0.2259962558746338
in main 56.66578793525696
0.22517824172973633
in main 47.77409815788269
0.22345423698425293
in main 53.42937994003296
0.22408103942871094
migration  0.33452272415161133
in main 53.426223278045654
0.22356390953063965
in main 55.78992414474487
0.2259073257446289
in main 58.44721603393555
0.22480511665344238
in main 58.55870866775513
0.27459120750427246
in main 64.52725434303284
0.22468304634094238
in main 54.478532552719116
0.22740507125854492
in main 63.34735321998596
0.22599291801452637
in main 52.20686388015747
0.22674012184143066
in main 55.972748041152954
0.2229161262512207
in main 57.78856945037842
0.22262954711914062
migration  0.2654409408569336
in main 57.13011121749878
0.2235417366027832
in main 66.98356914520264
0.22539925575256348
in main 60.50074243545532
0.22550702095031738
in main 58.44887042045593
0.23173284530639648
in main 56.506019592285156
0.22362422943115234
in main 52.692463397979736
0.44784092903137207
in main 72.48945569992065
0.22511816024780273
in main 86.38480067253113
0.22629380226135254
in main 55.92970514297485
0.22451043128967285
in main 56.34762239456177
0.22205638885498047
migration  0.8194534778594971
in main 56.24128532409668
0.22182369232177734
in main 53.61394262313843
0.222520112991333
in main 52.20731997489929
0.2233281135559082
in main 54.909348011016846
0.22412467002868652
in main 61.01019644737244
0.2932403087615967
in main 60.20547032356262
0.22292232513427734
in main 59.17048907279968
0.23407411575317383
in main 54.127171754837036
0.23405075073242188
in main 60.29375171661377
0.3602008819580078
in main 65.1333703994751
0.22562336921691895
migration  0.7747440338134766
in main 60.54706072807312
0.22435569763183594
in main 58.81271314620972
0.2774062156677246
in main 58.51492404937744
0.2851226329803467
in main 56.229557514190674
0.25289416313171387
in main 61.36755084991455
0.2332289218902588
in main 57.60304284095764
0.22924089431762695
in main 62.785194873809814
0.22560644149780273
in main 57.31256580352783
0.22524690628051758
in main 60.59898805618286
0.22487282752990723
in main 57.03961133956909
0.23795080184936523
migration  0.33785557746887207
in main 60.181262254714966
0.24602222442626953
in main 63.80848050117493
0.22861123085021973
in main 58.037009954452515
0.32540297508239746
in main 61.17585873603821
0.22632288932800293
in main 61.15520143508911
0.23099207878112793
in main 59.97844982147217
0.22805333137512207
in main 54.84519934654236
0.22350549697875977
in main 54.56837320327759
0.2326204776763916
in main 56.27436280250549
0.22331953048706055
in main 51.433666467666626
0.06680965423583984
0.3737044334411621
migration  0.09551072120666504
in main 46.385491132736206
0.23992466926574707
in main 46.278706550598145
0.2347123622894287
in main 42.202472448349
0.24123358726501465
in main 50.42346954345703
0.2340834140777588
in main 40.305078983306885
0.23079371452331543
in main 44.22237706184387
0.2653515338897705
in main 49.34613060951233
0.2393336296081543
in main 45.20782017707825
0.24214673042297363
in main 40.67048621177673
0.24398231506347656
in main 42.29646348953247
0.242811918258667
migration  0.3387181758880615
in main 40.34580206871033
0.22972321510314941
in main 46.783127784729004
0.2334146499633789
in main 45.72425842285156
0.29308247566223145
in main 46.65454077720642
0.285398006439209
in main 56.27559208869934
0.35040903091430664
in main 46.41729545593262
0.3277597427368164
in main 49.25085234642029
0.27001261711120605
in main 46.878225803375244
0.28091001510620117
in main 49.030213594436646
0.2881135940551758
in main 46.22685408592224
0.24976205825805664
migration  0.23469185829162598
in main 46.855589389801025
0.23359370231628418
in main 47.9435179233551
0.23293352127075195
in main 51.804762840270996
0.23864102363586426
in main 52.97695207595825
0.23005056381225586
in main 47.11149787902832
0.22709131240844727
in main 55.740737199783325
0.22759795188903809
in main 52.71328401565552
0.22621464729309082
in main 50.64718842506409
0.26291418075561523
in main 54.71746039390564
0.22905588150024414
in main 52.5074417591095
0.24834132194519043
migration  0.3412003517150879
in main 52.63624835014343
0.22620296478271484
in main 55.61517667770386
0.23400473594665527
in main 44.74514293670654
0.24751830101013184
in main 49.92272996902466
0.23455595970153809
in main 45.77205848693848
0.2260417938232422
in main 48.36745858192444
0.22529053688049316
in main 49.70255899429321
0.22793817520141602
in main 46.86493158340454
0.2306053638458252
in main 52.755643129348755
0.2260434627532959
in main 54.80937957763672
0.26745033264160156
migration  0.25201869010925293
in main 55.677716970443726
0.22545957565307617
in main 50.20014715194702
0.23540115356445312
in main 52.17932844161987
0.22888469696044922
in main 47.413495779037476
0.27326369285583496
in main 52.30053782463074
0.22890305519104004
in main 46.976500272750854
0.2274024486541748
in main 50.36285161972046
0.24608874320983887
in main 50.21777892112732
0.27971839904785156
in main 52.11065912246704
0.27516937255859375
in main 52.754539012908936
0.25881171226501465
migration  0.28877687454223633
in main 52.269139766693115
0.22957491874694824
in main 54.06648373603821
0.23033595085144043
in main 47.47649645805359
0.23328590393066406
in main 46.936420917510986
0.23203372955322266
in main 49.297807931900024
0.22540545463562012
in main 56.62659788131714
0.22955894470214844
in main 51.888214111328125
0.2944018840789795
in main 52.95253038406372
0.2261817455291748
in main 53.5644326210022
0.22466635704040527
in main 52.870981216430664
0.2681741714477539
migration  0.39296531677246094
in main 53.834802865982056
0.2279493808746338
in main 60.57206892967224
0.22756552696228027
in main 53.620367765426636
0.2658858299255371
in main 50.721221923828125
0.2749028205871582
in main 49.23170804977417
0.31700778007507324
in main 54.627607583999634
0.23131775856018066
in main 57.66395854949951
0.26045989990234375
in main 58.78409719467163
0.2584097385406494
in main 58.6203773021698
0.23887181282043457
in main 57.20812749862671
0.25914669036865234
migration  0.20064687728881836
in main 59.2144730091095
0.2290661334991455
in main 53.51051068305969
0.23164701461791992
in main 51.177995443344116
0.2312161922454834
in main 52.29178023338318
0.23688101768493652
in main 49.43573713302612
0.225358247756958
in main 48.047282695770264
0.22495675086975098
in main 51.360111713409424
0.2967872619628906
in main 53.00976872444153
0.23010969161987305
in main 53.75446629524231
0.24057269096374512
in main 56.44005823135376
0.2333381175994873
migration  0.7269291877746582
in main 55.66769337654114
0.227891206741333
in main 56.67739152908325
0.2282567024230957
in main 58.80686855316162
0.33864617347717285
in main 59.04365396499634
0.23707866668701172
in main 57.06649446487427
0.3391256332397461
in main 52.457621812820435
0.2654838562011719
in main 63.812254190444946
0.22523164749145508
in main 60.1084668636322
0.2954592704772949
in main 60.85125803947449
0.2234961986541748
in main 57.30205726623535
0.24132847785949707
migration  0.2596414089202881
in main 58.25275182723999
0.3527805805206299
in main 59.63025188446045
0.2522697448730469
in main 63.543062925338745
0.25464701652526855
in main 62.692405462265015
0.23505902290344238
in main 60.37253952026367
0.27677154541015625
in main 63.0204701423645
0.2292029857635498
in main 56.67263746261597
0.2253115177154541
in main 52.717368602752686
0.2234184741973877
in main 59.40850567817688
0.30749988555908203
in main 64.58816933631897
0.2342228889465332
migration  0.28275132179260254
in main 61.70951318740845
0.23752784729003906
in main 61.64694404602051
0.2258758544921875
in main 52.27141213417053
0.22541213035583496
in main 70.14763164520264
0.2299661636352539
in main 56.569883823394775
0.26334071159362793
in main 62.50527358055115
0.22907495498657227
in main 66.36486577987671
0.24180936813354492
in main 65.44106936454773
0.22535181045532227
in main 62.02932095527649
0.22772979736328125
in main 69.32410001754761
0.22832870483398438
migration  0.9452769756317139
in main 60.16874718666077
0.2924067974090576
in main 64.7085440158844
0.2268390655517578
in main 58.299739599227905
0.2298266887664795
in main 64.28877568244934
0.23926329612731934
in main 64.91490364074707
0.22749114036560059
in main 64.07235717773438
0.2288675308227539
in main 80.47013807296753
0.22644829750061035
in main 55.10715055465698
0.23474717140197754
in main 82.97254943847656
0.22380399703979492
in main 58.45577144622803
0.23243331909179688
migration  0.4692516326904297
in main 63.90756392478943
0.23563122749328613
in main 60.21976685523987
0.22654151916503906
in main 73.68832850456238
0.2382049560546875
in main 63.28134822845459
0.2318563461303711
in main 67.99518013000488
0.225616455078125
in main 60.824512004852295
0.22516655921936035
in main 57.700422048568726
0.2260420322418213
in main 58.85694932937622
0.22162985801696777
in main 54.22046947479248
0.2260441780090332
in main 57.608051776885986
0.24588489532470703
migration  1.114285945892334
in main 62.14355731010437
0.2865571975708008
in main 55.58896994590759
0.22406744956970215
in main 55.22162079811096
0.2699885368347168
in main 63.590028047561646
0.3014657497406006
in main 59.32309126853943
0.22625160217285156
in main 60.77005410194397
0.22333908081054688
in main 52.89642548561096
0.22522974014282227
in main 62.60629749298096
0.22455310821533203
in main 57.993083000183105
0.24587798118591309
in main 67.75572443008423
0.27426648139953613
migration  0.2295699119567871
in main 60.71217918395996
0.23351049423217773
in main 59.79824638366699
0.22305703163146973
in main 60.1277072429657
0.2263331413269043
in main 54.49552345275879
0.2277054786682129
in main 59.272523164749146
0.2272634506225586
in main 58.24680185317993
0.23432469367980957
in main 60.0585823059082
0.22307205200195312
in main 55.59796762466431
0.22852635383605957
in main 58.52941346168518
0.23756170272827148
in main 55.63863444328308
0.07396435737609863
0.22329020500183105
migration  0.05602002143859863
in main 41.539326906204224
0.2343459129333496
in main 42.88241934776306
0.23395514488220215
in main 51.392131328582764
0.22983312606811523
in main 47.61164855957031
0.28223204612731934
in main 49.911417722702026
0.2264540195465088
in main 57.37604236602783
0.22687077522277832
in main 47.89177179336548
0.26700544357299805
in main 54.116817474365234
0.23006916046142578
in main 56.27680516242981
0.23094439506530762
in main 54.02930235862732
0.24168801307678223
migration  0.19681262969970703
in main 41.33676624298096
0.31983160972595215
in main 54.75428485870361
0.23034024238586426
in main 39.153125047683716
0.2363879680633545
in main 41.56368398666382
0.23071026802062988
in main 43.38207149505615
0.22934889793395996
in main 46.592244386672974
0.2288804054260254
in main 43.01892924308777
0.22894978523254395
in main 48.265623569488525
0.2463057041168213
in main 50.78765535354614
0.32448577880859375
in main 54.20845150947571
0.22853779792785645
migration  0.16350555419921875
in main 50.93593192100525
0.2277231216430664
in main 47.67953372001648
0.2339329719543457
in main 47.444533586502075
0.23271870613098145
in main 46.93023705482483
0.22607421875
in main 45.39308977127075
0.2444159984588623
in main 47.34830570220947
0.255967378616333
in main 51.427945613861084
0.23028111457824707
in main 45.05077600479126
0.23005986213684082
in main 51.26948142051697
0.2600727081298828
in main 45.81499218940735
0.22814226150512695
migration  0.18499445915222168
in main 41.724754095077515
0.22723126411437988
in main 51.0018515586853
0.22817087173461914
in main 50.38913941383362
0.23691129684448242
in main 51.81465244293213
0.23556971549987793
in main 50.31563425064087
0.23105478286743164
in main 49.36534881591797
0.22899389266967773
in main 48.26112079620361
0.22960138320922852
in main 49.25104022026062
0.23629522323608398
in main 46.34358334541321
0.22500085830688477
in main 54.40679740905762
0.22963953018188477
migration  0.112030029296875
in main 53.4612398147583
0.22575044631958008
in main 47.93255972862244
0.365556001663208
in main 52.85882925987244
0.23227190971374512
in main 52.96552395820618
0.26125645637512207
in main 48.29698133468628
0.25494837760925293
in main 48.096206188201904
0.22646093368530273
in main 52.22875142097473
0.2575087547302246
in main 59.278788566589355
0.2749061584472656
in main 53.965033769607544
0.22701382637023926
in main 66.75579285621643
0.2232654094696045
migration  0.41344165802001953
in main 51.744776248931885
0.2314767837524414
in main 62.56099820137024
0.2274761199951172
in main 59.70827126502991
0.298351526260376
in main 62.982245206832886
0.2358992099761963
in main 60.49397087097168
0.32476043701171875
in main 58.184463024139404
0.22372794151306152
in main 50.22656774520874
0.22635936737060547
in main 62.94799256324768
0.23470425605773926
in main 57.57321238517761
0.2697157859802246
in main 59.96958255767822
0.28680419921875
migration  0.1058201789855957
in main 59.44594883918762
0.22726917266845703
in main 58.22048735618591
0.30660510063171387
in main 61.41224503517151
0.22879958152770996
in main 59.29145431518555
0.2294294834136963
in main 58.88344717025757
0.4599175453186035
in main 58.85239624977112
0.22901296615600586
in main 60.264493465423584
0.22908282279968262
in main 56.49287152290344
0.22597169876098633
in main 57.72030711174011
0.22721195220947266
in main 49.73163819313049
0.2257678508758545
migration  0.4507155418395996
in main 53.10621213912964
0.2240593433380127
in main 69.11019253730774
0.2364199161529541
in main 57.24429202079773
0.23696660995483398
in main 56.69953417778015
0.23477411270141602
in main 55.177337646484375
0.23435068130493164
in main 54.83823847770691
0.26671648025512695
in main 56.77075815200806
0.257706880569458
in main 60.78248929977417
0.25633859634399414
in main 62.26452374458313
0.3075747489929199
in main 57.33402943611145
0.30445432662963867
migration  0.07685518264770508
in main 56.66780352592468
0.2657654285430908
in main 57.34676814079285
0.28687477111816406
in main 50.97376346588135
0.2294473648071289
in main 52.13310885429382
0.22589349746704102
in main 54.03397989273071
0.25695228576660156
in main 52.613686323165894
0.24681353569030762
in main 52.18389439582825
0.24415206909179688
in main 49.95779228210449
0.22423243522644043
in main 51.20938181877136
0.22493553161621094
in main 57.481300354003906
0.25456953048706055
migration  0.2230818271636963
in main 54.00796866416931
0.22376132011413574
in main 54.12101888656616
0.26015782356262207
in main 56.061299562454224
0.22368478775024414
in main 54.241539001464844
0.2256481647491455
in main 65.43009209632874
0.23387908935546875
in main 59.04357433319092
0.22062373161315918
in main 65.08097887039185
0.2266073226928711
in main 59.99726986885071
0.22567105293273926
in main 53.060014724731445
0.2739875316619873
in main 61.825398683547974
0.2222156524658203
migration  0.6741757392883301
in main 58.452871561050415
0.28516125679016113
in main 69.70680785179138
0.2228085994720459
in main 58.82902526855469
0.2211780548095703
in main 57.65047740936279
0.2247476577758789
in main 62.13758397102356
0.22320175170898438
in main 59.8996901512146
0.22307634353637695
in main 62.023338317871094
0.2230079174041748
in main 55.230257749557495
0.23631000518798828
in main 60.076159954071045
0.22922468185424805
in main 56.46389961242676
0.22485661506652832
migration  0.11360907554626465
in main 52.58516192436218
0.22280001640319824
in main 52.25106906890869
0.22298312187194824
in main 55.64170455932617
0.22555184364318848
in main 54.625415325164795
0.22261762619018555
in main 61.56523513793945
0.22247552871704102
in main 55.44996786117554
0.22498679161071777
in main 69.28852653503418
0.22229385375976562
in main 60.36545729637146
0.22158265113830566
in main 57.29197573661804
0.22359013557434082
in main 55.13964915275574
0.22556018829345703
migration  0.0732107162475586
in main 49.427329540252686
0.22362017631530762
in main 56.19504737854004
0.2283031940460205
in main 58.595470905303955
0.22790765762329102
in main 53.455979347229004
0.3524942398071289
in main 64.33292865753174
0.2225348949432373
in main 60.39607906341553
0.2249767780303955
in main 61.18668007850647
0.22565317153930664
in main 64.40540051460266
0.23042058944702148
in main 61.63094139099121
0.22194314002990723
in main 59.6653516292572
0.2438948154449463
migration  0.36352992057800293
in main 64.26336479187012
0.23256874084472656
in main 54.37322640419006
0.2655303478240967
in main 60.38562846183777
0.2511484622955322
in main 60.302207708358765
0.28714680671691895
in main 57.83979630470276
0.22495341300964355
in main 56.966957330703735
0.22192621231079102
in main 58.266844749450684
0.23224925994873047
in main 56.931005001068115
0.230086088180542
in main 63.37480068206787
0.22547245025634766
in main 57.29689168930054
0.22947454452514648
migration  0.4413411617279053
in main 57.31088161468506
0.22679924964904785
in main 62.44171094894409
0.22387218475341797
in main 56.295987129211426
0.22330307960510254
in main 53.16958045959473
0.232069730758667
in main 56.99579977989197
0.22376036643981934
in main 55.60450792312622
0.22314810752868652
in main 56.380117416381836
0.2352888584136963
in main 61.388559103012085
0.2248220443725586
in main 56.63036918640137
0.23105812072753906
in main 57.879241943359375
0.06678318977355957
0.2206437587738037
migration  0.06383395195007324
in main 43.31889629364014
0.2377324104309082
in main 43.87166237831116
0.23456335067749023
in main 48.241438150405884
0.2818295955657959
in main 53.95363759994507
0.28443121910095215
in main 60.67772650718689
0.22811627388000488
in main 45.11699914932251
0.309506893157959
in main 50.785345792770386
0.30788660049438477
in main 49.52921223640442
0.33147263526916504
in main 44.56024122238159
0.2695331573486328
in main 44.02143049240112
0.3015584945678711
migration  0.23301267623901367
in main 44.99094247817993
0.27436137199401855
in main 51.66962718963623
0.2284839153289795
in main 44.70625448226929
0.3009765148162842
in main 45.874943017959595
0.32606053352355957
in main 53.37891745567322
0.23142409324645996
in main 50.312156677246094
0.22890400886535645
in main 47.60476636886597
0.2976832389831543
in main 47.469526290893555
0.23885488510131836
in main 45.22283148765564
0.23096084594726562
in main 42.86936330795288
0.22797274589538574
migration  0.7746496200561523
in main 57.328171491622925
0.3185701370239258
in main 44.05367136001587
0.2550954818725586
in main 46.58621549606323
0.4628479480743408
in main 48.155675172805786
0.30480003356933594
in main 48.422775983810425
0.22558283805847168
in main 47.13856101036072
0.2631831169128418
in main 47.00935363769531
0.22649097442626953
in main 50.66290330886841
0.2274487018585205
in main 47.108057498931885
0.22956228256225586
in main 46.79579305648804
0.22584033012390137
migration  0.19196844100952148
in main 48.62583303451538
0.22836995124816895
in main 50.71982502937317
0.235886812210083
in main 50.21105360984802
0.2604548931121826
in main 48.92654991149902
0.2318587303161621
in main 48.62956213951111
0.22776436805725098
in main 47.48597311973572
0.22962665557861328
in main 46.20417022705078
0.2265176773071289
in main 48.99526333808899
0.2350904941558838
in main 43.33613467216492
0.22786498069763184
in main 45.914830446243286
0.22739648818969727
migration  0.17660737037658691
in main 52.36556649208069
0.2323615550994873
in main 49.206992864608765
0.2284088134765625
in main 60.20239329338074
0.22377252578735352
in main 56.66328048706055
0.2620422840118408
in main 53.376415729522705
0.26644444465637207
in main 56.461405515670776
0.227463960647583
in main 58.60930132865906
0.22433233261108398
in main 55.96060276031494
0.3586251735687256
in main 46.97468400001526
0.2260293960571289
in main 59.73586082458496
0.22704029083251953
migration  0.2896237373352051
in main 53.16083288192749
0.2262120246887207
in main 56.187517166137695
0.24480938911437988
in main 68.61526918411255
0.22701358795166016
in main 57.730143308639526
0.23528766632080078
in main 50.88899898529053
0.25308847427368164
in main 52.242234230041504
0.2768685817718506
in main 56.9256432056427
0.2673499584197998
in main 58.812729358673096
0.23051881790161133
in main 65.79422879219055
0.22644925117492676
in main 55.772032022476196
0.22872424125671387
migration  0.3995232582092285
in main 62.30334758758545
0.32835841178894043
in main 61.77444672584534
0.2481849193572998
in main 60.8105685710907
0.2947373390197754
in main 59.197816610336304
0.23454618453979492
in main 58.01946401596069
0.23334407806396484
in main 61.840097427368164
0.22738075256347656
in main 59.61435651779175
0.2312934398651123
in main 58.105162382125854
0.22748208045959473
in main 56.428776025772095
0.22417187690734863
in main 55.56740474700928
0.3280932903289795
migration  0.12049221992492676
in main 59.22255516052246
0.25842857360839844
in main 60.18107867240906
0.22836971282958984
in main 69.11953997612
0.22746658325195312
in main 57.64396095275879
0.23438215255737305
in main 61.84156084060669
0.29709506034851074
in main 56.093467473983765
0.23042774200439453
in main 59.04235529899597
0.24650788307189941
in main 55.656572341918945
0.36579418182373047
in main 56.198484897613525
0.23402857780456543
in main 55.925699949264526
0.22568726539611816
migration  0.1472306251525879
in main 54.289459228515625
0.2280423641204834
in main 54.297645568847656
0.2333061695098877
in main 48.126492500305176
0.3093404769897461
in main 59.805628538131714
0.23363137245178223
in main 47.606427907943726
0.310274600982666
in main 61.79560661315918
0.23101496696472168
in main 49.66607666015625
0.22735142707824707
in main 53.22087383270264
0.2561664581298828
in main 53.35894846916199
0.22837114334106445
in main 54.55541777610779
0.22711563110351562
migration  0.18793225288391113
in main 57.07303047180176
0.2304399013519287
in main 53.54962134361267
0.28205394744873047
in main 61.41805696487427
0.22990036010742188
in main 55.104984283447266
0.3191874027252197
in main 56.84608054161072
0.23022866249084473
in main 51.68165826797485
0.230057954788208
in main 57.10793709754944
0.2299046516418457
in main 60.18701362609863
0.22877764701843262
in main 60.19461703300476
0.2276606559753418
in main 61.84855604171753
0.2980775833129883
migration  0.2925446033477783
in main 52.99633979797363
0.35056138038635254
in main 60.7117965221405
0.22929978370666504
in main 54.89765477180481
0.23804616928100586
in main 54.87683176994324
0.22799992561340332
in main 56.35310125350952
0.22734928131103516
in main 53.49379897117615
0.2565014362335205
in main 54.93000245094299
0.299013614654541
in main 60.31305909156799
0.2659487724304199
in main 59.171491622924805
0.24768567085266113
in main 54.316489458084106
0.2260897159576416
migration  0.4610164165496826
in main 55.63068437576294
0.2311863899230957
in main 87.10750818252563
0.23798680305480957
in main 52.297775983810425
0.22782540321350098
in main 67.07949829101562
0.23501253128051758
in main 50.258968114852905
0.22628331184387207
in main 50.80606937408447
0.22819185256958008
in main 53.26785182952881
0.2248213291168213
in main 68.00462079048157
0.4578061103820801
in main 85.04312920570374
0.22906708717346191
in main 76.13864874839783
0.22680354118347168
migration  0.16446685791015625
in main 57.94895839691162
0.28507494926452637
in main 55.96036720275879
0.22502684593200684
in main 64.11573481559753
0.26309704780578613
in main 49.97448110580444
0.23697710037231445
in main 53.32850503921509
0.2427687644958496
in main 56.832661151885986
0.22039556503295898
in main 58.100322008132935
0.34346699714660645
in main 53.622490644454956
0.22433876991271973
in main 60.653541564941406
0.2227458953857422
in main 54.12962603569031
0.2258777618408203
migration  0.07241678237915039
in main 55.362773418426514
0.22673320770263672
in main 52.26712441444397
0.2670605182647705
in main 58.978312969207764
0.22554993629455566
in main 52.097355127334595
0.22772645950317383
in main 51.66927695274353
0.22702860832214355
in main 58.1116623878479
0.3295259475708008
in main 58.37710523605347
0.3113131523132324
in main 69.15303134918213
0.2252342700958252
in main 52.59914469718933
0.28296375274658203
in main 54.344159841537476
0.22293472290039062
migration  0.6458418369293213
in main 60.27316093444824
0.2265918254852295
in main 53.0768940448761
0.22443580627441406
in main 50.204575061798096
0.22209477424621582
in main 54.48758673667908
0.23822641372680664
in main 49.45516657829285
0.22435808181762695
in main 53.512672901153564
0.22646021842956543
in main 55.60366463661194
0.2248075008392334
in main 55.34261226654053
0.22638511657714844
in main 49.988402128219604
0.22704362869262695
in main 57.134116411209106
0.06809782981872559
0.22649312019348145
migration  0.05675697326660156
in main 43.722840547561646
0.2353529930114746
in main 45.629292726516724
0.2930314540863037
in main 55.3660626411438
0.23324036598205566
in main 55.97449088096619
0.3213484287261963
in main 53.97105646133423
0.32122373580932617
in main 54.35197877883911
0.33150386810302734
in main 53.99251651763916
0.24036049842834473
in main 56.79264974594116
0.26198244094848633
in main 42.113516330718994
0.23472309112548828
in main 41.684868812561035
0.23604559898376465
migration  0.1998143196105957
in main 44.821258306503296
0.23555445671081543
in main 53.49420475959778
0.23705554008483887
in main 54.68461012840271
0.25803637504577637
in main 51.04623818397522
0.2475886344909668
in main 53.06928205490112
0.23139739036560059
in main 50.62770652770996
0.23309946060180664
in main 49.41718339920044
0.23798537254333496
in main 46.65424942970276
0.23870086669921875
in main 43.16952896118164
0.23157978057861328
in main 47.116138219833374
0.2320547103881836
migration  0.30759572982788086
in main 42.362483978271484
0.24135327339172363
in main 50.733530044555664
0.25924158096313477
in main 53.86336374282837
0.23830533027648926
in main 54.68996858596802
0.2413473129272461
in main 52.44528031349182
0.23375535011291504
in main 52.69250512123108
0.23108696937561035
in main 49.50947117805481
0.23196887969970703
in main 49.987542390823364
0.23469042778015137
in main 52.75150227546692
0.23449230194091797
in main 50.00724911689758
0.3131430149078369
migration  0.4524805545806885
in main 49.78510594367981
0.2273709774017334
in main 46.564722537994385
0.2366626262664795
in main 51.286248445510864
0.2834630012512207
in main 50.22712254524231
0.2633535861968994
in main 54.2666289806366
0.22794675827026367
in main 49.510587215423584
0.22672247886657715
in main 52.61478400230408
0.2291417121887207
in main 56.616217374801636
0.22953319549560547
in main 58.55938386917114
0.22851896286010742
in main 57.20485043525696
0.2716093063354492
migration  0.6348888874053955
in main 61.08437132835388
0.23574280738830566
in main 52.92095065116882
0.23299503326416016
in main 50.40445065498352
0.22588777542114258
in main 46.23239755630493
0.2267746925354004
in main 41.60905146598816
0.23639130592346191
in main 50.878268241882324
0.24599003791809082
in main 48.35577440261841
0.38222384452819824
in main 55.7309205532074
0.22789359092712402
in main 48.708807706832886
0.26659131050109863
in main 46.438230752944946
0.24521088600158691
migration  0.24622797966003418
in main 53.06803107261658
0.32784080505371094
in main 49.9481143951416
0.23300814628601074
in main 53.1787850856781
0.3324429988861084
in main 51.334872245788574
0.2478344440460205
in main 54.99353766441345
0.23175358772277832
in main 55.103225231170654
0.22999787330627441
in main 53.71308374404907
0.22846293449401855
in main 51.38305950164795
0.2691686153411865
in main 58.59026098251343
0.3176710605621338
in main 55.69308829307556
0.30031323432922363
migration  0.10194873809814453
in main 60.04658484458923
0.22508716583251953
in main 53.31079864501953
0.22651410102844238
in main 50.51901578903198
0.24909687042236328
in main 53.06872224807739
0.32912707328796387
in main 59.412662506103516
0.2272655963897705
in main 54.80094766616821
0.22764325141906738
in main 56.239229917526245
0.22957825660705566
in main 58.031983375549316
0.23089194297790527
in main 60.002970457077026
0.22783541679382324
in main 57.68734836578369
0.22571253776550293
migration  0.18274855613708496
in main 51.13547873497009
0.2297351360321045
in main 55.8272762298584
0.2392873764038086
in main 53.47601103782654
0.23589873313903809
in main 56.73138475418091
0.2959315776824951
in main 55.132256507873535
0.229172945022583
in main 52.86027765274048
0.2272787094116211
in main 53.472909688949585
0.22609686851501465
in main 51.13703227043152
0.2253730297088623
in main 50.08823108673096
0.22657012939453125
in main 51.610159397125244
0.3470170497894287
migration  0.567183256149292
in main 56.56352758407593
0.27812767028808594
in main 56.0766875743866
0.22339987754821777
in main 54.30606508255005
0.22323036193847656
in main 56.658217430114746
0.2248084545135498
in main 55.093469858169556
0.2348315715789795
in main 60.48898434638977
0.22784781455993652
in main 59.74486303329468
0.22607660293579102
in main 53.88927936553955
0.22360587120056152
in main 61.25562119483948
0.22393155097961426
in main 57.06645369529724
0.23066425323486328
migration  0.14835476875305176
in main 52.22433018684387
0.2234196662902832
in main 58.326332092285156
0.2270205020904541
in main 58.119842290878296
0.2751648426055908
in main 60.53535342216492
0.3536667823791504
in main 59.41696834564209
0.22260594367980957
in main 58.32193112373352
0.22089719772338867
in main 58.716522455215454
0.2237870693206787
in main 52.52677893638611
0.22486042976379395
in main 58.42592215538025
0.2680060863494873
in main 57.649317026138306
0.22328877449035645
migration  0.39223289489746094
in main 63.55783939361572
0.22177720069885254
in main 59.49327516555786
0.2251574993133545
in main 61.76567316055298
0.23214077949523926
in main 50.498329162597656
0.22466158866882324
in main 53.975257873535156
0.23429274559020996
in main 56.560626745224
0.227339506149292
in main 57.870317697525024
0.2279069423675537
in main 60.6115288734436
0.3046724796295166
in main 57.69109010696411
0.22507405281066895
in main 69.04759931564331
0.2244417667388916
migration  0.23184585571289062
in main 61.854440450668335
0.22624993324279785
in main 55.98009514808655
0.2282886505126953
in main 58.10931372642517
0.22622966766357422
in main 55.57969379425049
0.22590970993041992
in main 54.69753813743591
0.22791457176208496
in main 55.092604637145996
0.22462892532348633
in main 58.610233545303345
0.22563529014587402
in main 51.54212689399719
0.22452306747436523
in main 49.91833233833313
0.22993707656860352
in main 58.38392353057861
0.22694730758666992
migration  0.08550238609313965
in main 56.64613723754883
0.23620223999023438
in main 60.80282783508301
0.2259058952331543
in main 54.457380533218384
0.3184061050415039
in main 56.9293429851532
0.2388780117034912
in main 62.5350136756897
0.2761647701263428
in main 65.92573714256287
0.22761011123657227
in main 63.961458683013916
0.2294626235961914
in main 62.59499192237854
0.2268052101135254
in main 56.04817056655884
0.2236626148223877
in main 65.71179723739624
0.24581575393676758
migration  0.19541645050048828
in main 56.8548264503479
0.24436330795288086
in main 69.1301019191742
0.22299504280090332
in main 58.22232460975647
0.2271275520324707
in main 56.78539180755615
0.28517842292785645
in main 59.787540674209595
0.2667417526245117
in main 66.22954487800598
0.2247936725616455
in main 60.74627614021301
0.22394990921020508
in main 55.901612520217896
0.22852420806884766
in main 59.650081634521484
0.2841804027557373
in main 71.73266553878784
0.22571969032287598
migration  0.2024388313293457
in main 66.98644375801086
0.22336053848266602
in main 64.36293935775757
0.2291545867919922
in main 58.88876700401306
0.22557878494262695
in main 54.02602481842041
0.22847461700439453
in main 56.22639346122742
0.228959321975708
in main 58.60702991485596
0.22887802124023438
in main 63.700337409973145
0.2266843318939209
in main 57.78210210800171
0.22585844993591309
in main 58.01654314994812
0.22847342491149902
in main 62.514427185058594
0.06771254539489746
0.2217881679534912
migration  0.05169486999511719
in main 47.127010345458984
0.2386186122894287
in main 42.72115993499756
0.3174924850463867
in main 42.4342041015625
0.2354736328125
in main 52.678773164749146
0.23436617851257324
in main 48.226815700531006
0.23486781120300293
in main 54.66638898849487
0.23211312294006348
in main 51.799837827682495
0.24273395538330078
in main 53.0522346496582
0.34712815284729004
in main 45.823240518569946
0.23170876502990723
in main 51.61481595039368
0.22810125350952148
migration  0.3469369411468506
in main 49.05008625984192
0.23470306396484375
in main 49.02656173706055
0.2319798469543457
in main 46.19633722305298
0.23597121238708496
in main 40.83038377761841
0.2324082851409912
in main 44.109999895095825
0.2330784797668457
in main 43.09977078437805
0.23799657821655273
in main 39.0631639957428
0.2710456848144531
in main 53.8791401386261
0.2603416442871094
in main 48.83338952064514
0.2298130989074707
in main 52.84525442123413
0.22658061981201172
migration  0.1948561668395996
in main 45.62829566001892
0.2247927188873291
in main 52.324026584625244
0.297898530960083
in main 51.66996932029724
0.3695647716522217
in main 50.02292490005493
0.22730731964111328
in main 53.76733994483948
0.22619223594665527
in main 56.60158038139343
0.2565004825592041
in main 50.819313049316406
0.31462907791137695
in main 58.84249925613403
0.26516103744506836
in main 56.30098247528076
0.2344374656677246
in main 60.11754322052002
0.2791109085083008
migration  0.5569636821746826
in main 59.63461709022522
0.2752358913421631
in main 56.59484076499939
0.23145103454589844
in main 61.265689849853516
0.22845911979675293
in main 57.741968870162964
0.2977113723754883
in main 59.955857038497925
0.24759244918823242
in main 57.371161699295044
0.2992072105407715
in main 61.583099365234375
0.22558307647705078
in main 62.59507608413696
0.22798585891723633
in main 56.785988092422485
0.22848939895629883
in main 48.64907455444336
0.22759675979614258
migration  0.09223723411560059
in main 53.945862770080566
0.23622918128967285
in main 49.6723792552948
0.24646234512329102
in main 52.843101024627686
0.2691504955291748
in main 49.99781775474548
0.2349381446838379
in main 54.13820123672485
0.2799551486968994
in main 57.58364963531494
0.2271270751953125
in main 55.762633323669434
0.2274768352508545
in main 46.49559950828552
0.22662091255187988
in main 55.46779775619507
0.22896337509155273
in main 52.70945620536804
0.22924184799194336
migration  0.3516542911529541
in main 60.67676496505737
0.25779199600219727
in main 55.38043284416199
0.2403099536895752
in main 55.086740016937256
0.2869911193847656
in main 55.75111198425293
0.23579812049865723
in main 57.623971462249756
0.23929476737976074
in main 54.34108901023865
0.33289098739624023
in main 60.33376169204712
0.2430286407470703
in main 61.83494973182678
0.2312614917755127
in main 54.66861605644226
0.22893166542053223
in main 53.86646389961243
0.22803163528442383
migration  0.0753936767578125
in main 53.631301164627075
0.22947072982788086
in main 51.060997009277344
0.23979520797729492
in main 52.69094276428223
0.23953557014465332
in main 50.079004764556885
0.23589825630187988
in main 50.410534381866455
0.23338937759399414
in main 48.92014670372009
0.2618546485900879
in main 48.718913078308105
0.22857975959777832
in main 50.10756254196167
0.22848081588745117
in main 55.25079345703125
0.2302844524383545
in main 49.508692502975464
0.22969555854797363
migration  0.4820406436920166
in main 55.13892197608948
0.23733282089233398
in main 53.55027794837952
0.23030924797058105
in main 56.08589816093445
0.23483490943908691
in main 50.48454475402832
0.23610210418701172
in main 51.65039682388306
0.23033952713012695
in main 53.50840497016907
0.2825429439544678
in main 47.980660915374756
0.2326359748840332
in main 57.18366503715515
0.23975467681884766
in main 56.26780128479004
0.22716808319091797
in main 56.50771760940552
0.2281489372253418
migration  0.21010088920593262
in main 51.47523736953735
0.2311105728149414
in main 58.51031231880188
0.22773385047912598
in main 50.831286668777466
0.22705388069152832
in main 60.25700116157532
0.23626494407653809
in main 53.51545548439026
0.22512030601501465
in main 63.39840579032898
0.22497987747192383
in main 54.376251459121704
0.22565913200378418
in main 50.35965585708618
0.30829358100891113
in main 67.00203537940979
0.2263343334197998
in main 66.31322503089905
0.26450276374816895
migration  0.4083595275878906
in main 54.885884046554565
0.2324388027191162
in main 47.99053883552551
0.2696876525878906
in main 53.61101698875427
0.2460923194885254
in main 56.60721135139465
0.25104618072509766
in main 51.24080157279968
0.2290661334991455
in main 56.68552780151367
0.2465348243713379
in main 58.54479169845581
0.22495007514953613
in main 51.15059494972229
0.2258610725402832
in main 49.641868114471436
0.2259981632232666
in main 52.39961075782776
0.2271714210510254
migration  0.23624110221862793
in main 53.03220057487488
0.22609758377075195
in main 51.164443254470825
0.22385716438293457
in main 58.23266792297363
0.2385542392730713
in main 53.82986402511597
0.22999334335327148
in main 56.59631013870239
0.22699689865112305
in main 52.1911039352417
0.2237870693206787
in main 58.96618294715881
0.27673840522766113
in main 61.26760768890381
0.2579178810119629
in main 56.89294719696045
0.2269606590270996
in main 61.373464822769165
0.22526788711547852
migration  0.3754432201385498
in main 73.3734781742096
0.2924656867980957
in main 84.05928301811218
0.2240748405456543
in main 60.62641644477844
0.22769522666931152
in main 51.55650186538696
0.2316570281982422
in main 53.58870792388916
0.22299814224243164
in main 51.87166714668274
0.2271709442138672
in main 52.60769057273865
0.22477483749389648
in main 51.00867319107056
0.2307295799255371
in main 55.609599590301514
0.2321605682373047
in main 55.8541579246521
0.23189449310302734
migration  0.3428795337677002
in main 50.43980932235718
0.2583434581756592
in main 61.40554666519165
0.22787785530090332
in main 59.62883758544922
0.22900676727294922
in main 59.98050236701965
0.22629523277282715
in main 56.651551723480225
0.24797654151916504
in main 61.86357522010803
0.22461891174316406
in main 67.07395792007446
0.22575688362121582
in main 68.70691156387329
0.22574472427368164
in main 63.21351480484009
0.3046846389770508
in main 57.79678654670715
0.24988198280334473
migration  0.14490127563476562
in main 61.513386249542236
0.2549936771392822
in main 65.98196578025818
0.22545313835144043
in main 61.758137464523315
0.2739734649658203
in main 61.85246992111206
0.28867387771606445
in main 62.6876015663147
0.22672557830810547
in main 59.507551193237305
0.22765016555786133
in main 60.13050174713135
0.24689888954162598
in main 56.04133653640747
0.26631879806518555
in main 64.02527356147766
0.2252500057220459
in main 59.47753190994263
0.24221515655517578
migration  0.11546874046325684
in main 63.53165102005005
0.22678446769714355
in main 51.95656228065491
0.2241802215576172
in main 57.726024866104126
0.22588825225830078
in main 50.586997985839844
0.23424911499023438
in main 56.3172447681427
0.22584891319274902
in main 56.97855019569397
0.22697138786315918
in main 53.85330605506897
0.22630715370178223
in main 54.19496011734009
0.22508811950683594
in main 55.086543798446655
0.22057056427001953
in main 47.485978841781616
0.1083073616027832
0.22232460975646973
migration  0.19320249557495117
in main 43.23007297515869
0.2860147953033447
in main 54.44711780548096
0.24312806129455566
in main 46.31295680999756
0.2620816230773926
in main 58.06143069267273
0.2512688636779785
in main 55.07082533836365
0.22894048690795898
in main 44.532110929489136
0.261197566986084
in main 43.13724446296692
0.23697185516357422
in main 45.33740496635437
0.23505020141601562
in main 44.39172649383545
0.23793768882751465
in main 45.39522624015808
0.27739763259887695
migration  0.43579840660095215
in main 52.16259956359863
0.27770209312438965
in main 38.973422050476074
0.2941579818725586
in main 45.905186891555786
0.2530848979949951
in main 45.62111449241638
0.28504395484924316
in main 49.58649444580078
0.2335338592529297
in main 46.42350959777832
0.2643148899078369
in main 42.613377809524536
0.3099086284637451
in main 47.16063332557678
0.22935962677001953
in main 44.945289611816406
0.2598292827606201
in main 47.343652963638306
0.2315380573272705
migration  0.10856795310974121
in main 46.79711437225342
0.22829651832580566
in main 62.88909840583801
0.23251008987426758
in main 51.15142560005188
0.23652148246765137
in main 50.380311489105225
0.2332305908203125
in main 53.773128032684326
0.3146955966949463
in main 48.91410803794861
0.3773365020751953
in main 48.13650059700012
0.3233652114868164
in main 48.81397485733032
0.22785496711730957
in main 48.93472146987915
0.2791411876678467
in main 53.23513126373291
0.2714052200317383
migration  0.14144015312194824
in main 53.250359296798706
0.2520928382873535
in main 55.744810819625854
0.253035306930542
in main 56.4762020111084
0.22578835487365723
in main 56.206220388412476
0.2612311840057373
in main 57.992220878601074
0.2289409637451172
in main 63.25542497634888
0.2687397003173828
in main 57.54970097541809
0.31188035011291504
in main 56.96546292304993
0.2591536045074463
in main 53.57022023200989
0.22873520851135254
in main 46.45779609680176
0.2787506580352783
migration  0.20927977561950684
in main 53.89838266372681
0.24491024017333984
in main 56.4673285484314
0.22897887229919434
in main 53.03746056556702
0.22851204872131348
in main 54.38998341560364
0.23305439949035645
in main 54.04201674461365
0.286236047744751
in main 55.64591431617737
0.26119256019592285
in main 57.45056986808777
0.355729341506958
in main 57.336711168289185
0.2289566993713379
in main 57.70094108581543
0.276273250579834
in main 59.70004630088806
0.2242565155029297
migration  0.5475354194641113
in main 59.80286622047424
0.22544503211975098
in main 57.586984395980835
0.22642016410827637
in main 50.51704406738281
0.2264409065246582
in main 51.51763033866882
0.2265479564666748
in main 59.80431413650513
0.22522425651550293
in main 61.53404378890991
0.22571873664855957
in main 51.221813678741455
0.2751350402832031
in main 58.024049282073975
0.22554588317871094
in main 60.79299712181091
0.2260582447052002
in main 54.73298215866089
0.2533888816833496
migration  0.556593656539917
in main 63.593976736068726
0.22522473335266113
in main 63.04257297515869
0.306164026260376
in main 65.13722705841064
0.2349998950958252
in main 55.51254439353943
0.28360915184020996
in main 60.70197606086731
0.22385025024414062
in main 54.46802568435669
0.22090697288513184
in main 53.98808813095093
0.22525978088378906
in main 60.039140462875366
0.22339200973510742
in main 58.14477038383484
0.23011422157287598
in main 63.807350158691406
0.2221999168395996
migration  1.2529957294464111
in main 58.59727931022644
0.2723352909088135
in main 56.713120222091675
0.34586596488952637
in main 61.583277225494385
0.22389483451843262
in main 58.352917194366455
0.23291659355163574
in main 55.845394134521484
0.22485041618347168
in main 56.12634992599487
0.22186708450317383
in main 64.08285093307495
0.22206997871398926
in main 58.3351686000824
0.24351191520690918
in main 54.59767508506775
0.2617640495300293
in main 60.076603174209595
0.22200465202331543
migration  0.20523834228515625
in main 66.69180393218994
0.22379231452941895
in main 59.02186346054077
0.22305870056152344
in main 54.434606313705444
0.22394680976867676
in main 54.39573860168457
0.23252224922180176
in main 50.526387453079224
0.22098445892333984
in main 54.174707889556885
0.22499704360961914
in main 58.83262372016907
0.22214865684509277
in main 50.88462543487549
0.22340750694274902
in main 55.32974553108215
0.2539863586425781
in main 59.97762131690979
0.23244357109069824
migration  0.46731042861938477
in main 52.25568914413452
0.30304622650146484
in main 62.81645894050598
0.22422146797180176
in main 53.250874280929565
0.22658896446228027
in main 52.696197509765625
0.22420978546142578
in main 55.48757576942444
0.222611665725708
in main 58.33033752441406
0.22106456756591797
in main 52.43767023086548
0.22545075416564941
in main 60.41113877296448
0.22501206398010254
in main 53.767261028289795
0.22243809700012207
in main 56.97589325904846
0.22593188285827637
migration  0.6644923686981201
in main 57.43044996261597
0.2270050048828125
in main 65.47142434120178
0.32160019874572754
in main 57.8213164806366
0.22569584846496582
in main 63.65131592750549
0.2331376075744629
in main 50.275858879089355
0.25534605979919434
in main 50.17597723007202
0.22676753997802734
in main 57.29729628562927
0.22864365577697754
in main 57.06167221069336
0.23989582061767578
in main 68.06093502044678
0.22509503364562988
in main 51.92203235626221
0.22554540634155273
migration  0.07694792747497559
in main 49.678746461868286
0.22408604621887207
in main 63.47504162788391
0.22987890243530273
in main 54.27273631095886
0.224639892578125
in main 50.982423305511475
0.22574114799499512
in main 51.18789100646973
0.22567486763000488
in main 49.542747259140015
0.22355961799621582
in main 53.71041941642761
0.2264404296875
in main 54.92028737068176
0.22467851638793945
in main 53.665870666503906
0.22550320625305176
in main 50.02975535392761
0.22764062881469727
migration  0.16478371620178223
in main 54.34148669242859
0.2244586944580078
in main 57.60977578163147
0.2254936695098877
in main 53.14117169380188
0.32891106605529785
in main 54.870590686798096
0.2259817123413086
in main 59.384172677993774
0.22611451148986816
in main 55.29895329475403
0.22329449653625488
in main 54.23185729980469
0.225433349609375
in main 62.24217867851257
0.22378873825073242
in main 54.7928946018219
0.25504159927368164
in main 55.7007520198822
0.2237699031829834
migration  0.7567126750946045
in main 60.65480971336365
0.2220597267150879
in main 63.77761244773865
0.22208762168884277
in main 60.91315269470215
0.22341656684875488
in main 58.757159948349
0.23490595817565918
in main 63.67965388298035
0.2223818302154541
in main 63.5357825756073
0.3531675338745117
in main 64.12854743003845
0.40468621253967285
in main 61.034926414489746
0.22660565376281738
in main 56.11981916427612
0.22335219383239746
in main 53.75179862976074
0.22525453567504883
migration  0.3536570072174072
in main 56.616994857788086
0.22234201431274414
in main 57.643683195114136
0.2282726764678955
in main 58.01757550239563
0.22571897506713867
in main 57.76903986930847
0.22467303276062012
in main 52.99625492095947
0.22510290145874023
in main 50.43422317504883
0.23165273666381836
in main 59.533493518829346
0.23314738273620605
in main 61.35151171684265
0.23309779167175293
in main 62.57300662994385
0.22172260284423828
in main 57.47052001953125
0.06895661354064941
0.22635960578918457
migration  0.054018497467041016
in main 48.51755475997925
0.23977994918823242
in main 45.03947472572327
0.2651219367980957
in main 45.393633127212524
0.3131272792816162
in main 51.037028074264526
0.2364823818206787
in main 46.54075765609741
0.23319172859191895
in main 44.66616415977478
0.23987603187561035
in main 43.3524866104126
0.24363160133361816
in main 42.39042329788208
0.24425292015075684
in main 42.123915672302246
0.2448897361755371
in main 40.256985664367676
0.2845299243927002
migration  0.18331313133239746
in main 49.19094705581665
0.35399580001831055
in main 56.92232084274292
0.2350306510925293
in main 57.0343804359436
0.32369446754455566
in main 43.928345918655396
0.32936978340148926
in main 47.45400142669678
0.26374340057373047
in main 45.52232384681702
0.46094679832458496
in main 50.96556878089905
0.2723069190979004
in main 55.554593086242676
0.23189687728881836
in main 44.79111075401306
0.2286527156829834
in main 55.91296124458313
0.23354601860046387
migration  0.4343547821044922
in main 49.83637714385986
0.22693753242492676
in main 48.40742087364197
0.23600292205810547
in main 53.50780749320984
0.22964072227478027
in main 55.42784142494202
0.23433780670166016
in main 51.56003165245056
0.22503137588500977
in main 59.17358422279358
0.22478318214416504
in main 45.21835923194885
0.2556171417236328
in main 53.65182614326477
0.22619056701660156
in main 56.3545458316803
0.2268831729888916
in main 48.60500907897949
0.22658920288085938
migration  0.37084221839904785
in main 51.825382709503174
0.23292970657348633
in main 51.1678261756897
0.23638486862182617
in main 51.48168063163757
0.22767162322998047
in main 41.86515426635742
0.3303391933441162
in main 44.961320877075195
0.2245311737060547
in main 48.730318784713745
0.22766923904418945
in main 44.90238356590271
0.23063206672668457
in main 53.48196077346802
0.22827410697937012
in main 49.16343688964844
0.25847649574279785
in main 54.48127007484436
0.22477245330810547
migration  0.353837251663208
in main 55.2864785194397
0.2257862091064453
in main 59.38591027259827
0.3166787624359131
in main 54.9400680065155
0.2768239974975586
in main 57.25264835357666
0.23495793342590332
in main 57.35452437400818
0.275576114654541
in main 52.843910694122314
0.22263860702514648
in main 53.411206007003784
0.22550535202026367
in main 55.274479389190674
0.22418761253356934
in main 58.65766906738281
0.22443699836730957
in main 53.43555498123169
0.25313568115234375
migration  0.07121443748474121
in main 53.55344891548157
0.22219419479370117
in main 57.89047956466675
0.2643742561340332
in main 58.52761125564575
0.26474976539611816
in main 55.35188627243042
0.27492260932922363
in main 56.622852087020874
0.2663576602935791
in main 60.9417290687561
0.294482946395874
in main 62.46026873588562
0.23858880996704102
in main 60.04709815979004
0.23072266578674316
in main 63.296014070510864
0.284146785736084
in main 64.26252746582031
0.3006613254547119
migration  0.5112161636352539
in main 61.19565939903259
0.2255725860595703
in main 61.041871070861816
0.22631621360778809
in main 64.08278703689575
0.22513246536254883
in main 57.06762194633484
0.2512061595916748
in main 59.71608209609985
0.2245776653289795
in main 63.86505579948425
0.23511505126953125
in main 56.73321342468262
0.34723758697509766
in main 56.345879316329956
0.22858715057373047
in main 55.453176498413086
0.2271273136138916
in main 53.520808935165405
0.22499895095825195
migration  0.43235087394714355
in main 55.32810735702515
0.22565770149230957
in main 56.18649959564209
0.22382140159606934
in main 54.672210693359375
0.30831241607666016
in main 56.76762294769287
0.2362356185913086
in main 53.73676419258118
0.22342205047607422
in main 59.32237434387207
0.22763919830322266
in main 67.06180691719055
0.22948122024536133
in main 61.08374238014221
0.2933666706085205
in main 62.5180459022522
0.31757450103759766
in main 70.1017529964447
0.27376246452331543
migration  0.6689419746398926
in main 76.30631351470947
0.2269272804260254
in main 59.02959847450256
0.22634553909301758
in main 61.00790858268738
0.2560462951660156
in main 61.90808463096619
0.22645092010498047
in main 70.28492045402527
0.2345879077911377
in main 63.816267251968384
0.2256765365600586
in main 57.342615365982056
0.2577686309814453
in main 62.777328968048096
0.23590564727783203
in main 63.0810022354126
0.2257986068725586
in main 54.4219126701355
0.2641599178314209
migration  0.06007695198059082
in main 65.30262422561646
0.3179357051849365
in main 70.02884459495544
0.23720192909240723
in main 60.29628586769104
0.2256298065185547
in main 59.05202341079712
0.23082447052001953
in main 52.737643241882324
0.2697296142578125
in main 55.70120167732239
0.22731709480285645
in main 59.216124534606934
0.2272319793701172
in main 51.23270010948181
0.22631406784057617
in main 55.568787574768066
0.22834205627441406
in main 55.90806245803833
0.22786450386047363
migration  0.14470338821411133
in main 54.359291791915894
0.2286849021911621
in main 60.014333724975586
0.23838543891906738
in main 49.594156980514526
0.22747135162353516
in main 58.852396965026855
0.23704218864440918
in main 55.98402285575867
0.2272357940673828
in main 63.233678579330444
0.24814128875732422
in main 59.672038078308105
0.22710943222045898
in main 64.74771189689636
0.22889208793640137
in main 56.21048164367676
0.22758126258850098
in main 53.36576962471008
0.22612977027893066
migration  0.14035749435424805
in main 55.09495282173157
0.22435426712036133
in main 49.60624384880066
0.2302086353302002
in main 51.56062340736389
0.22565746307373047
in main 50.8791778087616
0.22698211669921875
in main 61.050801277160645
0.22404003143310547
in main 51.2167603969574
0.2255840301513672
in main 50.739593744277954
0.4467923641204834
in main 62.28624081611633
0.22688865661621094
in main 53.07326650619507
0.2261052131652832
in main 47.94225811958313
0.22329115867614746
migration  0.34645819664001465
in main 57.66120457649231
0.22665095329284668
in main 58.006539821624756
0.3483431339263916
in main 59.48793625831604
0.22846555709838867
in main 58.99750781059265
0.22587227821350098
in main 56.08206868171692
0.24192237854003906
in main 60.619345903396606
0.24703264236450195
in main 57.064533948898315
0.2314164638519287
in main 58.22541689872742
0.22496724128723145
in main 65.87890601158142
0.2587320804595947
in main 63.19714307785034
0.22638297080993652
migration  0.876960277557373
in main 63.89288020133972
0.2639596462249756
in main 63.852513551712036
0.22966647148132324
in main 61.5389940738678
0.22871041297912598
in main 57.705482006073
0.25784873962402344
in main 63.34748649597168
0.2595694065093994
in main 54.807621479034424
0.22587132453918457
in main 59.41305589675903
0.22840046882629395
in main 68.20976424217224
0.22815728187561035
in main 64.49694228172302
0.22989630699157715
in main 51.55871033668518
0.23079466819763184
migration  0.47731828689575195
in main 58.08714246749878
0.2273561954498291
in main 59.198081731796265
0.22534894943237305
in main 58.271403074264526
0.22630572319030762
in main 58.145851850509644
0.224609375
in main 55.871984004974365
0.22583746910095215
in main 53.19194412231445
0.26432204246520996
in main 62.15996479988098
0.22938966751098633
in main 57.420997858047485
0.21403861045837402
in main 54.72216320037842
0.20131349563598633
in main 55.094953298568726
2.1894400119781494
1 , 0.5891658676893576 , 0.5893455973938871
4 , 0.5046021093000959 , 0.5056050589249784
6 , 0.4992329817833173 , 0.5030181086519114
2 , 0.5258868648130393 , 0.5280252946248922
3 , 0.5074784276126558 , 0.5108747724441889
1 , 0.589261744966443 , 0.5894414103669636
5 , 0.5060402684563758 , 0.5058924978442081
4 , 0.5069031639501438 , 0.5090543259557344
7 , 0.49980824544582936 , 0.5001437194596148
2 , 0.5276126558005753 , 0.529366676247964
3 , 0.5078619367209971 , 0.5122161540672607
1 , 0.5893576222435283 , 0.5894414103669636
6 , 0.5064237775647171 , 0.5078087573057393
4 , 0.5069990412272292 , 0.5080961962249688
7 , 0.5009587727708533 , 0.5027306697326819
2 , 0.5279002876318313 , 0.5303248059787296
3 , 0.508724832214765 , 0.5119287151480311
1 , 0.5900287631831256 , 0.5897288492861934
6 , 0.5068072866730584 , 0.5100124556865
4 , 0.5073825503355704 , 0.5092459519018875
7 , 0.5019175455417066 , 0.5052218070326722
2 , 0.5279961649089167 , 0.5297499281402702
3 , 0.5104506232023011 , 0.5150905432595574
1 , 0.590124640460211 , 0.5897288492861934
6 , 0.5073825503355704 , 0.5091501389288109
5 , 0.5083413231064238 , 0.5090543259557344
7 , 0.50287631831256 , 0.506563188655744
2 , 0.5282837967401726 , 0.5306122448979591
4 , 0.5104506232023011 , 0.5140366005557153
3 , 0.511601150527325 , 0.5143240394749449
1 , 0.590699904122723 , 0.5907827919900355
6 , 0.5082454458293384 , 0.5106831464980358
5 , 0.5086289549376798 , 0.5106831464980358
7 , 0.5048897411313519 , 0.5063715627095908
2 , 0.5283796740172579 , 0.5301331800325764
4 , 0.5122722914669223 , 0.513461722717256
3 , 0.5166826462128475 , 0.5171984286672415
1 , 0.5907957813998083 , 0.5908786049631121
5 , 0.5091083413231065 , 0.511737089201878
6 , 0.5089165867689358 , 0.5097250167672702
7 , 0.5074784276126558 , 0.5084794481172751
8 , 0.5058485139022052 , 0.5071380664942033
2 , 0.5286673058485138 , 0.5323368784133371
4 , 0.5123681687440076 , 0.5142282265018683
3 , 0.5168744007670183 , 0.5195937529941554
1 , 0.5908916586768935 , 0.5907827919900355
5 , 0.5093000958772771 , 0.5118329021749545
6 , 0.5091083413231065 , 0.5111622113634187
8 , 0.5076701821668265 , 0.5081920091980454
2 , 0.52895493767977 , 0.5318578135479544
4 , 0.5125599232981783 , 0.5166235508287822
3 , 0.5171620325982742 , 0.5193063140749257
1 , 0.5915627996164909 , 0.5910702309092651
5 , 0.5093959731543625 , 0.5121203410941841
8 , 0.5085330776605944 , 0.5108747724441889
9 , 0.5076701821668265 , 0.508287822171122
2 , 0.5291466922339405 , 0.5309954967902655
4 , 0.5126558005752637 , 0.5142282265018683
3 , 0.5176414189837009 , 0.5195937529941554
1 , 0.5916586768935762 , 0.5910702309092651
5 , 0.5096836049856184 , 0.5133659097441794
6 , 0.5094918504314477 , 0.5093417648749641
8 , 0.508724832214765 , 0.5111622113634187
2 , 0.5293384467881113 , 0.5308996838171889
4 , 0.5129434324065196 , 0.5145156654210981
3 , 0.5178331735378715 , 0.519881191913385
1 , 0.5918504314477468 , 0.5922199865861837
5 , 0.5098753595397891 , 0.5119287151480311
6 , 0.5096836049856184 , 0.5122161540672607
8 , 0.5092042186001917 , 0.5115454632557248
2 , 0.5294343240651965 , 0.530228993005653
4 , 0.5131351869606904 , 0.515186356232634
3 , 0.5183125599232982 , 0.5200728178595382
1 , 0.5919463087248322 , 0.5921241736131072
5 , 0.5099712368168744 , 0.5095333908211173
7 , 0.5097794822627038 , 0.5108747724441889
9 , 0.5096836049856184 , 0.5108747724441889
2 , 0.5296260786193672 , 0.5313787486825716
4 , 0.5132310642377756 , 0.5146114783941746
3 , 0.5184084372003834 , 0.5210309475903037
1 , 0.5920421860019176 , 0.592794864424643
5 , 0.5106423777564717 , 0.5127910319057201
6 , 0.5105465004793863 , 0.5115454632557248
7 , 0.5099712368168744 , 0.5093417648749641
10 , 0.5098753595397891 , 0.5102040816326531
2 , 0.5297219558964525 , 0.531953626521031
4 , 0.5133269415148609 , 0.515186356232634
3 , 0.5186001917545542 , 0.5206476956979975
1 , 0.5921380632790029 , 0.5928906773977196
5 , 0.511025886864813 , 0.5129826578518731
8 , 0.5100671140939597 , 0.511737089201878
7 , 0.5106423777564717 , 0.5108747724441889
2 , 0.5298178331735379 , 0.5308996838171889
4 , 0.5134228187919463 , 0.5135575356903325
3 , 0.5190795781399808 , 0.5217016384018396
1 , 0.5922339405560881 , 0.5928906773977196
9 , 0.5103547459252158 , 0.5131742837980262
3 , 0.5196548418024929 , 0.5217974513749162
4 , 0.5135186960690317 , 0.5143240394749449
5 , 0.5115052732502396 , 0.5128868448787967
finish training at: 9304.497737646103
