read data finish
{'G': 0, 'I': 1, 'Y': 2, 'C': 3, 'X': 4, 'W': 5, 'D': 6, 'B': 7, 'H': 8, 'A': 9, 'F': 10, 'E': 11}
{'migration': 'ring', 'objective': 'nsga-ii', 'data_division': 'NO', 'train-data': 'avila-tr.txt', 'test-data': 'avila-ts.txt', 'evaluation_num': 10000000000.0, 'core_num': 12, 'init': None, 'init_N_pop': 100, 'stop_generation': 150, 'N_pop': 100, 'weight-vector': (-1, 1), 'P_M': 0.1, 'P_m': 0.1, 'lnum': 10, 'P_dc': 0.8, 'N_rule': 10, 'delimiter': ',', 'mode': '5CV', 'migration_fre': 5, 'migration_num': 1, 'copy_migration': True}
0.06965470314025879
0.23543214797973633
migration  0.05399608612060547
in main 39.56516647338867
0.3153035640716553
in main 42.50282406806946
0.3161497116088867
in main 46.99661183357239
0.25139427185058594
in main 43.3742995262146
0.2665877342224121
in main 43.02188062667847
0.25393080711364746
migration  0.20120453834533691
in main 43.47187089920044
0.2424609661102295
in main 44.27208471298218
0.242356538772583
in main 44.490917682647705
0.24215435981750488
in main 49.65286612510681
0.24593567848205566
in main 44.36446976661682
0.24268841743469238
migration  0.20601415634155273
in main 42.71547222137451
0.2627227306365967
in main 44.965877532958984
0.2421271800994873
in main 43.73810601234436
0.2457568645477295
in main 46.08612275123596
0.24660062789916992
in main 47.478578090667725
0.24249267578125
migration  0.31424570083618164
in main 51.15878200531006
0.3523857593536377
in main 50.342342376708984
0.24898695945739746
in main 47.515573263168335
0.24708199501037598
in main 55.887552976608276
0.24767804145812988
in main 54.71631121635437
0.24124383926391602
migration  0.11133098602294922
in main 55.7194504737854
0.23886418342590332
in main 51.11788249015808
0.41388440132141113
in main 54.65313959121704
0.27063894271850586
in main 44.738797187805176
0.34393882751464844
in main 48.69803237915039
0.29311323165893555
migration  0.3977365493774414
in main 52.28497838973999
0.25102925300598145
in main 48.427875995635986
0.23973560333251953
in main 50.02041459083557
0.240556001663208
in main 52.25847864151001
0.2734992504119873
in main 45.488516330718994
0.24042892456054688
migration  0.17569446563720703
in main 42.852675437927246
0.24486756324768066
in main 44.77614188194275
0.242995023727417
in main 50.68582224845886
0.2427058219909668
in main 51.370091915130615
0.24104094505310059
in main 48.75021409988403
0.242570161819458
migration  0.0001239776611328125
in main 47.798699617385864
0.23986172676086426
in main 50.195510149002075
0.24106431007385254
in main 50.3369996547699
0.2400345802307129
in main 50.235779762268066
0.24240422248840332
in main 45.924946546554565
0.23964214324951172
migration  0.10831308364868164
in main 47.42933511734009
0.2616386413574219
in main 50.95518732070923
0.2420210838317871
in main 55.73624634742737
0.24108433723449707
in main 49.984615325927734
0.23917055130004883
in main 48.830955028533936
0.24042797088623047
migration  0.1002662181854248
in main 51.67032313346863
0.2426445484161377
in main 57.07940149307251
0.2518501281738281
in main 54.46645140647888
0.24523353576660156
in main 49.06297993659973
0.2446136474609375
in main 45.02587890625
0.24451804161071777
migration  0.1484699249267578
in main 48.28154683113098
0.24934887886047363
in main 50.65278935432434
0.24784207344055176
in main 46.352020502090454
0.24754714965820312
in main 48.3667995929718
0.2469944953918457
in main 49.26434135437012
0.2420485019683838
migration  0.1552426815032959
in main 49.24813771247864
0.24392437934875488
in main 46.86472773551941
0.23957610130310059
in main 47.391700744628906
0.3776721954345703
in main 51.47484612464905
0.2441999912261963
in main 46.87836837768555
0.24436402320861816
migration  0.15677356719970703
in main 46.95759177207947
0.24430060386657715
in main 51.67206573486328
0.24386119842529297
in main 48.25219225883484
0.2432553768157959
in main 57.96650815010071
0.24345874786376953
in main 58.7633593082428
0.24351906776428223
migration  0.4461236000061035
in main 51.97047781944275
0.25640439987182617
in main 55.43966603279114
0.2481672763824463
in main 54.0088586807251
0.2408771514892578
in main 46.42283773422241
0.2465503215789795
in main 45.76284694671631
0.2546567916870117
migration  0.2208082675933838
in main 49.81806206703186
0.31481504440307617
in main 46.69221639633179
0.2468554973602295
in main 54.46563458442688
0.24759125709533691
in main 51.658071517944336
0.24771690368652344
in main 46.547226905822754
0.2418673038482666
migration  0.18012380599975586
in main 46.946205139160156
0.23943066596984863
in main 47.99950075149536
0.24289631843566895
in main 48.50806784629822
0.24305987358093262
in main 45.973037004470825
0.2425086498260498
in main 46.70514416694641
0.24329543113708496
migration  0.00011181831359863281
in main 46.6477472782135
0.28367066383361816
in main 50.463271141052246
0.24031352996826172
in main 54.42042565345764
0.24025535583496094
in main 47.783855676651
0.3817782402038574
in main 56.3562867641449
0.24154925346374512
migration  0.09168195724487305
in main 52.15256404876709
0.2431020736694336
in main 51.99175810813904
0.24215269088745117
in main 53.232975006103516
0.2958204746246338
in main 55.6875855922699
0.34480810165405273
in main 50.03746175765991
0.24251127243041992
migration  0.26558971405029297
in main 46.90713834762573
0.27860283851623535
in main 57.122525691986084
0.25494956970214844
in main 52.59245324134827
0.24851226806640625
in main 52.947426557540894
0.2655630111694336
in main 55.94979524612427
0.2511112689971924
migration  0.04331636428833008
in main 54.36189651489258
0.24190306663513184
in main 48.75648808479309
0.24398398399353027
in main 49.604620695114136
0.24094128608703613
in main 49.95686054229736
0.29494166374206543
in main 58.14025378227234
0.3597073554992676
migration  0.1468193531036377
in main 55.781477212905884
0.24450254440307617
in main 54.57433295249939
0.26575756072998047
in main 50.37018132209778
0.24332284927368164
in main 58.427223682403564
0.24021673202514648
in main 50.098511695861816
0.28881168365478516
migration  0.11787605285644531
in main 57.38696551322937
0.2406020164489746
in main 50.98669219017029
0.24339580535888672
in main 53.13691163063049
0.240556001663208
in main 54.108882665634155
0.2415311336517334
in main 55.0955593585968
0.24348115921020508
migration  0.11227989196777344
in main 52.15365767478943
0.24321699142456055
in main 51.39552974700928
0.24280285835266113
in main 49.66291856765747
0.30346035957336426
in main 47.07380437850952
0.24969768524169922
in main 57.29467463493347
0.24186944961547852
migration  0.11720657348632812
in main 57.5883948802948
0.3022501468658447
in main 52.366666316986084
0.24196982383728027
in main 55.670138120651245
0.313112735748291
in main 52.55928063392639
0.23981833457946777
in main 54.00596046447754
0.2900044918060303
migration  0.4301292896270752
in main 56.218427658081055
0.27527737617492676
in main 58.902255058288574
0.25182461738586426
in main 54.64835977554321
0.3646085262298584
in main 54.95533800125122
0.24923157691955566
in main 57.33369731903076
0.26233482360839844
migration  0.18049311637878418
in main 57.07135772705078
0.239518404006958
in main 56.583823680877686
0.24087738990783691
in main 55.5903754234314
0.28014349937438965
in main 58.07590651512146
0.27918291091918945
in main 58.365145206451416
0.25022244453430176
migration  0.06865596771240234
in main 60.97340393066406
0.2880728244781494
in main 59.40962219238281
0.2510986328125
in main 50.018330574035645
0.24859356880187988
in main 54.06457710266113
0.2416367530822754
in main 57.65031027793884
0.24358606338500977
migration  0.12394976615905762
in main 50.92253017425537
0.23866558074951172
in main 62.157246589660645
0.24043798446655273
in main 54.122732639312744
0.2708280086517334
in main 61.144291400909424
0.36261677742004395
in main 57.21702551841736
0.25162720680236816
migration  0.18557214736938477
in main 55.116565227508545
0.23956727981567383
in main 58.03907370567322
0.24187064170837402
in main 53.61460542678833
0.2394580841064453
in main 51.50647521018982
0.2485196590423584
in main 51.517929792404175
0.24022865295410156
migration  0.15022540092468262
in main 59.11508345603943
0.34224724769592285
in main 61.31385374069214
0.4126884937286377
in main 52.93633413314819
0.25029563903808594
in main 61.252750873565674
0.23973608016967773
in main 59.41580319404602
0.140883207321167
0.2337360382080078
migration  0.0005340576171875
in main 52.091078996658325
0.252274751663208
in main 51.374592542648315
0.26801371574401855
in main 46.42724418640137
0.25084805488586426
in main 46.36969614028931
0.260606050491333
in main 48.397469997406006
0.25124549865722656
migration  0.1888408660888672
in main 43.58462858200073
0.2921912670135498
in main 43.607720613479614
0.2405996322631836
in main 47.77360820770264
0.2427833080291748
in main 48.90831255912781
0.2369229793548584
in main 41.60911512374878
0.23783397674560547
migration  0.18384718894958496
in main 44.947158336639404
0.33582615852355957
in main 48.32173180580139
0.2570338249206543
in main 49.59851813316345
0.2491929531097412
in main 46.172176122665405
0.2458512783050537
in main 45.98190450668335
0.24200081825256348
migration  0.13783979415893555
in main 46.708529233932495
0.283585786819458
in main 53.83548307418823
0.255662202835083
in main 50.712262868881226
0.2551279067993164
in main 46.05498218536377
0.48667383193969727
in main 49.77730917930603
0.2428572177886963
migration  0.09615206718444824
in main 55.35122871398926
0.24175786972045898
in main 50.63126230239868
0.23973774909973145
in main 47.577187299728394
0.2772853374481201
in main 44.88344478607178
0.2359905242919922
in main 53.104936838150024
0.23736333847045898
migration  0.2955610752105713
in main 55.06713557243347
0.24394869804382324
in main 48.40807008743286
0.2689547538757324
in main 61.692219257354736
0.2871427536010742
in main 60.499526023864746
0.2648029327392578
in main 53.310383558273315
0.24056434631347656
migration  0.367281436920166
in main 57.59137511253357
0.24536776542663574
in main 49.893136978149414
0.23356223106384277
in main 49.29895210266113
0.2403724193572998
in main 53.039523124694824
0.23636269569396973
in main 57.6956307888031
0.23619866371154785
migration  0.09715795516967773
in main 48.90451955795288
0.2582817077636719
in main 57.3545401096344
0.23961472511291504
in main 52.69992113113403
0.3315415382385254
in main 47.42177605628967
0.34178638458251953
in main 59.72466325759888
0.24029946327209473
migration  0.25737929344177246
in main 49.85824918746948
0.24648523330688477
in main 47.10860633850098
0.25797390937805176
in main 48.00447177886963
0.24543404579162598
in main 48.21363019943237
0.2472517490386963
in main 45.77374505996704
0.34130859375
migration  0.16676664352416992
in main 53.63810443878174
0.23626327514648438
in main 56.23641777038574
0.2407064437866211
in main 51.43644452095032
0.27147769927978516
in main 57.066115379333496
0.4008798599243164
in main 56.23422074317932
0.23891687393188477
migration  0.10000872611999512
in main 53.13055610656738
0.23739838600158691
in main 52.061957359313965
0.2395172119140625
in main 52.399531841278076
0.25989842414855957
in main 56.29585385322571
0.23684287071228027
in main 47.087472915649414
0.23677539825439453
migration  0.4547741413116455
in main 45.987224817276
0.3085751533508301
in main 54.84519362449646
0.24519562721252441
in main 53.34853529930115
0.24256014823913574
in main 44.94067621231079
0.2982501983642578
in main 60.169421911239624
0.3300354480743408
migration  0.1684436798095703
in main 55.202741384506226
0.28981876373291016
in main 58.51810812950134
0.23851299285888672
in main 56.35948300361633
0.24374890327453613
in main 51.40313982963562
0.24277758598327637
in main 49.64686179161072
0.23972153663635254
migration  0.3314783573150635
in main 51.18609046936035
0.23872613906860352
in main 54.9447717666626
0.30075502395629883
in main 58.09866380691528
0.2431471347808838
in main 51.738619804382324
0.24542999267578125
in main 53.70263433456421
0.3188462257385254
migration  0.10759162902832031
in main 63.35460019111633
0.2348792552947998
in main 55.79036235809326
0.26931023597717285
in main 58.59137272834778
0.2460312843322754
in main 53.32307839393616
0.24614191055297852
in main 56.5071017742157
0.23715543746948242
migration  0.5558004379272461
in main 56.2066707611084
0.23787260055541992
in main 49.8804829120636
0.2699587345123291
in main 48.37596917152405
0.24297642707824707
in main 54.25276756286621
0.32160091400146484
in main 56.77540683746338
0.24227309226989746
migration  0.07296180725097656
in main 51.77014636993408
0.23966622352600098
in main 56.14422106742859
0.24029970169067383
in main 55.06623816490173
0.24646902084350586
in main 53.9090301990509
0.23935413360595703
in main 58.05387544631958
0.24921584129333496
migration  0.16828417778015137
in main 56.45377063751221
0.23778986930847168
in main 57.10821771621704
0.23961472511291504
in main 53.11534547805786
0.25034523010253906
in main 46.29625844955444
0.24007511138916016
in main 55.10771322250366
0.23923158645629883
migration  0.11104798316955566
in main 54.57340097427368
0.2381143569946289
in main 48.12488651275635
0.3326420783996582
in main 52.148762464523315
0.24000883102416992
in main 54.88218379020691
0.23962831497192383
in main 58.131391525268555
0.24858546257019043
migration  0.3786201477050781
in main 55.8940544128418
0.23778247833251953
in main 50.837876319885254
0.25891757011413574
in main 57.17101550102234
0.2637624740600586
in main 58.46058106422424
0.32982850074768066
in main 56.00185680389404
0.2389676570892334
migration  0.10345864295959473
in main 58.25470781326294
0.2389051914215088
in main 57.638092279434204
0.2495436668395996
in main 46.3021821975708
0.25795507431030273
in main 49.504414319992065
0.2369389533996582
in main 53.060711145401
0.42057085037231445
migration  0.00011229515075683594
in main 48.79104495048523
0.39326953887939453
in main 44.24324870109558
0.23803067207336426
in main 49.43849563598633
0.2459719181060791
in main 43.54487943649292
0.24845051765441895
in main 46.13521409034729
0.29745912551879883
migration  0.1616518497467041
in main 42.35987615585327
0.24051666259765625
in main 46.94847512245178
0.32207727432250977
in main 52.10570478439331
0.24104547500610352
in main 51.28686046600342
0.23929691314697266
in main 49.92173218727112
0.24142789840698242
migration  0.10072517395019531
in main 51.505897998809814
0.2907450199127197
in main 52.67181038856506
0.23772048950195312
in main 49.54548144340515
0.30863189697265625
in main 44.94932723045349
0.23760199546813965
in main 48.5307514667511
0.2395610809326172
migration  0.20431232452392578
in main 50.566898345947266
0.23613286018371582
in main 47.940215826034546
0.23842978477478027
in main 50.6232476234436
0.23802757263183594
in main 47.10245871543884
0.23645448684692383
in main 48.57132649421692
0.23687052726745605
migration  0.3645477294921875
in main 49.683302879333496
0.2588512897491455
in main 55.77343225479126
0.24318313598632812
in main 52.80535650253296
0.2961287498474121
in main 47.95461845397949
0.26602792739868164
in main 51.287487506866455
0.2672858238220215
migration  0.13156962394714355
in main 57.53795862197876
0.237839937210083
in main 53.555255651474
0.24817848205566406
in main 50.750221252441406
0.2879359722137451
in main 52.32527470588684
0.285006046295166
in main 52.27317762374878
0.26317429542541504
migration  0.10711169242858887
in main 55.221614599227905
0.2377791404724121
in main 51.436890840530396
0.2784416675567627
in main 51.71849083900452
0.2414548397064209
in main 54.25847792625427
0.24710750579833984
in main 54.743099212646484
0.23770809173583984
migration  0.00010967254638671875
in main 55.557718992233276
0.238478422164917
in main 50.0415985584259
0.2381906509399414
in main 45.60017204284668
0.28728699684143066
in main 50.731149196624756
0.2765672206878662
in main 51.793333530426025
0.23889875411987305
migration  0.091705322265625
in main 52.65125107765198
0.2984120845794678
in main 51.38709306716919
0.23913002014160156
in main 54.97623372077942
0.23793411254882812
in main 48.70019054412842
0.24179482460021973
in main 49.20546579360962
0.06784296035766602
0.30331850051879883
migration  0.09468936920166016
in main 45.73562264442444
0.2916116714477539
in main 51.41509652137756
0.3745243549346924
in main 49.487836599349976
0.297121524810791
in main 40.827272176742554
0.2763185501098633
in main 43.379045248031616
0.24144697189331055
migration  0.10891532897949219
in main 45.49199843406677
0.24137616157531738
in main 48.825204372406006
0.24005913734436035
in main 47.17556405067444
0.23981118202209473
in main 42.109899282455444
0.24013137817382812
in main 49.54143738746643
0.2412559986114502
migration  0.13788080215454102
in main 43.998522996902466
0.2825348377227783
in main 46.88314914703369
0.24622201919555664
in main 47.720821142196655
0.2998471260070801
in main 49.41241455078125
0.25640249252319336
in main 51.294535636901855
0.24160075187683105
migration  0.06744241714477539
in main 42.382692098617554
0.2818896770477295
in main 42.254778146743774
0.2631371021270752
in main 47.10473847389221
0.2421107292175293
in main 47.647639751434326
0.2588977813720703
in main 44.389716148376465
0.2940700054168701
migration  0.12448406219482422
in main 48.6391236782074
0.305988073348999
in main 52.85096025466919
0.24865937232971191
in main 47.557517290115356
0.2444896697998047
in main 43.06871509552002
0.2500450611114502
in main 51.47897744178772
0.23977065086364746
migration  0.13534855842590332
in main 51.69236397743225
0.2374577522277832
in main 44.19468855857849
0.23717927932739258
in main 44.467655658721924
0.24051284790039062
in main 61.49917125701904
0.24606609344482422
in main 52.56807565689087
0.306504487991333
migration  0.1458895206451416
in main 56.46441435813904
0.2608366012573242
in main 51.2188880443573
0.2447190284729004
in main 52.892547845840454
0.2396860122680664
in main 46.35433912277222
0.23705744743347168
in main 48.90630841255188
0.254641056060791
migration  0.14590835571289062
in main 49.515467405319214
0.24643278121948242
in main 51.14865517616272
0.2676584720611572
in main 53.383225202560425
0.2559189796447754
in main 63.13071918487549
0.2467038631439209
in main 53.47798442840576
0.3097100257873535
migration  0.3307015895843506
in main 54.91267681121826
0.23766422271728516
in main 53.036067724227905
0.24217438697814941
in main 46.450626850128174
0.23399615287780762
in main 57.72337079048157
0.26593637466430664
in main 54.35223841667175
0.23738431930541992
migration  0.18276762962341309
in main 55.507094621658325
0.24400663375854492
in main 51.24336791038513
0.23952102661132812
in main 53.32205390930176
0.24521994590759277
in main 48.658729553222656
0.3150656223297119
in main 46.80294585227966
0.23659729957580566
migration  0.13617253303527832
in main 58.43632888793945
0.287733793258667
in main 55.15695118904114
0.23620271682739258
in main 55.96426177024841
0.24951481819152832
in main 50.81387805938721
0.27843761444091797
in main 51.770217180252075
0.27880024909973145
migration  0.07285904884338379
in main 52.026604652404785
0.23562955856323242
in main 46.45445466041565
0.23849701881408691
in main 55.01175141334534
0.2661576271057129
in main 47.480971813201904
0.23792648315429688
in main 52.34986424446106
0.23686695098876953
migration  0.22127366065979004
in main 48.774736642837524
0.24330973625183105
in main 46.98926615715027
0.2818875312805176
in main 49.07023525238037
0.23856449127197266
in main 53.60043430328369
0.23259544372558594
in main 56.55984807014465
0.2445545196533203
migration  0.17240190505981445
in main 47.658514976501465
0.28597116470336914
in main 57.46265196800232
0.2778778076171875
in main 54.723838329315186
0.3127744197845459
in main 55.50653266906738
0.25748300552368164
in main 56.72428226470947
0.2389843463897705
migration  0.3233811855316162
in main 54.52254104614258
0.35891151428222656
in main 56.621309757232666
0.23471498489379883
in main 58.13700485229492
0.24437594413757324
in main 48.809868574142456
0.2575957775115967
in main 53.96604895591736
0.2405257225036621
migration  0.12108945846557617
in main 51.21237111091614
0.29972171783447266
in main 53.26690125465393
0.23575973510742188
in main 52.24215912818909
0.23709893226623535
in main 46.41041541099548
0.2763047218322754
in main 50.73230481147766
0.27352237701416016
migration  0.07129621505737305
in main 57.23764371871948
0.24779748916625977
in main 55.43651795387268
0.32780909538269043
in main 56.36592221260071
0.2383279800415039
in main 52.391937494277954
0.24614262580871582
in main 51.93695783615112
0.2893180847167969
migration  0.1260089874267578
in main 53.03783559799194
0.34824061393737793
in main 51.6886510848999
0.3057565689086914
in main 55.03073239326477
0.23818135261535645
in main 58.02653384208679
0.23888659477233887
in main 52.412456035614014
0.2358872890472412
migration  0.2830796241760254
in main 49.68571662902832
0.32399988174438477
in main 47.073543548583984
0.24367141723632812
in main 49.189772605895996
0.28391337394714355
in main 53.334667921066284
0.25936436653137207
in main 47.43919587135315
0.25540590286254883
migration  0.2396864891052246
in main 51.616344690322876
0.2483515739440918
in main 51.570557832717896
0.23755526542663574
in main 51.26370096206665
0.23788714408874512
in main 47.41079044342041
0.23824286460876465
in main 52.38784646987915
0.3380143642425537
migration  0.09683895111083984
in main 44.42518877983093
0.2593998908996582
in main 55.38042187690735
0.23603320121765137
in main 54.40050482749939
0.2378523349761963
in main 50.74115347862244
0.3232114315032959
in main 49.977333784103394
0.31503844261169434
migration  0.09281611442565918
in main 54.25386452674866
0.23559999465942383
in main 50.861390829086304
0.2386467456817627
in main 52.32776761054993
0.2396986484527588
in main 58.268792152404785
0.30676698684692383
in main 51.5510036945343
0.25580739974975586
migration  0.10192513465881348
in main 53.20935606956482
0.30742383003234863
in main 58.33618712425232
0.23784708976745605
in main 58.356619358062744
0.23723983764648438
in main 54.994600772857666
0.28890180587768555
in main 54.03161382675171
0.23678922653198242
migration  0.45099639892578125
in main 53.42110800743103
0.2914438247680664
in main 48.25668430328369
0.28972482681274414
in main 51.43966841697693
0.2648279666900635
in main 55.25682592391968
0.23706817626953125
in main 57.54810881614685
0.403731107711792
migration  0.19421911239624023
in main 52.46202611923218
0.23730063438415527
in main 53.149720191955566
0.3130226135253906
in main 55.20387887954712
0.3277895450592041
in main 57.96153497695923
0.2856602668762207
in main 60.7121696472168
0.26683831214904785
migration  0.2738015651702881
in main 60.82714533805847
0.24447083473205566
in main 60.22645568847656
0.2373056411743164
in main 54.685540199279785
0.23810172080993652
in main 51.939351320266724
0.3051486015319824
in main 52.51926946640015
0.23610520362854004
migration  0.2949070930480957
in main 54.53139591217041
0.23705005645751953
in main 56.34037709236145
0.2369835376739502
in main 53.823171854019165
0.23691582679748535
in main 49.80294370651245
0.2810232639312744
in main 53.94267678260803
0.23738980293273926
migration  0.0752723217010498
in main 59.35639142990112
0.23703694343566895
in main 58.92521286010742
0.2351059913635254
in main 55.42531180381775
0.23885869979858398
in main 55.50350022315979
0.23559784889221191
in main 54.42605233192444
0.23680400848388672
migration  0.21875429153442383
in main 62.23889350891113
0.23661017417907715
in main 52.68554759025574
0.23411965370178223
in main 51.648271322250366
0.23505616188049316
in main 50.58845043182373
0.23419761657714844
in main 44.35425066947937
0.2752690315246582
migration  0.163132905960083
in main 59.73605942726135
0.23363661766052246
in main 60.14223623275757
0.2320556640625
in main 56.47260069847107
0.23678112030029297
in main 58.89430475234985
0.23257136344909668
in main 52.69674324989319
0.06821942329406738
0.23412489891052246
migration  0.08046889305114746
in main 46.84561848640442
0.2525913715362549
in main 47.49513649940491
0.2764284610748291
in main 46.12788391113281
0.25052785873413086
in main 47.065059423446655
0.2463235855102539
in main 44.81564784049988
0.24414801597595215
migration  0.18287324905395508
in main 50.727935791015625
0.24329805374145508
in main 43.362959146499634
0.24159026145935059
in main 45.755484104156494
0.2383260726928711
in main 48.858707904815674
0.2996656894683838
in main 47.46509289741516
0.24126768112182617
migration  0.24251699447631836
in main 47.63983178138733
0.3575310707092285
in main 49.65292954444885
0.3275902271270752
in main 50.718366622924805
0.2991974353790283
in main 52.581584215164185
0.2478654384613037
in main 49.698445320129395
0.24169349670410156
migration  0.27202367782592773
in main 52.282663345336914
0.26784181594848633
in main 51.83303642272949
0.27872562408447266
in main 47.9551317691803
0.2872779369354248
in main 55.899943113327026
0.23992395401000977
in main 47.25144624710083
0.2373955249786377
migration  0.27626490592956543
in main 53.23377704620361
0.24515891075134277
in main 54.89508414268494
0.2949793338775635
in main 46.65031123161316
0.2830801010131836
in main 51.36927533149719
0.2424321174621582
in main 49.68713045120239
0.23536229133605957
migration  0.33516836166381836
in main 48.32820653915405
0.23428726196289062
in main 58.07739543914795
0.30258870124816895
in main 47.557088136672974
0.25696659088134766
in main 53.380535364151
0.2637298107147217
in main 54.204986572265625
0.24000072479248047
migration  0.0370175838470459
in main 51.83876872062683
0.23943495750427246
in main 54.76661014556885
0.38246846199035645
in main 52.3181369304657
0.263857364654541
in main 57.052491426467896
0.24678373336791992
in main 50.78558087348938
0.24101734161376953
migration  0.1548924446105957
in main 53.02870059013367
0.24135494232177734
in main 45.12970209121704
0.2400662899017334
in main 46.42703127861023
0.23991894721984863
in main 51.33315181732178
0.2599349021911621
in main 51.201555013656616
0.3787205219268799
migration  0.3396930694580078
in main 53.625423192977905
0.2385087013244629
in main 48.030877351760864
0.24487566947937012
in main 44.83927512168884
0.24372124671936035
in main 42.82888865470886
0.24474811553955078
in main 45.014018535614014
0.23746466636657715
migration  0.06948256492614746
in main 46.957589864730835
0.31049156188964844
in main 54.418715715408325
0.2908611297607422
in main 58.46291708946228
0.26350879669189453
in main 63.18751311302185
0.23849010467529297
in main 52.94932293891907
0.24938011169433594
migration  0.0967264175415039
in main 49.841896057128906
0.23923540115356445
in main 53.22500538825989
0.23836874961853027
in main 55.401307106018066
0.3379955291748047
in main 52.21308898925781
0.23637652397155762
in main 53.54265785217285
0.2382335662841797
migration  0.11120796203613281
in main 49.67925572395325
0.23634696006774902
in main 48.09442639350891
0.27853822708129883
in main 51.45953369140625
0.3866291046142578
in main 57.64207124710083
0.25046300888061523
in main 58.33120059967041
0.23894214630126953
migration  0.05492901802062988
in main 49.77139973640442
0.2562689781188965
in main 60.248101234436035
0.23692560195922852
in main 52.559669494628906
0.27768421173095703
in main 54.993648290634155
0.23649930953979492
in main 49.62924814224243
0.23558712005615234
migration  0.421877384185791
in main 51.13213539123535
0.24361515045166016
in main 44.459715604782104
0.24166464805603027
in main 43.935160636901855
0.23397350311279297
in main 41.40627074241638
0.23979473114013672
in main 45.595704555511475
0.2556436061859131
migration  0.11535954475402832
in main 50.76848268508911
0.23646306991577148
in main 54.1773624420166
0.2360239028930664
in main 57.57113337516785
0.2556643486022949
in main 48.31697916984558
0.25655460357666016
in main 57.594602823257446
0.23624968528747559
migration  0.09099102020263672
in main 53.24614334106445
0.3283882141113281
in main 51.89605784416199
0.23595046997070312
in main 48.97587013244629
0.2352616786956787
in main 58.8469877243042
0.23519301414489746
in main 58.44559335708618
0.2563900947570801
migration  0.07657623291015625
in main 46.82335901260376
0.2668743133544922
in main 52.87894535064697
0.2380979061126709
in main 49.374600887298584
0.27554941177368164
in main 56.31030821800232
0.23871874809265137
in main 53.30991816520691
0.23443245887756348
migration  0.3001420497894287
in main 51.858314990997314
0.4250295162200928
in main 53.137362241744995
0.23670291900634766
in main 54.271822452545166
0.2420341968536377
in main 53.31963300704956
0.2463672161102295
in main 54.816922664642334
0.23728466033935547
migration  0.13680672645568848
in main 56.4868369102478
0.26959729194641113
in main 53.72119927406311
0.23894667625427246
in main 56.61553955078125
0.2770371437072754
in main 52.29695224761963
0.23675823211669922
in main 56.46225595474243
0.237060546875
migration  0.06851077079772949
in main 54.99541449546814
0.23724126815795898
in main 53.6478545665741
0.23540544509887695
in main 61.11060643196106
0.23908782005310059
in main 54.76332473754883
0.2866811752319336
in main 55.075225591659546
0.279590368270874
migration  0.12237024307250977
in main 55.03290104866028
0.2355506420135498
in main 58.52767038345337
0.2364974021911621
in main 60.62711715698242
0.2778139114379883
in main 56.489725828170776
0.23834943771362305
in main 58.77378749847412
0.38922691345214844
migration  0.2246406078338623
in main 58.57798719406128
0.2601346969604492
in main 54.753491163253784
0.3772554397583008
in main 53.54196238517761
0.32796168327331543
in main 58.69691014289856
0.23565888404846191
in main 50.891332149505615
0.23620867729187012
migration  0.3820788860321045
in main 54.922200202941895
0.2395610809326172
in main 58.0733540058136
0.23838067054748535
in main 58.18810272216797
0.29113149642944336
in main 51.264424562454224
0.306260347366333
in main 56.637712717056274
0.24664807319641113
migration  0.1301271915435791
in main 50.39348268508911
0.23636746406555176
in main 60.5855667591095
0.24032211303710938
in main 51.266581773757935
0.2572143077850342
in main 53.74404287338257
0.23670172691345215
in main 59.292237758636475
0.26146697998046875
migration  0.5253868103027344
in main 58.80588150024414
0.24403667449951172
in main 54.46364450454712
0.23461413383483887
in main 56.322426557540894
0.2427349090576172
in main 50.70408916473389
0.23410654067993164
in main 54.152199506759644
0.36249852180480957
migration  0.12984776496887207
in main 53.955885887145996
0.23342370986938477
in main 52.31223249435425
0.23668575286865234
in main 50.850321531295776
0.23342609405517578
in main 47.904972553253174
0.23643088340759277
in main 61.69941449165344
0.237654447555542
migration  0.10894107818603516
in main 59.25889778137207
0.23832154273986816
in main 63.46568012237549
0.23452091217041016
in main 54.8442919254303
0.2861177921295166
in main 64.1508309841156
0.3389296531677246
in main 62.84893846511841
0.23556923866271973
migration  0.22572731971740723
in main 59.11652374267578
0.23436355590820312
in main 57.87256073951721
0.23627161979675293
in main 57.10888457298279
0.2550082206726074
in main 60.12432360649109
0.236708402633667
in main 53.724313735961914
0.23570609092712402
migration  0.14227032661437988
in main 55.33691096305847
0.24713492393493652
in main 61.10763931274414
0.23603105545043945
in main 56.5909960269928
0.23876285552978516
in main 55.89011812210083
0.29965639114379883
in main 55.53848171234131
0.2321147918701172
migration  0.1929476261138916
in main 50.59315586090088
0.2309887409210205
in main 45.71989846229553
0.23093819618225098
in main 54.15215563774109
0.2321488857269287
in main 51.644477128982544
0.22943115234375
in main 55.08478498458862
0.07021641731262207
0.23378872871398926
migration  0.08215904235839844
in main 40.35792016983032
0.2504696846008301
in main 40.328263998031616
0.28353404998779297
in main 42.217955112457275
0.24190092086791992
in main 44.24854588508606
0.23966622352600098
in main 38.78001403808594
0.23767971992492676
migration  0.07657861709594727
in main 36.89581489562988
0.23921966552734375
in main 43.205899715423584
0.24711108207702637
in main 38.89498448371887
0.2574803829193115
in main 45.02863383293152
0.28822898864746094
in main 46.916378021240234
0.23654699325561523
migration  0.17370057106018066
in main 47.081438302993774
0.2649545669555664
in main 50.6472053527832
0.2665731906890869
in main 48.65835237503052
0.3041951656341553
in main 51.74531865119934
0.24556541442871094
in main 52.362353563308716
0.2394237518310547
migration  0.17134952545166016
in main 47.502922773361206
0.25022125244140625
in main 47.565680742263794
0.24321460723876953
in main 39.99746870994568
0.2436375617980957
in main 42.80709791183472
0.24530029296875
in main 42.127779722213745
0.2688751220703125
migration  0.08413410186767578
in main 49.71136808395386
0.24111080169677734
in main 53.726503133773804
0.23755359649658203
in main 50.80369019508362
0.23782849311828613
in main 61.42507266998291
0.23642587661743164
in main 53.130613565444946
0.2385115623474121
migration  0.16672587394714355
in main 46.252410888671875
0.269747257232666
in main 56.495795011520386
0.27669334411621094
in main 58.06959271430969
0.306488037109375
in main 56.107717990875244
0.2937741279602051
in main 58.86033844947815
0.2485036849975586
migration  0.18720579147338867
in main 54.7798388004303
0.24662137031555176
in main 56.337722301483154
0.4363749027252197
in main 58.16308403015137
0.25673818588256836
in main 54.62993884086609
0.2882723808288574
in main 52.92118740081787
0.2405092716217041
migration  0.10926651954650879
in main 53.64840888977051
0.34871625900268555
in main 64.48118710517883
0.23883867263793945
in main 55.34299850463867
0.23927855491638184
in main 44.56782555580139
0.23745489120483398
in main 45.48733425140381
0.24150609970092773
migration  0.00010538101196289062
in main 47.118889570236206
0.3692436218261719
in main 49.557610511779785
0.285341739654541
in main 54.53278613090515
0.25969386100769043
in main 62.668895959854126
0.24518084526062012
in main 49.41057324409485
0.23768138885498047
migration  0.3469045162200928
in main 51.94400405883789
0.24611306190490723
in main 53.615299224853516
0.2475719451904297
in main 51.95766854286194
0.23555254936218262
in main 54.0247163772583
0.2359163761138916
in main 51.61332368850708
0.23856043815612793
migration  0.29916858673095703
in main 55.794135093688965
0.23645973205566406
in main 57.68916583061218
0.23758530616760254
in main 56.62783432006836
0.23996376991271973
in main 51.712382316589355
0.2671382427215576
in main 61.33302545547485
0.2609291076660156
migration  0.26850271224975586
in main 58.48917317390442
0.24309706687927246
in main 58.15867590904236
0.23546695709228516
in main 53.03203773498535
0.24230551719665527
in main 54.92707347869873
0.2725961208343506
in main 61.98577094078064
0.23454833030700684
migration  0.2506752014160156
in main 48.90195918083191
0.2589235305786133
in main 45.60249400138855
0.23674726486206055
in main 50.10229134559631
0.23372483253479004
in main 57.74398446083069
0.24301695823669434
in main 55.02690124511719
0.23739981651306152
migration  0.4551692008972168
in main 58.77112889289856
0.2367115020751953
in main 60.75859522819519
0.259368896484375
in main 59.99399542808533
0.23803997039794922
in main 59.229198932647705
0.30443477630615234
in main 56.38248610496521
0.2891848087310791
migration  0.1640760898590088
in main 55.094165086746216
0.2396390438079834
in main 51.0240216255188
0.2377009391784668
in main 51.81555414199829
0.23633933067321777
in main 50.74142575263977
0.27536821365356445
in main 53.47165369987488
0.25591135025024414
migration  0.33022046089172363
in main 56.75554013252258
0.23653411865234375
in main 53.71643042564392
0.23743343353271484
in main 57.493090867996216
0.25936102867126465
in main 52.70605540275574
0.23961782455444336
in main 58.51341986656189
0.23771023750305176
migration  0.07272553443908691
in main 54.95506691932678
0.23843812942504883
in main 54.44623589515686
0.23811817169189453
in main 50.51728272438049
0.2947089672088623
in main 52.540374994277954
0.27727222442626953
in main 56.19707417488098
0.23596692085266113
migration  0.20789003372192383
in main 58.172954082489014
0.23696208000183105
in main 47.1758177280426
0.2982146739959717
in main 49.378652811050415
0.23658084869384766
in main 63.573925256729126
0.23752117156982422
in main 56.43124318122864
0.23771095275878906
migration  0.4696047306060791
in main 52.37531566619873
0.3451986312866211
in main 50.86886167526245
0.23638653755187988
in main 51.66372871398926
0.2735600471496582
in main 48.15834903717041
0.3088560104370117
in main 56.54709076881409
0.23743295669555664
migration  0.1371159553527832
in main 57.34786939620972
0.23722052574157715
in main 56.28232669830322
0.2389380931854248
in main 63.42116928100586
0.23900389671325684
in main 59.63737630844116
0.2510402202606201
in main 61.099435329437256
0.24957680702209473
migration  0.20142722129821777
in main 63.863882541656494
0.29053211212158203
in main 59.23754572868347
0.23747897148132324
in main 59.577178716659546
0.2379920482635498
in main 58.38517928123474
0.23711323738098145
in main 54.979159116744995
0.23946094512939453
migration  0.2840132713317871
in main 53.7177152633667
0.23788237571716309
in main 61.17062997817993
0.23619651794433594
in main 58.97899508476257
0.23751044273376465
in main 64.75636839866638
0.25040435791015625
in main 58.737064599990845
0.23811602592468262
migration  0.09215903282165527
in main 58.14088582992554
0.3495025634765625
in main 54.36579704284668
0.2772040367126465
in main 57.69432783126831
0.23659181594848633
in main 54.887622594833374
0.23813295364379883
in main 56.08093285560608
0.3098030090332031
migration  0.10139942169189453
in main 60.94419836997986
0.25652313232421875
in main 60.964735984802246
0.23926544189453125
in main 62.884172439575195
0.23761200904846191
in main 53.57879686355591
0.3404979705810547
in main 62.81920409202576
0.23541951179504395
migration  0.19521093368530273
in main 57.48374390602112
0.23641610145568848
in main 57.60618805885315
0.23856091499328613
in main 57.38664889335632
0.2480781078338623
in main 61.06558132171631
0.24822354316711426
in main 55.33460974693298
0.31708526611328125
migration  0.31403183937072754
in main 64.24899363517761
0.2395327091217041
in main 57.70174026489258
0.2396831512451172
in main 54.358802318573
0.2394399642944336
in main 52.5528838634491
0.2587699890136719
in main 58.69176387786865
0.23664355278015137
migration  0.5405433177947998
in main 57.70104169845581
0.2360365390777588
in main 59.197373151779175
0.23525476455688477
in main 57.06398034095764
0.2370293140411377
in main 53.8582820892334
0.2477562427520752
in main 56.171085596084595
0.24800944328308105
migration  0.20268893241882324
in main 58.56948900222778
0.33820509910583496
in main 57.575454235076904
0.23762035369873047
in main 56.492790937423706
0.30843687057495117
in main 48.4399676322937
0.26812243461608887
in main 54.1563606262207
0.2355494499206543
migration  0.11618280410766602
in main 58.32437181472778
0.29878783226013184
in main 56.305866956710815
0.22990894317626953
in main 58.2457001209259
0.2313089370727539
in main 55.48425340652466
0.22937607765197754
in main 53.20220613479614
0.23146605491638184
migration  0.00010204315185546875
in main 55.08537769317627
0.2304553985595703
in main 52.8485381603241
0.2318730354309082
in main 47.19107103347778
0.23357701301574707
in main 52.490866899490356
0.23187470436096191
in main 57.62526988983154
0.07148051261901855
0.23728370666503906
migration  0.0005710124969482422
in main 38.573062896728516
0.25699758529663086
in main 46.6549859046936
0.251509428024292
in main 40.43991756439209
0.2634463310241699
in main 47.08405542373657
0.3018350601196289
in main 50.4087176322937
0.24414730072021484
migration  0.09542727470397949
in main 56.500595569610596
0.25023984909057617
in main 49.920454263687134
0.24824786186218262
in main 40.47769379615784
0.2524299621582031
in main 43.95063591003418
0.24340415000915527
in main 49.32380509376526
0.27143239974975586
migration  0.06534123420715332
in main 49.498990297317505
0.24172282218933105
in main 48.302345752716064
0.27019524574279785
in main 45.6169707775116
0.2955746650695801
in main 47.165828227996826
0.2390275001525879
in main 45.5112841129303
0.24687433242797852
migration  0.17758750915527344
in main 43.57509446144104
0.24280548095703125
in main 48.79185152053833
0.24835824966430664
in main 48.09246230125427
0.26752352714538574
in main 47.053415298461914
0.26497960090637207
in main 52.81663727760315
0.24417519569396973
migration  0.19051671028137207
in main 51.23743462562561
0.2774162292480469
in main 50.65117025375366
0.33598804473876953
in main 54.465463638305664
0.3500511646270752
in main 52.25028324127197
0.24521231651306152
in main 48.183114767074585
0.23832297325134277
migration  0.04945707321166992
in main 52.869781255722046
0.27083349227905273
in main 47.498669385910034
0.2393813133239746
in main 49.45071506500244
0.2698483467102051
in main 57.1819109916687
0.23821425437927246
in main 52.056063413619995
0.40147900581359863
migration  0.16623544692993164
in main 52.7820565700531
0.2568681240081787
in main 51.56133031845093
0.26534485816955566
in main 56.077067613601685
0.30844616889953613
in main 50.67817401885986
0.3755655288696289
in main 56.14472937583923
0.2414693832397461
migration  0.08024024963378906
in main 51.20196604728699
0.23736786842346191
in main 56.54953980445862
0.24067211151123047
in main 53.09760332107544
0.23816275596618652
in main 55.528045415878296
0.24246621131896973
in main 48.05906295776367
0.23689818382263184
migration  0.11993074417114258
in main 56.15904188156128
0.2413773536682129
in main 50.82330822944641
0.251650333404541
in main 52.89917778968811
0.33934926986694336
in main 53.68461012840271
0.24131321907043457
in main 52.17778277397156
0.23955941200256348
migration  0.25783777236938477
in main 53.678821086883545
0.23856616020202637
in main 60.53523826599121
0.26401329040527344
in main 51.028762340545654
0.3667442798614502
in main 52.022300243377686
0.24539756774902344
in main 59.14504432678223
0.23950576782226562
migration  0.23877787590026855
in main 53.174087047576904
0.3268086910247803
in main 54.98911809921265
0.262645959854126
in main 56.03753638267517
0.37119293212890625
in main 55.85594367980957
0.3603978157043457
in main 59.773834466934204
0.2372732162475586
migration  0.2817728519439697
in main 53.13691210746765
0.2677915096282959
in main 60.10928249359131
0.24364018440246582
in main 57.39436721801758
0.2636997699737549
in main 56.09833860397339
0.24033117294311523
in main 52.54911518096924
0.2386608123779297
migration  0.12703323364257812
in main 48.797561168670654
0.24008798599243164
in main 49.84900236129761
0.23835015296936035
in main 50.97335386276245
0.24109411239624023
in main 52.11126494407654
0.24971413612365723
in main 56.9957001209259
0.24185514450073242
migration  0.07906842231750488
in main 56.294313192367554
0.24362730979919434
in main 56.27036929130554
0.2402801513671875
in main 50.73572778701782
0.23993611335754395
in main 54.71051001548767
0.2513606548309326
in main 58.147215127944946
0.36266398429870605
migration  0.06035113334655762
in main 49.44306707382202
0.3479502201080322
in main 57.804858446121216
0.33065342903137207
in main 60.22311973571777
0.2377758026123047
in main 57.9946026802063
0.3269617557525635
in main 67.77403259277344
0.2613561153411865
migration  0.26068854331970215
in main 60.07339429855347
0.2500796318054199
in main 49.75527215003967
0.240433931350708
in main 54.98714518547058
0.24119949340820312
in main 60.35894441604614
0.3110227584838867
in main 64.58681321144104
0.2393803596496582
migration  0.21991825103759766
in main 55.259061098098755
0.2601358890533447
in main 61.9179482460022
0.3321516513824463
in main 61.87576222419739
0.2396373748779297
in main 57.741607427597046
0.26708388328552246
in main 48.50616765022278
0.23726701736450195
migration  0.3094909191131592
in main 53.99867248535156
0.27906227111816406
in main 63.980260133743286
0.2497849464416504
in main 56.174253940582275
0.23640179634094238
in main 54.6831533908844
0.2480785846710205
in main 52.97877550125122
0.24844026565551758
migration  0.3791482448577881
in main 59.762611389160156
0.24662566184997559
in main 54.09680414199829
0.2771275043487549
in main 50.98796057701111
0.2407984733581543
in main 55.72482395172119
0.34188365936279297
in main 55.8166708946228
0.23851537704467773
migration  0.29322385787963867
in main 56.40514826774597
0.2380833625793457
in main 56.995267152786255
0.3597288131713867
in main 60.05142951011658
0.3018333911895752
in main 56.00933051109314
0.24033641815185547
in main 55.28184366226196
0.3082728385925293
migration  0.13960552215576172
in main 54.929457664489746
0.2900846004486084
in main 55.4440279006958
0.23966503143310547
in main 58.49816036224365
0.36832165718078613
in main 55.5405797958374
0.23817706108093262
in main 57.85722637176514
0.24787592887878418
migration  0.3135342597961426
in main 60.50018668174744
0.23841595649719238
in main 57.24587082862854
0.23780584335327148
in main 57.72767210006714
0.2428600788116455
in main 51.83591103553772
0.2517220973968506
in main 56.344932317733765
0.24198508262634277
migration  0.17245054244995117
in main 54.865726470947266
0.23933935165405273
in main 54.55031895637512
0.23685646057128906
in main 52.465327501297
0.29181647300720215
in main 55.69288659095764
0.2405376434326172
in main 55.92380380630493
0.23870301246643066
migration  0.10050487518310547
in main 53.19697976112366
0.24846243858337402
in main 59.287400245666504
0.23987245559692383
in main 55.62494444847107
0.24265050888061523
in main 64.97486114501953
0.2911195755004883
in main 52.222206354141235
0.25110507011413574
migration  0.2556438446044922
in main 57.86213564872742
0.23974919319152832
in main 56.367680311203
0.24086236953735352
in main 51.675267457962036
0.3638327121734619
in main 58.67787194252014
0.23999500274658203
in main 55.218010902404785
0.2407088279724121
migration  0.10850763320922852
in main 61.14032220840454
0.23713302612304688
in main 54.53287887573242
0.23917245864868164
in main 54.28156018257141
0.23937439918518066
in main 50.34609651565552
0.23598957061767578
in main 48.94772124290466
0.2794036865234375
migration  0.4683713912963867
in main 56.53391170501709
0.24675941467285156
in main 57.8916289806366
0.23734569549560547
in main 59.62704515457153
0.3213021755218506
in main 63.4502649307251
0.23879051208496094
in main 66.67024779319763
0.2603476047515869
migration  0.18268561363220215
in main 57.45461630821228
0.26901674270629883
in main 60.10437726974487
0.24518537521362305
in main 62.060559034347534
0.24134397506713867
in main 60.45935916900635
0.24000000953674316
in main 59.71010661125183
0.2407243251800537
migration  0.20717406272888184
in main 61.01534032821655
0.23371100425720215
in main 52.32502317428589
0.2333528995513916
in main 54.8921537399292
0.2296457290649414
in main 49.9897198677063
0.23228693008422852
in main 55.482067584991455
0.23073363304138184
migration  0.5208146572113037
in main 52.33761429786682
0.23395562171936035
in main 57.463600397109985
0.23657774925231934
in main 50.55883479118347
0.23286652565002441
in main 49.78574824333191
0.2390744686126709
in main 50.33975124359131
0.07180571556091309
0.30594348907470703
migration  0.0005457401275634766
in main 41.8934862613678
0.2845487594604492
in main 49.174739599227905
0.26782798767089844
in main 45.52206039428711
0.25342297554016113
in main 49.02968907356262
0.2533843517303467
in main 41.775880098342896
0.2527306079864502
migration  0.2023172378540039
in main 44.494081020355225
0.28392791748046875
in main 48.723708152770996
0.24375152587890625
in main 43.713316440582275
0.40875744819641113
in main 48.43995809555054
0.2419891357421875
in main 42.769084453582764
0.3043346405029297
migration  0.06753110885620117
in main 45.146005392074585
0.2511625289916992
in main 53.83621335029602
0.25189995765686035
in main 49.888606548309326
0.26735854148864746
in main 49.36467933654785
0.24513888359069824
in main 50.726826190948486
0.23894071578979492
migration  0.12531304359436035
in main 51.53391075134277
0.24383997917175293
in main 58.872759103775024
0.2525365352630615
in main 51.236435413360596
0.24475574493408203
in main 48.267524003982544
0.24690508842468262
in main 45.790369749069214
0.24489378929138184
migration  0.2038731575012207
in main 49.523356199264526
0.27871036529541016
in main 49.42629313468933
0.26934266090393066
in main 47.007750272750854
0.28841590881347656
in main 59.526232957839966
0.2868518829345703
in main 59.584001779556274
0.2901442050933838
migration  0.33243703842163086
in main 57.123780488967896
0.2681124210357666
in main 50.79327845573425
0.28665781021118164
in main 51.81618523597717
0.23756051063537598
in main 46.4417290687561
0.25766491889953613
in main 49.11500144004822
0.24270391464233398
migration  0.46061229705810547
in main 57.69944667816162
0.290881872177124
in main 54.14471197128296
0.24249958992004395
in main 57.892651319503784
0.2371666431427002
in main 57.3597846031189
0.24541234970092773
in main 56.51773524284363
0.23656010627746582
migration  0.06259322166442871
in main 49.20131993293762
0.27706170082092285
in main 51.118386030197144
0.2944631576538086
in main 62.98635983467102
0.24271893501281738
in main 55.837411403656006
0.24115991592407227
in main 49.33357906341553
0.36280012130737305
migration  0.37334489822387695
in main 47.874549865722656
0.37111711502075195
in main 51.337651014328
0.24582767486572266
in main 52.35357689857483
0.24801397323608398
in main 46.92230749130249
0.25235533714294434
in main 51.74498724937439
0.24141430854797363
migration  0.11116838455200195
in main 53.169442892074585
0.3412132263183594
in main 54.33686542510986
0.319866418838501
in main 57.85787105560303
0.23897051811218262
in main 48.59909629821777
0.2594296932220459
in main 57.409964084625244
0.3186044692993164
migration  0.41800355911254883
in main 51.0760440826416
0.2679421901702881
in main 53.429367780685425
0.24425435066223145
in main 47.509379863739014
0.23852849006652832
in main 51.1007239818573
0.24582386016845703
in main 51.23306322097778
0.24057912826538086
migration  0.42244768142700195
in main 52.659465312957764
0.2462296485900879
in main 54.04091811180115
0.2632782459259033
in main 57.390350580215454
0.24077844619750977
in main 53.238882064819336
0.26000452041625977
in main 63.85721302032471
0.26833486557006836
migration  0.3399996757507324
in main 56.8954701423645
0.24212288856506348
in main 57.38397812843323
0.24274492263793945
in main 54.19682049751282
0.24222040176391602
in main 54.27425003051758
0.24331426620483398
in main 58.39718770980835
0.23989415168762207
migration  0.553459644317627
in main 53.74877715110779
0.24378418922424316
in main 52.86798644065857
0.24230146408081055
in main 52.09359121322632
0.24198341369628906
in main 52.37980628013611
0.24914193153381348
in main 48.213807582855225
0.24447345733642578
migration  0.07321619987487793
in main 51.86700892448425
0.27379512786865234
in main 59.605751276016235
0.24126935005187988
in main 57.81637477874756
0.2416384220123291
in main 51.20476412773132
0.23946523666381836
in main 51.40259838104248
0.2421863079071045
migration  0.263613224029541
in main 46.785804986953735
0.24071669578552246
in main 63.29486322402954
0.2686166763305664
in main 59.297910928726196
0.24927449226379395
in main 60.34143328666687
0.24300789833068848
in main 60.67267823219299
0.24267172813415527
migration  0.4430363178253174
in main 51.90300464630127
0.24178242683410645
in main 61.494767904281616
0.3012373447418213
in main 62.72262358665466
0.38355040550231934
in main 59.74424433708191
0.2510111331939697
in main 62.03672671318054
0.23842811584472656
migration  0.13910913467407227
in main 57.98824191093445
0.24146437644958496
in main 58.62846517562866
0.23905420303344727
in main 56.50614356994629
0.28878045082092285
in main 56.345964431762695
0.2848637104034424
in main 61.987380027770996
0.25962209701538086
migration  0.08790397644042969
in main 56.016621112823486
0.24558281898498535
in main 59.63681125640869
0.2530333995819092
in main 51.26377272605896
0.2390601634979248
in main 62.21229648590088
0.23920869827270508
in main 48.32009506225586
0.26111507415771484
migration  0.1779770851135254
in main 56.50811052322388
0.3021891117095947
in main 57.35961365699768
0.23669719696044922
in main 55.78128695487976
0.2976689338684082
in main 52.85716772079468
0.2392737865447998
in main 55.238296031951904
0.2992074489593506
migration  0.28049755096435547
in main 56.447749376297
0.2420797348022461
in main 50.68245506286621
0.3532700538635254
in main 51.42692303657532
0.279890775680542
in main 53.81011080741882
0.23838376998901367
in main 52.35074186325073
0.242020845413208
migration  0.3241722583770752
in main 60.5876042842865
0.2803380489349365
in main 62.328598737716675
0.2410750389099121
in main 55.738938331604004
0.23725605010986328
in main 54.33737754821777
0.24486923217773438
in main 51.93682384490967
0.24923467636108398
migration  0.12355661392211914
in main 59.07181167602539
0.32176899909973145
in main 58.161391735076904
0.237687349319458
in main 57.7938072681427
0.2374436855316162
in main 52.05721735954285
0.23910164833068848
in main 57.56160640716553
0.2907421588897705
migration  0.2870767116546631
in main 60.668413162231445
0.23990225791931152
in main 58.6816201210022
0.23763656616210938
in main 51.787668228149414
0.23889851570129395
in main 58.76329755783081
0.31357431411743164
in main 57.538416385650635
0.24402785301208496
migration  0.10677623748779297
in main 56.69009733200073
0.2415471076965332
in main 57.10857033729553
0.3201019763946533
in main 55.27795481681824
0.2451024055480957
in main 61.24313926696777
0.2525005340576172
in main 62.198792934417725
0.24066495895385742
migration  0.09728550910949707
in main 63.01112127304077
0.3201920986175537
in main 53.94520044326782
0.28966689109802246
in main 64.48142123222351
0.2870972156524658
in main 63.532734394073486
0.24024558067321777
in main 59.795103311538696
0.23647570610046387
migration  0.35135746002197266
in main 57.60211706161499
0.24242234230041504
in main 56.30006527900696
0.23769617080688477
in main 57.48187232017517
0.24887871742248535
in main 65.09425902366638
0.2674400806427002
in main 62.02428436279297
0.3485221862792969
migration  0.5524179935455322
in main 63.75222420692444
0.3519175052642822
in main 64.95809435844421
0.26997852325439453
in main 63.954031229019165
0.3615710735321045
in main 58.25413179397583
0.2789912223815918
in main 63.85992240905762
0.24763774871826172
migration  0.21544241905212402
in main 67.51515984535217
0.23987245559692383
in main 60.39377975463867
0.24130606651306152
in main 62.0279598236084
0.2678406238555908
in main 62.11997032165527
0.24254465103149414
in main 58.106176137924194
0.23961734771728516
migration  0.10029387474060059
in main 60.99517631530762
0.23927640914916992
in main 63.68446946144104
0.2411205768585205
in main 64.20142698287964
0.24170732498168945
in main 63.850358963012695
0.2397770881652832
in main 56.55478811264038
0.07179045677185059
0.30632543563842773
migration  0.07985830307006836
in main 40.56553506851196
0.26000356674194336
in main 44.00440979003906
0.36311960220336914
in main 45.32773756980896
0.2487504482269287
in main 43.57201385498047
0.25281834602355957
in main 43.9476592540741
0.24796223640441895
migration  0.21277642250061035
in main 43.0206995010376
0.25422096252441406
in main 47.76332211494446
0.32349586486816406
in main 44.841739892959595
0.3850729465484619
in main 54.88553333282471
0.2465062141418457
in main 49.53048610687256
0.3979036808013916
migration  0.1685194969177246
in main 47.895217418670654
0.24000954627990723
in main 45.04943346977234
0.23901677131652832
in main 44.26076126098633
0.2378220558166504
in main 48.463934659957886
0.23953986167907715
in main 44.190446615219116
0.2422807216644287
migration  0.14146971702575684
in main 47.02006506919861
0.2605428695678711
in main 49.30803942680359
0.271618127822876
in main 49.50932240486145
0.2474195957183838
in main 44.07380127906799
0.3000645637512207
in main 45.047980546951294
0.3649940490722656
migration  0.3525199890136719
in main 56.87267589569092
0.26165175437927246
in main 43.172470569610596
0.25064706802368164
in main 43.88202929496765
0.2514617443084717
in main 44.03198957443237
0.24187016487121582
in main 45.97929310798645
0.40893006324768066
migration  0.10027265548706055
in main 45.829230308532715
0.3431394100189209
in main 49.27698111534119
0.25726318359375
in main 59.26996207237244
0.239213228225708
in main 53.886714458465576
0.24232172966003418
in main 49.81446647644043
0.24000883102416992
migration  0.18596839904785156
in main 47.08249092102051
0.25050783157348633
in main 54.10967707633972
0.2451648712158203
in main 47.36619830131531
0.3487894535064697
in main 50.588906049728394
0.24759960174560547
in main 56.27722096443176
0.23586225509643555
migration  0.22162604331970215
in main 50.889984130859375
0.267244815826416
in main 56.644752740859985
0.2575356960296631
in main 55.98017692565918
0.2695960998535156
in main 53.75763392448425
0.24029874801635742
in main 55.32193446159363
0.2420194149017334
migration  0.48361659049987793
in main 50.0984902381897
0.3065469264984131
in main 49.797704219818115
0.24166417121887207
in main 56.84031414985657
0.24057292938232422
in main 51.32632398605347
0.2514221668243408
in main 51.62726330757141
0.2468569278717041
migration  0.1673750877380371
in main 53.35965919494629
0.23978281021118164
in main 50.34617638587952
0.24300050735473633
in main 55.44141888618469
0.36212682723999023
in main 64.91290521621704
0.23926401138305664
in main 50.48554348945618
0.2413935661315918
migration  0.05658459663391113
in main 57.764392375946045
0.28997135162353516
in main 54.963772773742676
0.3014101982116699
in main 52.47538137435913
0.23779010772705078
in main 53.96025562286377
0.23682498931884766
in main 55.01917743682861
0.23734545707702637
migration  0.23900413513183594
in main 53.825644969940186
0.2384662628173828
in main 48.119980812072754
0.2396702766418457
in main 51.31806945800781
0.23799490928649902
in main 54.082215785980225
0.2400956153869629
in main 50.703596115112305
0.23778438568115234
migration  0.33991289138793945
in main 48.93169331550598
0.2351987361907959
in main 52.07460284233093
0.27696895599365234
in main 55.668190479278564
0.26291871070861816
in main 63.10113978385925
0.36025142669677734
in main 48.11063838005066
0.23763036727905273
migration  0.09983468055725098
in main 52.98939919471741
0.23852109909057617
in main 58.16276979446411
0.2570013999938965
in main 59.95496654510498
0.24135255813598633
in main 53.43082785606384
0.23948383331298828
in main 61.71563768386841
0.2483067512512207
migration  0.8450312614440918
in main 55.81880736351013
0.24068641662597656
in main 54.28867197036743
0.2407846450805664
in main 51.94158697128296
0.2514810562133789
in main 57.9909725189209
0.2620680332183838
in main 52.15041947364807
0.2383408546447754
migration  0.06798338890075684
in main 52.99374079704285
0.25188350677490234
in main 51.467406272888184
0.23757696151733398
in main 53.97764301300049
0.2719449996948242
in main 58.175764083862305
0.237748384475708
in main 59.788280963897705
0.2912459373474121
migration  0.23586249351501465
in main 56.81002593040466
0.23839688301086426
in main 61.537736654281616
0.33098864555358887
in main 61.92196559906006
0.2512092590332031
in main 63.36346483230591
0.2499852180480957
in main 66.56562757492065
0.24418139457702637
migration  0.4573237895965576
in main 57.86893677711487
0.2807433605194092
in main 55.16906547546387
0.2501082420349121
in main 62.34555983543396
0.24360132217407227
in main 60.030561685562134
0.24865293502807617
in main 60.120665311813354
0.24413204193115234
migration  0.29395604133605957
in main 61.85829138755798
0.2565193176269531
in main 60.802998065948486
0.2367088794708252
in main 53.4121789932251
0.23676109313964844
in main 55.760467529296875
0.23818159103393555
in main 60.225449085235596
0.23913049697875977
migration  0.42531275749206543
in main 62.689579248428345
0.30933403968811035
in main 59.55478858947754
0.2714049816131592
in main 58.830851316452026
0.2372276782989502
in main 57.69796943664551
0.24024391174316406
in main 63.69414234161377
0.2597994804382324
migration  0.2078845500946045
in main 59.56552839279175
0.2756168842315674
in main 55.72319793701172
0.23449444770812988
in main 56.31891345977783
0.24651098251342773
in main 60.570587158203125
0.23707079887390137
in main 62.58907961845398
0.24053382873535156
migration  0.2766423225402832
in main 56.33173942565918
0.2370450496673584
in main 60.28607106208801
0.237196683883667
in main 61.15391683578491
0.23719334602355957
in main 48.3718843460083
0.24014830589294434
in main 59.02715992927551
0.2357015609741211
migration  0.18699908256530762
in main 53.2942681312561
0.3852715492248535
in main 62.91121983528137
0.2430429458618164
in main 60.98259115219116
0.24048662185668945
in main 58.777352809906006
0.24286627769470215
in main 53.00246071815491
0.23989582061767578
migration  0.5248579978942871
in main 60.295562505722046
0.30903148651123047
in main 65.94950890541077
0.23319339752197266
in main 63.90061950683594
0.23763203620910645
in main 63.19628667831421
0.2882113456726074
in main 61.583627223968506
0.25820279121398926
migration  0.1480104923248291
in main 58.44452500343323
0.23718714714050293
in main 59.032386779785156
0.2779576778411865
in main 57.308764696121216
0.26778650283813477
in main 58.04674053192139
0.23894977569580078
in main 61.06737422943115
0.239274263381958
migration  0.07888007164001465
in main 57.806020736694336
0.24097156524658203
in main 58.54656410217285
0.23990702629089355
in main 56.66466975212097
0.23836541175842285
in main 59.02810740470886
0.33701372146606445
in main 65.15616178512573
0.2388896942138672
migration  0.19809579849243164
in main 64.93576788902283
0.23592782020568848
in main 49.50137996673584
0.32502198219299316
in main 70.46642899513245
0.24765777587890625
in main 59.916938066482544
0.266812801361084
in main 67.70201683044434
0.24530696868896484
migration  0.16706395149230957
in main 67.09630727767944
0.23457956314086914
in main 58.549999952316284
0.3292052745819092
in main 61.290077447891235
0.27823352813720703
in main 64.90763640403748
0.23401474952697754
in main 54.83018708229065
0.2280263900756836
migration  0.24389004707336426
in main 57.25817584991455
0.23093485832214355
in main 51.202823638916016
0.22866129875183105
in main 51.14847016334534
0.2299787998199463
in main 51.919522285461426
0.2323923110961914
in main 57.316340923309326
0.2685365676879883
migration  0.1713254451751709
in main 60.742234230041504
0.2623016834259033
in main 60.712414026260376
0.22905611991882324
in main 56.91508769989014
0.23537802696228027
in main 53.28038048744202
0.23089027404785156
in main 56.074800968170166
0.07051277160644531
0.23433876037597656
migration  0.0005512237548828125
in main 38.07114291191101
0.2534360885620117
in main 43.41632890701294
0.25307583808898926
in main 47.98649740219116
0.25246763229370117
in main 43.71715831756592
0.2505018711090088
in main 44.45161032676697
0.2797977924346924
migration  0.08832263946533203
in main 48.97792458534241
0.2431507110595703
in main 42.49429678916931
0.2438218593597412
in main 43.77247738838196
0.2438642978668213
in main 51.843783378601074
0.24744033813476562
in main 50.97475266456604
0.2622642517089844
migration  0.09206438064575195
in main 47.350083112716675
0.24196076393127441
in main 43.286194801330566
0.24151015281677246
in main 45.77613353729248
0.2419600486755371
in main 46.67221236228943
0.2396073341369629
in main 44.070398569107056
0.23882508277893066
migration  0.22703862190246582
in main 45.11400651931763
0.24520158767700195
in main 51.4953875541687
0.2379908561706543
in main 54.830599308013916
0.2896728515625
in main 54.10297989845276
0.24653100967407227
in main 53.232645750045776
0.2371981143951416
migration  0.07625484466552734
in main 53.022621393203735
0.2385272979736328
in main 47.2837815284729
0.2407999038696289
in main 44.85449457168579
0.23877239227294922
in main 48.54371929168701
0.23970913887023926
in main 50.58060026168823
0.24222064018249512
migration  0.1555488109588623
in main 51.209333181381226
0.264193058013916
in main 47.787678718566895
0.23986220359802246
in main 64.00674366950989
0.24344420433044434
in main 45.745075702667236
0.35890746116638184
in main 52.20953369140625
0.23696541786193848
migration  0.22160935401916504
in main 52.83202338218689
0.24684524536132812
in main 53.17459487915039
0.24137306213378906
in main 54.45931005477905
0.23776793479919434
in main 49.69353938102722
0.2440025806427002
in main 47.647860288619995
0.2389218807220459
migration  0.20422792434692383
in main 49.85626792907715
0.2958869934082031
in main 49.66651248931885
0.23650741577148438
in main 57.196324825286865
0.2720067501068115
in main 57.6862690448761
0.24605274200439453
in main 50.69151735305786
0.26717114448547363
migration  0.06670594215393066
in main 49.94467306137085
0.35973620414733887
in main 56.09610414505005
0.24811077117919922
in main 55.165766954422
0.2371516227722168
in main 57.81450939178467
0.3481426239013672
in main 56.12749743461609
0.23743772506713867
migration  0.11496901512145996
in main 56.132081747055054
0.258028507232666
in main 49.916757583618164
0.24739623069763184
in main 56.156145095825195
0.23689961433410645
in main 49.896044969558716
0.23837494850158691
in main 52.65055966377258
0.23807311058044434
migration  0.2544083595275879
in main 49.14415383338928
0.2445681095123291
in main 48.14491605758667
0.24718904495239258
in main 54.15328240394592
0.3450183868408203
in main 54.06037354469299
0.24292969703674316
in main 54.554749965667725
0.2472395896911621
migration  0.5480892658233643
in main 58.237334966659546
0.3956146240234375
in main 60.929444789886475
0.24209284782409668
in main 52.97006368637085
0.23908352851867676
in main 58.526270389556885
0.23936843872070312
in main 51.185044050216675
0.23944330215454102
migration  0.1884596347808838
in main 58.20520901679993
0.23929500579833984
in main 52.302144050598145
0.2369096279144287
in main 49.76747965812683
0.2501792907714844
in main 58.994752645492554
0.2385711669921875
in main 52.53499722480774
0.23565340042114258
migration  0.11519885063171387
in main 56.10249853134155
0.24071741104125977
in main 62.50104236602783
0.24848437309265137
in main 61.24471879005432
0.23699283599853516
in main 54.751232624053955
0.2374420166015625
in main 58.13981366157532
0.2362062931060791
migration  0.3600497245788574
in main 56.53506541252136
0.23764753341674805
in main 63.9529345035553
0.2381284236907959
in main 65.69330787658691
0.23900747299194336
in main 60.792425870895386
0.24637508392333984
in main 69.78540563583374
0.24031352996826172
migration  0.4004521369934082
in main 62.200650215148926
0.2900831699371338
in main 59.09279251098633
0.23773431777954102
in main 64.35720658302307
0.23953866958618164
in main 59.25027060508728
0.23860454559326172
in main 71.27294993400574
0.2782320976257324
migration  0.5636699199676514
in main 66.80727672576904
0.2438349723815918
in main 56.50028944015503
0.23724961280822754
in main 58.62498998641968
0.24121522903442383
in main 55.937989234924316
0.2382640838623047
in main 53.13588285446167
0.27762341499328613
migration  0.31807541847229004
in main 66.52672553062439
0.24622511863708496
in main 61.747563123703
0.24453425407409668
in main 59.48680591583252
0.2581017017364502
in main 51.53828835487366
0.246612548828125
in main 60.486849546432495
0.26579904556274414
migration  0.09087133407592773
in main 62.53464341163635
0.23877453804016113
in main 58.227765798568726
0.2567718029022217
in main 59.61345195770264
0.2390909194946289
in main 61.81319618225098
0.2870504856109619
in main 55.751723766326904
0.24765920639038086
migration  0.1951141357421875
in main 57.12034344673157
0.23704957962036133
in main 58.92440891265869
0.34958934783935547
in main 55.290207862854004
0.23697805404663086
in main 64.87880039215088
0.2677595615386963
in main 61.82812476158142
0.2475121021270752
migration  0.40242457389831543
in main 57.41503691673279
0.24766898155212402
in main 57.295714139938354
0.2465803623199463
in main 58.26552176475525
0.23508739471435547
in main 58.75582838058472
0.23520255088806152
in main 59.31843543052673
0.2379758358001709
migration  0.1353464126586914
in main 53.69100737571716
0.23426532745361328
in main 54.65003228187561
0.40015244483947754
in main 57.33427286148071
0.2381892204284668
in main 57.76240086555481
0.242661714553833
in main 59.47415256500244
0.23714780807495117
migration  0.35464930534362793
in main 49.29517126083374
0.23747825622558594
in main 66.0374436378479
0.28715944290161133
in main 64.56327056884766
0.23745989799499512
in main 63.95082640647888
0.26918697357177734
in main 64.2146327495575
0.28868746757507324
migration  0.365490198135376
in main 58.12182140350342
0.2467026710510254
in main 58.9849169254303
0.2382051944732666
in main 60.74804329872131
0.23539018630981445
in main 55.833011627197266
0.23599767684936523
in main 55.65418338775635
0.25582242012023926
migration  0.1461200714111328
in main 60.13612151145935
0.25739407539367676
in main 60.380131244659424
0.24478435516357422
in main 67.09989857673645
0.2372455596923828
in main 56.214643239974976
0.26342177391052246
in main 66.21354246139526
0.2584114074707031
migration  0.28970813751220703
in main 63.185118675231934
0.24666261672973633
in main 62.26499152183533
0.29604148864746094
in main 56.60946011543274
0.23750758171081543
in main 60.71335792541504
0.23416638374328613
in main 56.735018253326416
0.23599839210510254
migration  0.40410280227661133
in main 61.55942916870117
0.25504565238952637
in main 63.454020738601685
0.3181440830230713
in main 61.74276614189148
0.23673248291015625
in main 66.56840586662292
0.25638389587402344
in main 59.047494888305664
0.2847170829772949
migration  0.1369483470916748
in main 61.07121229171753
0.2439577579498291
in main 63.79508852958679
0.24056267738342285
in main 62.480387449264526
0.23272490501403809
in main 60.98153805732727
0.23065829277038574
in main 52.16850423812866
0.23013710975646973
migration  0.19529438018798828
in main 55.03657603263855
0.22657060623168945
in main 54.67110633850098
0.23572158813476562
in main 53.610058307647705
0.230116605758667
in main 53.402117013931274
0.22835326194763184
in main 52.060521602630615
0.2378537654876709
migration  0.1912522315979004
in main 61.5591356754303
0.2301630973815918
in main 55.70363259315491
0.23038601875305176
in main 53.23602533340454
0.2304370403289795
in main 54.686779260635376
0.23738622665405273
in main 55.925875425338745
0.07076716423034668
0.2333972454071045
migration  0.0005490779876708984
in main 36.55400609970093
0.25179195404052734
in main 42.64196467399597
0.25302958488464355
in main 37.77310490608215
0.25008225440979004
in main 44.41586375236511
0.269381046295166
in main 43.673311948776245
0.2477703094482422
migration  0.08069300651550293
in main 43.57426118850708
0.23931479454040527
in main 42.55137372016907
0.2724604606628418
in main 42.75824594497681
0.24359846115112305
in main 47.925238370895386
0.28911709785461426
in main 47.30825066566467
0.23788738250732422
migration  0.26585960388183594
in main 51.08872389793396
0.2443830966949463
in main 46.40551137924194
0.2429642677307129
in main 45.37081527709961
0.4001913070678711
in main 48.36027479171753
0.3019397258758545
in main 55.17648386955261
0.23631000518798828
migration  0.11286330223083496
in main 57.50430870056152
0.23740363121032715
in main 52.099085569381714
0.24647974967956543
in main 53.76719641685486
0.23677778244018555
in main 48.42572021484375
0.2342970371246338
in main 51.77783441543579
0.23537302017211914
migration  0.40930724143981934
in main 48.20441150665283
0.23494577407836914
in main 56.37188959121704
0.23450183868408203
in main 58.32374620437622
0.2693655490875244
in main 58.74264979362488
0.23774361610412598
in main 60.3976354598999
0.2378995418548584
migration  0.28221988677978516
in main 53.90596890449524
0.2397000789642334
in main 48.019293785095215
0.23886799812316895
in main 49.85459923744202
0.24043488502502441
in main 51.24976062774658
0.23987984657287598
in main 50.22192645072937
0.23813891410827637
migration  0.21462178230285645
in main 52.70068407058716
0.23263239860534668
in main 51.88734841346741
0.3598644733428955
in main 52.95543646812439
0.3394451141357422
in main 58.333683252334595
0.23714232444763184
in main 59.45371985435486
0.23655080795288086
migration  0.34461212158203125
in main 48.80673313140869
0.24080896377563477
in main 48.508137464523315
0.23711609840393066
in main 52.58232879638672
0.2714560031890869
in main 52.59108304977417
0.27472352981567383
in main 58.38292193412781
0.24061083793640137
migration  0.23038768768310547
in main 57.71343970298767
0.2427380084991455
in main 52.72036552429199
0.344998836517334
in main 63.2914719581604
0.2590749263763428
in main 64.2305691242218
0.2415635585784912
in main 53.859854221343994
0.23763275146484375
migration  0.5537281036376953
in main 52.991387367248535
0.23804426193237305
in main 58.13188409805298
0.2411649227142334
in main 58.287599325180054
0.275327205657959
in main 62.33034873008728
0.31110191345214844
in main 60.70539426803589
0.2368619441986084
migration  0.11996698379516602
in main 57.0969135761261
0.23813343048095703
in main 59.66598153114319
0.28659486770629883
in main 48.59773659706116
0.2585313320159912
in main 56.469712257385254
0.23756694793701172
in main 57.783262729644775
0.24155426025390625
migration  0.16586804389953613
in main 54.59293460845947
0.23897957801818848
in main 56.17380952835083
0.23883318901062012
in main 59.52680253982544
0.24000287055969238
in main 53.6043381690979
0.24779057502746582
in main 53.94699716567993
0.23703241348266602
migration  0.17087340354919434
in main 58.212658405303955
0.24550151824951172
in main 65.8241617679596
0.25684261322021484
in main 65.32752752304077
0.23694157600402832
in main 60.19251823425293
0.23793673515319824
in main 57.46226119995117
0.40094494819641113
migration  0.2994556427001953
in main 63.10672616958618
0.26839518547058105
in main 60.53824591636658
0.23873496055603027
in main 56.57426190376282
0.23897290229797363
in main 61.19069457054138
0.2750535011291504
in main 55.24844408035278
0.24619650840759277
migration  0.07946324348449707
in main 66.54053735733032
0.24313855171203613
in main 63.06214118003845
0.2574350833892822
in main 61.19054365158081
0.24860572814941406
in main 62.40394854545593
0.24530744552612305
in main 55.785653829574585
0.2364816665649414
migration  0.17012357711791992
in main 53.15791344642639
0.23623371124267578
in main 61.54531812667847
0.23591947555541992
in main 54.75043439865112
0.3674886226654053
in main 55.67835092544556
0.23521828651428223
in main 54.534985065460205
0.2589120864868164
migration  0.11290097236633301
in main 56.96170401573181
0.23557186126708984
in main 60.59449052810669
0.2563028335571289
in main 58.56348395347595
0.2829132080078125
in main 52.66824817657471
0.2755875587463379
in main 57.68493413925171
0.24423480033874512
migration  0.1188516616821289
in main 59.43009066581726
0.24915075302124023
in main 56.58530616760254
0.35576915740966797
in main 52.904908180236816
0.235487699508667
in main 59.48328709602356
0.26648497581481934
in main 54.622233629226685
0.23412227630615234
migration  0.3752250671386719
in main 55.30474901199341
0.2481398582458496
in main 51.96995759010315
0.2550041675567627
in main 59.865118980407715
0.24704241752624512
in main 61.68015742301941
0.2439131736755371
in main 56.52806520462036
0.23391222953796387
migration  0.1428987979888916
in main 54.55703115463257
0.2346804141998291
in main 52.09654760360718
0.23306536674499512
in main 51.669090032577515
0.2559661865234375
in main 59.57062792778015
0.3168458938598633
in main 60.741488456726074
0.30495548248291016
migration  0.08909869194030762
in main 59.11270618438721
0.23517298698425293
in main 66.0688214302063
0.23687171936035156
in main 56.08151054382324
0.27738070487976074
in main 57.88088393211365
0.2766706943511963
in main 66.97713828086853
0.23405957221984863
migration  0.21959495544433594
in main 59.36353254318237
0.24820661544799805
in main 63.744826793670654
0.23161816596984863
in main 50.944581031799316
0.2334308624267578
in main 57.876009464263916
0.23522639274597168
in main 56.69039511680603
0.23440003395080566
migration  0.342761754989624
in main 53.865814447402954
0.264005184173584
in main 56.9254252910614
0.2796297073364258
in main 60.64458465576172
0.23507308959960938
in main 61.340192794799805
0.24164342880249023
in main 52.06799268722534
0.23575353622436523
migration  0.12899065017700195
in main 54.10702896118164
0.2371816635131836
in main 54.080326557159424
0.28573131561279297
in main 61.63571906089783
0.25693178176879883
in main 56.69535183906555
0.23644518852233887
in main 58.01447033882141
0.34747910499572754
migration  0.47113871574401855
in main 58.86675190925598
0.23271632194519043
in main 56.62108016014099
0.23652911186218262
in main 59.060795307159424
0.26599717140197754
in main 57.688594818115234
0.23563385009765625
in main 64.0894730091095
0.2364962100982666
migration  0.4991152286529541
in main 58.34759521484375
0.23414945602416992
in main 59.845057249069214
0.29669809341430664
in main 63.63287425041199
0.2854280471801758
in main 60.95404648780823
0.41075801849365234
in main 59.00911545753479
0.3241846561431885
migration  0.6183507442474365
in main 65.76456212997437
0.24316120147705078
in main 56.3630006313324
0.3590719699859619
in main 58.73500633239746
0.24284100532531738
in main 62.324647665023804
0.23464608192443848
in main 53.860472440719604
0.27637648582458496
migration  0.21684479713439941
in main 62.72010254859924
0.2781071662902832
in main 59.899250507354736
0.23590087890625
in main 62.64745545387268
0.2306690216064453
in main 57.35291290283203
0.2377758026123047
in main 61.040019273757935
0.2293565273284912
migration  0.5357108116149902
in main 54.453821420669556
0.22847509384155273
in main 53.322383642196655
0.22912907600402832
in main 57.48141360282898
0.2286992073059082
in main 50.540427923202515
0.23803496360778809
in main 53.21933364868164
0.22862720489501953
migration  0.18281126022338867
in main 55.403618812561035
0.23579835891723633
in main 59.16485548019409
0.23594427108764648
in main 60.04518699645996
0.2371687889099121
in main 60.50814509391785
0.22038006782531738
in main 58.24715805053711
0.07027626037597656
0.3037748336791992
migration  0.0005602836608886719
in main 41.45433592796326
0.2548255920410156
in main 43.09177088737488
0.25319623947143555
in main 48.70683526992798
0.25391435623168945
in main 40.82359743118286
0.3440706729888916
in main 43.69318437576294
0.3325321674346924
migration  0.1801602840423584
in main 44.02569079399109
0.3210623264312744
in main 50.41977119445801
0.23918795585632324
in main 41.62132549285889
0.24053430557250977
in main 41.68219232559204
0.4055142402648926
in main 41.60914492607117
0.2535576820373535
migration  0.12004280090332031
in main 51.19585824012756
0.2517890930175781
in main 47.81315612792969
0.3502011299133301
in main 49.45578145980835
0.23808670043945312
in main 49.08312487602234
0.2463076114654541
in main 48.911572217941284
0.2419445514678955
migration  0.4418766498565674
in main 52.93213415145874
0.24631047248840332
in main 44.2455894947052
0.2460174560546875
in main 45.38285279273987
0.24608635902404785
in main 48.35001587867737
0.2420058250427246
in main 47.13926434516907
0.24133777618408203
migration  0.3547322750091553
in main 52.011005878448486
0.23909378051757812
in main 49.71859574317932
0.23812389373779297
in main 51.36628699302673
0.23946857452392578
in main 53.66461443901062
0.24845647811889648
in main 48.13474774360657
0.23786640167236328
migration  0.28031229972839355
in main 50.01493859291077
0.23351168632507324
in main 53.16147494316101
0.241837739944458
in main 61.095282793045044
0.24047613143920898
in main 61.81991219520569
0.23952460289001465
in main 61.42345380783081
0.2360553741455078
migration  0.359860897064209
in main 57.68071436882019
0.23997020721435547
in main 58.60569953918457
0.2492084503173828
in main 61.12007689476013
0.36786842346191406
in main 55.45211672782898
0.2477402687072754
in main 54.049105644226074
0.2392110824584961
migration  0.12381601333618164
in main 51.42438554763794
0.26786041259765625
in main 61.589125633239746
0.24021220207214355
in main 55.336652517318726
0.2389695644378662
in main 48.264633655548096
0.23734807968139648
in main 51.42608428001404
0.23948311805725098
migration  0.3589591979980469
in main 53.43704843521118
0.2415168285369873
in main 53.786099910736084
0.2402501106262207
in main 50.01471996307373
0.2377619743347168
in main 55.583881855010986
0.34789085388183594
in main 52.46182560920715
0.2608201503753662
migration  0.21848249435424805
in main 60.5394766330719
0.2712082862854004
in main 54.78785824775696
0.23897242546081543
in main 52.73935890197754
0.23805928230285645
in main 51.258429527282715
0.23858857154846191
in main 53.662829875946045
0.23789763450622559
migration  0.2972078323364258
in main 51.17273569107056
0.24023771286010742
in main 57.25003504753113
0.24376749992370605
in main 60.01948380470276
0.24880433082580566
in main 59.71269869804382
0.25769782066345215
in main 57.139214515686035
0.24712038040161133
migration  0.16890549659729004
in main 51.06044125556946
0.23644161224365234
in main 58.93642973899841
0.23494982719421387
in main 56.89324140548706
0.37798595428466797
in main 60.6362419128418
0.23681306838989258
in main 59.5103976726532
0.35793638229370117
migration  0.11588001251220703
in main 62.37197947502136
0.2339768409729004
in main 53.359524965286255
0.23825883865356445
in main 55.178176164627075
0.2350749969482422
in main 56.04975152015686
0.23692607879638672
in main 53.41030955314636
0.2386314868927002
migration  0.49651408195495605
in main 50.69011449813843
0.23693251609802246
in main 57.930500507354736
0.23841357231140137
in main 59.836031675338745
0.23650407791137695
in main 53.61814045906067
0.23364019393920898
in main 62.86344885826111
0.23863506317138672
migration  0.20492172241210938
in main 53.95464873313904
0.36922121047973633
in main 57.290438652038574
0.2384340763092041
in main 53.446836709976196
0.23788785934448242
in main 55.1109094619751
0.41746950149536133
in main 62.74722623825073
0.23753929138183594
migration  0.11601614952087402
in main 55.056418657302856
0.25653862953186035
in main 60.53088593482971
0.24894046783447266
in main 61.6626513004303
0.24010205268859863
in main 63.34602451324463
0.31583213806152344
in main 57.28317379951477
0.23640823364257812
migration  0.5384697914123535
in main 58.32368540763855
0.23995614051818848
in main 56.223347187042236
0.27651023864746094
in main 55.79036235809326
0.24027585983276367
in main 60.65791893005371
0.2643709182739258
in main 58.64920902252197
0.2369384765625
migration  0.26001691818237305
in main 58.04544162750244
0.3158590793609619
in main 60.991161823272705
0.2695460319519043
in main 60.985546350479126
0.23730063438415527
in main 55.96842169761658
0.23593950271606445
in main 56.9964280128479
0.23758745193481445
migration  0.08125686645507812
in main 59.26343607902527
0.2572951316833496
in main 58.02284574508667
0.23589348793029785
in main 62.88116431236267
0.24592971801757812
in main 57.450855016708374
0.2758498191833496
in main 60.08654522895813
0.24101686477661133
migration  0.2770802974700928
in main 58.53201198577881
0.26645541191101074
in main 60.933040618896484
0.23611783981323242
in main 59.53030014038086
0.2578246593475342
in main 52.163761377334595
0.2782273292541504
in main 62.42903137207031
0.23415207862854004
migration  0.5488917827606201
in main 57.83552026748657
0.23794317245483398
in main 61.69512581825256
0.23816490173339844
in main 61.94056487083435
0.23969316482543945
in main 69.8250207901001
0.29111599922180176
in main 61.4585382938385
0.23825740814208984
migration  0.2626018524169922
in main 58.01242423057556
0.23610305786132812
in main 61.972713232040405
0.23834800720214844
in main 60.52449631690979
0.2378251552581787
in main 56.91634511947632
0.23759174346923828
in main 56.65769100189209
0.2362363338470459
migration  0.1395270824432373
in main 71.10516285896301
0.24869012832641602
in main 59.852001428604126
0.2358262538909912
in main 59.30909013748169
0.2484729290008545
in main 56.406723499298096
0.2468109130859375
in main 63.804492473602295
0.23860526084899902
migration  0.23837566375732422
in main 56.778980016708374
0.28653788566589355
in main 61.852269887924194
0.26211118698120117
in main 67.91020035743713
0.23718833923339844
in main 56.031898736953735
0.23310160636901855
in main 58.3019073009491
0.32719969749450684
migration  0.5972616672515869
in main 63.75008249282837
0.24114394187927246
in main 62.53527212142944
0.24099969863891602
in main 62.83739972114563
0.24967193603515625
in main 65.09141206741333
0.319962739944458
in main 60.5114643573761
0.3684194087982178
migration  0.2565019130706787
in main 63.634981870651245
0.25694942474365234
in main 60.52661895751953
0.2667274475097656
in main 63.01649332046509
0.24033308029174805
in main 61.50155258178711
0.2891347408294678
in main 58.89399814605713
0.24874448776245117
migration  0.11817669868469238
in main 63.464898347854614
0.2814784049987793
in main 65.22747802734375
0.24330902099609375
in main 57.0432665348053
0.23750734329223633
in main 62.96121859550476
0.23987531661987305
in main 63.820435762405396
0.23860549926757812
migration  0.2708151340484619
in main 74.1594135761261
0.2681884765625
in main 64.89394688606262
0.22974085807800293
in main 60.508976221084595
0.23187947273254395
in main 58.85601449012756
0.23860645294189453
in main 57.11273813247681
0.23316645622253418
migration  0.19311976432800293
in main 54.165700912475586
0.23711514472961426
in main 56.16339063644409
0.23279762268066406
in main 52.91123342514038
0.23249006271362305
in main 59.101568937301636
0.24102425575256348
in main 62.714778900146484
0.23581743240356445
migration  0.4153294563293457
in main 53.877891063690186
0.23065876960754395
in main 58.28005862236023
0.22916889190673828
in main 56.89609694480896
0.23961091041564941
in main 58.458091497421265
0.21845245361328125
in main 53.15889763832092
0.06948375701904297
0.23487472534179688
migration  0.05598711967468262
in main 40.33603572845459
0.2558567523956299
in main 46.47145342826843
0.25145697593688965
in main 39.09092569351196
0.25296688079833984
in main 39.50930142402649
0.2504770755767822
in main 45.605549812316895
0.2528109550476074
migration  0.25581932067871094
in main 47.560089349746704
0.2989058494567871
in main 54.72602820396423
0.3445096015930176
in main 43.02891707420349
0.24764585494995117
in main 46.2906436920166
0.2535269260406494
in main 46.853227853775024
0.2514352798461914
migration  0.13040614128112793
in main 48.53724193572998
0.24121665954589844
in main 43.322270154953
0.25025320053100586
in main 45.9750714302063
0.24819660186767578
in main 50.13478660583496
0.24449491500854492
in main 52.914361000061035
0.26329708099365234
migration  0.1947023868560791
in main 47.09313988685608
0.38155555725097656
in main 52.0105037689209
0.24818205833435059
in main 55.969913721084595
0.2516026496887207
in main 47.91406774520874
0.2782576084136963
in main 47.48962473869324
0.2607402801513672
migration  0.09781599044799805
in main 51.42890810966492
0.23937129974365234
in main 50.05162453651428
0.283585786819458
in main 52.07571363449097
0.29360294342041016
in main 55.63367938995361
0.24285030364990234
in main 55.261183738708496
0.24055981636047363
migration  0.1795186996459961
in main 54.21987581253052
0.2443094253540039
in main 57.40692949295044
0.24909138679504395
in main 47.35618281364441
0.24598383903503418
in main 47.430121660232544
0.2455909252166748
in main 47.13560938835144
0.2429981231689453
migration  0.27587032318115234
in main 50.765639543533325
0.2565324306488037
in main 57.688599824905396
0.2485339641571045
in main 53.64113521575928
0.3151118755340576
in main 51.80791163444519
0.26185035705566406
in main 56.21206712722778
0.23988795280456543
migration  0.17886066436767578
in main 48.265876054763794
0.24850201606750488
in main 53.30297112464905
0.2409052848815918
in main 48.96832752227783
0.3435359001159668
in main 59.92692565917969
0.240020751953125
in main 52.25797176361084
0.24286746978759766
migration  0.17961692810058594
in main 56.16331696510315
0.24071717262268066
in main 51.547680377960205
0.23901677131652832
in main 47.53071880340576
0.37149930000305176
in main 57.78226041793823
0.24160432815551758
in main 54.53282427787781
0.23868489265441895
migration  0.3421206474304199
in main 52.24471569061279
0.2699875831604004
in main 54.654959201812744
0.24331164360046387
in main 57.8402202129364
0.24169158935546875
in main 58.58771467208862
0.24243521690368652
in main 56.751824140548706
0.2386918067932129
migration  0.377852201461792
in main 54.773735761642456
0.256730318069458
in main 55.23384356498718
0.24166464805603027
in main 61.87331485748291
0.23820209503173828
in main 53.61891007423401
0.2403731346130371
in main 64.27027606964111
0.23951077461242676
migration  0.15857148170471191
in main 57.80317783355713
0.2419586181640625
in main 63.21987986564636
0.24026703834533691
in main 53.59608459472656
0.24870038032531738
in main 55.7694308757782
0.2392408847808838
in main 55.07282757759094
0.23936915397644043
migration  0.370485782623291
in main 60.492154359817505
0.24703717231750488
in main 60.810070514678955
0.23767352104187012
in main 52.045886754989624
0.23479557037353516
in main 57.18037724494934
0.3078920841217041
in main 54.494383335113525
0.23575115203857422
migration  0.08577346801757812
in main 49.16567873954773
0.27904415130615234
in main 56.03863334655762
0.2568039894104004
in main 60.24217677116394
0.23958587646484375
in main 61.6707227230072
0.24209022521972656
in main 60.866063594818115
0.23831415176391602
migration  0.5284340381622314
in main 60.37618613243103
0.3965325355529785
in main 59.05637764930725
0.2805752754211426
in main 64.07841730117798
0.23882794380187988
in main 60.04587984085083
0.26917243003845215
in main 58.849467754364014
0.3313295841217041
migration  0.15679287910461426
in main 62.09390735626221
0.23993992805480957
in main 62.35056519508362
0.23778128623962402
in main 60.65111041069031
0.23866868019104004
in main 59.30865240097046
0.23901700973510742
in main 57.79333281517029
0.23893976211547852
migration  0.4308888912200928
in main 54.085715532302856
0.24805188179016113
in main 65.4935736656189
0.24299240112304688
in main 59.52604293823242
0.24410009384155273
in main 61.8928964138031
0.23846840858459473
in main 55.97666788101196
0.24268698692321777
migration  0.376417875289917
in main 55.013914823532104
0.23970890045166016
in main 49.863946199417114
0.2786571979522705
in main 60.578293800354004
0.28064727783203125
in main 66.83688807487488
0.27038097381591797
in main 70.30334758758545
0.26964330673217773
migration  0.303936243057251
in main 62.8269464969635
0.2704341411590576
in main 64.94977188110352
0.2391371726989746
in main 63.52874565124512
0.24695658683776855
in main 65.39192271232605
0.2499866485595703
in main 68.84606623649597
0.30034375190734863
migration  0.7552416324615479
in main 65.50468873977661
0.3330395221710205
in main 68.05012679100037
0.23989629745483398
in main 67.76840591430664
0.24658465385437012
in main 61.79425883293152
0.24672818183898926
in main 66.8678605556488
0.23467230796813965
migration  0.2034773826599121
in main 59.66565179824829
0.24645113945007324
in main 63.76277470588684
0.29990339279174805
in main 57.31990146636963
0.24681901931762695
in main 62.468486309051514
0.26341843605041504
in main 61.38404297828674
0.2750685214996338
migration  0.14791512489318848
in main 71.09397625923157
0.24894070625305176
in main 68.64504432678223
0.24758481979370117
in main 67.28254866600037
0.2724432945251465
in main 65.76863980293274
0.23851895332336426
in main 60.36199402809143
0.32458066940307617
migration  0.6662139892578125
in main 63.19470548629761
0.268373966217041
in main 63.95141077041626
0.24861669540405273
in main 60.5107307434082
0.2588353157043457
in main 64.82343745231628
0.2803316116333008
in main 61.37982773780823
0.24598908424377441
migration  0.14344525337219238
in main 60.646424293518066
0.2446608543395996
in main 64.70620274543762
0.2584819793701172
in main 62.57174634933472
0.25948095321655273
in main 68.08355402946472
0.3152031898498535
in main 64.31241178512573
0.2487187385559082
migration  0.18728351593017578
in main 71.58081340789795
0.2394864559173584
in main 64.73073077201843
0.24662065505981445
in main 68.02469897270203
0.3029613494873047
in main 69.74377131462097
0.24396824836730957
in main 66.63978362083435
0.33091068267822266
migration  0.3580493927001953
in main 61.41808271408081
0.24628520011901855
in main 70.85958242416382
0.254497766494751
in main 64.61502265930176
0.2487328052520752
in main 72.26573419570923
0.24549269676208496
in main 65.0196053981781
0.23775529861450195
migration  0.49700093269348145
in main 62.046748876571655
0.23726487159729004
in main 66.53793287277222
0.24788808822631836
in main 79.72760844230652
0.23878931999206543
in main 66.2065360546112
0.24192500114440918
in main 62.03819727897644
0.24038004875183105
migration  0.13298988342285156
in main 63.707908391952515
0.23652267456054688
in main 56.70247220993042
0.23936867713928223
in main 64.20812201499939
0.24105095863342285
in main 62.5341591835022
0.24190831184387207
in main 62.9716477394104
0.24319124221801758
migration  0.13691234588623047
in main 59.295300245285034
0.26140904426574707
in main 61.339826583862305
0.23877835273742676
in main 59.309805154800415
0.23863577842712402
in main 60.69201683998108
0.21613311767578125
in main 65.30092453956604
0.24314212799072266
migration  0.22158265113830566
in main 56.75419998168945
0.20553970336914062
in main 50.84168362617493
0.21384525299072266
in main 54.25109052658081
0.22240829467773438
in main 54.69788908958435
0.2374725341796875
in main 54.29127478599548
4.095718622207642
2 , 0.4835091083413231 , 0.4850052697135192
4 , 0.46999041227229144 , 0.4667049918558973
3 , 0.475934803451582 , 0.47724441889431835
1 , 0.5891658676893576 , 0.5893455973938871
8 , 0.4669223394055608 , 0.47647791510970583
2 , 0.48398849472674976 , 0.4828015713327585
4 , 0.47305848513902204 , 0.4751365334866341
6 , 0.4724832214765101 , 0.4810769378173805
7 , 0.4707574304889741 , 0.4702500718597298
3 , 0.4766059443911793 , 0.4789690524096962
1 , 0.589261744966443 , 0.5894414103669636
8 , 0.46826462128475554 , 0.4809811248443039
2 , 0.48408437200383514 , 0.4777234837597011
4 , 0.4731543624161074 , 0.4715914534828016
6 , 0.47267497603068076 , 0.47398677780971543
3 , 0.4769894534995206 , 0.47551978537894035
1 , 0.5893576222435283 , 0.5894414103669636
8 , 0.4708533077660595 , 0.47312446105202643
11 , 0.46864813039309683 , 0.4726453961866437
2 , 0.4842761265580058 , 0.4849094567404426
5 , 0.47440076701821665 , 0.47465746862125135
4 , 0.47449664429530203 , 0.47484909456740443
6 , 0.474209012464046 , 0.4774360448404714
7 , 0.47267497603068076 , 0.4835680751173709
3 , 0.4786193672099712 , 0.4768611670020121
1 , 0.5900287631831256 , 0.5897288492861934
8 , 0.47094918504314476 , 0.4802146210596915
2 , 0.48504314477468835 , 0.48558014755197854
4 , 0.47516778523489933 , 0.4750407205135575
7 , 0.472770853307766 , 0.47963974322123215
3 , 0.4811121764141898 , 0.4824183194404522
1 , 0.590124640460211 , 0.5897288492861934
8 , 0.4721955896452541 , 0.4833764491712178
10 , 0.4712368168744008 , 0.4809811248443039
2 , 0.485522531160115 , 0.4858675864712082
4 , 0.475647171620326 , 0.47216633132126085
5 , 0.47516778523489933 , 0.4799271821404618
7 , 0.47296260786193667 , 0.48462201782121295
3 , 0.4825503355704698 , 0.4809811248443039
1 , 0.590699904122723 , 0.5907827919900355
8 , 0.4724832214765101 , 0.4776276707866245
10 , 0.4715244487056568 , 0.47561559835201683
2 , 0.4880153403643337 , 0.48864616269042827
4 , 0.475934803451582 , 0.4801188080866149
5 , 0.4752636625119847 , 0.47705279294816516
7 , 0.47401725790987537 , 0.4736035259174092
3 , 0.4827420901246404 , 0.490849861071189
1 , 0.5907957813998083 , 0.5908786049631121
9 , 0.472770853307766 , 0.4851968956596723
8 , 0.4732502396931927 , 0.47973555619430874
2 , 0.48878235858101626 , 0.4900833572865766
4 , 0.47689357622243533 , 0.4782025486250838
6 , 0.4752636625119847 , 0.4686212513174284
5 , 0.4755512943432406 , 0.4775318578135479
7 , 0.4748801534036433 , 0.47628628916355276
3 , 0.4832214765100671 , 0.4819392545750695
1 , 0.5908916586768935 , 0.5908786049631121
12 , 0.4731543624161074 , 0.4760946632173997
10 , 0.4732502396931927 , 0.47293283510587336
8 , 0.47334611697027806 , 0.4859633994442848
2 , 0.48916586768935766 , 0.48941266647504067
4 , 0.47746883988494726 , 0.476669541055859
5 , 0.47689357622243533 , 0.47973555619430874
6 , 0.47574304889741126 , 0.47868161349046656
7 , 0.47535953978907 , 0.47801092267893075
3 , 0.4836049856184085 , 0.4952572578327106
1 , 0.5915627996164909 , 0.5912618568554182
8 , 0.474209012464046 , 0.47580722429817
2 , 0.4897411313518696 , 0.49056242215195933
4 , 0.4779482262703739 , 0.48299319727891155
5 , 0.4769894534995206 , 0.48395132700967713
6 , 0.475934803451582 , 0.4782025486250838
3 , 0.4837967401725791 , 0.4833764491712178
1 , 0.5916586768935762 , 0.5911660438823416
8 , 0.47468839884947267 , 0.48615502539043787
9 , 0.474209012464046 , 0.4826099453866054
2 , 0.4900287631831256 , 0.49707770432116505
4 , 0.47823585810162994 , 0.48625083836351446
5 , 0.4772770853307766 , 0.48471783079428954
6 , 0.47612655800575265 , 0.4851010826865958
7 , 0.475934803451582 , 0.4800229951135384
3 , 0.48408437200383514 , 0.48720896809427994
1 , 0.5918504314477468 , 0.5921241736131072
8 , 0.47535953978907 , 0.46881287726358145
10 , 0.47449664429530203 , 0.4767653540289355
9 , 0.47468839884947267 , 0.4775318578135479
2 , 0.490124640460211 , 0.496023761617323
4 , 0.4786193672099712 , 0.4791606783558494
5 , 0.4773729626078619 , 0.48203506754814607
6 , 0.4766059443911793 , 0.47887323943661975
7 , 0.4760306807286673 , 0.47801092267893075
3 , 0.4841802492809204 , 0.48558014755197854
1 , 0.5919463087248322 , 0.5922199865861837
8 , 0.47545541706615535 , 0.47791510970585416
10 , 0.4748801534036433 , 0.4818434416019929
9 , 0.4749760306807287 , 0.48289738430583506
1 , 0.5920421860019176 , 0.592794864424643
10 , 0.47507190795781395 , 0.4783941745712369
3 , 0.48465963566634707 , 0.48615502539043787
4 , 0.4787152444870566 , 0.4783941745712369
finish training at: 9511.098136425018
