read data finish
{'6': 0, '3': 1, '1': 2, '5': 3, '2': 4, '7': 5}
{'migration': 'ring', 'objective': 'nsga-ii', 'data_division': 'NO', 'train-data': 'Glass.csv', 'test-data': None, 'evaluation_num': 10000000000.0, 'core_num': 12, 'init': None, 'init_N_pop': 100, 'stop_generation': 150, 'N_pop': 100, 'weight-vector': (-1, 1), 'P_M': 0.1, 'P_m': 0.1, 'lnum': 6, 'P_dc': 0.8, 'N_rule': 10, 'delimiter': ',', 'mode': '5CV', 'migration_fre': 5, 'migration_num': 3, 'copy_migration': False}
0.058672428131103516
0.22427725791931152
migration  0.0004706382751464844
in main 1.0679445266723633
0.25219082832336426
in main 1.0587468147277832
0.2593507766723633
in main 1.1920812129974365
0.25148701667785645
in main 1.1198785305023193
0.25551438331604004
in main 1.016463041305542
0.25473928451538086
migration  0.004629611968994141
in main 1.1495113372802734
0.25107741355895996
in main 1.109281063079834
0.25443148612976074
in main 1.1316580772399902
0.2544112205505371
in main 1.2278563976287842
0.2513434886932373
in main 1.3334145545959473
0.2526981830596924
migration  0.006921529769897461
in main 1.2941255569458008
0.24898672103881836
in main 1.223412275314331
0.2522091865539551
in main 1.263113021850586
0.24901151657104492
in main 1.3062705993652344
0.24689006805419922
in main 1.3822805881500244
0.25061869621276855
migration  0.006598949432373047
in main 1.3793203830718994
0.24514055252075195
in main 1.2461035251617432
0.252185583114624
in main 1.3366096019744873
0.25255608558654785
in main 1.4227135181427002
0.248427152633667
in main 1.35121488571167
0.2524540424346924
migration  0.01911187171936035
in main 1.4263942241668701
0.24622130393981934
in main 1.4382383823394775
0.2516443729400635
in main 1.3989953994750977
0.25042080879211426
in main 1.4509437084197998
0.2503013610839844
in main 1.4862315654754639
0.252471923828125
migration  0.0053555965423583984
in main 1.5982666015625
0.24747872352600098
in main 1.640108585357666
0.26189327239990234
in main 1.6135921478271484
0.36083340644836426
in main 1.8665742874145508
0.2472689151763916
in main 1.5500338077545166
0.24796676635742188
migration  0.011751413345336914
in main 1.630173683166504
0.2429053783416748
in main 1.6790530681610107
0.2505316734313965
in main 1.4272830486297607
0.2510194778442383
in main 1.6265273094177246
0.25070762634277344
in main 1.4178743362426758
0.250683069229126
migration  0.010437250137329102
in main 1.6284308433532715
0.24213600158691406
in main 1.5108726024627686
0.25126218795776367
in main 1.6422109603881836
0.2486722469329834
in main 1.4574294090270996
0.24817156791687012
in main 1.642775297164917
0.24523425102233887
migration  0.011548280715942383
in main 1.6219966411590576
0.3247196674346924
in main 2.0290820598602295
0.2750542163848877
in main 1.777829885482788
0.26729512214660645
in main 1.6503570079803467
0.2566976547241211
in main 1.4536457061767578
0.24827075004577637
migration  0.008326053619384766
in main 1.4736723899841309
0.24856781959533691
in main 1.5905909538269043
0.25177454948425293
in main 1.6327340602874756
0.249342679977417
in main 1.5258712768554688
0.24397921562194824
in main 1.573108434677124
0.24521446228027344
migration  0.012382745742797852
in main 1.762110710144043
0.24802613258361816
in main 1.5946063995361328
0.25113868713378906
in main 1.498382806777954
0.2523503303527832
in main 1.4789674282073975
0.25476717948913574
in main 1.3859238624572754
0.25283145904541016
migration  0.006104707717895508
in main 1.5369822978973389
0.3266174793243408
in main 1.6884026527404785
0.2950420379638672
in main 1.9269709587097168
0.27683305740356445
in main 2.031628131866455
0.25288867950439453
in main 1.5682191848754883
0.25375914573669434
migration  0.02225327491760254
in main 1.572298288345337
0.2561767101287842
in main 1.939500093460083
0.2547464370727539
in main 2.001032829284668
0.30658602714538574
in main 1.7966351509094238
0.3030219078063965
in main 1.8622419834136963
0.42248988151550293
migration  0.008394002914428711
in main 1.8810405731201172
0.3003668785095215
in main 1.8349013328552246
0.33101391792297363
in main 1.9160761833190918
0.2505617141723633
in main 1.9316961765289307
0.25292253494262695
in main 1.897437572479248
0.27308201789855957
migration  0.008617877960205078
in main 2.0265543460845947
0.2456667423248291
in main 1.9455289840698242
0.29401373863220215
in main 1.955432415008545
0.24894404411315918
in main 1.7177350521087646
0.25570178031921387
in main 1.9137392044067383
0.2512986660003662
migration  0.018111705780029297
in main 1.7532083988189697
0.30233120918273926
in main 1.9995551109313965
0.44646573066711426
in main 2.0756051540374756
0.2551276683807373
in main 2.0539603233337402
0.40303683280944824
in main 2.052433967590332
0.2517874240875244
migration  0.008452415466308594
in main 2.147859573364258
0.2472374439239502
in main 1.746347427368164
0.25303077697753906
in main 1.6365926265716553
0.24976325035095215
in main 1.6594822406768799
0.2550065517425537
in main 1.6091318130493164
0.25148677825927734
migration  0.011953115463256836
in main 1.8103299140930176
0.3646852970123291
in main 1.707505464553833
0.2620360851287842
in main 1.6577973365783691
0.25255799293518066
in main 1.694887638092041
0.25583386421203613
in main 1.7906742095947266
0.2523179054260254
migration  0.018700599670410156
in main 1.7679650783538818
0.25205016136169434
in main 1.6179263591766357
0.251615047454834
in main 1.771902322769165
0.2422337532043457
in main 1.6364226341247559
0.25644850730895996
in main 1.800084114074707
0.2514181137084961
migration  0.018532276153564453
in main 1.6468853950500488
0.24241089820861816
in main 1.822601079940796
0.2515556812286377
in main 1.6836438179016113
0.2541368007659912
in main 1.5883681774139404
0.2537233829498291
in main 1.7317285537719727
0.24907684326171875
migration  0.011914253234863281
in main 1.6204807758331299
0.24774599075317383
in main 1.9024603366851807
0.2516508102416992
in main 1.81184720993042
0.251201868057251
in main 1.6834590435028076
0.3218057155609131
in main 1.851654291152954
0.2583458423614502
migration  0.014676570892333984
in main 2.1154799461364746
0.2501235008239746
in main 1.9102368354797363
0.2768418788909912
in main 1.8896870613098145
0.2515218257904053
in main 1.7391407489776611
0.25446510314941406
in main 2.071559429168701
0.2550344467163086
migration  0.010559320449829102
in main 1.5869498252868652
0.24429869651794434
in main 1.7284657955169678
0.2549450397491455
in main 1.7880306243896484
0.2814655303955078
in main 1.799189567565918
0.33458733558654785
in main 2.0675816535949707
0.2505061626434326
migration  0.011436939239501953
in main 1.8431525230407715
0.24908804893493652
in main 1.6457326412200928
0.25409650802612305
in main 1.6299550533294678
0.2526543140411377
in main 1.685331106185913
0.2523465156555176
in main 1.627723217010498
0.2541646957397461
migration  0.009049654006958008
in main 1.6822397708892822
0.24592852592468262
in main 1.5634870529174805
0.2508399486541748
in main 1.5486502647399902
0.28014254570007324
in main 1.960371494293213
0.3146944046020508
in main 2.016923427581787
0.26346349716186523
migration  0.009206295013427734
in main 1.7336061000823975
0.2998924255371094
in main 1.8041720390319824
0.3106396198272705
in main 1.755316972732544
0.312314510345459
in main 1.790783405303955
0.276231050491333
in main 1.931387186050415
0.253171443939209
migration  0.027403831481933594
in main 1.6449730396270752
0.28867077827453613
in main 1.779374599456787
0.31284260749816895
in main 2.0347321033477783
0.25234127044677734
in main 1.9918031692504883
0.24936199188232422
in main 1.7827091217041016
0.2499086856842041
migration  0.007353067398071289
in main 1.6388039588928223
0.2518751621246338
in main 1.6876795291900635
0.2821066379547119
in main 1.8965985774993896
0.2633793354034424
in main 1.9878113269805908
0.34422874450683594
in main 1.9076879024505615
0.3148477077484131
migration  0.009556770324707031
in main 2.0137414932250977
0.3795754909515381
in main 1.8291740417480469
0.30989694595336914
in main 1.784174919128418
0.31951189041137695
in main 1.7934794425964355
0.30855894088745117
in main 1.8483715057373047
0.309051513671875
migration  0.015798091888427734
in main 1.8280766010284424
0.24890923500061035
in main 1.9870672225952148
0.2516787052154541
in main 1.7120585441589355
0.25447797775268555
in main 1.6215500831604004
0.25379109382629395
in main 1.790996789932251
0.07149505615234375
0.2842130661010742
migration  0.0005185604095458984
in main 1.2745945453643799
0.30570077896118164
in main 1.288200855255127
0.3164997100830078
in main 1.360487461090088
0.31490349769592285
in main 1.2870264053344727
0.3128237724304199
in main 1.1871364116668701
0.3160524368286133
migration  0.0033478736877441406
in main 1.2101175785064697
0.3148531913757324
in main 1.456991195678711
0.31049060821533203
in main 1.421846866607666
0.30885839462280273
in main 1.3102693557739258
0.3139169216156006
in main 1.4399337768554688
0.3124063014984131
migration  0.006433010101318359
in main 1.3606882095336914
0.310626745223999
in main 1.5130608081817627
0.31470680236816406
in main 1.4525165557861328
0.3067030906677246
in main 1.3543791770935059
0.31165051460266113
in main 1.4746077060699463
0.30846595764160156
migration  0.008977651596069336
in main 1.4425668716430664
0.31193113327026367
in main 1.5057241916656494
0.31167173385620117
in main 1.717940330505371
0.31969356536865234
in main 1.5922846794128418
0.3205132484436035
in main 1.6905927658081055
0.31166768074035645
migration  0.016398191452026367
in main 1.6259498596191406
0.2773752212524414
in main 1.6449506282806396
0.4926950931549072
in main 1.9294705390930176
0.2521495819091797
in main 1.6179614067077637
0.2535991668701172
in main 1.9092051982879639
0.2717721462249756
migration  0.015573501586914062
in main 1.800823450088501
0.2550337314605713
in main 1.727269172668457
0.25025200843811035
in main 1.7913801670074463
0.25627779960632324
in main 1.5041847229003906
0.3439829349517822
in main 1.685014009475708
0.25635218620300293
migration  0.0065844058990478516
in main 1.5991837978363037
0.24510860443115234
in main 1.8053860664367676
0.2512507438659668
in main 1.337648630142212
0.24994444847106934
in main 1.4758317470550537
0.25426816940307617
in main 1.4250895977020264
0.3933713436126709
migration  0.009901046752929688
in main 2.1192445755004883
0.24775433540344238
in main 1.555657148361206
0.25179624557495117
in main 1.5142757892608643
0.25125813484191895
in main 1.4853510856628418
0.3687744140625
in main 1.7027554512023926
0.25252747535705566
migration  0.0035881996154785156
in main 1.6951930522918701
0.24609684944152832
in main 1.7220978736877441
0.33121347427368164
in main 1.733842134475708
0.2526073455810547
in main 1.6857059001922607
0.41034865379333496
in main 2.020134210586548
0.2578287124633789
migration  0.008237600326538086
in main 1.6946475505828857
0.29413914680480957
in main 1.6174025535583496
0.2506415843963623
in main 1.6295630931854248
0.24881696701049805
in main 1.5392682552337646
0.3432331085205078
in main 1.8532614707946777
0.2880856990814209
migration  0.007972002029418945
in main 2.3356926441192627
0.24270915985107422
in main 1.746074914932251
0.24930739402770996
in main 1.469735860824585
0.25121068954467773
in main 1.6141598224639893
0.2488112449645996
in main 1.5882229804992676
0.2511160373687744
migration  0.011341094970703125
in main 1.6010644435882568
0.3751029968261719
in main 2.4248337745666504
0.2532167434692383
in main 1.9103763103485107
0.24416112899780273
in main 1.6651463508605957
0.32720303535461426
in main 2.366111993789673
0.25635719299316406
migration  0.009687423706054688
in main 1.8869037628173828
0.36358022689819336
in main 1.8524198532104492
0.2992238998413086
in main 1.71480131149292
0.2569420337677002
in main 1.5435314178466797
0.2573530673980713
in main 1.579486608505249
0.2579951286315918
migration  0.004949808120727539
in main 1.5257306098937988
0.34455370903015137
in main 1.8545970916748047
0.2663726806640625
in main 2.1837799549102783
0.25414252281188965
in main 1.4763209819793701
0.2541022300720215
in main 1.5542194843292236
0.255293607711792
migration  0.019391775131225586
in main 1.5260980129241943
0.23572397232055664
in main 1.5274791717529297
0.3167147636413574
in main 1.872314453125
0.3091583251953125
in main 1.8779411315917969
0.2601642608642578
in main 1.8098905086517334
0.25546956062316895
migration  0.021404743194580078
in main 1.8752202987670898
0.2534976005554199
in main 2.066314458847046
0.32857465744018555
in main 1.7599318027496338
0.25223851203918457
in main 1.7084167003631592
0.2595033645629883
in main 1.6635172367095947
0.2540252208709717
migration  0.012831449508666992
in main 1.6911072731018066
0.2660393714904785
in main 2.200260877609253
0.253751277923584
in main 1.586033582687378
0.24632000923156738
in main 1.5578904151916504
0.25417566299438477
in main 1.6254768371582031
0.25336503982543945
migration  0.009911060333251953
in main 1.4447505474090576
0.24952316284179688
in main 1.5865540504455566
0.2558557987213135
in main 1.439403772354126
0.25864338874816895
in main 1.7212820053100586
0.2560994625091553
in main 1.5638518333435059
0.25582075119018555
migration  0.011006355285644531
in main 1.6310348510742188
0.2490370273590088
in main 1.4883003234863281
0.2577383518218994
in main 1.5932846069335938
0.2554633617401123
in main 1.5973682403564453
0.2523956298828125
in main 1.7906055450439453
0.25484466552734375
migration  0.010999441146850586
in main 1.685842752456665
0.2447528839111328
in main 1.7515168190002441
0.31592893600463867
in main 2.0566141605377197
0.26310086250305176
in main 1.9635977745056152
0.2700002193450928
in main 1.9563243389129639
0.25584864616394043
migration  0.00964498519897461
in main 1.935328722000122
0.25539183616638184
in main 2.154989004135132
0.26135873794555664
in main 1.5979111194610596
0.26009416580200195
in main 1.6079106330871582
0.3606531620025635
in main 1.768324851989746
0.3245887756347656
migration  0.005899667739868164
in main 1.646498441696167
0.24909687042236328
in main 1.7735695838928223
0.2555983066558838
in main 1.561546802520752
0.2584857940673828
in main 1.6322112083435059
0.25717878341674805
in main 1.564004898071289
0.2533886432647705
migration  0.028972864151000977
in main 1.771056890487671
0.27007317543029785
in main 1.7291932106018066
0.25252342224121094
in main 1.5442390441894531
0.24929594993591309
in main 1.5962071418762207
0.2523839473724365
in main 1.8156580924987793
0.25531768798828125
migration  0.012572050094604492
in main 1.7047204971313477
0.25650548934936523
in main 1.3642983436584473
0.3074662685394287
in main 1.6130084991455078
0.3514425754547119
in main 2.0090041160583496
0.2545967102050781
in main 1.8731162548065186
0.2853522300720215
migration  0.014477252960205078
in main 1.663867473602295
0.25597476959228516
in main 1.6563317775726318
0.25644946098327637
in main 1.6591989994049072
0.25297093391418457
in main 1.7814960479736328
0.25783348083496094
in main 1.727940320968628
0.2583024501800537
migration  0.017489194869995117
in main 1.7082312107086182
0.2571601867675781
in main 1.9850108623504639
0.2736246585845947
in main 1.6680793762207031
0.2542452812194824
in main 1.6550581455230713
0.31604790687561035
in main 1.8592257499694824
0.2741982936859131
migration  0.01650214195251465
in main 1.850778579711914
0.2718980312347412
in main 1.6035072803497314
0.3307828903198242
in main 2.051313638687134
0.25774478912353516
in main 1.7857165336608887
0.2543962001800537
in main 1.6271471977233887
0.3036024570465088
migration  0.015112638473510742
in main 1.741731882095337
0.31003332138061523
in main 2.076629400253296
0.2563767433166504
in main 1.9660975933074951
0.2545197010040283
in main 1.642669439315796
0.2595632076263428
in main 1.6418733596801758
0.25331997871398926
migration  0.013199806213378906
in main 1.5500402450561523
0.2610926628112793
in main 1.563082218170166
0.25678539276123047
in main 1.6997466087341309
0.28652381896972656
in main 2.128877878189087
0.33551836013793945
in main 2.108959913253784
0.2655184268951416
migration  0.007654905319213867
in main 2.399970293045044
0.41303181648254395
in main 2.149383306503296
0.32874131202697754
in main 1.9639875888824463
0.2578556537628174
in main 1.5929672718048096
0.25578880310058594
in main 1.564791202545166
0.05827450752258301
0.22458434104919434
migration  0.0011470317840576172
in main 1.2417478561401367
0.2523057460784912
in main 1.101086139678955
0.24829864501953125
in main 1.2861745357513428
0.24853181838989258
in main 1.1773293018341064
0.24830317497253418
in main 1.1279776096343994
0.2510690689086914
migration  0.005189180374145508
in main 1.1478853225708008
0.24592900276184082
in main 1.1236114501953125
0.24998259544372559
in main 1.144885540008545
0.25132274627685547
in main 1.166405200958252
0.24972772598266602
in main 1.2527601718902588
0.24847793579101562
migration  0.006729602813720703
in main 1.284104347229004
0.24556541442871094
in main 1.2870187759399414
0.254122257232666
in main 1.4251673221588135
0.24999117851257324
in main 1.2207634449005127
0.24903631210327148
in main 1.2893359661102295
0.2505619525909424
migration  0.007396697998046875
in main 1.5039587020874023
0.24829721450805664
in main 1.920408010482788
0.32416582107543945
in main 1.5813276767730713
0.25190091133117676
in main 1.757448434829712
0.37042975425720215
in main 1.6748886108398438
0.2595808506011963
migration  0.010544538497924805
in main 1.637239694595337
0.2822554111480713
in main 1.5760905742645264
0.25005412101745605
in main 1.7393758296966553
0.2954983711242676
in main 1.8680174350738525
0.2489004135131836
in main 1.4889826774597168
0.2937169075012207
migration  0.007895231246948242
in main 1.3106434345245361
0.30669498443603516
in main 1.9040977954864502
0.24890947341918945
in main 1.5615942478179932
0.25084757804870605
in main 1.5619304180145264
0.24610495567321777
in main 1.5017480850219727
0.24840688705444336
migration  0.019657135009765625
in main 1.5748717784881592
0.23836779594421387
in main 1.6023993492126465
0.24730777740478516
in main 1.2881908416748047
0.24944090843200684
in main 1.741856336593628
0.24839377403259277
in main 1.6211535930633545
0.24602937698364258
migration  0.01828622817993164
in main 1.4437506198883057
0.30100512504577637
in main 1.6702821254730225
0.2457735538482666
in main 1.7753384113311768
0.24898433685302734
in main 1.321169376373291
0.24520397186279297
in main 1.514223575592041
0.24402141571044922
migration  0.0124359130859375
in main 1.612004041671753
0.24388766288757324
in main 1.5675792694091797
0.29978084564208984
in main 1.6183583736419678
0.3218977451324463
in main 2.0250890254974365
0.35666561126708984
in main 1.9159691333770752
0.2490248680114746
migration  0.008885622024536133
in main 1.4334981441497803
0.3420901298522949
in main 1.8341090679168701
0.31478285789489746
in main 1.8711917400360107
0.24943280220031738
in main 1.764857530593872
0.34415316581726074
in main 2.193084478378296
0.3213019371032715
migration  0.014772653579711914
in main 2.10477614402771
0.30288267135620117
in main 1.6375946998596191
0.3092939853668213
in main 1.7014060020446777
0.30176401138305664
in main 1.9412574768066406
0.30885815620422363
in main 1.830165147781372
0.2565171718597412
migration  0.013270854949951172
in main 1.799086332321167
0.24999499320983887
in main 1.78672194480896
0.3020510673522949
in main 2.01424241065979
0.2908816337585449
in main 2.0902352333068848
0.38721466064453125
in main 1.980069875717163
0.3711276054382324
migration  0.010559797286987305
in main 2.283992290496826
0.24326705932617188
in main 1.7594263553619385
0.336092472076416
in main 1.6287331581115723
0.27024292945861816
in main 1.849684476852417
0.3097989559173584
in main 2.0048606395721436
0.24947500228881836
migration  0.008201837539672852
in main 1.8092715740203857
0.3074510097503662
in main 1.700822114944458
0.30855441093444824
in main 1.848503589630127
0.2986319065093994
in main 1.7359156608581543
0.3102288246154785
in main 1.8241348266601562
0.3098149299621582
migration  0.009087085723876953
in main 1.8540949821472168
0.3070566654205322
in main 1.8595752716064453
0.3154561519622803
in main 1.7057788372039795
0.3136448860168457
in main 1.669379711151123
0.31154847145080566
in main 1.7623448371887207
0.31308555603027344
migration  0.007740497589111328
in main 1.7299036979675293
0.3031582832336426
in main 1.6199822425842285
0.31353306770324707
in main 1.7668848037719727
0.306307315826416
in main 1.7697389125823975
0.31115055084228516
in main 1.9209444522857666
0.31046414375305176
migration  0.013938426971435547
in main 1.853376865386963
0.25129055976867676
in main 1.7105927467346191
0.25449085235595703
in main 1.812140941619873
0.37229251861572266
in main 1.8004069328308105
0.24979662895202637
in main 1.6118223667144775
0.3107569217681885
migration  0.009640693664550781
in main 1.6279966831207275
0.2950866222381592
in main 1.707658052444458
0.2700691223144531
in main 1.7390711307525635
0.25261521339416504
in main 1.5456175804138184
0.25025105476379395
in main 1.7205619812011719
0.2831459045410156
migration  0.009134054183959961
in main 1.5710117816925049
0.4868648052215576
in main 2.226475477218628
0.2530333995819092
in main 1.762131929397583
0.3554806709289551
in main 2.1541049480438232
0.2738068103790283
in main 1.8561601638793945
0.25186586380004883
migration  0.009536981582641602
in main 1.9150655269622803
0.2465496063232422
in main 1.5799789428710938
0.25334954261779785
in main 1.6762416362762451
0.24989891052246094
in main 1.5357129573822021
0.25438451766967773
in main 1.6998727321624756
0.2548084259033203
migration  0.008612632751464844
in main 1.5301434993743896
0.24746370315551758
in main 1.632080316543579
0.25538134574890137
in main 1.6952755451202393
0.25198936462402344
in main 1.65110182762146
0.23865437507629395
in main 1.5016207695007324
0.24815058708190918
migration  0.02700662612915039
in main 1.5190412998199463
0.2714219093322754
in main 1.5594501495361328
0.43389105796813965
in main 2.211155891418457
0.2672739028930664
in main 1.8012006282806396
0.2518143653869629
in main 1.8920819759368896
0.2534618377685547
migration  0.016360998153686523
in main 1.8541502952575684
0.25038719177246094
in main 1.8288302421569824
0.2606949806213379
in main 1.801121473312378
0.251922607421875
in main 1.8592100143432617
0.31488680839538574
in main 1.7544119358062744
0.33255887031555176
migration  0.012285947799682617
in main 2.0643861293792725
0.31028199195861816
in main 1.9909706115722656
0.2516345977783203
in main 1.946690559387207
0.2611074447631836
in main 1.6863420009613037
0.3805220127105713
in main 2.3610999584198
0.24878215789794922
migration  0.02447056770324707
in main 1.714510440826416
0.24373388290405273
in main 1.4915680885314941
0.25071024894714355
in main 1.5931403636932373
0.25165796279907227
in main 1.6430041790008545
0.24895858764648438
in main 1.705319881439209
0.2480790615081787
migration  0.008750438690185547
in main 1.7895770072937012
0.24630999565124512
in main 1.8365452289581299
0.28303027153015137
in main 1.8125839233398438
0.32569217681884766
in main 2.073972463607788
0.2522308826446533
in main 1.8713483810424805
0.26427555084228516
migration  0.010580778121948242
in main 1.7175579071044922
0.26502013206481934
in main 1.7540185451507568
0.323960542678833
in main 2.0211520195007324
0.30930161476135254
in main 1.8849523067474365
0.29372191429138184
in main 1.825364589691162
0.3114182949066162
migration  0.011219263076782227
in main 2.0056307315826416
0.281632661819458
in main 1.8073601722717285
0.2961246967315674
in main 1.8770313262939453
0.29410648345947266
in main 1.894472360610962
0.2538118362426758
in main 2.041775941848755
0.3620789051055908
migration  0.007279872894287109
in main 1.9737956523895264
0.24357271194458008
in main 1.8440923690795898
0.32622838020324707
in main 1.884176254272461
0.25473570823669434
in main 1.79093599319458
0.2564215660095215
in main 1.894927740097046
0.25191307067871094
migration  0.00862884521484375
in main 1.5843064785003662
0.26326584815979004
in main 1.6554663181304932
0.2514307498931885
in main 1.7156057357788086
0.25119948387145996
in main 1.5049686431884766
0.24969720840454102
in main 1.6008501052856445
0.05994153022766113
0.22448444366455078
migration  0.0004773139953613281
in main 1.1181666851043701
0.25058984756469727
in main 1.2363758087158203
0.26243114471435547
in main 1.3442893028259277
0.2559053897857666
in main 1.3721799850463867
0.2555723190307617
in main 1.124448537826538
0.25665712356567383
migration  0.006150960922241211
in main 1.2025632858276367
0.2460470199584961
in main 1.2492947578430176
0.262833833694458
in main 1.261263132095337
0.37453699111938477
in main 1.484623670578003
0.3016674518585205
in main 1.5176246166229248
0.3326985836029053
migration  0.004269599914550781
in main 1.740121841430664
0.34108829498291016
in main 1.8513739109039307
0.2548391819000244
in main 1.3102667331695557
0.3752439022064209
in main 1.5079972743988037
0.24839305877685547
in main 1.4223260879516602
0.28444504737854004
migration  0.005604267120361328
in main 1.3787293434143066
0.2760288715362549
in main 1.345949649810791
0.35027503967285156
in main 1.4868929386138916
0.24924516677856445
in main 1.5445077419281006
0.3242452144622803
in main 1.7810909748077393
0.30252695083618164
migration  0.007241249084472656
in main 1.8661563396453857
0.25134706497192383
in main 1.4372663497924805
0.2531163692474365
in main 1.4504077434539795
0.2560396194458008
in main 1.5020027160644531
0.2547109127044678
in main 1.4773893356323242
0.2562246322631836
migration  0.00506591796875
in main 1.4912567138671875
0.2474231719970703
in main 1.5208492279052734
0.2514212131500244
in main 1.4998424053192139
0.2598285675048828
in main 1.417396068572998
0.2509293556213379
in main 1.633815050125122
0.2557339668273926
migration  0.013451099395751953
in main 1.499250888824463
0.33785319328308105
in main 1.7248334884643555
0.28685951232910156
in main 1.5353736877441406
0.35912394523620605
in main 1.8470087051391602
0.2587566375732422
in main 1.6913163661956787
0.25644612312316895
migration  0.017699480056762695
in main 1.6362457275390625
0.2489151954650879
in main 1.8806862831115723
0.2518479824066162
in main 1.722430944442749
0.35294532775878906
in main 1.6073181629180908
0.31400012969970703
in main 1.836409091949463
0.3104679584503174
migration  0.011344194412231445
in main 1.8656392097473145
0.279400110244751
in main 1.6155340671539307
0.27026844024658203
in main 1.495804786682129
0.2748377323150635
in main 1.6050646305084229
0.25438857078552246
in main 1.6536049842834473
0.3222670555114746
migration  0.018105030059814453
in main 1.9214205741882324
0.25243544578552246
in main 1.9138307571411133
0.25351762771606445
in main 1.3845627307891846
0.2556886672973633
in main 1.2902953624725342
0.2513706684112549
in main 1.5095546245574951
0.2522914409637451
migration  0.021389007568359375
in main 1.432347059249878
0.35966968536376953
in main 1.8484511375427246
0.25624561309814453
in main 1.846527099609375
0.3481743335723877
in main 1.8025708198547363
0.2551100254058838
in main 1.444648027420044
0.25098323822021484
migration  0.009292125701904297
in main 1.527024269104004
0.3053257465362549
in main 1.9331374168395996
0.31622982025146484
in main 1.5791704654693604
0.3082695007324219
in main 1.6386401653289795
0.3725099563598633
in main 1.7519378662109375
0.43631696701049805
migration  0.010612726211547852
in main 2.0155253410339355
0.2520289421081543
in main 1.6175682544708252
0.25836825370788574
in main 1.5609302520751953
0.2587597370147705
in main 1.5199079513549805
0.26209115982055664
in main 1.6781563758850098
0.25864744186401367
migration  0.019977331161499023
in main 1.6198623180389404
0.2492976188659668
in main 1.5514764785766602
0.25483250617980957
in main 1.529419183731079
0.2588036060333252
in main 1.5713486671447754
0.2592921257019043
in main 1.7353670597076416
0.2586240768432617
migration  0.01958298683166504
in main 1.686516523361206
0.24664640426635742
in main 1.6175034046173096
0.2642383575439453
in main 1.5960466861724854
0.2581319808959961
in main 1.6320343017578125
0.26090574264526367
in main 1.586677074432373
0.25569963455200195
migration  0.01968550682067871
in main 1.666006088256836
0.24039101600646973
in main 1.5632755756378174
0.26117444038391113
in main 1.7965657711029053
0.25925636291503906
in main 1.6290924549102783
0.2570352554321289
in main 1.6437833309173584
0.25796055793762207
migration  0.012388467788696289
in main 1.6804745197296143
0.25452566146850586
in main 1.8226852416992188
0.26065659523010254
in main 1.644498586654663
0.26424074172973633
in main 1.5428948402404785
0.2574591636657715
in main 1.6202239990234375
0.26111769676208496
migration  0.010225772857666016
in main 1.7778120040893555
0.3262665271759033
in main 1.9814939498901367
0.2647390365600586
in main 1.9278359413146973
0.2561914920806885
in main 1.6407685279846191
0.34415388107299805
in main 2.0668160915374756
0.31708836555480957
migration  0.01913905143737793
in main 1.809666633605957
0.25148630142211914
in main 1.688899278640747
0.26082682609558105
in main 1.46763014793396
0.2524900436401367
in main 1.5768752098083496
0.26014208793640137
in main 1.5533549785614014
0.2523376941680908
migration  0.00790858268737793
in main 1.5575919151306152
0.3321115970611572
in main 1.8026618957519531
0.2568049430847168
in main 1.815488338470459
0.25207066535949707
in main 1.7009434700012207
0.24112391471862793
in main 1.6949107646942139
0.25186896324157715
migration  0.009361743927001953
in main 1.9202940464019775
0.34617018699645996
in main 2.215862274169922
0.29327988624572754
in main 2.130690574645996
0.33370137214660645
in main 2.460284948348999
0.2806665897369385
in main 2.088966131210327
0.2506067752838135
migration  0.018433809280395508
in main 2.1558926105499268
0.25159621238708496
in main 1.8521664142608643
0.25673389434814453
in main 2.3024110794067383
0.3942298889160156
in main 1.857940435409546
0.25523829460144043
in main 2.1641364097595215
0.2513234615325928
migration  0.014796257019042969
in main 1.7168211936950684
0.250244140625
in main 2.0049781799316406
0.28118276596069336
in main 2.0424916744232178
0.2547128200531006
in main 1.8548181056976318
0.3356482982635498
in main 1.922173023223877
0.3057267665863037
migration  0.013706207275390625
in main 1.7471458911895752
0.24515128135681152
in main 1.8269352912902832
0.2513294219970703
in main 1.7904953956604004
0.25752735137939453
in main 1.8828067779541016
0.25222349166870117
in main 1.830087423324585
0.25736236572265625
migration  0.009056568145751953
in main 1.6051294803619385
0.25086545944213867
in main 1.6566259860992432
0.2568659782409668
in main 1.6548552513122559
0.2705206871032715
in main 2.000739812850952
0.2775728702545166
in main 1.7608163356781006
0.3095073699951172
migration  0.011157035827636719
in main 2.2100541591644287
0.2536196708679199
in main 2.1240756511688232
0.26017236709594727
in main 1.8464865684509277
0.25603318214416504
in main 2.1189608573913574
0.26856136322021484
in main 1.8881800174713135
0.2954549789428711
migration  0.013167142868041992
in main 1.9381144046783447
0.2526218891143799
in main 1.7426164150238037
0.24466681480407715
in main 1.808351993560791
0.2520473003387451
in main 1.8269636631011963
0.25406885147094727
in main 1.6902718544006348
0.2585337162017822
migration  0.013207197189331055
in main 1.8460767269134521
0.282625675201416
in main 1.6564366817474365
0.3084859848022461
in main 1.9386522769927979
0.2574350833892822
in main 2.0852298736572266
0.259857177734375
in main 1.8987388610839844
0.3453381061553955
migration  0.019617557525634766
in main 2.0481209754943848
0.2936091423034668
in main 1.7874395847320557
0.2561216354370117
in main 1.9195408821105957
0.2540590763092041
in main 1.600341796875
0.25652480125427246
in main 1.7079908847808838
0.34975194931030273
migration  0.01963973045349121
in main 2.2005975246429443
0.2618534564971924
in main 2.476928234100342
0.25869321823120117
in main 1.7385201454162598
0.25494837760925293
in main 1.6679942607879639
0.2573573589324951
in main 1.6522278785705566
0.05869936943054199
0.22300386428833008
migration  0.0011076927185058594
in main 1.191873550415039
0.2493298053741455
in main 1.102276086807251
0.249619722366333
in main 1.3807387351989746
0.2579154968261719
in main 1.2697949409484863
0.2533848285675049
in main 1.2489402294158936
0.2526278495788574
migration  0.005316495895385742
in main 1.1401100158691406
0.24367451667785645
in main 1.1753616333007812
0.4553055763244629
in main 1.674767017364502
0.24963855743408203
in main 1.337021827697754
0.2520332336425781
in main 1.2730467319488525
0.2589449882507324
migration  0.006838083267211914
in main 1.3412725925445557
0.24240994453430176
in main 1.2183594703674316
0.24854469299316406
in main 1.2531235218048096
0.25045084953308105
in main 1.473775863647461
0.25365185737609863
in main 1.7315587997436523
0.24854159355163574
migration  0.006936788558959961
in main 1.314072847366333
0.24649810791015625
in main 1.2188701629638672
0.2520909309387207
in main 1.4879162311553955
0.27002811431884766
in main 1.4828414916992188
0.24886083602905273
in main 1.4286794662475586
0.24853062629699707
migration  0.017949342727661133
in main 1.4218084812164307
0.26468825340270996
in main 1.597693681716919
0.30611538887023926
in main 1.7686102390289307
0.2673966884613037
in main 1.8232908248901367
0.2520744800567627
in main 1.6130564212799072
0.24833035469055176
migration  0.008754968643188477
in main 1.5730936527252197
0.3390371799468994
in main 1.8913042545318604
0.2653160095214844
in main 1.7434375286102295
0.3182334899902344
in main 1.7649469375610352
0.5008666515350342
in main 2.270984172821045
0.25257277488708496
migration  0.007843494415283203
in main 1.6134002208709717
0.27384400367736816
in main 1.6717236042022705
0.4212632179260254
in main 2.0362091064453125
0.3295562267303467
in main 1.737191915512085
0.2603280544281006
in main 1.829235553741455
0.3542826175689697
migration  0.0050008296966552734
in main 1.699162483215332
0.2424774169921875
in main 1.839261770248413
0.2457742691040039
in main 1.7282042503356934
0.2502002716064453
in main 1.5740976333618164
0.24710321426391602
in main 1.409435749053955
0.24727559089660645
migration  0.004931211471557617
in main 1.4925785064697266
0.343625545501709
in main 1.9843494892120361
0.2987961769104004
in main 2.081944704055786
0.3871746063232422
in main 1.7702081203460693
0.31949496269226074
in main 1.7750990390777588
0.37510180473327637
migration  0.013919830322265625
in main 1.904236078262329
0.24510836601257324
in main 1.5646460056304932
0.2501685619354248
in main 1.5817070007324219
0.246504545211792
in main 1.659005880355835
0.2472069263458252
in main 1.7181446552276611
0.24764585494995117
migration  0.012675762176513672
in main 1.537431001663208
0.24579119682312012
in main 1.6721076965332031
0.24321794509887695
in main 1.6515870094299316
0.24944210052490234
in main 1.690828800201416
0.25103020668029785
in main 1.6428871154785156
0.24878621101379395
migration  0.006927967071533203
in main 1.539823055267334
0.31256651878356934
in main 1.933349370956421
0.2600996494293213
in main 1.9098684787750244
0.4066751003265381
in main 1.930528163909912
0.24735569953918457
in main 1.6602027416229248
0.24910664558410645
migration  0.009166240692138672
in main 1.5168676376342773
0.24482965469360352
in main 1.8197147846221924
0.25133800506591797
in main 1.722766399383545
0.23984909057617188
in main 1.7283105850219727
0.3021571636199951
in main 1.750093936920166
0.30205821990966797
migration  0.009565353393554688
in main 2.2255208492279053
0.24532628059387207
in main 1.7338075637817383
0.2511610984802246
in main 1.6858203411102295
0.25058555603027344
in main 1.5415732860565186
0.2728242874145508
in main 1.7634344100952148
0.2516207695007324
migration  0.006561756134033203
in main 1.6169350147247314
0.2432718276977539
in main 1.9706263542175293
0.2487626075744629
in main 1.5568597316741943
0.27318906784057617
in main 1.685295581817627
0.25188732147216797
in main 2.00604248046875
0.2736392021179199
migration  0.01283717155456543
in main 1.8452630043029785
0.24887490272521973
in main 1.5087018013000488
0.25301504135131836
in main 1.7065520286560059
0.250873327255249
in main 1.6382601261138916
0.23861265182495117
in main 1.7553904056549072
0.24399542808532715
migration  0.00836181640625
in main 1.678804874420166
0.33866286277770996
in main 1.9689931869506836
0.3276853561401367
in main 2.141981840133667
0.25157880783081055
in main 1.82059907913208
0.25207996368408203
in main 1.600313663482666
0.24884366989135742
migration  0.031088590621948242
in main 1.6547996997833252
0.25260305404663086
in main 2.1303718090057373
0.25287866592407227
in main 1.514655590057373
0.36603403091430664
in main 1.8735098838806152
0.3433709144592285
in main 1.9741559028625488
0.25403285026550293
migration  0.019396305084228516
in main 1.7978954315185547
0.24568438529968262
in main 1.6404023170471191
0.256955623626709
in main 1.668792724609375
0.2520127296447754
in main 1.7072508335113525
0.2620527744293213
in main 1.5241186618804932
0.2536482810974121
migration  0.007865190505981445
in main 1.811971664428711
0.2329270839691162
in main 1.6751055717468262
0.2916374206542969
in main 1.8035516738891602
0.3680880069732666
in main 2.216681718826294
0.25355076789855957
in main 1.854501485824585
0.25394415855407715
migration  0.024194717407226562
in main 1.6907503604888916
0.24894118309020996
in main 1.575533151626587
0.255143404006958
in main 1.6620731353759766
0.25180506706237793
in main 1.674140214920044
0.30164456367492676
in main 1.811811923980713
0.2544388771057129
migration  0.010062932968139648
in main 1.7580621242523193
0.30474305152893066
in main 1.7583203315734863
0.2522110939025879
in main 2.0295262336730957
0.3097951412200928
in main 1.8705127239227295
0.31227803230285645
in main 1.7278742790222168
0.3115816116333008
migration  0.018705129623413086
in main 1.794302225112915
0.30388450622558594
in main 1.9450030326843262
0.31343913078308105
in main 1.889002799987793
0.31201171875
in main 1.8669729232788086
0.3114142417907715
in main 1.8232910633087158
0.31342172622680664
migration  0.006255149841308594
in main 1.9241838455200195
0.2455911636352539
in main 1.6665847301483154
0.25193285942077637
in main 1.6966254711151123
0.2505359649658203
in main 1.6369457244873047
0.2489452362060547
in main 1.80068039894104
0.24162840843200684
migration  0.01168203353881836
in main 1.792301893234253
0.2482466697692871
in main 1.6293752193450928
0.24065518379211426
in main 1.6622288227081299
0.3044261932373047
in main 1.6730451583862305
0.2838606834411621
in main 1.8461294174194336
0.30585289001464844
migration  0.017946720123291016
in main 2.111168622970581
0.2884502410888672
in main 1.7818737030029297
0.24223017692565918
in main 1.5729687213897705
0.2542846202850342
in main 1.6941893100738525
0.2522900104522705
in main 1.738647699356079
0.3436591625213623
migration  0.013133525848388672
in main 1.83172607421875
0.23741579055786133
in main 1.9481556415557861
0.30336475372314453
in main 1.7510097026824951
0.25553345680236816
in main 2.01345157623291
0.29444003105163574
in main 2.1057820320129395
0.31510233879089355
migration  0.011986970901489258
in main 2.184859275817871
0.276308536529541
in main 1.9737703800201416
0.2526242733001709
in main 2.110105037689209
0.2534143924713135
in main 1.6499195098876953
0.2524840831756592
in main 1.707425832748413
0.2528231143951416
migration  0.011574983596801758
in main 1.7457447052001953
0.2464580535888672
in main 1.8294038772583008
0.2541029453277588
in main 1.5479309558868408
0.25113511085510254
in main 1.6007890701293945
0.25034117698669434
in main 1.8162569999694824
0.272289514541626
migration  0.008779048919677734
in main 2.3188014030456543
0.24562501907348633
in main 2.0404813289642334
0.2503063678741455
in main 1.816066026687622
0.25319433212280273
in main 1.6257498264312744
0.25270652770996094
in main 1.7753684520721436
0.1188971996307373
0.300370454788208
migration  0.0014345645904541016
in main 1.4258558750152588
0.4088771343231201
in main 1.360508680343628
0.3123900890350342
in main 1.4870524406433105
0.3013160228729248
in main 1.6381337642669678
0.3264951705932617
in main 1.4330589771270752
0.4122445583343506
migration  0.007001399993896484
in main 1.4284777641296387
0.29691171646118164
in main 1.4483909606933594
0.3602123260498047
in main 1.6570534706115723
0.2574656009674072
in main 1.559730052947998
0.4058573246002197
in main 1.6418180465698242
0.24988317489624023
migration  0.010384559631347656
in main 1.5103123188018799
0.31397366523742676
in main 1.5653102397918701
0.2518453598022461
in main 1.7314741611480713
0.2508833408355713
in main 1.4673140048980713
0.28938984870910645
in main 1.657480239868164
0.25047779083251953
migration  0.008694887161254883
in main 1.492722988128662
0.24608898162841797
in main 1.449988842010498
0.2526371479034424
in main 1.487358808517456
0.29906392097473145
in main 1.9050896167755127
0.28733086585998535
in main 1.7098219394683838
0.291032075881958
migration  0.005808353424072266
in main 1.6550443172454834
0.24283719062805176
in main 1.4624133110046387
0.2693648338317871
in main 1.548663854598999
0.24830102920532227
in main 1.7180492877960205
0.25055384635925293
in main 1.5699286460876465
0.25005626678466797
migration  0.00926661491394043
in main 1.7087962627410889
0.24863123893737793
in main 1.7733426094055176
0.2522714138031006
in main 1.8969197273254395
0.2508234977722168
in main 1.3764922618865967
0.2488408088684082
in main 1.4732887744903564
0.24520158767700195
migration  0.01068115234375
in main 1.6269903182983398
0.2442915439605713
in main 1.6101033687591553
0.24906349182128906
in main 1.582756757736206
0.24879074096679688
in main 1.574763536453247
0.2524552345275879
in main 1.6060562133789062
0.24763751029968262
migration  0.011352062225341797
in main 1.600616693496704
0.2445840835571289
in main 1.6692900657653809
0.2498936653137207
in main 1.637582540512085
0.2645418643951416
in main 1.6416685581207275
0.24918627738952637
in main 1.6856169700622559
0.2502784729003906
migration  0.009155988693237305
in main 1.5258328914642334
0.24348998069763184
in main 1.5536673069000244
0.25284528732299805
in main 1.3837523460388184
0.24980759620666504
in main 1.5302693843841553
0.2536344528198242
in main 1.392496109008789
0.24969887733459473
migration  0.008794546127319336
in main 1.4963407516479492
0.24433088302612305
in main 1.6037683486938477
0.2508072853088379
in main 1.5966875553131104
0.25109171867370605
in main 1.6552808284759521
0.2533102035522461
in main 1.5382130146026611
0.2549707889556885
migration  0.010286331176757812
in main 1.5489325523376465
0.2551133632659912
in main 1.7140848636627197
0.2576472759246826
in main 1.5795259475708008
0.25450587272644043
in main 1.4741032123565674
0.2542726993560791
in main 1.4558322429656982
0.25177836418151855
migration  0.012392044067382812
in main 1.5564916133880615
0.25471019744873047
in main 1.6580729484558105
0.2562558650970459
in main 1.5181748867034912
0.25101470947265625
in main 1.537076473236084
0.2514808177947998
in main 1.5429093837738037
0.25429797172546387
migration  0.008577346801757812
in main 1.4799842834472656
0.25212907791137695
in main 1.54447340965271
0.2511887550354004
in main 1.576538324356079
0.2557559013366699
in main 1.6662709712982178
0.25552964210510254
in main 1.586839199066162
0.2535879611968994
migration  0.015007257461547852
in main 1.5592446327209473
0.25162649154663086
in main 1.6365272998809814
0.24912333488464355
in main 1.5977272987365723
0.2574455738067627
in main 1.653095006942749
0.25529003143310547
in main 1.6903443336486816
0.25428199768066406
migration  0.013868570327758789
in main 1.6052651405334473
0.2698814868927002
in main 1.9648797512054443
0.26470255851745605
in main 1.9425780773162842
0.2693822383880615
in main 1.680250644683838
0.2558441162109375
in main 1.6397902965545654
0.25423264503479004
migration  0.016554594039916992
in main 1.6946349143981934
0.24543523788452148
in main 1.4665074348449707
0.25079822540283203
in main 1.658919095993042
0.25226521492004395
in main 1.5861504077911377
0.2533414363861084
in main 1.6877856254577637
0.3111686706542969
migration  0.008308887481689453
in main 2.1210272312164307
0.2862703800201416
in main 2.084817409515381
0.26596498489379883
in main 1.8024907112121582
0.2510511875152588
in main 1.6837832927703857
0.2512693405151367
in main 1.7398509979248047
0.2542386054992676
migration  0.004866123199462891
in main 1.8291442394256592
0.2455298900604248
in main 1.8699145317077637
0.2647571563720703
in main 1.6629672050476074
0.25389695167541504
in main 1.5970816612243652
0.25564050674438477
in main 1.841890573501587
0.2548677921295166
migration  0.00929403305053711
in main 1.5870027542114258
0.2477121353149414
in main 1.8359274864196777
0.253371000289917
in main 1.7236218452453613
0.2532997131347656
in main 1.8318846225738525
0.2520873546600342
in main 1.6726949214935303
0.2547762393951416
migration  0.013159513473510742
in main 1.685612440109253
0.2774641513824463
in main 2.2983787059783936
0.2528040409088135
in main 1.6310858726501465
0.2554049491882324
in main 1.6921048164367676
0.25286078453063965
in main 1.6788461208343506
0.2515079975128174
migration  0.007609844207763672
in main 1.6521916389465332
0.2584495544433594
in main 1.7421412467956543
0.24047446250915527
in main 1.6375539302825928
0.37810206413269043
in main 2.0088822841644287
0.3477439880371094
in main 1.9730932712554932
0.32578372955322266
migration  0.01661396026611328
in main 2.1250264644622803
0.2500782012939453
in main 1.7593994140625
0.2541234493255615
in main 1.6100332736968994
0.2838737964630127
in main 1.752488613128662
0.2505824565887451
in main 1.8153653144836426
0.28113222122192383
migration  0.008977651596069336
in main 1.8654229640960693
0.3103446960449219
in main 2.1436288356781006
0.25383543968200684
in main 1.9160716533660889
0.2510972023010254
in main 1.7850983142852783
0.2540624141693115
in main 1.6780157089233398
0.2528986930847168
migration  0.01762247085571289
in main 1.6560404300689697
0.3179011344909668
in main 2.082266092300415
0.30476999282836914
in main 1.9188923835754395
0.3518345355987549
in main 2.209398031234741
0.25478076934814453
in main 1.7476634979248047
0.26285505294799805
migration  0.010765314102172852
in main 1.814225435256958
0.33334922790527344
in main 2.1741907596588135
0.3419177532196045
in main 2.4649510383605957
0.26370835304260254
in main 1.9360377788543701
0.2708625793457031
in main 1.8506231307983398
0.35239243507385254
migration  0.01312255859375
in main 2.0002171993255615
0.25417447090148926
in main 2.0358338356018066
0.255328893661499
in main 1.8031532764434814
0.2900843620300293
in main 1.846888780593872
0.35477352142333984
in main 1.9415102005004883
0.32642388343811035
migration  0.008959293365478516
in main 1.8404548168182373
0.42331838607788086
in main 2.2887043952941895
0.25133299827575684
in main 1.641944408416748
0.26039934158325195
in main 1.6056935787200928
0.2513735294342041
in main 1.6310932636260986
0.25074219703674316
migration  0.005637168884277344
in main 1.7960224151611328
0.2732057571411133
in main 2.068276882171631
0.3465614318847656
in main 2.3259713649749756
0.25171971321105957
in main 1.95816969871521
0.25280213356018066
in main 1.8470969200134277
0.25405454635620117
migration  0.009400367736816406
in main 1.8449475765228271
0.2491304874420166
in main 1.762223482131958
0.28172802925109863
in main 1.8347744941711426
0.2510690689086914
in main 1.9402570724487305
0.2897646427154541
in main 1.709841251373291
0.30570292472839355
migration  0.010479927062988281
in main 2.427603006362915
0.24549484252929688
in main 1.7936201095581055
0.25330448150634766
in main 1.661104440689087
0.25322628021240234
in main 1.881809949874878
0.2569096088409424
in main 1.7864644527435303
0.11947941780090332
0.31613731384277344
migration  0.0011343955993652344
in main 1.6238210201263428
0.24959278106689453
in main 1.37874174118042
0.25350284576416016
in main 1.1744730472564697
0.2844052314758301
in main 1.283374547958374
0.3556783199310303
in main 1.600008249282837
0.2783842086791992
migration  0.004423856735229492
in main 1.2488386631011963
0.24472475051879883
in main 1.418586015701294
0.2855823040008545
in main 1.6050224304199219
0.31084632873535156
in main 1.3114051818847656
0.37677741050720215
in main 1.8993282318115234
0.24786639213562012
migration  0.006258726119995117
in main 1.6783056259155273
0.2445507049560547
in main 1.6458122730255127
0.25029969215393066
in main 1.3818402290344238
0.299724817276001
in main 1.477217197418213
0.29325032234191895
in main 1.7119383811950684
0.2791426181793213
migration  0.0070116519927978516
in main 1.5829014778137207
0.26445841789245605
in main 1.5282068252563477
0.26785802841186523
in main 1.5140602588653564
0.2498188018798828
in main 1.4227468967437744
0.25137805938720703
in main 1.5178022384643555
0.24506378173828125
migration  0.013987541198730469
in main 1.618757724761963
0.34404969215393066
in main 1.5840604305267334
0.314129114151001
in main 1.6481547355651855
0.31269240379333496
in main 1.7854278087615967
0.30823373794555664
in main 1.7430987358093262
0.31246495246887207
migration  0.0064809322357177734
in main 1.619107961654663
0.3021979331970215
in main 1.6153955459594727
0.32354211807250977
in main 1.5975518226623535
0.24721693992614746
in main 1.8213365077972412
0.31964731216430664
in main 1.5115032196044922
0.311018705368042
migration  0.00756382942199707
in main 1.71256685256958
0.29292869567871094
in main 1.639122724533081
0.3274221420288086
in main 1.7703521251678467
0.405423641204834
in main 2.193728446960449
0.27794480323791504
in main 2.0372345447540283
0.2686891555786133
migration  0.010092973709106445
in main 1.9710869789123535
0.2470073699951172
in main 1.7718935012817383
0.252105712890625
in main 1.6446337699890137
0.3398420810699463
in main 1.8701941967010498
0.2514457702636719
in main 1.8825500011444092
0.24800896644592285
migration  0.015312671661376953
in main 1.6174068450927734
0.24347901344299316
in main 1.6305263042449951
0.317136287689209
in main 1.820647954940796
0.31920313835144043
in main 1.9905719757080078
0.290940523147583
in main 1.805403470993042
0.30853867530822754
migration  0.01934957504272461
in main 1.9790284633636475
0.2454051971435547
in main 1.5323967933654785
0.25637245178222656
in main 1.6923909187316895
0.24644827842712402
in main 1.594679355621338
0.24770569801330566
in main 1.7482974529266357
0.24516606330871582
migration  0.012706756591796875
in main 1.8098781108856201
0.29552388191223145
in main 1.891265869140625
0.2456204891204834
in main 1.7751638889312744
0.24892854690551758
in main 1.724714994430542
0.24992680549621582
in main 1.7786667346954346
0.24921369552612305
migration  0.012358427047729492
in main 1.6474196910858154
0.2484736442565918
in main 1.629427433013916
0.24890446662902832
in main 1.7243685722351074
0.26023244857788086
in main 1.6015105247497559
0.25702977180480957
in main 1.588691234588623
0.3334465026855469
migration  0.007817983627319336
in main 1.9512317180633545
0.23330307006835938
in main 1.7214381694793701
0.2539479732513428
in main 1.5090036392211914
0.25147581100463867
in main 1.6850879192352295
0.2573435306549072
in main 1.6655645370483398
0.2529115676879883
migration  0.011165380477905273
in main 1.6555767059326172
0.24683380126953125
in main 1.9341092109680176
0.331132173538208
in main 1.7882108688354492
0.2536740303039551
in main 1.6990392208099365
0.271930456161499
in main 1.5650720596313477
0.2528979778289795
migration  0.018987178802490234
in main 1.9694342613220215
0.2502119541168213
in main 1.5647242069244385
0.25034213066101074
in main 1.6560957431793213
0.3443763256072998
in main 1.7503283023834229
0.25580406188964844
in main 1.545809268951416
0.4151284694671631
migration  0.005832195281982422
in main 1.9028186798095703
0.2804105281829834
in main 1.9205539226531982
0.2558867931365967
in main 1.6207985877990723
0.25673365592956543
in main 1.727647066116333
0.25125861167907715
in main 1.616274356842041
0.27651214599609375
migration  0.019021034240722656
in main 1.9983420372009277
0.32999420166015625
in main 1.8463540077209473
0.4547436237335205
in main 1.7608613967895508
0.2540731430053711
in main 2.0172626972198486
0.25706934928894043
in main 1.7989552021026611
0.24980449676513672
migration  0.01559138298034668
in main 1.5456008911132812
0.24724793434143066
in main 1.4980661869049072
0.2495424747467041
in main 1.7082936763763428
0.25810670852661133
in main 1.5513463020324707
0.2555840015411377
in main 1.5790772438049316
0.25763440132141113
migration  0.007919549942016602
in main 1.5373435020446777
0.32898950576782227
in main 2.004521131515503
0.2660548686981201
in main 1.9824318885803223
0.2654531002044678
in main 1.8053293228149414
0.2665581703186035
in main 1.7690222263336182
0.2731029987335205
migration  0.010953426361083984
in main 1.7159032821655273
0.25018835067749023
in main 1.8680176734924316
0.3121788501739502
in main 2.0663111209869385
0.24988484382629395
in main 2.044193983078003
0.24965453147888184
in main 1.596449851989746
0.3086514472961426
migration  0.016397714614868164
in main 1.7505102157592773
0.2563178539276123
in main 1.6400823593139648
0.2527186870574951
in main 1.5856144428253174
0.25663042068481445
in main 1.8620660305023193
0.25353264808654785
in main 1.7279140949249268
0.2556476593017578
migration  0.018689393997192383
in main 1.766780138015747
0.31596827507019043
in main 1.7247934341430664
0.34371495246887207
in main 1.912200927734375
0.3103642463684082
in main 1.6122715473175049
0.3039233684539795
in main 1.8520073890686035
0.2972538471221924
migration  0.0158846378326416
in main 2.099092721939087
0.30909228324890137
in main 2.1375985145568848
0.2752673625946045
in main 1.7585508823394775
0.25415468215942383
in main 1.9143648147583008
0.34497880935668945
in main 1.9383931159973145
0.25295495986938477
migration  0.0075321197509765625
in main 1.8497707843780518
0.2833974361419678
in main 2.017544746398926
0.39500904083251953
in main 1.9400122165679932
0.25081729888916016
in main 1.7748713493347168
0.26563024520874023
in main 1.7387144565582275
0.2555661201477051
migration  0.01882028579711914
in main 1.8880765438079834
0.3292865753173828
in main 1.93593168258667
0.28492045402526855
in main 1.8727319240570068
0.30701780319213867
in main 1.970609188079834
0.33423614501953125
in main 1.943519115447998
0.3390018939971924
migration  0.019533395767211914
in main 2.000410318374634
0.25362324714660645
in main 1.7259173393249512
0.25411295890808105
in main 1.6459381580352783
0.2562289237976074
in main 1.644155740737915
0.2531466484069824
in main 1.9009337425231934
0.2658872604370117
migration  0.008412361145019531
in main 1.779151201248169
0.25162601470947266
in main 1.800168514251709
0.25144314765930176
in main 1.5582988262176514
0.2527596950531006
in main 1.700892686843872
0.2624499797821045
in main 1.6190416812896729
0.2521500587463379
migration  0.006180524826049805
in main 1.7992308139801025
0.2475435733795166
in main 1.664097547531128
0.25286412239074707
in main 1.6687066555023193
0.25725340843200684
in main 1.731121301651001
0.25710177421569824
in main 1.9220387935638428
0.24823474884033203
migration  0.018453121185302734
in main 1.8945446014404297
0.25254249572753906
in main 1.784919023513794
0.25170207023620605
in main 1.7570521831512451
0.25099682807922363
in main 1.7167322635650635
0.25412774085998535
in main 1.6426663398742676
0.25705599784851074
migration  0.011352300643920898
in main 1.7418174743652344
0.24712014198303223
in main 1.6571331024169922
0.2506744861602783
in main 1.415513277053833
0.255748987197876
in main 1.5053889751434326
0.25287842750549316
in main 1.7270541191101074
0.058042049407958984
0.2232816219329834
migration  0.00046324729919433594
in main 1.0832116603851318
0.24499177932739258
in main 1.1988084316253662
0.2579002380371094
in main 1.4072809219360352
0.2582979202270508
in main 1.1604816913604736
0.2549135684967041
in main 1.2036752700805664
0.25301504135131836
migration  0.0039861202239990234
in main 1.1900041103363037
0.24771451950073242
in main 1.2113215923309326
0.25193238258361816
in main 1.2186951637268066
0.24842357635498047
in main 1.2719976902008057
0.2487192153930664
in main 1.1559937000274658
0.2512199878692627
migration  0.005880117416381836
in main 1.2184233665466309
0.24751543998718262
in main 1.21171236038208
0.24987316131591797
in main 1.4053936004638672
0.24755620956420898
in main 1.2839393615722656
0.2512354850769043
in main 1.3668954372406006
0.2500898838043213
migration  0.003442049026489258
in main 1.339050054550171
0.2423262596130371
in main 1.4053947925567627
0.24644994735717773
in main 1.4466607570648193
0.24814653396606445
in main 1.4883248805999756
0.24706649780273438
in main 1.4854779243469238
0.2469773292541504
migration  0.0078122615814208984
in main 1.3659212589263916
0.24280881881713867
in main 1.416964054107666
0.2498941421508789
in main 1.5506539344787598
0.2515699863433838
in main 1.465552806854248
0.2473609447479248
in main 1.482489824295044
0.24792885780334473
migration  0.011725664138793945
in main 1.4133312702178955
0.24372196197509766
in main 1.3724820613861084
0.24941205978393555
in main 1.4953572750091553
0.24645042419433594
in main 1.6172161102294922
0.24550700187683105
in main 1.4455265998840332
0.2496328353881836
migration  0.01050114631652832
in main 1.7384827136993408
0.24731898307800293
in main 1.256066083908081
0.2515983581542969
in main 1.6002929210662842
0.24879169464111328
in main 1.468130111694336
0.24946141242980957
in main 1.3744144439697266
0.24651408195495605
migration  0.01178121566772461
in main 1.3494222164154053
0.24067425727844238
in main 1.6088745594024658
0.246567964553833
in main 1.6485841274261475
0.24590444564819336
in main 1.6488330364227295
0.24444079399108887
in main 1.5320816040039062
0.24518632888793945
migration  0.01054525375366211
in main 1.7270512580871582
0.24255967140197754
in main 1.635045051574707
0.24684786796569824
in main 1.6152050495147705
0.24834609031677246
in main 1.5484440326690674
0.24979257583618164
in main 1.580568552017212
0.24745917320251465
migration  0.01552724838256836
in main 1.5680079460144043
0.24537968635559082
in main 1.6015136241912842
0.24781060218811035
in main 1.675675392150879
0.24779582023620605
in main 1.472301721572876
0.25175905227661133
in main 1.7690603733062744
0.25359606742858887
migration  0.017504215240478516
in main 1.8526055812835693
0.2858109474182129
in main 1.9866704940795898
0.28347110748291016
in main 2.059720039367676
0.27285075187683105
in main 2.1633479595184326
0.31119370460510254
in main 1.8032443523406982
0.3534204959869385
migration  0.014338970184326172
in main 2.199629783630371
0.3033022880554199
in main 1.9920730590820312
0.30056166648864746
in main 2.1746459007263184
0.253082275390625
in main 1.7737772464752197
0.24979138374328613
in main 1.6028118133544922
0.2521708011627197
migration  0.006726741790771484
in main 1.6241662502288818
0.24564313888549805
in main 1.744431972503662
0.25516462326049805
in main 1.6852223873138428
0.3503868579864502
in main 2.082791566848755
0.2843632698059082
in main 1.8351268768310547
0.2546112537384033
migration  0.01085352897644043
in main 1.8458240032196045
0.27037835121154785
in main 1.9027059078216553
0.25478601455688477
in main 1.9015593528747559
0.2523989677429199
in main 1.6115546226501465
0.25296950340270996
in main 1.718029499053955
0.25329065322875977
migration  0.00997471809387207
in main 1.6852707862854004
0.24664711952209473
in main 1.6871399879455566
0.30258727073669434
in main 2.210312604904175
0.25539398193359375
in main 1.756115198135376
0.31201767921447754
in main 1.918778419494629
0.2953958511352539
migration  0.014043331146240234
in main 2.006875991821289
0.3543682098388672
in main 2.0606422424316406
0.25684428215026855
in main 1.8974416255950928
0.24962806701660156
in main 1.6376008987426758
0.2518131732940674
in main 1.772083044052124
0.2567784786224365
migration  0.023120880126953125
in main 1.877641201019287
0.39078593254089355
in main 2.21152663230896
0.24982023239135742
in main 2.0116729736328125
0.3299126625061035
in main 2.11712908744812
0.2993192672729492
in main 2.0035324096679688
0.6242175102233887
migration  0.013771295547485352
in main 2.2673521041870117
0.3116579055786133
in main 1.8817453384399414
0.3185408115386963
in main 1.810779094696045
0.30737733840942383
in main 1.7771294116973877
0.311018705368042
in main 1.7670581340789795
0.3122546672821045
migration  0.00976419448852539
in main 2.0357635021209717
0.24954009056091309
in main 1.8503820896148682
0.36058855056762695
in main 2.095668315887451
0.30371761322021484
in main 1.8448560237884521
0.2924349308013916
in main 2.2062759399414062
0.2628459930419922
migration  0.010434150695800781
in main 2.0810234546661377
0.24307823181152344
in main 2.067513942718506
0.25452423095703125
in main 1.8242170810699463
0.24903249740600586
in main 1.7993295192718506
0.2489466667175293
in main 1.8973958492279053
0.3196418285369873
migration  0.011932849884033203
in main 2.183492422103882
0.24629783630371094
in main 2.046553611755371
0.3119194507598877
in main 2.242234706878662
0.30221128463745117
in main 2.3387930393218994
0.24977803230285645
in main 1.9000849723815918
0.25237607955932617
migration  0.015662193298339844
in main 1.8260552883148193
0.35678863525390625
in main 2.017289161682129
0.27029943466186523
in main 2.2107157707214355
0.3082418441772461
in main 2.0917632579803467
0.251845121383667
in main 1.8101165294647217
0.2515881061553955
migration  0.014917135238647461
in main 1.6143951416015625
0.2469930648803711
in main 1.820012092590332
0.253925085067749
in main 1.8350739479064941
0.24503374099731445
in main 1.8077142238616943
0.2517106533050537
in main 1.6255791187286377
0.25408101081848145
migration  0.006097555160522461
in main 1.8397274017333984
0.24893617630004883
in main 1.7203514575958252
0.2471001148223877
in main 1.9130315780639648
0.24886703491210938
in main 1.7676265239715576
0.2516946792602539
in main 1.7410783767700195
0.2534487247467041
migration  0.016432523727416992
in main 1.9356250762939453
0.26338672637939453
in main 2.2364346981048584
0.2574582099914551
in main 1.7149088382720947
0.2555410861968994
in main 1.6640572547912598
0.24820256233215332
in main 1.9278841018676758
0.24647855758666992
migration  0.009549856185913086
in main 1.806467056274414
0.24373197555541992
in main 2.156193256378174
0.24895668029785156
in main 1.5699386596679688
0.2622854709625244
in main 1.921295166015625
0.29637575149536133
in main 2.069937229156494
0.37279534339904785
migration  0.013266563415527344
in main 2.044935464859009
0.24569106101989746
in main 1.599529504776001
0.2529449462890625
in main 1.7861320972442627
0.25164222717285156
in main 1.607020616531372
0.2496640682220459
in main 1.9139087200164795
0.2555553913116455
migration  0.006808280944824219
in main 1.9011509418487549
0.2462904453277588
in main 1.965850830078125
0.25269222259521484
in main 1.674084186553955
0.2740004062652588
in main 1.8756022453308105
0.26162052154541016
in main 2.092973470687866
0.31084132194519043
migration  0.010128974914550781
in main 2.2723309993743896
0.2534956932067871
in main 2.0912201404571533
0.28231191635131836
in main 1.7512609958648682
0.25005388259887695
in main 2.054224967956543
0.25266265869140625
in main 1.6868252754211426
0.24796628952026367
migration  0.016509056091308594
in main 1.7587015628814697
0.24530434608459473
in main 1.7443592548370361
0.2517988681793213
in main 1.8441998958587646
0.2539336681365967
in main 1.7317535877227783
0.2534909248352051
in main 1.6662812232971191
0.05785346031188965
0.2260150909423828
migration  0.00047278404235839844
in main 1.0708601474761963
0.2476487159729004
in main 1.2156531810760498
0.25836873054504395
in main 1.5262365341186523
0.3543274402618408
in main 1.187889575958252
0.25574803352355957
in main 1.3872289657592773
0.2845745086669922
migration  0.004418849945068359
in main 1.113204002380371
0.26244497299194336
in main 1.1899433135986328
0.31528234481811523
in main 1.4159247875213623
0.2949807643890381
in main 1.3105082511901855
0.2813262939453125
in main 1.8456954956054688
0.39340925216674805
migration  0.007428884506225586
in main 1.451977014541626
0.24990558624267578
in main 1.2754662036895752
0.25637078285217285
in main 1.2147414684295654
0.34208226203918457
in main 1.7188236713409424
0.31104588508605957
in main 1.9892966747283936
0.25043773651123047
migration  0.013011455535888672
in main 1.6015515327453613
0.2737405300140381
in main 1.508188009262085
0.25162816047668457
in main 1.5400736331939697
0.2708916664123535
in main 1.6959116458892822
0.2604539394378662
in main 1.4047050476074219
0.2522397041320801
migration  0.009818077087402344
in main 1.4050815105438232
0.3947255611419678
in main 1.893277645111084
0.24870848655700684
in main 1.4745264053344727
0.31130409240722656
in main 1.7695212364196777
0.3025932312011719
in main 1.6163904666900635
0.27196407318115234
migration  0.017019033432006836
in main 1.7960004806518555
0.27534961700439453
in main 1.4524006843566895
0.2825462818145752
in main 1.4671540260314941
0.513493537902832
in main 1.9693059921264648
0.25377893447875977
in main 1.6472535133361816
0.3428523540496826
migration  0.009076833724975586
in main 1.6273338794708252
0.3270988464355469
in main 1.935473918914795
0.311237096786499
in main 1.8361220359802246
0.3024618625640869
in main 1.8105814456939697
0.25109195709228516
in main 1.8099899291992188
0.24699950218200684
migration  0.009962797164916992
in main 1.5884559154510498
0.24358534812927246
in main 1.7276835441589355
0.24929070472717285
in main 1.618722915649414
0.27263355255126953
in main 1.7250871658325195
0.251178503036499
in main 1.5036475658416748
0.2502267360687256
migration  0.010004043579101562
in main 1.6775133609771729
0.24368953704833984
in main 1.8743383884429932
0.275942325592041
in main 1.7447593212127686
0.24742746353149414
in main 1.601576328277588
0.2483832836151123
in main 1.5878372192382812
0.24472546577453613
migration  0.018604755401611328
in main 1.5602664947509766
0.3043406009674072
in main 1.9498183727264404
0.31079649925231934
in main 1.6120493412017822
0.3527107238769531
in main 1.8523399829864502
0.2907602787017822
in main 1.873744249343872
0.373884916305542
migration  0.03688812255859375
in main 1.9935147762298584
0.24639105796813965
in main 1.7226526737213135
0.299696683883667
in main 1.7838971614837646
0.3104586601257324
in main 2.1471471786499023
0.30462026596069336
in main 1.9287827014923096
0.2514379024505615
migration  0.011997222900390625
in main 1.651597261428833
0.37859201431274414
in main 1.770859956741333
0.25536394119262695
in main 1.9314632415771484
0.25316643714904785
in main 1.6675939559936523
0.25388646125793457
in main 1.7556366920471191
0.2542116641998291
migration  0.012103557586669922
in main 1.8656847476959229
0.27840209007263184
in main 1.8196914196014404
0.2532031536102295
in main 1.866753339767456
0.25772953033447266
in main 1.8833200931549072
0.25585079193115234
in main 1.6580657958984375
0.2531416416168213
migration  0.015300512313842773
in main 1.7479619979858398
0.24731850624084473
in main 1.706763505935669
0.25734782218933105
in main 1.663621425628662
0.2539184093475342
in main 1.689758062362671
0.25304627418518066
in main 1.781219244003296
0.25478696823120117
migration  0.014651298522949219
in main 1.7165210247039795
0.24837446212768555
in main 2.1473610401153564
0.446913480758667
in main 1.9743494987487793
0.25300168991088867
in main 2.218538522720337
0.25336456298828125
in main 1.771430492401123
0.2979907989501953
migration  0.010808467864990234
in main 1.9934508800506592
0.24845504760742188
in main 1.7860732078552246
0.2751331329345703
in main 1.7454650402069092
0.27304959297180176
in main 1.8493669033050537
0.25346946716308594
in main 1.8491990566253662
0.31709790229797363
migration  0.011243820190429688
in main 1.794938087463379
0.2705831527709961
in main 1.705289363861084
0.24837017059326172
in main 1.8164877891540527
0.25087451934814453
in main 1.8567192554473877
0.29213833808898926
in main 1.8923001289367676
0.34673571586608887
migration  0.008741617202758789
in main 2.025078535079956
0.31874561309814453
in main 2.3765225410461426
0.27635741233825684
in main 2.107008457183838
0.2536449432373047
in main 1.8040263652801514
0.3246493339538574
in main 1.9373676776885986
0.24931645393371582
migration  0.01080465316772461
in main 2.1269290447235107
0.24382567405700684
in main 1.66013765335083
0.3119173049926758
in main 1.939471960067749
0.25045013427734375
in main 1.6507418155670166
0.271120548248291
in main 1.7813467979431152
0.24948525428771973
migration  0.01562809944152832
in main 1.7918205261230469
0.24784278869628906
in main 1.8756675720214844
0.24972820281982422
in main 1.9525196552276611
0.2495558261871338
in main 1.5980744361877441
0.25319766998291016
in main 1.7276842594146729
0.253803014755249
migration  0.008325338363647461
in main 1.8647124767303467
0.24706625938415527
in main 1.7208340167999268
0.252180814743042
in main 1.7707362174987793
0.2534334659576416
in main 1.866178035736084
0.25226497650146484
in main 1.8487529754638672
0.2494044303894043
migration  0.029291152954101562
in main 1.7829020023345947
0.24379825592041016
in main 1.8454554080963135
0.25234174728393555
in main 1.5938868522644043
0.25507068634033203
in main 1.681365966796875
0.2507786750793457
in main 1.6075263023376465
0.25167083740234375
migration  0.016893863677978516
in main 1.9045755863189697
0.24568438529968262
in main 1.7204921245574951
0.25127458572387695
in main 1.772291898727417
0.250321626663208
in main 1.6928832530975342
0.24915313720703125
in main 1.8054649829864502
0.24801921844482422
migration  0.0064966678619384766
in main 1.7272803783416748
0.24791288375854492
in main 1.6351079940795898
0.24866223335266113
in main 1.7314918041229248
0.25456666946411133
in main 1.6375164985656738
0.2510232925415039
in main 1.8434710502624512
0.3097996711730957
migration  0.01125955581665039
in main 2.0126826763153076
0.24826884269714355
in main 2.1418867111206055
0.248579740524292
in main 1.5395259857177734
0.3083467483520508
in main 2.213521957397461
0.30786871910095215
in main 1.888589859008789
0.32503294944763184
migration  0.017075538635253906
in main 1.830155849456787
0.31847429275512695
in main 1.8767962455749512
0.3126952648162842
in main 1.9579558372497559
0.30231285095214844
in main 1.8334271907806396
0.2512238025665283
in main 1.9032530784606934
0.2505927085876465
migration  0.017079830169677734
in main 1.6085007190704346
0.24742460250854492
in main 1.79927396774292
0.2524256706237793
in main 1.7879507541656494
0.2504422664642334
in main 1.7166378498077393
0.24584341049194336
in main 1.5856754779815674
0.336989164352417
migration  0.025513887405395508
in main 1.7935395240783691
0.3155512809753418
in main 2.035459280014038
0.25168395042419434
in main 1.8212010860443115
0.2516756057739258
in main 1.518726110458374
0.2484118938446045
in main 1.6544806957244873
0.2519712448120117
migration  0.015868186950683594
in main 1.6289465427398682
0.3923819065093994
in main 2.170222759246826
0.28206896781921387
in main 1.8810439109802246
0.25184082984924316
in main 1.6408038139343262
0.31288814544677734
in main 1.8824405670166016
0.31145572662353516
migration  0.008744955062866211
in main 2.12626314163208
0.2440493106842041
in main 1.737267017364502
0.25354599952697754
in main 1.784447431564331
0.2573392391204834
in main 1.687643051147461
0.25716185569763184
in main 1.7031641006469727
0.057704925537109375
0.22502708435058594
migration  0.00046133995056152344
in main 1.0748934745788574
0.24695062637329102
in main 1.0574913024902344
0.25037050247192383
in main 1.4366309642791748
0.25435900688171387
in main 1.2632174491882324
0.2533299922943115
in main 1.1438312530517578
0.2531437873840332
migration  0.0036096572875976562
in main 1.115959644317627
0.25178074836730957
in main 1.1690385341644287
0.25249171257019043
in main 1.2369625568389893
0.2491464614868164
in main 1.2724595069885254
0.25491786003112793
in main 1.1817569732666016
0.25222134590148926
migration  0.010515689849853516
in main 1.3369519710540771
0.2500338554382324
in main 1.2727630138397217
0.2532820701599121
in main 1.2952919006347656
0.25707125663757324
in main 1.3485956192016602
0.25272464752197266
in main 1.3675990104675293
0.2527885437011719
migration  0.008990287780761719
in main 1.2325468063354492
0.4521677494049072
in main 1.705693244934082
0.2627875804901123
in main 1.7138755321502686
0.26064348220825195
in main 1.5696897506713867
0.3038492202758789
in main 1.442533016204834
0.2484300136566162
migration  0.0068361759185791016
in main 1.6274890899658203
0.24123668670654297
in main 1.5710053443908691
0.25078606605529785
in main 1.563204050064087
0.24875235557556152
in main 1.5404343605041504
0.2511465549468994
in main 1.4523472785949707
0.3204948902130127
migration  0.01257014274597168
in main 1.8287906646728516
0.24519968032836914
in main 1.6221859455108643
0.25117015838623047
in main 1.391014814376831
0.2470717430114746
in main 1.7520835399627686
0.25156617164611816
in main 1.5454425811767578
0.24986767768859863
migration  0.008582115173339844
in main 1.4690601825714111
0.24642682075500488
in main 2.4656996726989746
0.2482590675354004
in main 1.7853538990020752
0.28909873962402344
in main 1.778987169265747
0.29992079734802246
in main 1.8587188720703125
0.24764585494995117
migration  0.015088558197021484
in main 1.7921128273010254
0.2505490779876709
in main 1.628957748413086
0.2475874423980713
in main 1.8230571746826172
0.24596476554870605
in main 1.9668874740600586
0.26105475425720215
in main 1.5773353576660156
0.24727511405944824
migration  0.005562543869018555
in main 1.4179847240447998
0.3011438846588135
in main 2.072909355163574
0.30844950675964355
in main 1.7536590099334717
0.3076632022857666
in main 1.6784734725952148
0.3115994930267334
in main 1.7441351413726807
0.3074769973754883
migration  0.00815892219543457
in main 1.9547524452209473
0.2904033660888672
in main 2.0037901401519775
0.24922537803649902
in main 1.9809355735778809
0.2507820129394531
in main 1.4651412963867188
0.24509406089782715
in main 1.6534991264343262
0.2473905086517334
migration  0.017778873443603516
in main 1.695655345916748
0.24511432647705078
in main 1.7765281200408936
0.25325775146484375
in main 1.6508855819702148
0.25316810607910156
in main 1.6139333248138428
0.2538633346557617
in main 1.6750340461730957
0.256335973739624
migration  0.014525651931762695
in main 1.672525405883789
0.30490922927856445
in main 1.9718973636627197
0.2525157928466797
in main 1.782848596572876
0.2504761219024658
in main 1.6886744499206543
0.2538259029388428
in main 1.5160980224609375
0.25397610664367676
migration  0.009360790252685547
in main 1.5118069648742676
0.249192476272583
in main 1.7750563621520996
0.27573585510253906
in main 1.7240447998046875
0.3211395740509033
in main 2.069277286529541
0.34589052200317383
in main 1.9732236862182617
0.2516820430755615
migration  0.008298635482788086
in main 1.7449734210968018
0.32817959785461426
in main 1.9934046268463135
0.2540628910064697
in main 1.9311280250549316
0.29619288444519043
in main 2.0413732528686523
0.254894495010376
in main 1.824375867843628
0.3205540180206299
migration  0.012557029724121094
in main 2.0204837322235107
0.27707552909851074
in main 2.1690797805786133
0.2568545341491699
in main 1.6450252532958984
0.2517061233520508
in main 1.5811052322387695
0.25286006927490234
in main 1.5579988956451416
0.24939346313476562
migration  0.021329402923583984
in main 1.722999095916748
0.24911189079284668
in main 1.8691482543945312
0.25165510177612305
in main 1.7011494636535645
0.27816319465637207
in main 1.8116679191589355
0.2730987071990967
in main 1.8807203769683838
0.25329160690307617
migration  0.007597446441650391
in main 1.6655662059783936
0.24845242500305176
in main 1.7215919494628906
0.28415417671203613
in main 1.791912317276001
0.2510039806365967
in main 1.852107286453247
0.2585105895996094
in main 1.7115025520324707
0.25227952003479004
migration  0.026549577713012695
in main 1.9018852710723877
0.3085205554962158
in main 1.7715156078338623
0.2625911235809326
in main 2.111389398574829
0.2808985710144043
in main 1.9129884243011475
0.3217039108276367
in main 2.230679988861084
0.251967191696167
migration  0.01040339469909668
in main 2.068382978439331
0.30582475662231445
in main 2.1499078273773193
0.3110616207122803
in main 1.9213061332702637
0.30878305435180664
in main 1.9041376113891602
0.30585575103759766
in main 1.917926549911499
0.3145744800567627
migration  0.011016368865966797
in main 1.8760406970977783
0.3037068843841553
in main 2.0103516578674316
0.31731605529785156
in main 2.0934321880340576
0.3124372959136963
in main 1.8847410678863525
0.31403660774230957
in main 1.8268868923187256
0.31595921516418457
migration  0.007259845733642578
in main 1.851592779159546
0.3049182891845703
in main 1.965773344039917
0.31231045722961426
in main 1.8547379970550537
0.31464242935180664
in main 1.884429693222046
0.31493711471557617
in main 2.072374105453491
0.3100860118865967
migration  0.011259078979492188
in main 1.8707935810089111
0.24802732467651367
in main 1.8578946590423584
0.2546360492706299
in main 1.8751633167266846
0.24818158149719238
in main 1.9378392696380615
0.2509887218475342
in main 1.9975719451904297
0.2822384834289551
migration  0.011922359466552734
in main 1.8707973957061768
0.272813081741333
in main 1.9696483612060547
0.2500591278076172
in main 2.305243968963623
0.25206851959228516
in main 1.7776172161102295
0.25780153274536133
in main 1.916322946548462
0.31140708923339844
migration  0.007987022399902344
in main 1.9661285877227783
0.3367500305175781
in main 2.0603015422821045
0.2522151470184326
in main 1.7840807437896729
0.2561781406402588
in main 1.7002005577087402
0.2522735595703125
in main 1.6225841045379639
0.25996828079223633
migration  0.03565192222595215
in main 1.9857501983642578
0.2967853546142578
in main 2.178586959838867
0.25218629837036133
in main 1.8643608093261719
0.33710694313049316
in main 1.8712599277496338
0.25187134742736816
in main 2.0866713523864746
0.25656652450561523
migration  0.022255897521972656
in main 1.7424192428588867
0.2511787414550781
in main 1.6261889934539795
0.2513418197631836
in main 1.772716999053955
0.2506859302520752
in main 1.8753726482391357
0.2521476745605469
in main 2.14304780960083
0.3425261974334717
migration  0.012064218521118164
in main 1.8562343120574951
0.34983062744140625
in main 2.3066234588623047
0.31070923805236816
in main 2.014089345932007
0.30922961235046387
in main 1.9281787872314453
0.2547793388366699
in main 2.068410634994507
0.25451207160949707
migration  0.01466989517211914
in main 1.632887601852417
0.2794618606567383
in main 1.9444265365600586
0.32187795639038086
in main 2.034029960632324
0.3103020191192627
in main 2.309091567993164
0.25191235542297363
in main 1.7532920837402344
0.2572307586669922
migration  0.019860267639160156
in main 1.6577427387237549
0.30040431022644043
in main 1.678788423538208
0.25502943992614746
in main 1.7778058052062988
0.24831485748291016
in main 1.7588214874267578
0.2497701644897461
in main 1.6519713401794434
0.2509312629699707
migration  0.013043403625488281
in main 1.7492647171020508
0.25103116035461426
in main 1.7787671089172363
0.2498488426208496
in main 1.528895378112793
0.2504143714904785
in main 1.6056039333343506
0.25246191024780273
in main 1.7175343036651611
0.058844804763793945
0.22338223457336426
migration  0.00047397613525390625
in main 1.1934988498687744
0.292527437210083
in main 1.612283706665039
0.36522746086120605
in main 1.6207737922668457
0.3159489631652832
in main 1.5219154357910156
0.25588011741638184
in main 1.0435285568237305
0.25736403465270996
migration  0.004919528961181641
in main 1.0836126804351807
0.2525975704193115
in main 1.2056879997253418
0.25408244132995605
in main 1.3445665836334229
0.25975513458251953
in main 1.3002166748046875
0.2550957202911377
in main 1.323188066482544
0.2537190914154053
migration  0.0049402713775634766
in main 1.3865230083465576
0.25037264823913574
in main 1.338796615600586
0.2554771900177002
in main 1.4224591255187988
0.25362515449523926
in main 1.4797320365905762
0.3093118667602539
in main 1.334671974182129
0.3114593029022217
migration  0.009375810623168945
in main 1.415572166442871
0.25255560874938965
in main 1.2912421226501465
0.25164127349853516
in main 1.2741143703460693
0.2533133029937744
in main 1.5665409564971924
0.2500581741333008
in main 1.360191822052002
0.25322580337524414
migration  0.019045591354370117
in main 1.415858507156372
0.24627923965454102
in main 1.4439008235931396
0.2567272186279297
in main 1.3814878463745117
0.25609421730041504
in main 1.461331844329834
0.25583934783935547
in main 1.4897630214691162
0.25272274017333984
migration  0.010047435760498047
in main 1.4722561836242676
0.24548053741455078
in main 1.3482096195220947
0.2557528018951416
in main 1.5956048965454102
0.299511194229126
in main 1.8825314044952393
0.42379331588745117
in main 1.9310669898986816
0.2540297508239746
migration  0.005333662033081055
in main 1.8495211601257324
0.24039936065673828
in main 1.5543060302734375
0.25187039375305176
in main 1.6028921604156494
0.30708980560302734
in main 1.8004248142242432
0.2607746124267578
in main 1.892491102218628
0.2695624828338623
migration  0.008733272552490234
in main 1.9944398403167725
0.2550547122955322
in main 1.5644919872283936
0.3105044364929199
in main 1.8211112022399902
0.31304478645324707
in main 1.620103120803833
0.3703188896179199
in main 2.3205432891845703
0.33684825897216797
migration  0.00995635986328125
in main 2.1519381999969482
0.2928943634033203
in main 2.017761468887329
0.30739927291870117
in main 1.9755897521972656
0.4090762138366699
in main 2.085151195526123
0.2495594024658203
in main 1.5642781257629395
0.3007988929748535
migration  0.006394863128662109
in main 1.6064207553863525
0.32526469230651855
in main 2.289560317993164
0.3458840847015381
in main 1.9592809677124023
0.2872481346130371
in main 2.2101714611053467
0.29189014434814453
in main 2.0342202186584473
0.329434871673584
migration  0.01054525375366211
in main 1.8608276844024658
0.24891448020935059
in main 1.9031367301940918
0.321857213973999
in main 1.8366222381591797
0.3033926486968994
in main 1.9031341075897217
0.30637335777282715
in main 1.8791389465332031
0.2546348571777344
migration  0.013909578323364258
in main 1.5405404567718506
0.27010583877563477
in main 1.8264155387878418
0.2553083896636963
in main 1.6917626857757568
0.2528376579284668
in main 1.7716548442840576
0.25133800506591797
in main 1.667116641998291
0.25623154640197754
migration  0.01644158363342285
in main 1.9303603172302246
0.30349159240722656
in main 2.2356390953063965
0.323378324508667
in main 1.974804162979126
0.27208495140075684
in main 1.9671597480773926
0.26230359077453613
in main 2.030759572982788
0.2556939125061035
migration  0.015004396438598633
in main 1.8777976036071777
0.23877453804016113
in main 1.618011236190796
0.33265042304992676
in main 1.8515379428863525
0.25130748748779297
in main 1.9597764015197754
0.3138847351074219
in main 2.076943874359131
0.40711545944213867
migration  0.01691746711730957
in main 2.1473681926727295
0.28535032272338867
in main 1.7832214832305908
0.35744476318359375
in main 2.216259002685547
0.35207366943359375
in main 2.1212596893310547
0.2513301372528076
in main 2.1558754444122314
0.2602851390838623
migration  0.011731624603271484
in main 1.9729323387145996
0.29943156242370605
in main 1.851776123046875
0.313004732131958
in main 2.1990103721618652
0.31469178199768066
in main 1.7900667190551758
0.3132479190826416
in main 1.9143407344818115
0.3057518005371094
migration  0.016006946563720703
in main 1.6794869899749756
0.23540544509887695
in main 2.6375768184661865
0.34113168716430664
in main 2.144420623779297
0.36905550956726074
in main 2.1813645362854004
0.3281886577606201
in main 1.944483995437622
0.31081604957580566
migration  0.009868383407592773
in main 1.9749324321746826
0.2457103729248047
in main 1.7937023639678955
0.36008644104003906
in main 1.774099588394165
0.252316951751709
in main 1.7452921867370605
0.2504596710205078
in main 1.6894147396087646
0.25292444229125977
migration  0.011766433715820312
in main 1.7420918941497803
0.3581387996673584
in main 2.5552561283111572
0.26330041885375977
in main 2.023608446121216
0.2514779567718506
in main 1.9956300258636475
0.25086283683776855
in main 1.986171007156372
0.30657100677490234
migration  0.013152360916137695
in main 1.9021742343902588
0.25188732147216797
in main 1.6523196697235107
0.25529026985168457
in main 1.6716578006744385
0.2510261535644531
in main 1.5413177013397217
0.250446081161499
in main 1.4324753284454346
0.25492358207702637
migration  0.012487649917602539
in main 1.6199467182159424
0.2519710063934326
in main 2.230365037918091
0.2937753200531006
in main 1.9639806747436523
0.24962186813354492
in main 1.9247393608093262
0.2525644302368164
in main 1.4417169094085693
0.2519960403442383
migration  0.009004354476928711
in main 1.7220520973205566
0.24928832054138184
in main 1.8507978916168213
0.2915000915527344
in main 1.8603875637054443
0.25263428688049316
in main 1.7577803134918213
0.28312230110168457
in main 2.0708301067352295
0.3163187503814697
migration  0.013516902923583984
in main 1.9463887214660645
0.30663561820983887
in main 1.9730734825134277
0.3319664001464844
in main 1.787273645401001
0.31477856636047363
in main 1.7168867588043213
0.3832521438598633
in main 2.106881618499756
0.3230400085449219
migration  0.011615276336669922
in main 1.9843626022338867
0.25421595573425293
in main 2.0736122131347656
0.25288867950439453
in main 1.5870800018310547
0.2550528049468994
in main 1.718834638595581
0.2809937000274658
in main 1.6992778778076172
0.25153088569641113
migration  0.018626689910888672
in main 1.8466484546661377
0.2507352828979492
in main 1.717172384262085
0.25133728981018066
in main 1.9476759433746338
0.34426259994506836
in main 2.1643409729003906
0.26314377784729004
in main 1.920841932296753
0.25153350830078125
migration  0.01408243179321289
in main 1.8016507625579834
0.30406975746154785
in main 1.8193809986114502
0.31203508377075195
in main 2.040766716003418
0.31240105628967285
in main 1.8707332611083984
0.313732385635376
in main 1.7179605960845947
0.25530147552490234
migration  0.010115623474121094
in main 1.7994012832641602
0.2459888458251953
in main 1.8517706394195557
0.28412461280822754
in main 1.9337682723999023
0.3038661479949951
in main 2.067211866378784
0.32541418075561523
in main 1.7896184921264648
0.2512035369873047
migration  0.010308504104614258
in main 1.7462739944458008
0.24911260604858398
in main 1.585479736328125
0.25354671478271484
in main 1.7524752616882324
0.2564418315887451
in main 1.648895502090454
0.2603330612182617
in main 1.80330228805542
0.25259900093078613
migration  0.017709016799926758
in main 2.062899112701416
0.24570703506469727
in main 1.7888226509094238
0.3121492862701416
in main 1.7669553756713867
0.3168301582336426
in main 1.8646349906921387
0.3157796859741211
in main 1.8512678146362305
0.3090343475341797
migration  0.003854036331176758
in main 1.95755934715271
0.29712700843811035
in main 1.8676486015319824
0.3121984004974365
in main 1.645015001296997
0.30089569091796875
in main 1.8530030250549316
0.2975478172302246
in main 1.759948492050171
0.0579373836517334
0.2258927822113037
migration  0.0005249977111816406
in main 0.9349045753479004
0.2508659362792969
in main 1.0915381908416748
0.25391101837158203
in main 1.266754388809204
0.28206562995910645
in main 1.1437125205993652
0.27370166778564453
in main 1.4039018154144287
0.2512552738189697
migration  0.005234718322753906
in main 1.4505395889282227
0.24856972694396973
in main 1.267199993133545
0.24387812614440918
in main 1.1268551349639893
0.37033557891845703
in main 1.481076955795288
0.25989675521850586
in main 1.5302081108093262
0.24659013748168945
migration  0.005696535110473633
in main 1.3566005229949951
0.24907732009887695
in main 1.367690086364746
0.24846315383911133
in main 1.350588083267212
0.2471001148223877
in main 1.370265007019043
0.24921560287475586
in main 1.3497416973114014
0.24701166152954102
migration  0.008336544036865234
in main 1.3687443733215332
0.29159045219421387
in main 1.5942842960357666
0.25026535987854004
in main 1.2841439247131348
0.2482466697692871
in main 1.4070780277252197
0.24962425231933594
in main 1.2755274772644043
0.2818465232849121
migration  0.007780551910400391
in main 1.3966665267944336
0.29871702194213867
in main 1.7511725425720215
0.3662118911743164
in main 1.6611535549163818
0.30745863914489746
in main 1.4922645092010498
0.31036806106567383
in main 1.5523412227630615
0.3103296756744385
migration  0.012549638748168945
in main 1.660904884338379
0.26404380798339844
in main 1.6397454738616943
0.28240156173706055
in main 1.8046801090240479
0.3133089542388916
in main 1.7738020420074463
0.27069997787475586
in main 1.7921254634857178
0.2533414363861084
migration  0.013131856918334961
in main 1.6115107536315918
0.30207085609436035
in main 1.6045348644256592
0.2514359951019287
in main 1.8620843887329102
0.24846673011779785
in main 1.580674171447754
0.25026559829711914
in main 1.6335229873657227
0.25013232231140137
migration  0.012833833694458008
in main 1.7418076992034912
0.24942564964294434
in main 1.7537128925323486
0.2524299621582031
in main 1.684554100036621
0.251420259475708
in main 1.6327855587005615
0.24800419807434082
in main 1.687638282775879
0.2603483200073242
migration  0.013113975524902344
in main 2.183720111846924
0.24691009521484375
in main 2.0265657901763916
0.274158239364624
in main 1.834315299987793
0.34926652908325195
in main 1.7611815929412842
0.2897002696990967
in main 1.700948715209961
0.24606633186340332
migration  0.008385181427001953
in main 1.7565557956695557
0.24921679496765137
in main 1.5790455341339111
0.250687837600708
in main 1.8981802463531494
0.2452716827392578
in main 1.6571321487426758
0.24578046798706055
in main 1.830845594406128
0.24836111068725586
migration  0.01150202751159668
in main 1.743936538696289
0.23833656311035156
in main 1.5240709781646729
0.36385416984558105
in main 1.8267652988433838
0.24460291862487793
in main 2.015132427215576
0.24851226806640625
in main 1.6086344718933105
0.25038695335388184
migration  0.008597135543823242
in main 2.047395706176758
0.24506139755249023
in main 1.6765711307525635
0.2488572597503662
in main 1.7324597835540771
0.24737763404846191
in main 1.7728302478790283
0.2701261043548584
in main 1.7684581279754639
0.2518913745880127
migration  0.02446579933166504
in main 2.3633174896240234
0.28498315811157227
in main 1.9781599044799805
0.25525403022766113
in main 1.6286168098449707
0.25940895080566406
in main 1.9269068241119385
0.2605628967285156
in main 2.0277156829833984
0.3258836269378662
migration  0.01691579818725586
in main 1.850114107131958
0.3980443477630615
in main 2.577763795852661
0.2839655876159668
in main 1.876875400543213
0.2848031520843506
in main 2.047325611114502
0.26094746589660645
in main 1.824263334274292
0.2726771831512451
migration  0.009981632232666016
in main 1.7917850017547607
0.24666857719421387
in main 1.757617712020874
0.25775837898254395
in main 1.8579773902893066
0.31519007682800293
in main 1.970740556716919
0.28890395164489746
in main 2.1338226795196533
0.2508227825164795
migration  0.007618904113769531
in main 1.8754379749298096
0.330411434173584
in main 2.0852818489074707
0.3561882972717285
in main 2.5097038745880127
0.25624704360961914
in main 1.9486520290374756
0.25005459785461426
in main 1.7688734531402588
0.25427699089050293
migration  0.010539770126342773
in main 1.8799846172332764
0.24776387214660645
in main 1.775886058807373
0.2547156810760498
in main 1.77034330368042
0.2544667720794678
in main 1.942173719406128
0.2519540786743164
in main 1.7846722602844238
0.2839512825012207
migration  0.025000333786010742
in main 1.8157544136047363
0.2587873935699463
in main 1.7895030975341797
0.26181507110595703
in main 1.859020709991455
0.4138150215148926
in main 2.0404298305511475
0.3185131549835205
in main 1.9504849910736084
0.31078338623046875
migration  0.019195556640625
in main 2.2697412967681885
0.26976776123046875
in main 2.155155897140503
0.25092577934265137
in main 2.1020045280456543
0.2908594608306885
in main 1.9355018138885498
0.255326509475708
in main 1.9773271083831787
0.25867557525634766
migration  0.0058820247650146484
in main 1.8017652034759521
0.31296563148498535
in main 2.0210585594177246
0.3271479606628418
in main 2.339491128921509
0.2929725646972656
in main 2.044658660888672
0.25348377227783203
in main 2.4284801483154297
0.2679877281188965
migration  0.020923376083374023
in main 2.1467959880828857
0.24613308906555176
in main 1.8931384086608887
0.2516062259674072
in main 1.7194669246673584
0.2814159393310547
in main 2.238191843032837
0.25846076011657715
in main 1.929013967514038
0.31247568130493164
migration  0.00811314582824707
in main 2.2028369903564453
0.2893984317779541
in main 2.2276251316070557
0.3047325611114502
in main 1.8313634395599365
0.2911663055419922
in main 1.9834883213043213
0.25258588790893555
in main 1.7511286735534668
0.3120732307434082
migration  0.009470701217651367
in main 2.0093464851379395
0.3086278438568115
in main 1.8747997283935547
0.3180410861968994
in main 2.008016347885132
0.31083226203918457
in main 1.899324655532837
0.301436185836792
in main 2.166480302810669
0.3010687828063965
migration  0.012214183807373047
in main 2.322028398513794
0.2418212890625
in main 2.1838972568511963
0.25737905502319336
in main 1.7939479351043701
0.2535374164581299
in main 1.7060954570770264
0.25153565406799316
in main 1.9855704307556152
0.25382423400878906
migration  0.011276483535766602
in main 1.6980152130126953
0.249769926071167
in main 1.6714303493499756
0.25130629539489746
in main 1.7663288116455078
0.250995397567749
in main 1.9156804084777832
0.31209611892700195
in main 2.2316954135894775
0.23876380920410156
migration  0.014205694198608398
in main 1.799128532409668
0.24642419815063477
in main 1.9037675857543945
0.25507545471191406
in main 2.020153760910034
0.26222991943359375
in main 1.8051214218139648
0.255403995513916
in main 1.8415107727050781
0.2490696907043457
migration  0.01892828941345215
in main 1.9038000106811523
0.25259876251220703
in main 1.9920330047607422
0.27543020248413086
in main 2.014174222946167
0.25963592529296875
in main 2.202620506286621
0.2505354881286621
in main 1.7714745998382568
0.24814987182617188
migration  0.010277271270751953
in main 2.0484578609466553
0.24646568298339844
in main 2.1984260082244873
0.25141453742980957
in main 1.8591277599334717
0.24824810028076172
in main 2.019493579864502
0.2557671070098877
in main 2.0818488597869873
0.2497270107269287
migration  0.03323554992675781
in main 1.7263317108154297
0.24730873107910156
in main 1.8348414897918701
0.2510378360748291
in main 1.7809412479400635
0.2534754276275635
in main 1.802058458328247
0.2501342296600342
in main 1.7812983989715576
0.23542475700378418
migration  0.013728857040405273
in main 1.6855559349060059
0.23625683784484863
in main 1.758422613143921
0.23571300506591797
in main 1.7896995544433594
0.22649884223937988
in main 1.693908929824829
0.23028898239135742
in main 1.627647876739502
0.2405567169189453
12 , 0.2748538011695907 , 0.6744186046511628
4 , 0.35672514619883045 , 0.2325581395348837
8 , 0.32748538011695905 , 0.37209302325581395
3 , 0.39181286549707606 , 0.6744186046511628
10 , 0.32163742690058483 , 0.2325581395348837
6 , 0.3450292397660819 , 0.2558139534883721
1 , 0.6081871345029239 , 0.8604651162790697
2 , 0.4093567251461988 , 0.6744186046511628
7 , 0.3391812865497076 , 0.5116279069767442
13 , 0.3099415204678363 , 0.34883720930232553
14 , 0.30409356725146197 , 0.34883720930232553
12 , 0.3157894736842105 , 0.7441860465116279
19 , 0.29239766081871343 , 0.2093023255813954
4 , 0.3801169590643275 , 0.6511627906976745
5 , 0.35672514619883045 , 0.2558139534883721
9 , 0.32748538011695905 , 0.7674418604651163
3 , 0.39766081871345027 , 0.6744186046511628
11 , 0.32163742690058483 , 0.2325581395348837
6 , 0.3508771929824561 , 0.6046511627906976
1 , 0.6140350877192983 , 0.8604651162790697
2 , 0.41520467836257313 , 0.6744186046511628
8 , 0.3391812865497076 , 0.2093023255813954
7 , 0.3450292397660819 , 0.2093023255813954
14 , 0.3099415204678363 , 0.4651162790697675
13 , 0.3157894736842105 , 0.2790697674418605
4 , 0.38596491228070173 , 0.7209302325581395
5 , 0.36257309941520466 , 0.2790697674418605
9 , 0.33333333333333337 , 0.6511627906976745
10 , 0.32748538011695905 , 0.4418604651162791
3 , 0.4035087719298246 , 0.7441860465116279
12 , 0.32163742690058483 , 0.2093023255813954
6 , 0.35672514619883045 , 0.7674418604651163
1 , 0.6198830409356726 , 0.8604651162790697
2 , 0.42105263157894735 , 0.6744186046511628
8 , 0.3450292397660819 , 0.7209302325581395
7 , 0.3508771929824561 , 0.627906976744186
15 , 0.3099415204678363 , 0.32558139534883723
14 , 0.3157894736842105 , 0.16279069767441856
4 , 0.39181286549707606 , 0.5348837209302326
5 , 0.368421052631579 , 0.627906976744186
9 , 0.3391812865497076 , 0.37209302325581395
10 , 0.33333333333333337 , 0.7674418604651163
11 , 0.32748538011695905 , 0.4651162790697675
3 , 0.4093567251461988 , 0.7906976744186046
13 , 0.32163742690058483 , 0.7209302325581395
6 , 0.36257309941520466 , 0.32558139534883723
1 , 0.6257309941520468 , 0.8604651162790697
2 , 0.42690058479532167 , 0.6976744186046512
7 , 0.35672514619883045 , 0.37209302325581395
8 , 0.3508771929824561 , 0.6744186046511628
16 , 0.3099415204678363 , 0.18604651162790697
15 , 0.3157894736842105 , 0.6744186046511628
4 , 0.39766081871345027 , 0.6744186046511628
5 , 0.3742690058479532 , 0.6976744186046512
9 , 0.3450292397660819 , 0.4883720930232558
10 , 0.3391812865497076 , 0.7209302325581395
12 , 0.32748538011695905 , 0.39534883720930236
11 , 0.33333333333333337 , 0.34883720930232553
3 , 0.41520467836257313 , 0.6744186046511628
14 , 0.32163742690058483 , 0.5116279069767442
6 , 0.368421052631579 , 0.34883720930232553
1 , 0.631578947368421 , 0.8604651162790697
2 , 0.4327485380116959 , 0.7906976744186046
7 , 0.36257309941520466 , 0.7441860465116279
8 , 0.35672514619883045 , 0.7209302325581395
16 , 0.3157894736842105 , 0.3023255813953488
4 , 0.4035087719298246 , 0.6976744186046512
5 , 0.3801169590643275 , 0.4883720930232558
9 , 0.3508771929824561 , 0.2558139534883721
10 , 0.3450292397660819 , 0.4418604651162791
13 , 0.32748538011695905 , 0.2093023255813954
12 , 0.33333333333333337 , 0.2558139534883721
11 , 0.3391812865497076 , 0.37209302325581395
3 , 0.42105263157894735 , 0.7441860465116279
15 , 0.32163742690058483 , 0.3023255813953488
6 , 0.3742690058479532 , 0.2790697674418605
1 , 0.6374269005847953 , 0.8604651162790697
2 , 0.4385964912280702 , 0.7441860465116279
7 , 0.368421052631579 , 0.7209302325581395
8 , 0.36257309941520466 , 0.6976744186046512
18 , 0.3157894736842105 , 0.2093023255813954
4 , 0.4093567251461988 , 0.6744186046511628
5 , 0.38596491228070173 , 0.7674418604651163
9 , 0.35672514619883045 , 0.7674418604651163
10 , 0.3508771929824561 , 0.7441860465116279
14 , 0.32748538011695905 , 0.4418604651162791
13 , 0.33333333333333337 , 0.6511627906976745
12 , 0.3391812865497076 , 0.32558139534883723
11 , 0.3450292397660819 , 0.6744186046511628
3 , 0.42690058479532167 , 0.7674418604651163
16 , 0.32163742690058483 , 0.2093023255813954
6 , 0.3801169590643275 , 0.4883720930232558
1 , 0.6432748538011697 , 0.7906976744186046
2 , 0.4444444444444444 , 0.6744186046511628
7 , 0.3742690058479532 , 0.6511627906976745
8 , 0.368421052631579 , 0.37209302325581395
1 , 0.6491228070175439 , 0.8604651162790697
19 , 0.32163742690058483 , 0.39534883720930236
3 , 0.4327485380116959 , 0.7674418604651163
5 , 0.39181286549707606 , 0.6046511627906976
finish training at: 274.50625348091125
