read data finish
{'2': 0, '1': 1, '5': 2, '4': 3, '3': 4, '7': 5}
{'migration': 'ring', 'objective': 'nsga-ii', 'data_division': 'NO', 'train-data': 'sat.trn', 'test-data': 'sat.tst', 'evaluation_num': 10000000000.0, 'core_num': 12, 'init': None, 'init_N_pop': 100, 'stop_generation': 150, 'N_pop': 100, 'weight-vector': (-1, 1), 'P_M': 0.1, 'P_m': 0.1, 'lnum': 6, 'P_dc': 0.8, 'N_rule': 10, 'delimiter': ' ', 'mode': '5CV', 'migration_fre': 10, 'migration_num': 3, 'copy_migration': True}
0.05629920959472656
0.2009587287902832
migration  0.0981895923614502
in main 73.11685633659363
0.27852535247802734
in main 65.0226616859436
0.24209976196289062
in main 54.48491072654724
0.2833249568939209
in main 57.950581789016724
0.2129380702972412
in main 50.44274425506592
0.23289942741394043
in main 55.92742204666138
0.21102619171142578
in main 56.42788243293762
0.21129870414733887
in main 51.687225341796875
0.21038007736206055
in main 55.99289798736572
0.2645070552825928
in main 55.510204553604126
0.21445155143737793
migration  0.26379942893981934
in main 61.319735288619995
0.21573638916015625
in main 57.04399847984314
0.3284006118774414
in main 57.287652254104614
0.2158222198486328
in main 56.585360050201416
0.22855544090270996
in main 51.49705934524536
0.21326780319213867
in main 55.67730259895325
0.2143106460571289
in main 54.59517431259155
0.214202880859375
in main 51.34742021560669
0.22205376625061035
in main 53.18346858024597
0.28365540504455566
in main 53.72741103172302
0.2786884307861328
migration  0.19274520874023438
in main 50.692596435546875
0.31380677223205566
in main 54.349687337875366
0.211899995803833
in main 51.90196204185486
0.21223902702331543
in main 50.19442892074585
0.29875707626342773
in main 59.04691410064697
0.2128434181213379
in main 56.35551047325134
0.26250696182250977
in main 58.85393810272217
0.21063446998596191
in main 52.11105465888977
0.23412656784057617
in main 58.116602659225464
0.2133772373199463
in main 50.031031370162964
0.22231173515319824
migration  0.03049612045288086
in main 53.969016313552856
0.21250367164611816
in main 54.47474384307861
0.33681678771972656
in main 59.91295886039734
0.21166038513183594
in main 61.222540855407715
0.28293275833129883
in main 52.77362370491028
0.21336627006530762
in main 54.68419528007507
0.2286205291748047
in main 50.40143060684204
0.2092587947845459
in main 65.56889867782593
0.23421001434326172
in main 56.40978002548218
0.2836296558380127
in main 51.14220905303955
0.21201443672180176
migration  0.348369836807251
in main 56.60105299949646
0.21275711059570312
in main 50.899017095565796
0.21372318267822266
in main 47.637441635131836
0.21564960479736328
in main 45.04817605018616
0.2189772129058838
in main 45.853063106536865
0.2621314525604248
in main 50.415316104888916
0.21303224563598633
in main 52.519339084625244
0.21243667602539062
in main 54.24965190887451
0.21127867698669434
in main 54.581111431121826
0.2528672218322754
in main 58.1018180847168
0.22408604621887207
migration  0.29669618606567383
in main 55.61780261993408
0.26107072830200195
in main 55.0339469909668
0.21217846870422363
in main 52.0012788772583
0.21206212043762207
in main 55.00515627861023
0.3051447868347168
in main 47.07025218009949
0.20981359481811523
in main 47.174269676208496
0.28476572036743164
in main 51.31742525100708
0.23529410362243652
in main 56.79477143287659
0.214186429977417
in main 53.37830424308777
0.21322846412658691
in main 52.044631481170654
0.21458911895751953
migration  0.04079294204711914
in main 53.21669125556946
0.21040987968444824
in main 54.4786319732666
0.23370718955993652
in main 52.24249815940857
0.23251652717590332
in main 53.63688039779663
0.22425580024719238
in main 51.05653095245361
0.2655055522918701
in main 58.01696515083313
0.21019911766052246
in main 50.56925964355469
0.25290584564208984
in main 48.74505829811096
0.2110271453857422
in main 56.34899091720581
0.21395230293273926
in main 47.857815980911255
0.20981645584106445
migration  0.04283308982849121
in main 55.65867829322815
0.2989006042480469
in main 56.01555871963501
0.2108783721923828
in main 54.62265372276306
0.25258898735046387
in main 53.92694664001465
0.22156143188476562
in main 56.46658658981323
0.21105575561523438
in main 50.69166421890259
0.2114400863647461
in main 51.3599910736084
0.20987510681152344
in main 49.87177777290344
0.27211785316467285
in main 54.63635849952698
0.21200251579284668
in main 56.673988342285156
0.26218724250793457
migration  0.06258058547973633
in main 50.376744508743286
0.21272563934326172
in main 48.660579681396484
0.2115645408630371
in main 52.398892641067505
0.20965790748596191
in main 50.29010009765625
0.23154711723327637
in main 51.87096357345581
0.2922964096069336
in main 55.61866998672485
0.2134263515472412
in main 56.78935217857361
0.21097493171691895
in main 58.04115605354309
0.2630317211151123
in main 52.47773337364197
0.36737942695617676
in main 58.872971057891846
0.2130298614501953
migration  0.06551337242126465
in main 47.48428654670715
0.21079778671264648
in main 52.93344163894653
0.21579623222351074
in main 49.2461678981781
0.2658247947692871
in main 50.22181844711304
0.21575021743774414
in main 51.41626596450806
0.21158480644226074
in main 47.65189814567566
0.2114248275756836
in main 47.42226815223694
0.2137160301208496
in main 48.636430501937866
0.2312161922454834
in main 53.34284067153931
0.20999383926391602
in main 54.94041156768799
0.23185992240905762
migration  0.09199213981628418
in main 55.8480384349823
0.21246671676635742
in main 50.5871319770813
0.21185946464538574
in main 50.38555884361267
0.23478937149047852
in main 60.00152325630188
0.21401047706604004
in main 52.59294295310974
0.21396899223327637
in main 48.39571166038513
0.3258333206176758
in main 56.1522479057312
0.3095691204071045
in main 57.33430528640747
0.27402734756469727
in main 54.47107267379761
0.21259570121765137
in main 57.46869897842407
0.24278569221496582
migration  0.12624692916870117
in main 52.19728422164917
0.2126021385192871
in main 48.33522129058838
0.21116089820861816
in main 54.71350574493408
0.28226375579833984
in main 56.367873668670654
0.21282458305358887
in main 55.07927703857422
0.24154233932495117
in main 53.295307636260986
0.27199387550354004
in main 54.40868639945984
0.2783670425415039
in main 50.07864761352539
0.2909860610961914
in main 59.828784704208374
0.21288609504699707
in main 52.59728956222534
0.24423456192016602
migration  0.18628692626953125
in main 57.684014558792114
0.21488285064697266
in main 54.12820267677307
0.21130752563476562
in main 56.21794533729553
0.2407517433166504
in main 54.27728009223938
0.23347949981689453
in main 53.15382742881775
0.21209120750427246
in main 51.5442111492157
0.21324729919433594
in main 55.22745728492737
0.2149796485900879
in main 53.389078855514526
0.21393895149230957
in main 55.56746482849121
0.2528071403503418
in main 56.006354093551636
0.2128467559814453
migration  0.2566952705383301
in main 54.04436802864075
0.21063661575317383
in main 51.9218544960022
0.24379968643188477
in main 57.63160943984985
0.20794415473937988
in main 56.30869817733765
0.23204421997070312
in main 52.4211540222168
0.2487926483154297
in main 54.95303821563721
0.21059393882751465
in main 49.9652624130249
0.23965978622436523
in main 50.37565779685974
0.21071267127990723
in main 47.16888642311096
0.2199537754058838
in main 50.93619346618652
0.22174406051635742
migration  0.04736495018005371
in main 57.973950147628784
0.24478840827941895
in main 53.39749336242676
0.25024867057800293
in main 54.646119117736816
0.266040563583374
in main 54.51078772544861
0.21336865425109863
in main 51.40674138069153
0.2868154048919678
in main 51.620237588882446
0.3336482048034668
in main 55.904813051223755
0.20931100845336914
in main 55.82782554626465
0.2862114906311035
in main 52.45505905151367
0.21462726593017578
in main 54.076552391052246
0.05581188201904297
0.19790244102478027
migration  0.09258604049682617
in main 83.57755827903748
0.21016788482666016
in main 64.7603747844696
0.21426725387573242
in main 54.262059688568115
0.2120370864868164
in main 50.92207622528076
0.21369552612304688
in main 52.00827598571777
0.21137690544128418
in main 51.106037616729736
0.21092867851257324
in main 53.283514738082886
0.32381463050842285
in main 54.776007652282715
0.21331143379211426
in main 54.48143529891968
0.23292088508605957
in main 55.79948544502258
0.23855900764465332
migration  0.11132144927978516
in main 54.78034567832947
0.21236395835876465
in main 57.204113245010376
0.23071050643920898
in main 54.48774862289429
0.21153688430786133
in main 59.17558407783508
0.21693849563598633
in main 60.803650856018066
0.30342936515808105
in main 54.80336618423462
0.24207592010498047
in main 55.262659788131714
0.2090287208557129
in main 54.37234807014465
0.24144315719604492
in main 53.59665560722351
0.21122074127197266
in main 53.19390678405762
0.22877192497253418
migration  0.5979845523834229
in main 56.522600412368774
0.20964813232421875
in main 51.44888257980347
0.3177473545074463
in main 55.30162501335144
0.2826850414276123
in main 51.50253081321716
0.3014979362487793
in main 55.99158048629761
0.29230666160583496
in main 58.888118505477905
0.3050534725189209
in main 57.3791778087616
0.2119612693786621
in main 60.536985635757446
0.21795201301574707
in main 58.088258028030396
0.21299314498901367
in main 51.73551821708679
0.21152615547180176
migration  0.38877105712890625
in main 53.78794026374817
0.2291102409362793
in main 57.62443947792053
0.2116405963897705
in main 49.1617329120636
0.20929646492004395
in main 56.13586235046387
0.21378421783447266
in main 55.256126165390015
0.20849990844726562
in main 60.54346227645874
0.2738308906555176
in main 62.720497608184814
0.2826857566833496
in main 59.11807131767273
0.23015356063842773
in main 58.979902505874634
0.3012104034423828
in main 56.876680850982666
0.28052806854248047
migration  0.1689746379852295
in main 59.386383056640625
0.20963025093078613
in main 56.01055312156677
0.31166529655456543
in main 54.13930058479309
0.21347260475158691
in main 57.89482522010803
0.23214054107666016
in main 53.01694464683533
0.2107713222503662
in main 61.279632329940796
0.28379178047180176
in main 57.49624991416931
0.21150684356689453
in main 55.23136234283447
0.2120053768157959
in main 52.36017394065857
0.21195125579833984
in main 50.96573853492737
0.2131519317626953
migration  0.20884132385253906
in main 49.66764426231384
0.21350741386413574
in main 49.046688079833984
0.21808695793151855
in main 61.2637665271759
0.2345740795135498
in main 50.07158160209656
0.2870781421661377
in main 61.97455620765686
0.21564459800720215
in main 59.95563268661499
0.21035313606262207
in main 59.842419147491455
0.2993898391723633
in main 51.91260290145874
0.2864949703216553
in main 49.83464026451111
0.21368622779846191
in main 51.277541637420654
0.2626481056213379
migration  0.0761568546295166
in main 56.389092445373535
0.21456694602966309
in main 51.434022426605225
0.30131030082702637
in main 55.90616202354431
0.2715334892272949
in main 52.54184818267822
0.21142172813415527
in main 48.97011351585388
0.2092118263244629
in main 58.89216661453247
0.21312594413757324
in main 56.01202654838562
0.21289443969726562
in main 59.12802839279175
0.2128434181213379
in main 49.58632826805115
0.2758636474609375
in main 55.016417264938354
0.21155452728271484
migration  0.14513063430786133
in main 57.09197211265564
0.27844953536987305
in main 48.07681155204773
0.21391797065734863
in main 55.933531761169434
0.21377015113830566
in main 53.073941707611084
0.21478271484375
in main 51.16688299179077
0.21527361869812012
in main 55.95666146278381
0.2371964454650879
in main 54.43684267997742
0.2117142677307129
in main 53.85197734832764
0.23493027687072754
in main 59.84728717803955
0.21255898475646973
in main 58.126185178756714
0.3192896842956543
migration  0.19176197052001953
in main 53.67280316352844
0.21550488471984863
in main 51.3049590587616
0.21167659759521484
in main 52.66198182106018
0.21347784996032715
in main 51.92809057235718
0.21247148513793945
in main 50.393288135528564
0.21491193771362305
in main 56.76242804527283
0.295856237411499
in main 54.7588255405426
0.28371262550354004
in main 56.30376148223877
0.2839634418487549
in main 59.29544949531555
0.21167969703674316
in main 55.362537145614624
0.2525472640991211
migration  0.07335591316223145
in main 58.125757694244385
0.21847105026245117
in main 53.18718719482422
0.21477866172790527
in main 56.11269474029541
0.21447968482971191
in main 52.915321350097656
0.21463823318481445
in main 52.561506509780884
0.2161412239074707
in main 49.132484912872314
0.21486759185791016
in main 49.02431035041809
0.21581721305847168
in main 49.87755227088928
0.21380996704101562
in main 47.42332720756531
0.21478486061096191
in main 47.377984046936035
0.21438860893249512
migration  0.3258485794067383
in main 52.63255572319031
0.21731090545654297
in main 50.96992349624634
0.21155428886413574
in main 52.59750699996948
0.2140364646911621
in main 53.00621700286865
0.2176055908203125
in main 47.84480881690979
0.21477651596069336
in main 48.176363945007324
0.3143291473388672
in main 55.20513701438904
0.24291634559631348
in main 49.33568358421326
0.21198391914367676
in main 56.71807789802551
0.31134939193725586
in main 53.72846865653992
0.21238970756530762
migration  0.32767200469970703
in main 51.68980050086975
0.2716193199157715
in main 49.0842866897583
0.20946788787841797
in main 48.460120677948
0.23123788833618164
in main 48.434401750564575
0.21622920036315918
in main 46.58800148963928
0.21372532844543457
in main 45.12163066864014
0.21999096870422363
in main 44.24972987174988
0.28259778022766113
in main 53.304704666137695
0.21459317207336426
in main 53.99299693107605
0.25817322731018066
in main 50.86263847351074
0.22147750854492188
migration  0.22617292404174805
in main 52.96197748184204
0.24611282348632812
in main 54.62299370765686
0.21321988105773926
in main 51.863641023635864
0.2997586727142334
in main 54.16932559013367
0.21458148956298828
in main 55.62117123603821
0.21516156196594238
in main 47.992889165878296
0.21346592903137207
in main 48.83889317512512
0.2197251319885254
in main 51.648120641708374
0.21338939666748047
in main 53.66197443008423
0.32616710662841797
in main 56.79543876647949
0.2767477035522461
migration  0.3383364677429199
in main 58.10555601119995
0.2687408924102783
in main 50.631205797195435
0.2788662910461426
in main 51.70249128341675
0.27599477767944336
in main 53.92196083068848
0.21777749061584473
in main 52.98622488975525
0.21244072914123535
in main 47.31540012359619
0.30089259147644043
in main 53.25737428665161
0.20902228355407715
in main 56.467684745788574
0.25954127311706543
in main 49.21437096595764
0.2113800048828125
in main 50.63391304016113
0.21305274963378906
migration  0.12244725227355957
in main 50.58250164985657
0.2118358612060547
in main 52.27979755401611
0.21059918403625488
in main 47.02531170845032
0.21001195907592773
in main 47.98473405838013
0.21007132530212402
in main 51.21195983886719
0.2125236988067627
in main 57.91877818107605
0.26096177101135254
in main 50.17544603347778
0.32306432723999023
in main 54.97278189659119
0.2137744426727295
in main 51.23715782165527
0.21133136749267578
in main 53.09866285324097
0.05743098258972168
0.19901752471923828
migration  0.0005743503570556641
in main 70.60938739776611
0.2842879295349121
in main 60.8426730632782
0.21247529983520508
in main 53.09206962585449
0.21198320388793945
in main 57.35001587867737
0.21616363525390625
in main 54.01617956161499
0.279310941696167
in main 56.03213977813721
0.24493813514709473
in main 59.08282732963562
0.2168419361114502
in main 61.09567928314209
0.22214865684509277
in main 54.59455418586731
0.22800660133361816
in main 51.61696910858154
0.3555006980895996
migration  0.19862604141235352
in main 59.40879964828491
0.21231460571289062
in main 55.656736850738525
0.21504640579223633
in main 52.330432176589966
0.21429896354675293
in main 49.51013422012329
0.2196204662322998
in main 55.146484375
0.21399259567260742
in main 50.777851819992065
0.21261954307556152
in main 52.81188607215881
0.2158060073852539
in main 50.12003707885742
0.21611809730529785
in main 49.917285680770874
0.21154475212097168
in main 52.29382920265198
0.21335482597351074
migration  0.36897730827331543
in main 52.283615827560425
0.24675202369689941
in main 59.6911244392395
0.2143383026123047
in main 55.125218629837036
0.21879029273986816
in main 54.166996002197266
0.2993152141571045
in main 55.01794767379761
0.21349620819091797
in main 56.35326147079468
0.2122647762298584
in main 52.3671293258667
0.21305203437805176
in main 53.949033975601196
0.21079015731811523
in main 54.92672920227051
0.21006321907043457
in main 60.45553469657898
0.20891499519348145
migration  0.30768489837646484
in main 53.967443227767944
0.2646479606628418
in main 56.85891318321228
0.28583383560180664
in main 58.83456468582153
0.21222233772277832
in main 55.535888671875
0.21867108345031738
in main 52.24596309661865
0.21149682998657227
in main 52.23712491989136
0.2139887809753418
in main 57.33003830909729
0.21409893035888672
in main 53.413084983825684
0.20978498458862305
in main 55.35156321525574
0.21381258964538574
in main 57.4898247718811
0.2824547290802002
migration  0.2914714813232422
in main 56.19904613494873
0.27686476707458496
in main 53.942020893096924
0.21114873886108398
in main 52.29551434516907
0.2883937358856201
in main 59.46913290023804
0.22522568702697754
in main 58.3704047203064
0.3302576541900635
in main 58.571696758270264
0.21500062942504883
in main 48.86301231384277
0.21720576286315918
in main 53.88133764266968
0.2158203125
in main 56.09696817398071
0.21491694450378418
in main 57.67703723907471
0.21950006484985352
migration  0.18767809867858887
in main 53.40163230895996
0.2100811004638672
in main 56.28597164154053
0.29842567443847656
in main 59.19476342201233
0.31729674339294434
in main 63.373246908187866
0.2122206687927246
in main 55.53926658630371
0.2118074893951416
in main 57.55312752723694
0.29609179496765137
in main 53.82842993736267
0.23277521133422852
in main 60.37389850616455
0.21327877044677734
in main 54.4897563457489
0.21299242973327637
in main 57.3200581073761
0.24222278594970703
migration  0.028826475143432617
in main 58.90482997894287
0.21410059928894043
in main 53.229342222213745
0.3162057399749756
in main 50.859747648239136
0.23201489448547363
in main 62.08004188537598
0.21297907829284668
in main 51.91448092460632
0.213470458984375
in main 54.411020040512085
0.21303677558898926
in main 50.69208478927612
0.21207571029663086
in main 48.17219161987305
0.2735259532928467
in main 57.316002368927
0.3770573139190674
in main 55.16701149940491
0.21323895454406738
migration  0.2918837070465088
in main 57.32017660140991
0.21346020698547363
in main 63.488879919052124
0.22240972518920898
in main 61.293755292892456
0.2126598358154297
in main 58.76489281654358
0.2109355926513672
in main 58.2085382938385
0.21811842918395996
in main 60.02877068519592
0.22174763679504395
in main 57.19453310966492
0.21016407012939453
in main 58.552690505981445
0.2131822109222412
in main 48.0469388961792
0.21535229682922363
in main 50.68385410308838
0.2123417854309082
migration  0.057874441146850586
in main 57.312641859054565
0.2687225341796875
in main 54.081130027770996
0.21414613723754883
in main 52.0888614654541
0.21007227897644043
in main 53.38038945198059
0.2122952938079834
in main 50.528223514556885
0.2109670639038086
in main 56.933908224105835
0.21370601654052734
in main 58.70198845863342
0.3182506561279297
in main 61.766074419021606
0.25990724563598633
in main 54.09076690673828
0.26912355422973633
in main 57.860952615737915
0.2329697608947754
migration  0.07414007186889648
in main 59.22015929222107
0.2104043960571289
in main 60.29078459739685
0.21601319313049316
in main 58.15234708786011
0.2645993232727051
in main 60.2419695854187
0.2129199504852295
in main 58.65333867073059
0.2153615951538086
in main 59.29410433769226
0.21516108512878418
in main 55.08058786392212
0.2845938205718994
in main 53.91569232940674
0.24175786972045898
in main 52.209996938705444
0.2801792621612549
in main 63.796868085861206
0.21173739433288574
migration  0.19041085243225098
in main 57.060489654541016
0.21296095848083496
in main 59.36769390106201
0.21224069595336914
in main 57.49760675430298
0.21465373039245605
in main 56.0500111579895
0.2109978199005127
in main 56.443610429763794
0.25164103507995605
in main 54.46582818031311
0.2681291103363037
in main 57.27323770523071
0.2134721279144287
in main 55.802247524261475
0.21138882637023926
in main 58.38422179222107
0.21103692054748535
in main 55.637850761413574
0.24251770973205566
migration  0.149061918258667
in main 57.194671869277954
0.2620224952697754
in main 57.6461238861084
0.24494051933288574
in main 56.62597918510437
0.23363661766052246
in main 57.61686444282532
0.2716026306152344
in main 57.793742656707764
0.2516775131225586
in main 57.73853254318237
0.20935559272766113
in main 52.08081865310669
0.23964619636535645
in main 57.14662432670593
0.2139136791229248
in main 52.63108730316162
0.21354961395263672
in main 58.261038303375244
0.21317696571350098
migration  0.3050351142883301
in main 56.36093783378601
0.23395276069641113
in main 51.66554117202759
0.21181893348693848
in main 61.23971939086914
0.2690393924713135
in main 61.35784292221069
0.21764349937438965
in main 50.602861642837524
0.24357962608337402
in main 50.327881813049316
0.28211045265197754
in main 62.87388753890991
0.21218252182006836
in main 59.45626258850098
0.21300268173217773
in main 48.80052304267883
0.21489405632019043
in main 49.62388277053833
0.2151660919189453
migration  0.05511832237243652
in main 52.083099365234375
0.24022698402404785
in main 57.48376107215881
0.2108008861541748
in main 59.633864879608154
0.32152843475341797
in main 50.5002167224884
0.2110145092010498
in main 52.45583415031433
0.266096830368042
in main 53.5115761756897
0.27002716064453125
in main 57.80130434036255
0.21226906776428223
in main 60.27837157249451
0.21310997009277344
in main 56.463621616363525
0.28066110610961914
in main 53.72101092338562
0.21190738677978516
migration  0.18823623657226562
in main 50.112791538238525
0.27229905128479004
in main 55.870360374450684
0.32683467864990234
in main 53.3506236076355
0.2120366096496582
in main 57.97346830368042
0.2120213508605957
in main 54.82676863670349
0.21163463592529297
in main 54.26686072349548
0.21245026588439941
in main 49.29118299484253
0.2104320526123047
in main 57.94724464416504
0.21192622184753418
in main 48.26849102973938
0.21117568016052246
in main 50.66020441055298
0.05587911605834961
0.2571544647216797
migration  0.15012431144714355
in main 83.74995183944702
0.2130589485168457
in main 56.62163305282593
0.27372217178344727
in main 57.49569749832153
0.21744918823242188
in main 60.8236608505249
0.2143256664276123
in main 54.37123894691467
0.2885251045227051
in main 65.36646509170532
0.24428749084472656
in main 57.13911318778992
0.27570581436157227
in main 53.95162796974182
0.27433061599731445
in main 56.610456466674805
0.23667621612548828
in main 55.445669412612915
0.21373248100280762
migration  0.1694958209991455
in main 57.2816002368927
0.25897216796875
in main 55.718652963638306
0.20812487602233887
in main 57.049601554870605
0.2295057773590088
in main 58.505725622177124
0.22758984565734863
in main 58.54823684692383
0.23851418495178223
in main 57.72313618659973
0.20966076850891113
in main 59.66430401802063
0.21377182006835938
in main 49.40054798126221
0.21193671226501465
in main 54.464301347732544
0.22178053855895996
in main 51.31259298324585
0.21301794052124023
migration  0.20094037055969238
in main 57.70550036430359
0.23363137245178223
in main 58.998345613479614
0.21202492713928223
in main 57.49328017234802
0.2141556739807129
in main 53.39142084121704
0.21347618103027344
in main 49.41962957382202
0.21025776863098145
in main 52.35234975814819
0.21364808082580566
in main 55.35328221321106
0.2569770812988281
in main 61.34121656417847
0.28189635276794434
in main 59.379555225372314
0.21171212196350098
in main 52.9419219493866
0.21189665794372559
migration  0.19808244705200195
in main 56.71123480796814
0.2210829257965088
in main 54.27147936820984
0.21561098098754883
in main 57.28827977180481
0.21686148643493652
in main 59.41735363006592
0.21998143196105957
in main 54.72839641571045
0.21351861953735352
in main 48.82130670547485
0.21038341522216797
in main 49.545793533325195
0.21265053749084473
in main 55.32481384277344
0.21494221687316895
in main 53.16894817352295
0.2149815559387207
in main 61.607213258743286
0.2205357551574707
migration  0.12873339653015137
in main 48.69101166725159
0.2153623104095459
in main 58.847736120224
0.21786141395568848
in main 53.34974431991577
0.217789888381958
in main 59.59752535820007
0.2218470573425293
in main 51.05007743835449
0.23549962043762207
in main 54.671125173568726
0.21429681777954102
in main 61.84770917892456
0.24413251876831055
in main 60.59975790977478
0.2162032127380371
in main 57.029282093048096
0.21506166458129883
in main 52.4887375831604
0.21516036987304688
migration  0.12432646751403809
in main 52.91758418083191
0.21380019187927246
in main 61.64737892150879
0.21528315544128418
in main 46.781416177749634
0.20830106735229492
in main 48.810696840286255
0.21634912490844727
in main 56.765907526016235
0.21017217636108398
in main 57.35925841331482
0.3445284366607666
in main 60.32294774055481
0.23190951347351074
in main 59.87930989265442
0.24048709869384766
in main 56.42709231376648
0.21312236785888672
in main 59.0955867767334
0.21286416053771973
migration  0.12391114234924316
in main 53.08766198158264
0.21481060981750488
in main 44.50876474380493
0.21022439002990723
in main 47.24837255477905
0.2123098373413086
in main 53.235584020614624
0.21279478073120117
in main 49.22004818916321
0.21213483810424805
in main 57.490620374679565
0.23148369789123535
in main 56.243672132492065
0.20974087715148926
in main 56.867565870285034
0.21104669570922852
in main 63.52016758918762
0.314943790435791
in main 65.35438823699951
0.24050283432006836
migration  0.5171108245849609
in main 57.52147603034973
0.29077887535095215
in main 55.553494691848755
0.28834986686706543
in main 57.028775453567505
0.2124340534210205
in main 60.02591037750244
0.21136808395385742
in main 62.93252968788147
0.2128148078918457
in main 47.58168697357178
0.21151471138000488
in main 58.36806011199951
0.294719934463501
in main 60.67737817764282
0.2753763198852539
in main 60.681403398513794
0.24052214622497559
in main 60.15529775619507
0.21253705024719238
migration  0.3970346450805664
in main 53.6243109703064
0.23974943161010742
in main 63.267773151397705
0.23905348777770996
in main 55.649791955947876
0.21362757682800293
in main 60.91218137741089
0.21501874923706055
in main 60.29004383087158
0.21035408973693848
in main 60.785149574279785
0.21117782592773438
in main 59.37088179588318
0.29553985595703125
in main 51.276121616363525
0.21115994453430176
in main 51.50462222099304
0.21222805976867676
in main 49.807944774627686
0.2609403133392334
migration  0.19140338897705078
in main 59.5362765789032
0.21844172477722168
in main 57.96438121795654
0.2149507999420166
in main 52.559624433517456
0.2095775604248047
in main 54.95995759963989
0.26214146614074707
in main 56.885703802108765
0.25265932083129883
in main 54.940829277038574
0.28994154930114746
in main 56.30607604980469
0.272003173828125
in main 60.41199040412903
0.21058917045593262
in main 49.178394079208374
0.2108144760131836
in main 58.86398768424988
0.2819559574127197
migration  0.4988272190093994
in main 57.18980288505554
0.2084977626800537
in main 55.01326942443848
0.24802780151367188
in main 54.11190962791443
0.21747589111328125
in main 58.12528324127197
0.2855408191680908
in main 55.844849586486816
0.21325397491455078
in main 56.014766693115234
0.2093348503112793
in main 57.420923471450806
0.23052215576171875
in main 56.475327014923096
0.28945064544677734
in main 58.35234546661377
0.251373291015625
in main 55.18654465675354
0.21016359329223633
migration  0.12701678276062012
in main 53.61333727836609
0.2081301212310791
in main 54.44887161254883
0.2808074951171875
in main 59.030226707458496
0.2133188247680664
in main 55.562126874923706
0.21215462684631348
in main 58.848257541656494
0.2112267017364502
in main 53.550275802612305
0.20951151847839355
in main 56.815953493118286
0.20992350578308105
in main 62.34114074707031
0.23441219329833984
in main 60.48870086669922
0.2732071876525879
in main 55.20988988876343
0.25180625915527344
migration  0.16897797584533691
in main 52.05916118621826
0.2149035930633545
in main 59.70156764984131
0.21247148513793945
in main 55.912670373916626
0.2127077579498291
in main 56.91425967216492
0.2125415802001953
in main 57.89779305458069
0.21180391311645508
in main 55.701903343200684
0.2122359275817871
in main 55.247971057891846
0.23806142807006836
in main 57.613168239593506
0.21253347396850586
in main 56.50248861312866
0.2226853370666504
in main 55.41003489494324
0.21311473846435547
migration  0.2142181396484375
in main 55.42932462692261
0.20814204216003418
in main 60.72005486488342
0.2524127960205078
in main 55.84174036979675
0.21091556549072266
in main 58.2076952457428
0.21120738983154297
in main 62.371716260910034
0.21238422393798828
in main 55.7680881023407
0.21007227897644043
in main 58.598674058914185
0.20765447616577148
in main 55.08791518211365
0.23384666442871094
in main 63.84474468231201
0.2123091220855713
in main 55.15155363082886
0.21262335777282715
migration  0.43184590339660645
in main 60.534942626953125
0.21295952796936035
in main 58.07235074043274
0.2125556468963623
in main 55.200803995132446
0.20961427688598633
in main 49.18497371673584
0.21523404121398926
in main 53.59949350357056
0.2128312587738037
in main 48.7119927406311
0.21178698539733887
in main 52.505192279815674
0.2156352996826172
in main 53.95799732208252
0.21276640892028809
in main 50.040096282958984
0.211470365524292
in main 51.25187563896179
0.05695509910583496
0.19837117195129395
migration  0.2032334804534912
in main 80.67439031600952
0.21518254280090332
in main 60.25830578804016
0.21771836280822754
in main 51.53965425491333
0.21401476860046387
in main 55.17782139778137
0.29418492317199707
in main 53.218831300735474
0.22473978996276855
in main 59.8700225353241
0.21178460121154785
in main 59.889081716537476
0.31021595001220703
in main 54.29981231689453
0.21910572052001953
in main 61.78542470932007
0.21169137954711914
in main 63.72344493865967
0.21533989906311035
migration  0.22675776481628418
in main 59.33709263801575
0.21415209770202637
in main 57.64061141014099
0.21690583229064941
in main 58.58950996398926
0.21593284606933594
in main 53.992894887924194
0.29195690155029297
in main 56.532309770584106
0.25676870346069336
in main 61.52981424331665
0.31453728675842285
in main 61.37016320228577
0.22922682762145996
in main 61.895379304885864
0.21684622764587402
in main 56.69406056404114
0.21288752555847168
in main 60.35901927947998
0.23462867736816406
migration  0.47878074645996094
in main 57.71860194206238
0.21324515342712402
in main 51.75483202934265
0.28710246086120605
in main 61.92016053199768
0.2140977382659912
in main 58.78547501564026
0.3248252868652344
in main 55.34752416610718
0.21575164794921875
in main 60.078498125076294
0.2891073226928711
in main 54.029582262039185
0.21756958961486816
in main 52.08146858215332
0.21426010131835938
in main 53.94701647758484
0.21727871894836426
in main 53.09420108795166
0.2108466625213623
migration  0.16339468955993652
in main 62.368935108184814
0.2800126075744629
in main 52.49468803405762
0.21840739250183105
in main 58.8951518535614
0.22591638565063477
in main 60.73426556587219
0.22153377532958984
in main 53.600555658340454
0.2135162353515625
in main 55.16847896575928
0.2166290283203125
in main 53.939966678619385
0.21814441680908203
in main 46.781752824783325
0.2190406322479248
in main 64.29264521598816
0.21165084838867188
in main 59.581860303878784
0.22829556465148926
migration  0.3562164306640625
in main 62.55751323699951
0.21652698516845703
in main 63.1147027015686
0.23670578002929688
in main 54.83900213241577
0.24730443954467773
in main 57.5689811706543
0.2747035026550293
in main 52.0651478767395
0.23559165000915527
in main 59.21222901344299
0.21709585189819336
in main 57.623268365859985
0.21428871154785156
in main 52.84714722633362
0.2175889015197754
in main 62.07507133483887
0.21630644798278809
in main 61.36736536026001
0.24762296676635742
migration  0.1340196132659912
in main 61.018760681152344
0.2227487564086914
in main 58.88334393501282
0.21580743789672852
in main 55.41950821876526
0.30213165283203125
in main 61.56515550613403
0.31363844871520996
in main 63.747923135757446
0.21519041061401367
in main 54.24974870681763
0.21719574928283691
in main 59.39127731323242
0.21352624893188477
in main 49.74518013000488
0.21059775352478027
in main 54.16274094581604
0.3528316020965576
in main 58.120951652526855
0.21608281135559082
migration  0.18964314460754395
in main 54.22256946563721
0.21751809120178223
in main 61.749149799346924
0.21680498123168945
in main 53.082725048065186
0.2162470817565918
in main 54.00775337219238
0.3900182247161865
in main 65.62521123886108
0.21683430671691895
in main 58.60555863380432
0.23309087753295898
in main 55.743435859680176
0.21582388877868652
in main 63.433743715286255
0.2169797420501709
in main 56.68328094482422
0.21459460258483887
in main 48.29481649398804
0.21849894523620605
migration  0.04697585105895996
in main 58.94106197357178
0.29802513122558594
in main 56.59885931015015
0.2143392562866211
in main 57.292792320251465
0.24631524085998535
in main 59.431642293930054
0.20970749855041504
in main 49.99892854690552
0.21707463264465332
in main 50.271414279937744
0.21380329132080078
in main 56.90367603302002
0.21426677703857422
in main 54.94405174255371
0.3069183826446533
in main 59.1966814994812
0.21292519569396973
in main 53.22761368751526
0.21455597877502441
migration  0.14533567428588867
in main 51.94721293449402
0.29490089416503906
in main 53.51357412338257
0.21139216423034668
in main 56.846675872802734
0.21604394912719727
in main 55.63407278060913
0.21503138542175293
in main 54.13423943519592
0.23282527923583984
in main 59.68361496925354
0.21426820755004883
in main 51.52672028541565
0.2567906379699707
in main 55.76446342468262
0.21513819694519043
in main 60.464505434036255
0.2150588035583496
in main 58.39554810523987
0.3451507091522217
migration  0.3184945583343506
in main 57.40808296203613
0.21429967880249023
in main 59.01838421821594
0.32634568214416504
in main 54.5010929107666
0.28883886337280273
in main 60.32240629196167
0.21724510192871094
in main 54.21768856048584
0.255901575088501
in main 60.77936625480652
0.21541047096252441
in main 52.55084300041199
0.22251510620117188
in main 60.201900482177734
0.24667930603027344
in main 57.81350374221802
0.28281736373901367
in main 55.57918691635132
0.21379590034484863
migration  0.36400794982910156
in main 55.64337873458862
0.219130277633667
in main 46.55918788909912
0.22273707389831543
in main 50.55970764160156
0.22661662101745605
in main 56.66946315765381
0.2947070598602295
in main 53.42060947418213
0.2231605052947998
in main 58.30166459083557
0.2237555980682373
in main 55.51607799530029
0.2572798728942871
in main 52.90649700164795
0.2589404582977295
in main 57.54045748710632
0.2746543884277344
in main 57.51877212524414
0.2862548828125
migration  0.04526519775390625
in main 57.568042516708374
0.21459436416625977
in main 54.66419267654419
0.25824856758117676
in main 55.45433759689331
0.21359920501708984
in main 53.67404007911682
0.2169034481048584
in main 58.9014196395874
0.2881660461425781
in main 51.823583364486694
0.2174065113067627
in main 55.92942810058594
0.2127230167388916
in main 52.95656967163086
0.22821640968322754
in main 59.95851516723633
0.2127680778503418
in main 61.47262144088745
0.2818162441253662
migration  0.21320033073425293
in main 60.35458207130432
0.25648975372314453
in main 50.25597834587097
0.21160459518432617
in main 54.88557291030884
0.21437573432922363
in main 51.38649845123291
0.23397135734558105
in main 50.498297452926636
0.2120964527130127
in main 58.61898112297058
0.21254348754882812
in main 55.14546871185303
0.22980046272277832
in main 57.69730734825134
0.2133045196533203
in main 58.781240463256836
0.26633238792419434
in main 57.379453897476196
0.27194833755493164
migration  0.04805779457092285
in main 54.69567823410034
0.3290114402770996
in main 61.173733949661255
0.21462345123291016
in main 56.26336979866028
0.2526082992553711
in main 59.86836791038513
0.21607112884521484
in main 57.33734107017517
0.21411919593811035
in main 55.23967528343201
0.2449500560760498
in main 56.29081606864929
0.38275146484375
in main 56.69979786872864
0.21457743644714355
in main 60.4954617023468
0.25328731536865234
in main 54.38472533226013
0.21552610397338867
migration  0.3643178939819336
in main 59.66456961631775
0.21249890327453613
in main 56.48219537734985
0.21745967864990234
in main 48.278953552246094
0.2133169174194336
in main 50.673917055130005
0.21574854850769043
in main 49.69315528869629
0.2081468105316162
in main 48.369789838790894
0.21474957466125488
in main 49.84837484359741
0.2148287296295166
in main 50.63359761238098
0.21251749992370605
in main 51.15587592124939
0.21439027786254883
in main 50.11555624008179
0.055564165115356445
0.20066499710083008
migration  0.11517024040222168
in main 81.5570752620697
0.21811866760253906
in main 64.66186141967773
0.21232271194458008
in main 60.22502374649048
0.21902847290039062
in main 57.44834899902344
0.21491312980651855
in main 57.87092733383179
0.23508930206298828
in main 60.704426288604736
0.22228717803955078
in main 55.95034146308899
0.21461701393127441
in main 54.676682233810425
0.2555692195892334
in main 63.76372671127319
0.21807479858398438
in main 63.078463077545166
0.2168445587158203
migration  0.08318495750427246
in main 56.29666757583618
0.22195935249328613
in main 57.81150770187378
0.21031737327575684
in main 55.28643727302551
0.21125411987304688
in main 67.41200065612793
0.2464289665222168
in main 58.88991904258728
0.2508111000061035
in main 55.286436557769775
0.21304893493652344
in main 61.386857986450195
0.28437376022338867
in main 52.90986657142639
0.21467161178588867
in main 59.953373432159424
0.21564507484436035
in main 53.77198386192322
0.21353459358215332
migration  0.1927015781402588
in main 55.423487424850464
0.3577301502227783
in main 60.49879336357117
0.21843957901000977
in main 54.1461443901062
0.2151658535003662
in main 57.54718089103699
0.21904349327087402
in main 58.64590525627136
0.2830803394317627
in main 62.3692147731781
0.28791165351867676
in main 50.49313426017761
0.27667784690856934
in main 59.878535747528076
0.2859516143798828
in main 68.1824369430542
0.2250509262084961
in main 60.145851850509644
0.21636509895324707
migration  0.09178948402404785
in main 59.35494041442871
0.21226763725280762
in main 53.628379344940186
0.21295619010925293
in main 63.92240810394287
0.21457171440124512
in main 53.03731441497803
0.21836590766906738
in main 61.24825572967529
0.21206212043762207
in main 56.5855770111084
0.21222615242004395
in main 50.23521614074707
0.21143841743469238
in main 60.82187795639038
0.22271347045898438
in main 61.967570781707764
0.34542179107666016
in main 52.67798590660095
0.2541160583496094
migration  0.12274169921875
in main 64.0752227306366
0.30693984031677246
in main 60.78601098060608
0.21503114700317383
in main 60.308671712875366
0.2145528793334961
in main 55.66393184661865
0.24737048149108887
in main 59.99926972389221
0.21646380424499512
in main 55.6246874332428
0.21602153778076172
in main 51.73467469215393
0.21251440048217773
in main 50.46451807022095
0.21458840370178223
in main 56.40813946723938
0.25441932678222656
in main 57.496254682540894
0.214066743850708
migration  0.23495006561279297
in main 65.39916491508484
0.21665406227111816
in main 61.52488994598389
0.21291279792785645
in main 55.18621611595154
0.21299004554748535
in main 54.35822010040283
0.21294951438903809
in main 50.647199869155884
0.23294281959533691
in main 65.43858122825623
0.25331568717956543
in main 56.01647090911865
0.2744584083557129
in main 60.27099967002869
0.28610825538635254
in main 60.31623578071594
0.314316987991333
in main 59.48660111427307
0.21279144287109375
migration  0.08112359046936035
in main 56.235942363739014
0.213104248046875
in main 60.33850646018982
0.2823507785797119
in main 60.00113129615784
0.32630157470703125
in main 61.02893662452698
0.2166757583618164
in main 70.33000493049622
0.25545644760131836
in main 65.94088387489319
0.21750426292419434
in main 61.42930459976196
0.335193395614624
in main 62.56033420562744
0.21211886405944824
in main 61.084643840789795
0.21489477157592773
in main 58.08134150505066
0.21166229248046875
migration  0.05353951454162598
in main 59.68669128417969
0.21134638786315918
in main 60.34291124343872
0.21355938911437988
in main 50.925419092178345
0.23113632202148438
in main 57.99245619773865
0.2656431198120117
in main 61.74685096740723
0.36302995681762695
in main 61.58516001701355
0.21251296997070312
in main 54.12773942947388
0.2137303352355957
in main 54.57592153549194
0.21439385414123535
in main 60.533350706100464
0.28052234649658203
in main 57.44300889968872
0.21269869804382324
migration  0.4560415744781494
in main 61.754618406295776
0.21312999725341797
in main 53.53980016708374
0.2126750946044922
in main 56.25563597679138
0.21359705924987793
in main 60.85060715675354
0.21156024932861328
in main 54.454224824905396
0.28539347648620605
in main 58.59984827041626
0.2178640365600586
in main 61.85193705558777
0.21289372444152832
in main 53.64428472518921
0.29195380210876465
in main 58.43278741836548
0.21253085136413574
in main 60.519694805145264
0.2712137699127197
migration  0.09012794494628906
in main 61.747503995895386
0.29465270042419434
in main 61.114386320114136
0.21468591690063477
in main 57.09723949432373
0.22208762168884277
in main 58.176295042037964
0.2332749366760254
in main 58.091796875
0.2140674591064453
in main 56.99808716773987
0.3346748352050781
in main 57.4585382938385
0.25389957427978516
in main 53.92631793022156
0.23160171508789062
in main 57.886558294296265
0.2697122097015381
in main 51.80852961540222
0.2136378288269043
migration  0.04567861557006836
in main 50.82948040962219
0.3295619487762451
in main 58.184091091156006
0.21158504486083984
in main 62.584675312042236
0.23398900032043457
in main 58.281370878219604
0.22300219535827637
in main 55.68040871620178
0.2119603157043457
in main 59.06888151168823
0.29068994522094727
in main 58.49700570106506
0.28176259994506836
in main 53.074373722076416
0.21026134490966797
in main 58.39439797401428
0.2735011577606201
in main 49.06223011016846
0.21278977394104004
migration  0.1378622055053711
in main 49.921489000320435
0.308734655380249
in main 67.56752753257751
0.27240777015686035
in main 57.53382158279419
0.21249008178710938
in main 59.80889916419983
0.21442890167236328
in main 57.75367832183838
0.24399375915527344
in main 50.85832929611206
0.2640879154205322
in main 63.47618007659912
0.2545187473297119
in main 63.573832988739014
0.26307249069213867
in main 50.655065298080444
0.31984996795654297
in main 53.881715536117554
0.27489805221557617
migration  0.5103464126586914
in main 53.93453526496887
0.21508264541625977
in main 52.03265857696533
0.21253633499145508
in main 54.176445722579956
0.2141120433807373
in main 56.76866292953491
0.21354317665100098
in main 61.60099530220032
0.2125687599182129
in main 56.23127770423889
0.28142666816711426
in main 61.85855531692505
0.2827026844024658
in main 55.55073356628418
0.27415990829467773
in main 55.85798501968384
0.21397876739501953
in main 57.28741717338562
0.21196508407592773
migration  0.413104772567749
in main 53.14468836784363
0.21288657188415527
in main 55.67838191986084
0.2124803066253662
in main 59.65861630439758
0.21482491493225098
in main 58.76296043395996
0.25937485694885254
in main 54.536654233932495
0.2143867015838623
in main 60.00767135620117
0.2127540111541748
in main 63.04826831817627
0.2139418125152588
in main 56.42314004898071
0.2140355110168457
in main 56.37554311752319
0.21161341667175293
in main 56.62132215499878
0.2131502628326416
migration  0.0983128547668457
in main 53.695462226867676
0.21240830421447754
in main 53.19275498390198
0.21519899368286133
in main 53.41473126411438
0.21361827850341797
in main 52.897027015686035
0.2139742374420166
in main 53.23424792289734
0.21240854263305664
in main 50.179699659347534
0.2135026454925537
in main 53.949657917022705
0.21071100234985352
in main 54.43086218833923
0.2102820873260498
in main 52.11764121055603
0.21200060844421387
in main 52.335771560668945
0.055634260177612305
0.2532925605773926
migration  0.0005772113800048828
in main 76.76554036140442
0.21734070777893066
in main 56.86631941795349
0.22569823265075684
in main 51.41386318206787
0.2901930809020996
in main 58.46584677696228
0.28217458724975586
in main 57.51603817939758
0.2828333377838135
in main 59.25015377998352
0.2125403881072998
in main 53.53805875778198
0.21489930152893066
in main 55.79596734046936
0.21356439590454102
in main 52.535489320755005
0.21152329444885254
in main 50.8071072101593
0.24371576309204102
migration  0.2246098518371582
in main 59.943026065826416
0.21237826347351074
in main 54.33381962776184
0.2116706371307373
in main 53.71508502960205
0.21469974517822266
in main 56.76091289520264
0.21494531631469727
in main 48.86279821395874
0.21747565269470215
in main 66.51161026954651
0.2354433536529541
in main 58.461074352264404
0.2164621353149414
in main 63.95321321487427
0.22208404541015625
in main 59.56989288330078
0.21598315238952637
in main 63.17768144607544
0.28641533851623535
migration  0.21405839920043945
in main 58.03005242347717
0.2294774055480957
in main 61.4229371547699
0.2332167625427246
in main 62.87737846374512
0.2156825065612793
in main 56.64411950111389
0.23430275917053223
in main 59.056357860565186
0.2117316722869873
in main 54.394081592559814
0.2099142074584961
in main 56.387505769729614
0.21342849731445312
in main 52.969589948654175
0.20986509323120117
in main 55.33400273323059
0.21983003616333008
in main 64.1428325176239
0.21119451522827148
migration  0.13636493682861328
in main 58.33287811279297
0.2917976379394531
in main 53.8964056968689
0.21198487281799316
in main 57.460002183914185
0.2128434181213379
in main 57.49682688713074
0.2235567569732666
in main 58.37642240524292
0.270749568939209
in main 61.82936358451843
0.23101377487182617
in main 58.6559157371521
0.2114248275756836
in main 60.50288105010986
0.2118213176727295
in main 54.1327850818634
0.21303844451904297
in main 56.572540521621704
0.20996522903442383
migration  0.28065943717956543
in main 57.43470764160156
0.21034502983093262
in main 54.42767572402954
0.21164870262145996
in main 65.60570406913757
0.27781152725219727
in main 57.925018548965454
0.22498393058776855
in main 56.67341661453247
0.21047139167785645
in main 56.96151423454285
0.21478915214538574
in main 58.16175413131714
0.21448016166687012
in main 60.22317671775818
0.21496820449829102
in main 62.07724905014038
0.21140789985656738
in main 58.06689643859863
0.2625305652618408
migration  0.23553776741027832
in main 55.33726263046265
0.211961030960083
in main 53.60089468955994
0.21053361892700195
in main 58.03969979286194
0.21093082427978516
in main 52.364704847335815
0.2174370288848877
in main 55.531086683273315
0.21271252632141113
in main 59.5101842880249
0.2818267345428467
in main 63.51350975036621
0.20955872535705566
in main 63.250877380371094
0.28266119956970215
in main 55.87094044685364
0.29238414764404297
in main 63.42815923690796
0.20919346809387207
migration  0.0770106315612793
in main 58.96107244491577
0.21697258949279785
in main 59.60476088523865
0.2936851978302002
in main 57.53722524642944
0.21146631240844727
in main 61.88218903541565
0.2842063903808594
in main 60.74382758140564
0.21314525604248047
in main 62.512946367263794
0.2184591293334961
in main 55.39267420768738
0.21681594848632812
in main 55.64733576774597
0.2163379192352295
in main 62.54512596130371
0.21993041038513184
in main 63.811314821243286
0.2142808437347412
migration  0.1044614315032959
in main 51.554179430007935
0.2309737205505371
in main 64.903071641922
0.23136448860168457
in main 54.408442974090576
0.29511237144470215
in main 62.572895765304565
0.253309965133667
in main 58.04464411735535
0.213653564453125
in main 62.06720280647278
0.21442079544067383
in main 55.59581470489502
0.21409106254577637
in main 55.78442645072937
0.21522235870361328
in main 64.5242280960083
0.21210098266601562
in main 58.013291120529175
0.21175909042358398
migration  0.0665884017944336
in main 64.35750102996826
0.21558141708374023
in main 62.83898854255676
0.21136689186096191
in main 61.6834716796875
0.21364879608154297
in main 62.67636322975159
0.25153446197509766
in main 58.9633526802063
0.2151501178741455
in main 59.67080211639404
0.21242451667785645
in main 56.246803522109985
0.22060537338256836
in main 61.90457510948181
0.2123100757598877
in main 59.88550305366516
0.2113964557647705
in main 63.53781008720398
0.2749593257904053
migration  0.0878138542175293
in main 67.85368752479553
0.21427321434020996
in main 60.642921447753906
0.23637056350708008
in main 62.80515170097351
0.2529158592224121
in main 62.23785471916199
0.2963085174560547
in main 62.92379689216614
0.2546885013580322
in main 62.87960600852966
0.21034455299377441
in main 61.22375822067261
0.2113339900970459
in main 59.74278378486633
0.21256780624389648
in main 52.44841527938843
0.31102466583251953
in main 57.622740745544434
0.27121424674987793
migration  0.054764509201049805
in main 60.77108693122864
0.21259593963623047
in main 58.37139892578125
0.2716999053955078
in main 64.13255500793457
0.2140977382659912
in main 59.15083122253418
0.2544689178466797
in main 56.07187008857727
0.21544957160949707
in main 54.09191703796387
0.27097535133361816
in main 59.61307406425476
0.21362566947937012
in main 54.25731444358826
0.2128298282623291
in main 53.19486355781555
0.21364927291870117
in main 55.65535235404968
0.2111825942993164
migration  0.08153963088989258
in main 59.344175815582275
0.2114264965057373
in main 61.590259313583374
0.21131682395935059
in main 56.9987359046936
0.23322415351867676
in main 53.54417276382446
0.33717799186706543
in main 59.69373273849487
0.21552753448486328
in main 60.43439602851868
0.21631765365600586
in main 52.34192609786987
0.2198653221130371
in main 62.59408164024353
0.2149038314819336
in main 57.424662351608276
0.2922654151916504
in main 54.31318545341492
0.21276569366455078
migration  0.1407763957977295
in main 58.348347425460815
0.2135477066040039
in main 63.00393605232239
0.21420669555664062
in main 57.71299362182617
0.30560755729675293
in main 55.34076690673828
0.21627187728881836
in main 57.89750790596008
0.26314806938171387
in main 53.41567850112915
0.21061301231384277
in main 55.780348777770996
0.21773982048034668
in main 58.995397329330444
0.27379536628723145
in main 48.83071446418762
0.2394869327545166
in main 53.852598905563354
0.21297216415405273
migration  0.0675668716430664
in main 60.428760290145874
0.21574115753173828
in main 63.235114336013794
0.29834699630737305
in main 58.01526236534119
0.26061105728149414
in main 62.800004959106445
0.22056937217712402
in main 61.081252574920654
0.2407546043395996
in main 57.0467414855957
0.21611261367797852
in main 60.83530902862549
0.21666765213012695
in main 59.314576387405396
0.21373844146728516
in main 52.89498710632324
0.21537375450134277
in main 53.54671812057495
0.2142179012298584
migration  0.3952045440673828
in main 54.49976897239685
0.21411824226379395
in main 53.959232330322266
0.21273303031921387
in main 54.601019620895386
0.2125091552734375
in main 61.1080539226532
0.21271228790283203
in main 61.027801275253296
0.20903277397155762
in main 52.16801929473877
0.21813750267028809
in main 57.32268929481506
0.21023821830749512
in main 55.80085062980652
0.21182942390441895
in main 50.19405674934387
0.2133321762084961
in main 55.980560302734375
0.05643630027770996
0.21896743774414062
migration  0.0005538463592529297
in main 83.70083522796631
0.2693002223968506
in main 57.381935358047485
0.2852976322174072
in main 64.64671444892883
0.27799558639526367
in main 59.04474186897278
0.214918851852417
in main 60.33925199508667
0.21280193328857422
in main 57.89523124694824
0.2894291877746582
in main 59.59384822845459
0.211714506149292
in main 59.615381717681885
0.27547144889831543
in main 64.97332644462585
0.23382830619812012
in main 56.49317169189453
0.2149505615234375
migration  0.13663506507873535
in main 58.193044900894165
0.21990489959716797
in main 62.54301619529724
0.21062231063842773
in main 60.86217951774597
0.3501863479614258
in main 61.83569025993347
0.21188831329345703
in main 56.223424434661865
0.2100667953491211
in main 59.94961905479431
0.22274374961853027
in main 54.843363523483276
0.20798063278198242
in main 53.84458827972412
0.20940232276916504
in main 55.06559705734253
0.2111966609954834
in main 55.0401451587677
0.21033883094787598
migration  0.040611982345581055
in main 63.545183420181274
0.21481084823608398
in main 61.1202917098999
0.21532583236694336
in main 50.6069552898407
0.21480846405029297
in main 56.35515260696411
0.3903005123138428
in main 55.3283052444458
0.21360445022583008
in main 55.48059129714966
0.2118053436279297
in main 64.62678503990173
0.2098374366760254
in main 58.59282946586609
0.21038198471069336
in main 64.99756193161011
0.2120976448059082
in main 55.62237501144409
0.3037869930267334
migration  0.18479180335998535
in main 60.843446254730225
0.20733428001403809
in main 60.12929892539978
0.22342681884765625
in main 61.24033331871033
0.2184619903564453
in main 63.317086696624756
0.2091386318206787
in main 49.76116871833801
0.21779966354370117
in main 65.21222877502441
0.21047377586364746
in main 59.36453104019165
0.21341967582702637
in main 54.6150267124176
0.21324491500854492
in main 55.83799862861633
0.22339987754821777
in main 62.62681436538696
0.21266412734985352
migration  0.22432684898376465
in main 62.83884048461914
0.2136847972869873
in main 63.35403561592102
0.2104957103729248
in main 58.93137741088867
0.21282577514648438
in main 61.282883405685425
0.32046055793762207
in main 57.8814697265625
0.27631664276123047
in main 67.03473615646362
0.21410155296325684
in main 62.30832886695862
0.2139894962310791
in main 52.81522750854492
0.21476435661315918
in main 58.79838562011719
0.21435880661010742
in main 55.871530055999756
0.22738003730773926
migration  0.16948223114013672
in main 61.24964475631714
0.28389549255371094
in main 62.887635469436646
0.28112268447875977
in main 62.10705089569092
0.2791023254394531
in main 64.81126070022583
0.2366335391998291
in main 58.042832374572754
0.2773444652557373
in main 57.85711979866028
0.22669482231140137
in main 64.01387667655945
0.23085546493530273
in main 56.636231660842896
0.21213221549987793
in main 61.10912728309631
0.21897530555725098
in main 58.73733830451965
0.21186470985412598
migration  0.09661507606506348
in main 57.49680042266846
0.21161389350891113
in main 59.97133755683899
0.21373891830444336
in main 53.67908334732056
0.21185588836669922
in main 47.52100992202759
0.22348976135253906
in main 64.7247486114502
0.2334303855895996
in main 57.21368956565857
0.21239876747131348
in main 60.4893000125885
0.21192312240600586
in main 58.32695007324219
0.21062946319580078
in main 59.00696063041687
0.21260404586791992
in main 59.31957030296326
0.21470904350280762
migration  0.09418296813964844
in main 58.66924834251404
0.2129199504852295
in main 58.209935426712036
0.2985224723815918
in main 62.07939267158508
0.24163413047790527
in main 60.24660539627075
0.21619844436645508
in main 58.690977334976196
0.2315225601196289
in main 55.342602491378784
0.2136213779449463
in main 66.04952669143677
0.21153879165649414
in main 59.61876845359802
0.21590185165405273
in main 62.56424283981323
0.212890625
in main 57.19036793708801
0.25592899322509766
migration  0.10294675827026367
in main 60.10012602806091
0.21209383010864258
in main 63.46443772315979
0.3623197078704834
in main 63.25459551811218
0.21274733543395996
in main 55.84422278404236
0.2112267017364502
in main 50.76806402206421
0.2316267490386963
in main 60.670435428619385
0.2126173973083496
in main 57.36538028717041
0.2134695053100586
in main 56.970149517059326
0.21365618705749512
in main 53.14719319343567
0.21254301071166992
in main 54.07029438018799
0.21172189712524414
migration  0.4009132385253906
in main 56.07338857650757
0.2838406562805176
in main 57.37752985954285
0.25231099128723145
in main 63.78409242630005
0.20938563346862793
in main 59.90395927429199
0.3671114444732666
in main 52.99756217002869
0.28834986686706543
in main 62.375839710235596
0.2126750946044922
in main 59.2392475605011
0.2122361660003662
in main 60.01683068275452
0.26143574714660645
in main 58.5470335483551
0.2328023910522461
in main 60.614219427108765
0.25351738929748535
migration  0.10017728805541992
in main 54.44334411621094
0.2509615421295166
in main 56.3469443321228
0.21227431297302246
in main 59.0595498085022
0.21334242820739746
in main 53.48731184005737
0.24013924598693848
in main 56.25786805152893
0.2436199188232422
in main 65.94832730293274
0.38413333892822266
in main 58.244789361953735
0.43529391288757324
in main 60.34268116950989
0.21274781227111816
in main 54.91854977607727
0.21342110633850098
in main 63.76721811294556
0.301605224609375
migration  0.12314629554748535
in main 60.77915620803833
0.21382641792297363
in main 57.65179991722107
0.2121901512145996
in main 58.33977508544922
0.214036226272583
in main 53.75075006484985
0.22503900527954102
in main 61.498353481292725
0.24065017700195312
in main 55.62420344352722
0.21015453338623047
in main 54.128647804260254
0.27278971672058105
in main 58.451791763305664
0.21110773086547852
in main 57.3015193939209
0.2825925350189209
in main 55.00166726112366
0.21455788612365723
migration  0.11261510848999023
in main 57.54073739051819
0.2094860076904297
in main 64.34669661521912
0.2518177032470703
in main 61.07516860961914
0.24210667610168457
in main 56.127806663513184
0.2522435188293457
in main 60.004836320877075
0.21024084091186523
in main 57.0727334022522
0.28250861167907715
in main 62.735743284225464
0.21475648880004883
in main 57.04426836967468
0.21343016624450684
in main 61.18381071090698
0.21196269989013672
in main 55.67074728012085
0.3028299808502197
migration  0.11610960960388184
in main 61.13927912712097
0.30694007873535156
in main 55.71531939506531
0.23851323127746582
in main 55.496477127075195
0.34076595306396484
in main 62.2929573059082
0.2599945068359375
in main 59.98574662208557
0.2418363094329834
in main 50.12909126281738
0.2787623405456543
in main 55.23492383956909
0.2089691162109375
in main 54.56347632408142
0.21262550354003906
in main 51.61594557762146
0.21273112297058105
in main 58.77180194854736
0.2116537094116211
migration  0.19139409065246582
in main 50.34103035926819
0.20807957649230957
in main 52.127142906188965
0.2081298828125
in main 54.33957886695862
0.21054434776306152
in main 53.611674070358276
0.21178102493286133
in main 49.254977226257324
0.21065688133239746
in main 51.21005821228027
0.21231794357299805
in main 52.96338510513306
0.20847558975219727
in main 54.8208167552948
0.21088671684265137
in main 56.558507680892944
0.20961809158325195
in main 54.95788264274597
0.055635690689086914
0.2162327766418457
migration  0.0005543231964111328
in main 77.75094962120056
0.24375104904174805
in main 72.57469534873962
0.273545503616333
in main 59.83077907562256
0.20970702171325684
in main 61.48319339752197
0.2135021686553955
in main 59.46696591377258
0.20761752128601074
in main 54.41519808769226
0.21040868759155273
in main 60.14388823509216
0.26572751998901367
in main 60.0352897644043
0.20975446701049805
in main 55.55261826515198
0.27144312858581543
in main 60.28603458404541
0.20752763748168945
migration  0.1224064826965332
in main 59.93990921974182
0.29183197021484375
in main 60.30160999298096
0.21248984336853027
in main 61.2276885509491
0.21124958992004395
in main 59.666823625564575
0.22054672241210938
in main 64.10976576805115
0.20935583114624023
in main 58.050915241241455
0.21458077430725098
in main 56.61129975318909
0.20580816268920898
in main 60.70557403564453
0.21268606185913086
in main 56.50161385536194
0.2161850929260254
in main 54.66312909126282
0.21259808540344238
migration  0.04310250282287598
in main 59.56212091445923
0.2435457706451416
in main 57.251272678375244
0.2601301670074463
in main 58.62725877761841
0.21468067169189453
in main 56.44022750854492
0.27710843086242676
in main 53.35309672355652
0.2100217342376709
in main 55.511237144470215
0.26128435134887695
in main 50.88728976249695
0.2963418960571289
in main 70.69755673408508
0.2112569808959961
in main 66.51566672325134
0.2144608497619629
in main 60.98183727264404
0.2085704803466797
migration  0.24697327613830566
in main 58.77491331100464
0.2139294147491455
in main 62.08944606781006
0.20984268188476562
in main 57.850696325302124
0.21155023574829102
in main 54.40096163749695
0.26887965202331543
in main 56.19929623603821
0.2757275104522705
in main 63.47887945175171
0.2694127559661865
in main 59.57063555717468
0.30970263481140137
in main 63.61952352523804
0.2154526710510254
in main 57.24916386604309
0.22453832626342773
in main 51.60819888114929
0.21451997756958008
migration  0.07651185989379883
in main 50.308836460113525
0.22109317779541016
in main 62.629047870635986
0.21329116821289062
in main 57.99361562728882
0.21443748474121094
in main 53.098158836364746
0.2135179042816162
in main 55.72183585166931
0.22710347175598145
in main 62.49347805976868
0.21290016174316406
in main 61.59916019439697
0.2759253978729248
in main 61.65030384063721
0.2525639533996582
in main 59.39034867286682
0.23009324073791504
in main 60.93040752410889
0.21342921257019043
migration  0.24525022506713867
in main 61.9815092086792
0.21556425094604492
in main 52.04767036437988
0.21286582946777344
in main 49.55999994277954
0.21356916427612305
in main 50.83599138259888
0.2589600086212158
in main 57.98310136795044
0.274000883102417
in main 66.68559551239014
0.2322225570678711
in main 57.29256319999695
0.2992434501647949
in main 65.40445685386658
0.21447086334228516
in main 56.433429479599
0.21297383308410645
in main 56.104793310165405
0.24429988861083984
migration  0.12163567543029785
in main 65.53736996650696
0.2154688835144043
in main 67.59640383720398
0.2140967845916748
in main 52.74587917327881
0.21178126335144043
in main 54.33951926231384
0.21503424644470215
in main 50.722118616104126
0.21126151084899902
in main 59.90962553024292
0.21373581886291504
in main 55.787723779678345
0.20960116386413574
in main 52.954707622528076
0.21052861213684082
in main 49.44347023963928
0.2129199504852295
in main 57.57183361053467
0.2156059741973877
migration  0.07308387756347656
in main 54.13401985168457
0.2476651668548584
in main 59.10037112236023
0.273087739944458
in main 54.31903100013733
0.24463486671447754
in main 56.76668572425842
0.21172118186950684
in main 55.00744986534119
0.23160433769226074
in main 58.456676959991455
0.22681689262390137
in main 64.17516493797302
0.24460911750793457
in main 61.30855846405029
0.21233367919921875
in main 60.1634955406189
0.30194807052612305
in main 56.164989709854126
0.2092883586883545
migration  0.10771942138671875
in main 60.55632281303406
0.2159867286682129
in main 56.08716368675232
0.21108508110046387
in main 58.87413930892944
0.21239662170410156
in main 54.575307846069336
0.24474644660949707
in main 66.33182835578918
0.21482300758361816
in main 57.030465602874756
0.2124955654144287
in main 57.122355699539185
0.2967393398284912
in main 61.599464893341064
0.29061412811279297
in main 63.33633375167847
0.251706600189209
in main 64.12766218185425
0.25074315071105957
migration  0.08524107933044434
in main 57.79145574569702
0.30550289154052734
in main 63.605271339416504
0.2132418155670166
in main 59.4735803604126
0.2089519500732422
in main 51.48816180229187
0.21014666557312012
in main 56.11201357841492
0.21291518211364746
in main 55.27490258216858
0.2091071605682373
in main 53.75201344490051
0.24032020568847656
in main 60.02941966056824
0.21537089347839355
in main 65.08459067344666
0.21326756477355957
in main 58.41602277755737
0.21026110649108887
migration  0.14241504669189453
in main 60.439666748046875
0.21587276458740234
in main 65.1042308807373
0.21101832389831543
in main 58.65710663795471
0.2152421474456787
in main 57.39182710647583
0.21688532829284668
in main 54.78068208694458
0.2150428295135498
in main 55.63000965118408
0.2113020420074463
in main 56.99141049385071
0.21257829666137695
in main 51.96920466423035
0.2128889560699463
in main 52.77979230880737
0.21183514595031738
in main 50.62612295150757
0.2117457389831543
migration  0.06871342658996582
in main 55.569047689437866
0.2143416404724121
in main 57.080132722854614
0.21113109588623047
in main 55.1522376537323
0.21227169036865234
in main 57.18803548812866
0.27342915534973145
in main 63.441423177719116
0.21753740310668945
in main 64.40499591827393
0.2531445026397705
in main 61.23073434829712
0.28267788887023926
in main 61.885740995407104
0.2408125400543213
in main 61.822603702545166
0.21262884140014648
in main 56.79684829711914
0.21591639518737793
migration  0.2906458377838135
in main 58.7179217338562
0.2086505889892578
in main 58.96801519393921
0.25154995918273926
in main 56.45117807388306
0.2676267623901367
in main 66.52031230926514
0.2734487056732178
in main 60.559200286865234
0.21143651008605957
in main 60.8660945892334
0.21269488334655762
in main 64.60018658638
0.21058273315429688
in main 57.8365957736969
0.2726151943206787
in main 60.655324935913086
0.211472749710083
in main 61.073688983917236
0.2706475257873535
migration  0.12224316596984863
in main 57.8955078125
0.23108196258544922
in main 61.62890863418579
0.21076703071594238
in main 61.399349212646484
0.29657888412475586
in main 58.768595933914185
0.2533915042877197
in main 65.1502034664154
0.27762746810913086
in main 54.5027916431427
0.21207547187805176
in main 59.642735719680786
0.21541261672973633
in main 59.77201509475708
0.2115030288696289
in main 53.69598698616028
0.2134385108947754
in main 55.19941186904907
0.21249628067016602
migration  0.18258166313171387
in main 56.761356830596924
0.20890331268310547
in main 56.603368282318115
0.2108774185180664
in main 54.170430183410645
0.21000313758850098
in main 54.015899896621704
0.2105855941772461
in main 56.89605402946472
0.2098071575164795
in main 52.894585847854614
0.2065441608428955
in main 54.17735981941223
0.21111822128295898
in main 51.412306785583496
0.21347379684448242
in main 60.47105693817139
0.21718621253967285
in main 57.83144021034241
0.055745601654052734
0.19793081283569336
migration  0.0005624294281005859
in main 77.65323996543884
0.2177133560180664
in main 70.69011497497559
0.21413707733154297
in main 67.47149467468262
0.2133808135986328
in main 60.70208930969238
0.2132863998413086
in main 60.19865608215332
0.21317529678344727
in main 60.78061556816101
0.2900972366333008
in main 53.08952808380127
0.2715942859649658
in main 55.2078161239624
0.21178555488586426
in main 62.43438458442688
0.2231600284576416
in main 64.00990915298462
0.21352696418762207
migration  0.17059540748596191
in main 58.12274980545044
0.24213886260986328
in main 67.59844756126404
0.21237468719482422
in main 65.93110847473145
0.32317638397216797
in main 63.268056869506836
0.2970428466796875
in main 59.51827931404114
0.27326488494873047
in main 56.1096556186676
0.2715895175933838
in main 60.48284435272217
0.21176433563232422
in main 54.193079710006714
0.21178746223449707
in main 63.341567039489746
0.2179560661315918
in main 63.386051177978516
0.21149539947509766
migration  0.0652470588684082
in main 51.44037961959839
0.21416664123535156
in main 60.65872931480408
0.21231794357299805
in main 50.10282111167908
0.21161103248596191
in main 53.7708957195282
0.31153321266174316
in main 58.008198499679565
0.2905313968658447
in main 63.23933243751526
0.21698427200317383
in main 63.8120596408844
0.21215438842773438
in main 53.71251821517944
0.2138357162475586
in main 53.933558225631714
0.21379351615905762
in main 57.13073205947876
0.2218613624572754
migration  0.1839303970336914
in main 53.27120876312256
0.21068787574768066
in main 54.52710223197937
0.28253173828125
in main 60.99088144302368
0.27352452278137207
in main 62.129212617874146
0.317293643951416
in main 62.99998950958252
0.21030950546264648
in main 59.41899371147156
0.33169007301330566
in main 58.007997035980225
0.21363401412963867
in main 61.578126668930054
0.2121896743774414
in main 54.96138858795166
0.2119908332824707
in main 51.24696087837219
0.21328258514404297
migration  0.36776065826416016
in main 59.642637491226196
0.21427130699157715
in main 59.713082790374756
0.20998692512512207
in main 59.73517203330994
0.21371674537658691
in main 60.44883918762207
0.21966195106506348
in main 59.5200457572937
0.21127891540527344
in main 56.33747601509094
0.213728666305542
in main 55.48421239852905
0.26474928855895996
in main 55.10395932197571
0.27425122261047363
in main 61.48462224006653
0.2148740291595459
in main 57.326011657714844
0.21378779411315918
migration  0.20960760116577148
in main 60.62229037284851
0.26238203048706055
in main 60.4032187461853
0.21290302276611328
in main 63.93236231803894
0.2097454071044922
in main 59.56448030471802
0.21499991416931152
in main 57.64556121826172
0.21001219749450684
in main 50.90973997116089
0.21012616157531738
in main 60.1439151763916
0.2111225128173828
in main 60.099369287490845
0.21518778800964355
in main 55.66420388221741
0.2111797332763672
in main 59.63934350013733
0.2109994888305664
migration  0.0754859447479248
in main 56.54900002479553
0.2128911018371582
in main 50.817015171051025
0.2093663215637207
in main 54.654295921325684
0.2106003761291504
in main 53.548619508743286
0.21075797080993652
in main 55.41060948371887
0.20854473114013672
in main 53.0443754196167
0.21030855178833008
in main 52.410884618759155
0.20848417282104492
in main 55.384241819381714
0.21125221252441406
in main 54.552496671676636
0.21173763275146484
in main 55.16869020462036
0.26092028617858887
migration  0.49271321296691895
in main 57.76549482345581
0.21431517601013184
in main 58.32254505157471
0.241502046585083
in main 55.62188148498535
0.21300721168518066
in main 62.47596001625061
0.21428918838500977
in main 64.12517833709717
0.2425389289855957
in main 55.32589149475098
0.26968812942504883
in main 59.58457851409912
0.3404669761657715
in main 60.26249074935913
0.2499847412109375
in main 58.31812119483948
0.21254515647888184
in main 56.942134380340576
0.23239850997924805
migration  0.038463592529296875
in main 53.81460881233215
0.20962810516357422
in main 58.56612849235535
0.21115469932556152
in main 55.45660877227783
0.21335935592651367
in main 55.789671897888184
0.21350908279418945
in main 67.2632782459259
0.21128463745117188
in main 58.609134674072266
0.2122495174407959
in main 53.24681854248047
0.2662022113800049
in main 58.343369483947754
0.21714401245117188
in main 61.45865535736084
0.21240472793579102
in main 55.338582277297974
0.20946383476257324
migration  0.1239478588104248
in main 51.20733714103699
0.21133971214294434
in main 56.701606035232544
0.26883530616760254
in main 59.171966314315796
0.31528449058532715
in main 59.57156324386597
0.21392416954040527
in main 59.83496618270874
0.21528363227844238
in main 58.40632963180542
0.2827279567718506
in main 55.06251549720764
0.210526704788208
in main 60.60026526451111
0.2813289165496826
in main 56.7151141166687
0.25008082389831543
in main 61.45014810562134
0.21591663360595703
migration  0.1363673210144043
in main 64.49490642547607
0.21825289726257324
in main 60.586204290390015
0.21384525299072266
in main 57.02189755439758
0.21273303031921387
in main 66.20328378677368
0.2136392593383789
in main 64.7794861793518
0.2792351245880127
in main 63.101059436798096
0.27512025833129883
in main 57.6790509223938
0.22005271911621094
in main 65.80876135826111
0.2476949691772461
in main 64.82236385345459
0.20832228660583496
in main 59.36788034439087
0.22955322265625
migration  0.11989545822143555
in main 60.65970587730408
0.2903757095336914
in main 61.90816879272461
0.24632978439331055
in main 62.81231331825256
0.21875500679016113
in main 61.78865361213684
0.2122936248779297
in main 54.2093620300293
0.21517682075500488
in main 56.684582233428955
0.2502427101135254
in main 58.71868062019348
0.21000170707702637
in main 59.19364285469055
0.2209305763244629
in main 66.62170791625977
0.22779273986816406
in main 65.00694012641907
0.211076021194458
migration  0.14045381546020508
in main 65.08703947067261
0.24244308471679688
in main 74.06599473953247
0.20982766151428223
in main 59.85954546928406
0.26105785369873047
in main 58.96475696563721
0.21590971946716309
in main 61.71888995170593
0.2139759063720703
in main 56.57927894592285
0.21469998359680176
in main 59.484012603759766
0.28209757804870605
in main 57.229453802108765
0.26891469955444336
in main 59.8691201210022
0.23264575004577637
in main 66.8021981716156
0.21020054817199707
migration  0.08233284950256348
in main 52.821446657180786
0.22255373001098633
in main 64.56996369361877
0.2767026424407959
in main 58.48248553276062
0.2172081470489502
in main 62.92860555648804
0.22995209693908691
in main 61.46391320228577
0.26805853843688965
in main 57.03216886520386
0.2707176208496094
in main 56.669119358062744
0.27205944061279297
in main 54.401625871658325
0.2739827632904053
in main 53.183311462402344
0.2733802795410156
in main 57.75501489639282
0.27045464515686035
migration  0.19400811195373535
in main 54.21152710914612
0.2764546871185303
in main 60.546222448349
0.27439212799072266
in main 53.41772532463074
0.26975584030151367
in main 53.31145477294922
0.2793712615966797
in main 60.3120698928833
0.27773213386535645
in main 53.5598201751709
0.26924753189086914
in main 55.352566957473755
0.27185988426208496
in main 60.79708933830261
0.27994227409362793
in main 59.10387635231018
0.2705538272857666
in main 52.110164642333984
0.05260586738586426
0.27254581451416016
migration  0.0005347728729248047
in main 79.08492302894592
0.21587347984313965
in main 70.39035773277283
0.21076273918151855
in main 58.47268795967102
0.2757747173309326
in main 57.28364419937134
0.2745363712310791
in main 61.49653720855713
0.20919084548950195
in main 56.48090887069702
0.24995994567871094
in main 58.41917419433594
0.21094298362731934
in main 61.67113161087036
0.21744227409362793
in main 62.6120970249176
0.21458792686462402
in main 51.83736777305603
0.20969152450561523
migration  0.14381837844848633
in main 57.968393325805664
0.31630539894104004
in main 60.49417495727539
0.23099565505981445
in main 61.10654973983765
0.20897340774536133
in main 56.99507284164429
0.20970559120178223
in main 69.15127801895142
0.21525311470031738
in main 66.15607261657715
0.28913354873657227
in main 61.88303780555725
0.2110445499420166
in main 59.96468758583069
0.2819952964782715
in main 59.728092193603516
0.22347235679626465
in main 58.09550094604492
0.34343934059143066
migration  0.21196341514587402
in main 66.09604287147522
0.2844362258911133
in main 69.1825623512268
0.21614384651184082
in main 69.44433522224426
0.20934033393859863
in main 59.05392289161682
0.21082854270935059
in main 61.22029232978821
0.2127385139465332
in main 64.39693832397461
0.2956976890563965
in main 67.11819219589233
0.2108447551727295
in main 65.03987717628479
0.21173763275146484
in main 60.7170295715332
0.22249984741210938
in main 59.677223682403564
0.21831011772155762
migration  0.16844463348388672
in main 67.69639563560486
0.21398329734802246
in main 65.8497486114502
0.2312452793121338
in main 63.62296390533447
0.2981448173522949
in main 58.528390645980835
0.21591448783874512
in main 65.1525149345398
0.2118520736694336
in main 64.86356115341187
0.2126142978668213
in main 60.3511643409729
0.2290332317352295
in main 66.55501699447632
0.21336841583251953
in main 66.98541450500488
0.21271204948425293
in main 56.38789200782776
0.21226191520690918
migration  0.22957611083984375
in main 55.455384254455566
0.23207950592041016
in main 65.24169087409973
0.21779942512512207
in main 61.25100064277649
0.2328507900238037
in main 53.50596261024475
0.2151327133178711
in main 67.76973867416382
0.23264431953430176
in main 60.96367931365967
0.2851431369781494
in main 59.91991853713989
0.21887731552124023
in main 63.08708643913269
0.288529634475708
in main 59.403886556625366
0.2107250690460205
in main 59.764063358306885
0.212615966796875
migration  0.18324637413024902
in main 52.540966510772705
0.21972918510437012
in main 59.380744218826294
0.21004128456115723
in main 63.049262285232544
0.21106219291687012
in main 59.9291570186615
0.21862220764160156
in main 58.32202410697937
0.2158372402191162
in main 64.53501558303833
0.2949836254119873
in main 57.768641233444214
0.21543002128601074
in main 58.39748668670654
0.22049856185913086
in main 60.83271598815918
0.2120208740234375
in main 50.57190537452698
0.2113664150238037
migration  0.10781550407409668
in main 54.48163938522339
0.2150859832763672
in main 63.083747148513794
0.2144145965576172
in main 60.188573598861694
0.2132549285888672
in main 63.49161767959595
0.24178028106689453
in main 57.35174894332886
0.21027088165283203
in main 61.347506046295166
0.21107769012451172
in main 64.79373478889465
0.2127532958984375
in main 54.9995813369751
0.21256804466247559
in main 57.089980125427246
0.24541616439819336
in main 63.91523766517639
0.22867107391357422
migration  0.11035633087158203
in main 58.41393756866455
0.2332594394683838
in main 61.21942853927612
0.2351980209350586
in main 62.879640102386475
0.21298980712890625
in main 62.94059371948242
0.21643519401550293
in main 54.67224454879761
0.23476862907409668
in main 57.71203875541687
0.21093130111694336
in main 54.05871391296387
0.21509337425231934
in main 54.19486927986145
0.2863180637359619
in main 57.72825527191162
0.2904782295227051
in main 57.04274225234985
0.3023867607116699
migration  0.12638163566589355
in main 61.567915201187134
0.29547595977783203
in main 61.54608726501465
0.2832908630371094
in main 62.67494797706604
0.3054187297821045
in main 60.77010369300842
0.21717381477355957
in main 58.352684020996094
0.23923873901367188
in main 64.58653950691223
0.25196385383605957
in main 62.198415994644165
0.2940828800201416
in main 57.237687826156616
0.25492095947265625
in main 62.64433813095093
0.21175789833068848
in main 56.678802251815796
0.21350407600402832
migration  0.1511690616607666
in main 56.462193965911865
0.21499133110046387
in main 58.221806049346924
0.22378897666931152
in main 55.303067445755005
0.21348047256469727
in main 62.66663408279419
0.23124361038208008
in main 55.47858500480652
0.28472089767456055
in main 59.731849193573
0.21152520179748535
in main 61.513657331466675
0.23852825164794922
in main 60.8199782371521
0.26453447341918945
in main 58.73120951652527
0.24361228942871094
in main 60.703598976135254
0.21234989166259766
migration  0.45572662353515625
in main 63.43605589866638
0.25351834297180176
in main 64.37254762649536
0.21331381797790527
in main 54.65262317657471
0.28437376022338867
in main 62.082029819488525
0.2420520782470703
in main 55.17687487602234
0.21499943733215332
in main 60.42807722091675
0.23489117622375488
in main 53.859782695770264
0.21362829208374023
in main 58.846410274505615
0.254910945892334
in main 53.02348828315735
0.27824974060058594
in main 54.98810577392578
0.2869253158569336
migration  0.09565281867980957
in main 66.44746351242065
0.21335220336914062
in main 59.50518751144409
0.21143174171447754
in main 59.65641474723816
0.21711134910583496
in main 54.47185778617859
0.21698260307312012
in main 58.17378234863281
0.21680879592895508
in main 58.42945384979248
0.22291302680969238
in main 57.19284725189209
0.2558023929595947
in main 58.38212203979492
0.2529122829437256
in main 62.80826687812805
0.21921658515930176
in main 60.26602101325989
0.28835248947143555
migration  0.27550196647644043
in main 56.262479066848755
0.2133617401123047
in main 53.90717697143555
0.21596169471740723
in main 56.75913953781128
0.2103567123413086
in main 55.49523997306824
0.21455788612365723
in main 53.03945469856262
0.3279142379760742
in main 51.60706090927124
0.29741621017456055
in main 60.116530895233154
0.2153635025024414
in main 59.295722007751465
0.2673463821411133
in main 62.72650194168091
0.23618102073669434
in main 57.2469584941864
0.2689943313598633
migration  0.061057329177856445
in main 57.426907539367676
0.21546483039855957
in main 53.782893896102905
0.21311545372009277
in main 53.657745599746704
0.21516871452331543
in main 57.9049928188324
0.2154242992401123
in main 58.52015542984009
0.21648359298706055
in main 54.778327226638794
0.21461153030395508
in main 53.631078243255615
0.2120957374572754
in main 51.87746787071228
0.2161576747894287
in main 49.23994278907776
0.21277332305908203
in main 54.03502440452576
0.21425914764404297
migration  0.1247243881225586
in main 49.25957226753235
0.2139878273010254
in main 49.04139757156372
0.20905160903930664
in main 51.59661626815796
0.2080824375152588
in main 56.31064414978027
0.2134864330291748
in main 52.63024926185608
0.2121751308441162
in main 50.29609274864197
0.21338272094726562
in main 49.86122107505798
0.21119451522827148
in main 55.385525703430176
0.20933938026428223
in main 51.955424785614014
0.1987471580505371
in main 48.04929232597351
0.05521202087402344
0.19528818130493164
migration  0.11206221580505371
in main 81.88281750679016
0.3105037212371826
in main 69.39948749542236
0.233292818069458
in main 58.28269863128662
0.21094441413879395
in main 61.39820957183838
0.22251009941101074
in main 56.74940896034241
0.3303854465484619
in main 56.56439137458801
0.21008920669555664
in main 57.27744960784912
0.21317672729492188
in main 61.322885513305664
0.21011042594909668
in main 55.37223505973816
0.21157312393188477
in main 57.07773184776306
0.21352076530456543
migration  0.2959561347961426
in main 61.87470006942749
0.21094822883605957
in main 54.6951379776001
0.2601010799407959
in main 61.79914975166321
0.21435284614562988
in main 64.4727873802185
0.21706223487854004
in main 53.19849991798401
0.22481393814086914
in main 55.463557720184326
0.27599501609802246
in main 62.704625606536865
0.31603288650512695
in main 62.8868682384491
0.21619796752929688
in main 63.50023317337036
0.2154250144958496
in main 59.59636902809143
0.21343064308166504
migration  0.1966848373413086
in main 59.7852942943573
0.21545696258544922
in main 59.77700424194336
0.21434712409973145
in main 61.4981575012207
0.22998476028442383
in main 65.78563261032104
0.21793627738952637
in main 63.28730487823486
0.3011608123779297
in main 60.39861702919006
0.21154046058654785
in main 57.88339638710022
0.21422433853149414
in main 61.47067332267761
0.27084851264953613
in main 61.50237202644348
0.25908565521240234
in main 62.73610973358154
0.22512197494506836
migration  0.05473661422729492
in main 65.12997174263
0.24286508560180664
in main 63.21477150917053
0.20924735069274902
in main 56.403661489486694
0.20934796333312988
in main 56.90652084350586
0.28400731086730957
in main 58.088088035583496
0.21731138229370117
in main 63.41570806503296
0.20956015586853027
in main 61.500839948654175
0.28418803215026855
in main 56.89797520637512
0.26105785369873047
in main 60.81549429893494
0.2921173572540283
in main 58.08485555648804
0.34037280082702637
migration  0.09688878059387207
in main 60.73585557937622
0.21095991134643555
in main 54.54258465766907
0.2097480297088623
in main 52.22007966041565
0.25235676765441895
in main 58.49405646324158
0.2174239158630371
in main 60.389431953430176
0.21313977241516113
in main 55.75999140739441
0.24631905555725098
in main 54.261736154556274
0.2565186023712158
in main 60.321369886398315
0.2138822078704834
in main 62.368627309799194
0.21512389183044434
in main 54.487555742263794
0.2653169631958008
migration  0.14430642127990723
in main 62.27596473693848
0.21650385856628418
in main 68.10915184020996
0.26528167724609375
in main 64.03491020202637
0.2140498161315918
in main 54.45966935157776
0.21509885787963867
in main 56.30029082298279
0.23650336265563965
in main 62.33638906478882
0.21628141403198242
in main 61.61870837211609
0.21512365341186523
in main 52.33139514923096
0.21476101875305176
in main 61.083937883377075
0.21547603607177734
in main 57.69749474525452
0.21413731575012207
migration  0.19187712669372559
in main 62.871742725372314
0.27955031394958496
in main 64.05363035202026
0.2394115924835205
in main 64.58941340446472
0.21306848526000977
in main 55.48432207107544
0.2284846305847168
in main 54.670207023620605
0.2133777141571045
in main 58.63792824745178
0.29794907569885254
in main 69.9721326828003
0.23841643333435059
in main 58.460362911224365
0.21433639526367188
in main 62.517446994781494
0.21079063415527344
in main 62.11798143386841
0.21071839332580566
migration  0.14626240730285645
in main 66.04686045646667
0.23031949996948242
in main 70.26397037506104
0.21190834045410156
in main 62.51405477523804
0.21231985092163086
in main 60.53020238876343
0.29560041427612305
in main 56.20471739768982
0.21459507942199707
in main 58.5786030292511
0.21052145957946777
in main 60.73345160484314
0.21465301513671875
in main 63.211570739746094
0.21528244018554688
in main 62.49015760421753
0.26915645599365234
in main 57.64028000831604
0.2861974239349365
migration  0.3890805244445801
in main 64.03929376602173
0.21389293670654297
in main 64.73567271232605
0.386091947555542
in main 68.12906074523926
0.2329847812652588
in main 54.716755390167236
0.21869611740112305
in main 61.937411069869995
0.21349287033081055
in main 60.52323365211487
0.21352386474609375
in main 59.77007746696472
0.2144911289215088
in main 64.89433145523071
0.21159005165100098
in main 58.30758595466614
0.21074891090393066
in main 62.13823080062866
0.21181416511535645
migration  0.14572715759277344
in main 64.54694747924805
0.22580957412719727
in main 64.0841052532196
0.23404240608215332
in main 70.38693070411682
0.26422882080078125
in main 59.73660922050476
0.2719764709472656
in main 58.59735059738159
0.21500468254089355
in main 62.427513122558594
0.313462495803833
in main 67.51757740974426
0.2135944366455078
in main 61.25994849205017
0.21414995193481445
in main 60.70067048072815
0.21478509902954102
in main 56.998417377471924
0.2150731086730957
migration  0.22907423973083496
in main 60.86737012863159
0.23431658744812012
in main 59.77537488937378
0.27281618118286133
in main 60.5799036026001
0.21524858474731445
in main 61.56357765197754
0.2921173572540283
in main 61.71885061264038
0.21625089645385742
in main 66.28212237358093
0.2121446132659912
in main 57.85923504829407
0.2543017864227295
in main 60.93301463127136
0.21578073501586914
in main 60.86272835731506
0.215285062789917
in main 66.36497831344604
0.27078771591186523
migration  0.4443020820617676
in main 62.94247841835022
0.21463394165039062
in main 59.002338886260986
0.21805167198181152
in main 64.51622557640076
0.24160027503967285
in main 63.63373303413391
0.2326650619506836
in main 61.77438402175903
0.21918416023254395
in main 64.12423348426819
0.20990896224975586
in main 53.96802234649658
0.24317455291748047
in main 54.95217990875244
0.21475839614868164
in main 59.23895001411438
0.21376633644104004
in main 62.24473428726196
0.21214556694030762
migration  0.12230634689331055
in main 60.6871120929718
0.21631836891174316
in main 63.94597887992859
0.21221017837524414
in main 61.07289743423462
0.2208385467529297
in main 58.057724475860596
0.21203184127807617
in main 62.94310212135315
0.21610546112060547
in main 60.58819317817688
0.2121436595916748
in main 59.88491749763489
0.20980358123779297
in main 61.49443578720093
0.21384954452514648
in main 65.6302261352539
0.2565441131591797
in main 63.782252073287964
0.22153425216674805
migration  0.5453743934631348
in main 65.29257845878601
0.20998287200927734
in main 54.62750220298767
0.20940184593200684
in main 57.383163928985596
0.21712207794189453
in main 59.9875168800354
0.21571588516235352
in main 56.02037978172302
0.21152687072753906
in main 54.95674252510071
0.21263504028320312
in main 56.569071531295776
0.21311473846435547
in main 57.27609324455261
0.21299004554748535
in main 53.51637578010559
0.21289277076721191
in main 57.80090594291687
0.21602439880371094
migration  0.15545868873596191
in main 51.14889073371887
0.21352124214172363
in main 55.508524894714355
0.2109389305114746
in main 56.462929248809814
0.21110892295837402
in main 59.04995584487915
0.21358275413513184
in main 56.52145504951477
0.20603179931640625
in main 58.70560431480408
0.19394493103027344
in main 59.08148765563965
0.18956708908081055
in main 49.09494686126709
0.1861588954925537
in main 51.03445339202881
0.19075798988342285
in main 52.1489839553833
4.145742893218994
1 , 0.7582863585118377 , 0.7695
5 , 0.3032694475760992 , 0.3145
7 , 0.25208568207440807 , 0.26249999999999996
2 , 0.5461104847801579 , 0.554
6 , 0.27801578354002254 , 0.2815
3 , 0.35918827508455464 , 0.39149999999999996
1 , 0.7587373167981961 , 0.77
5 , 0.32333709131905297 , 0.32999999999999996
8 , 0.2658399098083427 , 0.27949999999999997
2 , 0.5492671927846674 , 0.554
7 , 0.29966178128523113 , 0.32799999999999996
6 , 0.30845546786922207 , 0.32299999999999995
3 , 0.3603156708004509 , 0.396
1 , 0.7589627959413754 , 0.771
5 , 0.35264937993235623 , 0.36450000000000005
2 , 0.552423900789177 , 0.5595
9 , 0.3001127395715897 , 0.3315
7 , 0.30372040586245774 , 0.3235
6 , 0.316347237880496 , 0.3285
3 , 0.371815107102593 , 0.40049999999999997
4 , 0.3677564825253664 , 0.38
1 , 0.7596392333709132 , 0.77
5 , 0.3655016910935739 , 0.40049999999999997
2 , 0.553325817361894 , 0.5640000000000001
9 , 0.30214205186020293 , 0.3265
8 , 0.305749718151071 , 0.31599999999999995
7 , 0.31183765501691096 , 0.3315
6 , 0.3237880496054115 , 0.33599999999999997
3 , 0.3767756482525366 , 0.41000000000000003
4 , 0.3679819616685457 , 0.4065
1 , 0.7598647125140925 , 0.771
5 , 0.36662908680947015 , 0.385
2 , 0.5535512965050733 , 0.5700000000000001
10 , 0.30214205186020293 , 0.31599999999999995
9 , 0.30372040586245774 , 0.3155
8 , 0.30800450958286363 , 0.32299999999999995
7 , 0.315445321307779 , 0.3215
6 , 0.3240135287485908 , 0.31399999999999995
3 , 0.3779030439684329 , 0.404
4 , 0.37091319052987604 , 0.39549999999999996
1 , 0.7600901916572718 , 0.7705
5 , 0.3668545659526494 , 0.381
2 , 0.5562570462232244 , 0.5685
8 , 0.31273957158962795 , 0.344
9 , 0.30800450958286363 , 0.3065
7 , 0.3181510710259301 , 0.3435
6 , 0.32829763246899657 , 0.35650000000000004
3 , 0.38241262683201804 , 0.4075
4 , 0.37474633596392337 , 0.40449999999999997
1 , 0.7605411499436302 , 0.7705
5 , 0.37001127395715894 , 0.391
2 , 0.5573844419391206 , 0.5685
8 , 0.3134160090191658 , 0.3305
7 , 0.3190529875986471 , 0.348
6 , 0.3296505073280721 , 0.34450000000000003
3 , 0.3869222096956032 , 0.41300000000000003
4 , 0.37812852311161216 , 0.40449999999999997
1 , 0.7609921082299888 , 0.7725
5 , 0.37497181510710265 , 0.40549999999999997
2 , 0.5580608793686583 , 0.5725
9 , 0.31612175873731685 , 0.33099999999999996
7 , 0.3240135287485908 , 0.354
8 , 0.3190529875986471 , 0.352
6 , 0.33190529875986474 , 0.35750000000000004
3 , 0.38714768883878237 , 0.4135
4 , 0.38060879368658396 , 0.393
1 , 0.7612175873731679 , 0.771
5 , 0.3779030439684329 , 0.40800000000000003
2 , 0.560315670800451 , 0.5589999999999999
7 , 0.32829763246899657 , 0.352
8 , 0.3264937993235626 , 0.357
9 , 0.31927846674182636 , 0.3355
6 , 0.3332581736189403 , 0.36
3 , 0.3891770011273957 , 0.4175
4 , 0.3810597519729425 , 0.4065
1 , 0.7614430665163472 , 0.771
5 , 0.3785794813979707 , 0.406
2 , 0.5607666290868094 , 0.5720000000000001
7 , 0.32942502818489294 , 0.351
8 , 0.3273957158962796 , 0.34550000000000003
9 , 0.3199549041713642 , 0.3285
6 , 0.33438556933483654 , 0.349
3 , 0.39052987598647126 , 0.4235
4 , 0.3817361894024802 , 0.4175
1 , 0.7616685456595265 , 0.774
5 , 0.37993235625704624 , 0.40900000000000003
2 , 0.5623449830890643 , 0.579
7 , 0.33010146561443066 , 0.348
8 , 0.3287485907553551 , 0.34750000000000003
10 , 0.32108229988726045 , 0.34650000000000003
9 , 0.32514092446448706 , 0.35250000000000004
6 , 0.3377677564825253 , 0.367
3 , 0.4027057497181511 , 0.42100000000000004
4 , 0.38466741826381057 , 0.394
1 , 0.7618940248027057 , 0.774
10 , 0.3215332581736189 , 0.34299999999999997
3 , 0.40315670800450953 , 0.4255
4 , 0.38737316798196164 , 0.41600000000000004
7 , 0.3348365276211951 , 0.35
6 , 0.34340473506200675 , 0.34199999999999997
finish training at: 9191.882158279419
